timeStamp : 2023-01-05 09:43:47
cycle : 1

data:,
kyobo_best_v1
keyword :  / input page:0 / n:
start kyobo
만일 내가 인생을 다시 산다면(10만 부 기념 스페셜 에디션)
트렌드 코리아 2023
원씽(The One Thing)(리커버 특별판)
윤혜정의 개념의 나비효과 입문 편
불편한 편의점(40만부 기념 벚꽃 에디션)
EBS 윤혜정의 개념의 나비효과
The Scent of PAGE : 룸스프레이 60ml
스카이 버스
아버지의 해방일지
역행자
8주간의 기적 근육의 부활
이토록 평범한 미래
해커스 토익 기출보카 TOEIC VOCA(토익보카) 단어장
오투 중등 과학 3-1(2023)
불편한 편의점 2(단풍 에디션)
ETS 토익 정기시험 기출문제집 1000 Vol 3 READING(리딩)
슬램덩크 챔프
예비 매3비 매일 지문 3개씩 푸는 비문학 독서 기출
어른이 되기 전에 꼭 한 번은 논어를 읽어라 1
물고기는 존재하지 않는다
ETS 토익 정기시험 기출문제집 1000 Vol 3 LISTENING(리스닝)
대한민국 산업지도(2023)
EBS 윤혜정의 개념의 나비효과 워크북
해커스 토익 스타트 리딩(Reading) RC
오늘 밤, 세계에서 이 사랑이 사라진다 해도
심리학이 제갈량에게 말하다 1
내가 틀릴 수도 있습니다(화이트 에디션)
2023 큰별쌤 최태성의 별별한국사 한국사능력검정시험 심화(1,2,3급)(상)
2023 해커스 토익 RC 리딩(Reading) 토익 기본서
2023 해커스 토익 LC 리스닝(Listening) 토익 기본서
윤혜정의 개념의 나비효과 입문편 워크북
오투 중등 과학 2-1(2023)
해커스 토익 스타트 리스닝(Listening) LC
2023 해커스 농협은행 6급 NCS+직무상식 봉투모의고사
2023 황현필의 한국사 일력
그릿(50만부 판매 기념 리커버 골드에디션)(양장본 Hardcover)
2023 큰별쌤 최태성의 별별한국사 한국사능력검정시험 심화(1,2,3급)(하)
나도 모르는 내 마음의 심리법칙
도쿄 에일리언즈 5(특장판)
idx : 38
