timeStamp : 2023-01-04 14:57:16
cycle : 1

data:,
aladin_best_v1
keyword :  / input page:0 / n:
아버지의 해방일지
만일 내가 인생을 다시 산다면 (10만 부 기념 스페셜 에디션)
화산귀환 1~2 세트 - 전2권 (윷놀이 세트 + 미니 윷놀이 말판 + 엽서 2종 포함 한정판)
슬램덩크 챔프
트렌드 코리아 2023
이토록 평범한 미래
주술회전 21 (초판한정 스페셜 일러스트 카드 + 선착순 한정 후시구로 메구미 포토 카드 포함 특장판)
불편한 편의점 (40만부 기념 벚꽃 에디션)
마법천자문 56
내가 틀릴 수도 있습니다 (리커버)
불편한 편의점 2 (단풍 에디션)
오늘 밤, 세계에서 이 사랑이 사라진다 해도
물고기는 존재하지 않는다
열혈강호 87
타시로, 너란 녀석은 3
해커스 토익 기출 보카 TOEIC VOCA 단어장
2023 큰별쌤 최태성의 별★별한국사 한국사능력검정시험 심화(1, 2, 3급) 상
원씽 The One Thing (리커버 특별판)
사람을 얻는 지혜 (스페인어 원전 완역본)
인생의 역사
2023 큰별쌤 최태성의 별★별한국사 한국사능력검정시험 심화(1, 2, 3급) 하
밀랍인형폭렬학원가 1~4 세트 - 전4권
5년 후 나에게 - Q&A a day (2023 Sandglass Edition)
봇치·더·록! 3
하얼빈
ETS 토익 정기시험 기출문제집 1000 Vol. 3 Reading (리딩)
스카이 버스
ETS 토익 정기시험 기출문제집 1000 Vol. 3 Listening (리스닝)
파친코 1
스파이 패밀리 10
이은경쌤의 초등어휘일력 365 (스프링)
안젤리크
마케팅 설계자
역행자
파친코 2
사라진 소녀들의 숲
거의 모든 일상 표현의 영어
해커스 토익 RC 리딩 READING 토익 기본서 2023 최신개정판
쿼런틴
모든 것은 기본에서 시작한다
인듀어런스
전지적 독자 시점 Part 2 & 3 : 굿즈키트 세트 - 전6권
상대적이며 절대적인 고양이 백과사전
우리는 각자의 세계가 된다
월간순정 노자키 군 14
흔한남매 12
해커스 토익 LC 리스닝 LISTENING 2023 최신개정판
참을 수 없는 존재의 가벼움
명탐정 코난 102
레버리지 (양장)
------------------------------
cycle : 2

data:,
aladin_best_v1
keyword :  / input page:0 / n:
아버지의 해방일지
만일 내가 인생을 다시 산다면 (10만 부 기념 스페셜 에디션)
화산귀환 1~2 세트 - 전2권 (윷놀이 세트 + 미니 윷놀이 말판 + 엽서 2종 포함 한정판)
슬램덩크 챔프
트렌드 코리아 2023
이토록 평범한 미래
주술회전 21 (초판한정 스페셜 일러스트 카드 + 선착순 한정 후시구로 메구미 포토 카드 포함 특장판)
불편한 편의점 (40만부 기념 벚꽃 에디션)
마법천자문 56
내가 틀릴 수도 있습니다 (리커버)
불편한 편의점 2 (단풍 에디션)
오늘 밤, 세계에서 이 사랑이 사라진다 해도
물고기는 존재하지 않는다
열혈강호 87
타시로, 너란 녀석은 3
해커스 토익 기출 보카 TOEIC VOCA 단어장
2023 큰별쌤 최태성의 별★별한국사 한국사능력검정시험 심화(1, 2, 3급) 상
원씽 The One Thing (리커버 특별판)
사람을 얻는 지혜 (스페인어 원전 완역본)
인생의 역사
2023 큰별쌤 최태성의 별★별한국사 한국사능력검정시험 심화(1, 2, 3급) 하
밀랍인형폭렬학원가 1~4 세트 - 전4권
5년 후 나에게 - Q&A a day (2023 Sandglass Edition)
봇치·더·록! 3
하얼빈
ETS 토익 정기시험 기출문제집 1000 Vol. 3 Reading (리딩)
스카이 버스
ETS 토익 정기시험 기출문제집 1000 Vol. 3 Listening (리스닝)
파친코 1
스파이 패밀리 10
이은경쌤의 초등어휘일력 365 (스프링)
안젤리크
마케팅 설계자
역행자
파친코 2
사라진 소녀들의 숲
거의 모든 일상 표현의 영어
해커스 토익 RC 리딩 READING 토익 기본서 2023 최신개정판
쿼런틴
모든 것은 기본에서 시작한다
인듀어런스
전지적 독자 시점 Part 2 & 3 : 굿즈키트 세트 - 전6권
상대적이며 절대적인 고양이 백과사전
우리는 각자의 세계가 된다
월간순정 노자키 군 14
흔한남매 12
해커스 토익 LC 리스닝 LISTENING 2023 최신개정판
참을 수 없는 존재의 가벼움
명탐정 코난 102
레버리지 (양장)
------------------------------
cycle : 3

data:,
aladin_best_v1
keyword :  / input page:0 / n:
아버지의 해방일지
만일 내가 인생을 다시 산다면 (10만 부 기념 스페셜 에디션)
화산귀환 1~2 세트 - 전2권 (윷놀이 세트 + 미니 윷놀이 말판 + 엽서 2종 포함 한정판)
슬램덩크 챔프
트렌드 코리아 2023
이토록 평범한 미래
주술회전 21 (초판한정 스페셜 일러스트 카드 + 선착순 한정 후시구로 메구미 포토 카드 포함 특장판)
불편한 편의점 (40만부 기념 벚꽃 에디션)
마법천자문 56
내가 틀릴 수도 있습니다 (리커버)
불편한 편의점 2 (단풍 에디션)
오늘 밤, 세계에서 이 사랑이 사라진다 해도
물고기는 존재하지 않는다
열혈강호 87
타시로, 너란 녀석은 3
해커스 토익 기출 보카 TOEIC VOCA 단어장
2023 큰별쌤 최태성의 별★별한국사 한국사능력검정시험 심화(1, 2, 3급) 상
원씽 The One Thing (리커버 특별판)
사람을 얻는 지혜 (스페인어 원전 완역본)
인생의 역사
2023 큰별쌤 최태성의 별★별한국사 한국사능력검정시험 심화(1, 2, 3급) 하
밀랍인형폭렬학원가 1~4 세트 - 전4권
5년 후 나에게 - Q&A a day (2023 Sandglass Edition)
봇치·더·록! 3
하얼빈
ETS 토익 정기시험 기출문제집 1000 Vol. 3 Reading (리딩)
스카이 버스
ETS 토익 정기시험 기출문제집 1000 Vol. 3 Listening (리스닝)
파친코 1
스파이 패밀리 10
이은경쌤의 초등어휘일력 365 (스프링)
안젤리크
마케팅 설계자
역행자
파친코 2
사라진 소녀들의 숲
거의 모든 일상 표현의 영어
해커스 토익 RC 리딩 READING 토익 기본서 2023 최신개정판
쿼런틴
모든 것은 기본에서 시작한다
인듀어런스
전지적 독자 시점 Part 2 & 3 : 굿즈키트 세트 - 전6권
상대적이며 절대적인 고양이 백과사전
우리는 각자의 세계가 된다
월간순정 노자키 군 14
흔한남매 12
해커스 토익 LC 리스닝 LISTENING 2023 최신개정판
참을 수 없는 존재의 가벼움
명탐정 코난 102
레버리지 (양장)
------------------------------
cycle : 4

data:,
aladin_best_v1
keyword :  / input page:0 / n:
아버지의 해방일지
만일 내가 인생을 다시 산다면 (10만 부 기념 스페셜 에디션)
화산귀환 1~2 세트 - 전2권 (윷놀이 세트 + 미니 윷놀이 말판 + 엽서 2종 포함 한정판)
슬램덩크 챔프
트렌드 코리아 2023
이토록 평범한 미래
주술회전 21 (초판한정 스페셜 일러스트 카드 + 선착순 한정 후시구로 메구미 포토 카드 포함 특장판)
불편한 편의점 (40만부 기념 벚꽃 에디션)
마법천자문 56
내가 틀릴 수도 있습니다 (리커버)
불편한 편의점 2 (단풍 에디션)
오늘 밤, 세계에서 이 사랑이 사라진다 해도
물고기는 존재하지 않는다
열혈강호 87
타시로, 너란 녀석은 3
해커스 토익 기출 보카 TOEIC VOCA 단어장
2023 큰별쌤 최태성의 별★별한국사 한국사능력검정시험 심화(1, 2, 3급) 상
원씽 The One Thing (리커버 특별판)
사람을 얻는 지혜 (스페인어 원전 완역본)
인생의 역사
2023 큰별쌤 최태성의 별★별한국사 한국사능력검정시험 심화(1, 2, 3급) 하
밀랍인형폭렬학원가 1~4 세트 - 전4권
5년 후 나에게 - Q&A a day (2023 Sandglass Edition)
봇치·더·록! 3
하얼빈
ETS 토익 정기시험 기출문제집 1000 Vol. 3 Reading (리딩)
스카이 버스
ETS 토익 정기시험 기출문제집 1000 Vol. 3 Listening (리스닝)
파친코 1
스파이 패밀리 10
이은경쌤의 초등어휘일력 365 (스프링)
안젤리크
마케팅 설계자
역행자
파친코 2
사라진 소녀들의 숲
거의 모든 일상 표현의 영어
해커스 토익 RC 리딩 READING 토익 기본서 2023 최신개정판
쿼런틴
모든 것은 기본에서 시작한다
인듀어런스
전지적 독자 시점 Part 2 & 3 : 굿즈키트 세트 - 전6권
상대적이며 절대적인 고양이 백과사전
우리는 각자의 세계가 된다
월간순정 노자키 군 14
흔한남매 12
해커스 토익 LC 리스닝 LISTENING 2023 최신개정판
참을 수 없는 존재의 가벼움
명탐정 코난 102
레버리지 (양장)
------------------------------
cycle : 5

data:,
aladin_best_v1
keyword :  / input page:0 / n:
cycle : 6

data:,
aladin_best_v1
keyword :  / input page:0 / n:
아버지의 해방일지
만일 내가 인생을 다시 산다면 (10만 부 기념 스페셜 에디션)
화산귀환 1~2 세트 - 전2권 (윷놀이 세트 + 미니 윷놀이 말판 + 엽서 2종 포함 한정판)
슬램덩크 챔프
트렌드 코리아 2023
이토록 평범한 미래
주술회전 21 (초판한정 스페셜 일러스트 카드 + 선착순 한정 후시구로 메구미 포토 카드 포함 특장판)
불편한 편의점 (40만부 기념 벚꽃 에디션)
마법천자문 56
내가 틀릴 수도 있습니다 (리커버)
불편한 편의점 2 (단풍 에디션)
오늘 밤, 세계에서 이 사랑이 사라진다 해도
물고기는 존재하지 않는다
열혈강호 87
타시로, 너란 녀석은 3
해커스 토익 기출 보카 TOEIC VOCA 단어장
2023 큰별쌤 최태성의 별★별한국사 한국사능력검정시험 심화(1, 2, 3급) 상
원씽 The One Thing (리커버 특별판)
사람을 얻는 지혜 (스페인어 원전 완역본)
인생의 역사
2023 큰별쌤 최태성의 별★별한국사 한국사능력검정시험 심화(1, 2, 3급) 하
밀랍인형폭렬학원가 1~4 세트 - 전4권
5년 후 나에게 - Q&A a day (2023 Sandglass Edition)
봇치·더·록! 3
하얼빈
ETS 토익 정기시험 기출문제집 1000 Vol. 3 Reading (리딩)
스카이 버스
ETS 토익 정기시험 기출문제집 1000 Vol. 3 Listening (리스닝)
파친코 1
스파이 패밀리 10
이은경쌤의 초등어휘일력 365 (스프링)
안젤리크
마케팅 설계자
역행자
파친코 2
사라진 소녀들의 숲
거의 모든 일상 표현의 영어
해커스 토익 RC 리딩 READING 토익 기본서 2023 최신개정판
쿼런틴
모든 것은 기본에서 시작한다
인듀어런스
전지적 독자 시점 Part 2 & 3 : 굿즈키트 세트 - 전6권
상대적이며 절대적인 고양이 백과사전
우리는 각자의 세계가 된다
월간순정 노자키 군 14
흔한남매 12
해커스 토익 LC 리스닝 LISTENING 2023 최신개정판
참을 수 없는 존재의 가벼움
명탐정 코난 102
레버리지 (양장)
------------------------------
cycle : 7

data:,
aladin_best_v1
keyword :  / input page:0 / n:
아버지의 해방일지
만일 내가 인생을 다시 산다면 (10만 부 기념 스페셜 에디션)
화산귀환 1~2 세트 - 전2권 (윷놀이 세트 + 미니 윷놀이 말판 + 엽서 2종 포함 한정판)
슬램덩크 챔프
트렌드 코리아 2023
이토록 평범한 미래
주술회전 21 (초판한정 스페셜 일러스트 카드 + 선착순 한정 후시구로 메구미 포토 카드 포함 특장판)
불편한 편의점 (40만부 기념 벚꽃 에디션)
마법천자문 56
내가 틀릴 수도 있습니다 (리커버)
불편한 편의점 2 (단풍 에디션)
오늘 밤, 세계에서 이 사랑이 사라진다 해도
물고기는 존재하지 않는다
열혈강호 87
타시로, 너란 녀석은 3
해커스 토익 기출 보카 TOEIC VOCA 단어장
2023 큰별쌤 최태성의 별★별한국사 한국사능력검정시험 심화(1, 2, 3급) 상
원씽 The One Thing (리커버 특별판)
사람을 얻는 지혜 (스페인어 원전 완역본)
인생의 역사
2023 큰별쌤 최태성의 별★별한국사 한국사능력검정시험 심화(1, 2, 3급) 하
밀랍인형폭렬학원가 1~4 세트 - 전4권
5년 후 나에게 - Q&A a day (2023 Sandglass Edition)
봇치·더·록! 3
하얼빈
ETS 토익 정기시험 기출문제집 1000 Vol. 3 Reading (리딩)
스카이 버스
ETS 토익 정기시험 기출문제집 1000 Vol. 3 Listening (리스닝)
파친코 1
스파이 패밀리 10
이은경쌤의 초등어휘일력 365 (스프링)
안젤리크
마케팅 설계자
역행자
파친코 2
사라진 소녀들의 숲
거의 모든 일상 표현의 영어
해커스 토익 RC 리딩 READING 토익 기본서 2023 최신개정판
쿼런틴
모든 것은 기본에서 시작한다
인듀어런스
전지적 독자 시점 Part 2 & 3 : 굿즈키트 세트 - 전6권
상대적이며 절대적인 고양이 백과사전
우리는 각자의 세계가 된다
월간순정 노자키 군 14
흔한남매 12
해커스 토익 LC 리스닝 LISTENING 2023 최신개정판
참을 수 없는 존재의 가벼움
명탐정 코난 102
레버리지 (양장)
------------------------------
cycle : 8

data:,
aladin_best_v1
keyword :  / input page:0 / n:
아버지의 해방일지
만일 내가 인생을 다시 산다면 (10만 부 기념 스페셜 에디션)
화산귀환 1~2 세트 - 전2권 (윷놀이 세트 + 미니 윷놀이 말판 + 엽서 2종 포함 한정판)
슬램덩크 챔프
트렌드 코리아 2023
이토록 평범한 미래
주술회전 21 (초판한정 스페셜 일러스트 카드 + 선착순 한정 후시구로 메구미 포토 카드 포함 특장판)
불편한 편의점 (40만부 기념 벚꽃 에디션)
마법천자문 56
내가 틀릴 수도 있습니다 (리커버)
불편한 편의점 2 (단풍 에디션)
오늘 밤, 세계에서 이 사랑이 사라진다 해도
물고기는 존재하지 않는다
열혈강호 87
타시로, 너란 녀석은 3
해커스 토익 기출 보카 TOEIC VOCA 단어장
2023 큰별쌤 최태성의 별★별한국사 한국사능력검정시험 심화(1, 2, 3급) 상
원씽 The One Thing (리커버 특별판)
사람을 얻는 지혜 (스페인어 원전 완역본)
인생의 역사
2023 큰별쌤 최태성의 별★별한국사 한국사능력검정시험 심화(1, 2, 3급) 하
밀랍인형폭렬학원가 1~4 세트 - 전4권
5년 후 나에게 - Q&A a day (2023 Sandglass Edition)
봇치·더·록! 3
하얼빈
ETS 토익 정기시험 기출문제집 1000 Vol. 3 Reading (리딩)
스카이 버스
ETS 토익 정기시험 기출문제집 1000 Vol. 3 Listening (리스닝)
파친코 1
스파이 패밀리 10
이은경쌤의 초등어휘일력 365 (스프링)
안젤리크
마케팅 설계자
역행자
파친코 2
사라진 소녀들의 숲
거의 모든 일상 표현의 영어
해커스 토익 RC 리딩 READING 토익 기본서 2023 최신개정판
쿼런틴
모든 것은 기본에서 시작한다
인듀어런스
전지적 독자 시점 Part 2 & 3 : 굿즈키트 세트 - 전6권
상대적이며 절대적인 고양이 백과사전
우리는 각자의 세계가 된다
월간순정 노자키 군 14
흔한남매 12
해커스 토익 LC 리스닝 LISTENING 2023 최신개정판
참을 수 없는 존재의 가벼움
명탐정 코난 102
레버리지 (양장)
------------------------------
cycle : 9

data:,
aladin_best_v1
keyword :  / input page:0 / n:
아버지의 해방일지
만일 내가 인생을 다시 산다면 (10만 부 기념 스페셜 에디션)
화산귀환 1~2 세트 - 전2권 (윷놀이 세트 + 미니 윷놀이 말판 + 엽서 2종 포함 한정판)
슬램덩크 챔프
트렌드 코리아 2023
이토록 평범한 미래
주술회전 21 (초판한정 스페셜 일러스트 카드 + 선착순 한정 후시구로 메구미 포토 카드 포함 특장판)
불편한 편의점 (40만부 기념 벚꽃 에디션)
마법천자문 56
내가 틀릴 수도 있습니다 (리커버)
불편한 편의점 2 (단풍 에디션)
오늘 밤, 세계에서 이 사랑이 사라진다 해도
물고기는 존재하지 않는다
열혈강호 87
타시로, 너란 녀석은 3
해커스 토익 기출 보카 TOEIC VOCA 단어장
2023 큰별쌤 최태성의 별★별한국사 한국사능력검정시험 심화(1, 2, 3급) 상
원씽 The One Thing (리커버 특별판)
사람을 얻는 지혜 (스페인어 원전 완역본)
인생의 역사
2023 큰별쌤 최태성의 별★별한국사 한국사능력검정시험 심화(1, 2, 3급) 하
밀랍인형폭렬학원가 1~4 세트 - 전4권
5년 후 나에게 - Q&A a day (2023 Sandglass Edition)
봇치·더·록! 3
하얼빈
ETS 토익 정기시험 기출문제집 1000 Vol. 3 Reading (리딩)
스카이 버스
ETS 토익 정기시험 기출문제집 1000 Vol. 3 Listening (리스닝)
파친코 1
스파이 패밀리 10
이은경쌤의 초등어휘일력 365 (스프링)
안젤리크
마케팅 설계자
역행자
파친코 2
사라진 소녀들의 숲
거의 모든 일상 표현의 영어
해커스 토익 RC 리딩 READING 토익 기본서 2023 최신개정판
쿼런틴
모든 것은 기본에서 시작한다
인듀어런스
전지적 독자 시점 Part 2 & 3 : 굿즈키트 세트 - 전6권
상대적이며 절대적인 고양이 백과사전
우리는 각자의 세계가 된다
월간순정 노자키 군 14
흔한남매 12
해커스 토익 LC 리스닝 LISTENING 2023 최신개정판
참을 수 없는 존재의 가벼움
명탐정 코난 102
레버리지 (양장)
------------------------------
cycle : 10

data:,
aladin_best_v1
keyword :  / input page:0 / n:
아버지의 해방일지
만일 내가 인생을 다시 산다면 (10만 부 기념 스페셜 에디션)
화산귀환 1~2 세트 - 전2권 (윷놀이 세트 + 미니 윷놀이 말판 + 엽서 2종 포함 한정판)
슬램덩크 챔프
트렌드 코리아 2023
이토록 평범한 미래
주술회전 21 (초판한정 스페셜 일러스트 카드 + 선착순 한정 후시구로 메구미 포토 카드 포함 특장판)
불편한 편의점 (40만부 기념 벚꽃 에디션)
마법천자문 56
내가 틀릴 수도 있습니다 (리커버)
불편한 편의점 2 (단풍 에디션)
오늘 밤, 세계에서 이 사랑이 사라진다 해도
물고기는 존재하지 않는다
열혈강호 87
타시로, 너란 녀석은 3
해커스 토익 기출 보카 TOEIC VOCA 단어장
2023 큰별쌤 최태성의 별★별한국사 한국사능력검정시험 심화(1, 2, 3급) 상
원씽 The One Thing (리커버 특별판)
사람을 얻는 지혜 (스페인어 원전 완역본)
인생의 역사
2023 큰별쌤 최태성의 별★별한국사 한국사능력검정시험 심화(1, 2, 3급) 하
밀랍인형폭렬학원가 1~4 세트 - 전4권
5년 후 나에게 - Q&A a day (2023 Sandglass Edition)
봇치·더·록! 3
하얼빈
ETS 토익 정기시험 기출문제집 1000 Vol. 3 Reading (리딩)
스카이 버스
ETS 토익 정기시험 기출문제집 1000 Vol. 3 Listening (리스닝)
파친코 1
스파이 패밀리 10
이은경쌤의 초등어휘일력 365 (스프링)
안젤리크
마케팅 설계자
역행자
파친코 2
사라진 소녀들의 숲
거의 모든 일상 표현의 영어
해커스 토익 RC 리딩 READING 토익 기본서 2023 최신개정판
쿼런틴
모든 것은 기본에서 시작한다
인듀어런스
전지적 독자 시점 Part 2 & 3 : 굿즈키트 세트 - 전6권
상대적이며 절대적인 고양이 백과사전
우리는 각자의 세계가 된다
월간순정 노자키 군 14
흔한남매 12
해커스 토익 LC 리스닝 LISTENING 2023 최신개정판
참을 수 없는 존재의 가벼움
명탐정 코난 102
레버리지 (양장)
------------------------------
cycle : 11

data:,
aladin_best_v1
keyword :  / input page:0 / n:
아버지의 해방일지
만일 내가 인생을 다시 산다면 (10만 부 기념 스페셜 에디션)
화산귀환 1~2 세트 - 전2권 (윷놀이 세트 + 미니 윷놀이 말판 + 엽서 2종 포함 한정판)
슬램덩크 챔프
트렌드 코리아 2023
이토록 평범한 미래
주술회전 21 (초판한정 스페셜 일러스트 카드 + 선착순 한정 후시구로 메구미 포토 카드 포함 특장판)
불편한 편의점 (40만부 기념 벚꽃 에디션)
마법천자문 56
내가 틀릴 수도 있습니다 (리커버)
불편한 편의점 2 (단풍 에디션)
오늘 밤, 세계에서 이 사랑이 사라진다 해도
물고기는 존재하지 않는다
열혈강호 87
타시로, 너란 녀석은 3
해커스 토익 기출 보카 TOEIC VOCA 단어장
2023 큰별쌤 최태성의 별★별한국사 한국사능력검정시험 심화(1, 2, 3급) 상
원씽 The One Thing (리커버 특별판)
사람을 얻는 지혜 (스페인어 원전 완역본)
인생의 역사
2023 큰별쌤 최태성의 별★별한국사 한국사능력검정시험 심화(1, 2, 3급) 하
밀랍인형폭렬학원가 1~4 세트 - 전4권
5년 후 나에게 - Q&A a day (2023 Sandglass Edition)
봇치·더·록! 3
하얼빈
ETS 토익 정기시험 기출문제집 1000 Vol. 3 Reading (리딩)
스카이 버스
ETS 토익 정기시험 기출문제집 1000 Vol. 3 Listening (리스닝)
파친코 1
스파이 패밀리 10
이은경쌤의 초등어휘일력 365 (스프링)
안젤리크
마케팅 설계자
역행자
파친코 2
사라진 소녀들의 숲
거의 모든 일상 표현의 영어
해커스 토익 RC 리딩 READING 토익 기본서 2023 최신개정판
쿼런틴
모든 것은 기본에서 시작한다
인듀어런스
전지적 독자 시점 Part 2 & 3 : 굿즈키트 세트 - 전6권
상대적이며 절대적인 고양이 백과사전
우리는 각자의 세계가 된다
월간순정 노자키 군 14
흔한남매 12
해커스 토익 LC 리스닝 LISTENING 2023 최신개정판
참을 수 없는 존재의 가벼움
명탐정 코난 102
레버리지 (양장)
------------------------------
cycle : 12

data:,
aladin_best_v1
keyword :  / input page:0 / n:
------------------------------
cycle : 13

data:,
aladin_best_v1
keyword :  / input page:0 / n:
cycle : 14

data:,
aladin_best_v1
keyword :  / input page:0 / n:
아버지의 해방일지
만일 내가 인생을 다시 산다면 (10만 부 기념 스페셜 에디션)
화산귀환 1~2 세트 - 전2권 (윷놀이 세트 + 미니 윷놀이 말판 + 엽서 2종 포함 한정판)
슬램덩크 챔프
트렌드 코리아 2023
이토록 평범한 미래
주술회전 21 (초판한정 스페셜 일러스트 카드 + 선착순 한정 후시구로 메구미 포토 카드 포함 특장판)
불편한 편의점 (40만부 기념 벚꽃 에디션)
마법천자문 56
내가 틀릴 수도 있습니다 (리커버)
불편한 편의점 2 (단풍 에디션)
오늘 밤, 세계에서 이 사랑이 사라진다 해도
물고기는 존재하지 않는다
열혈강호 87
타시로, 너란 녀석은 3
해커스 토익 기출 보카 TOEIC VOCA 단어장
2023 큰별쌤 최태성의 별★별한국사 한국사능력검정시험 심화(1, 2, 3급) 상
원씽 The One Thing (리커버 특별판)
사람을 얻는 지혜 (스페인어 원전 완역본)
인생의 역사
2023 큰별쌤 최태성의 별★별한국사 한국사능력검정시험 심화(1, 2, 3급) 하
밀랍인형폭렬학원가 1~4 세트 - 전4권
5년 후 나에게 - Q&A a day (2023 Sandglass Edition)
봇치·더·록! 3
하얼빈
ETS 토익 정기시험 기출문제집 1000 Vol. 3 Reading (리딩)
스카이 버스
ETS 토익 정기시험 기출문제집 1000 Vol. 3 Listening (리스닝)
파친코 1
스파이 패밀리 10
이은경쌤의 초등어휘일력 365 (스프링)
안젤리크
마케팅 설계자
역행자
파친코 2
사라진 소녀들의 숲
거의 모든 일상 표현의 영어
해커스 토익 RC 리딩 READING 토익 기본서 2023 최신개정판
쿼런틴
모든 것은 기본에서 시작한다
인듀어런스
전지적 독자 시점 Part 2 & 3 : 굿즈키트 세트 - 전6권
상대적이며 절대적인 고양이 백과사전
우리는 각자의 세계가 된다
월간순정 노자키 군 14
흔한남매 12
해커스 토익 LC 리스닝 LISTENING 2023 최신개정판
참을 수 없는 존재의 가벼움
명탐정 코난 102
레버리지 (양장)
------------------------------
cycle : 15

data:,
aladin_best_v1
keyword :  / input page:0 / n:
아버지의 해방일지
만일 내가 인생을 다시 산다면 (10만 부 기념 스페셜 에디션)
화산귀환 1~2 세트 - 전2권 (윷놀이 세트 + 미니 윷놀이 말판 + 엽서 2종 포함 한정판)
슬램덩크 챔프
트렌드 코리아 2023
이토록 평범한 미래
주술회전 21 (초판한정 스페셜 일러스트 카드 + 선착순 한정 후시구로 메구미 포토 카드 포함 특장판)
불편한 편의점 (40만부 기념 벚꽃 에디션)
마법천자문 56
내가 틀릴 수도 있습니다 (리커버)
불편한 편의점 2 (단풍 에디션)
오늘 밤, 세계에서 이 사랑이 사라진다 해도
물고기는 존재하지 않는다
열혈강호 87
타시로, 너란 녀석은 3
해커스 토익 기출 보카 TOEIC VOCA 단어장
2023 큰별쌤 최태성의 별★별한국사 한국사능력검정시험 심화(1, 2, 3급) 상
원씽 The One Thing (리커버 특별판)
사람을 얻는 지혜 (스페인어 원전 완역본)
인생의 역사
2023 큰별쌤 최태성의 별★별한국사 한국사능력검정시험 심화(1, 2, 3급) 하
밀랍인형폭렬학원가 1~4 세트 - 전4권
5년 후 나에게 - Q&A a day (2023 Sandglass Edition)
봇치·더·록! 3
하얼빈
ETS 토익 정기시험 기출문제집 1000 Vol. 3 Reading (리딩)
스카이 버스
ETS 토익 정기시험 기출문제집 1000 Vol. 3 Listening (리스닝)
파친코 1
스파이 패밀리 10
이은경쌤의 초등어휘일력 365 (스프링)
안젤리크
마케팅 설계자
역행자
파친코 2
사라진 소녀들의 숲
거의 모든 일상 표현의 영어
해커스 토익 RC 리딩 READING 토익 기본서 2023 최신개정판
쿼런틴
모든 것은 기본에서 시작한다
인듀어런스
전지적 독자 시점 Part 2 & 3 : 굿즈키트 세트 - 전6권
상대적이며 절대적인 고양이 백과사전
우리는 각자의 세계가 된다
월간순정 노자키 군 14
흔한남매 12
해커스 토익 LC 리스닝 LISTENING 2023 최신개정판
참을 수 없는 존재의 가벼움
명탐정 코난 102
레버리지 (양장)
------------------------------
cycle : 16

data:,
aladin_best_v1
keyword :  / input page:0 / n:
아버지의 해방일지
만일 내가 인생을 다시 산다면 (10만 부 기념 스페셜 에디션)
화산귀환 1~2 세트 - 전2권 (윷놀이 세트 + 미니 윷놀이 말판 + 엽서 2종 포함 한정판)
슬램덩크 챔프
트렌드 코리아 2023
이토록 평범한 미래
주술회전 21 (초판한정 스페셜 일러스트 카드 + 선착순 한정 후시구로 메구미 포토 카드 포함 특장판)
불편한 편의점 (40만부 기념 벚꽃 에디션)
마법천자문 56
내가 틀릴 수도 있습니다 (리커버)
불편한 편의점 2 (단풍 에디션)
오늘 밤, 세계에서 이 사랑이 사라진다 해도
물고기는 존재하지 않는다
열혈강호 87
타시로, 너란 녀석은 3
해커스 토익 기출 보카 TOEIC VOCA 단어장
2023 큰별쌤 최태성의 별★별한국사 한국사능력검정시험 심화(1, 2, 3급) 상
원씽 The One Thing (리커버 특별판)
사람을 얻는 지혜 (스페인어 원전 완역본)
인생의 역사
2023 큰별쌤 최태성의 별★별한국사 한국사능력검정시험 심화(1, 2, 3급) 하
밀랍인형폭렬학원가 1~4 세트 - 전4권
5년 후 나에게 - Q&A a day (2023 Sandglass Edition)
봇치·더·록! 3
하얼빈
ETS 토익 정기시험 기출문제집 1000 Vol. 3 Reading (리딩)
스카이 버스
ETS 토익 정기시험 기출문제집 1000 Vol. 3 Listening (리스닝)
파친코 1
스파이 패밀리 10
이은경쌤의 초등어휘일력 365 (스프링)
안젤리크
마케팅 설계자
역행자
파친코 2
사라진 소녀들의 숲
거의 모든 일상 표현의 영어
해커스 토익 RC 리딩 READING 토익 기본서 2023 최신개정판
쿼런틴
모든 것은 기본에서 시작한다
인듀어런스
전지적 독자 시점 Part 2 & 3 : 굿즈키트 세트 - 전6권
상대적이며 절대적인 고양이 백과사전
우리는 각자의 세계가 된다
월간순정 노자키 군 14
흔한남매 12
해커스 토익 LC 리스닝 LISTENING 2023 최신개정판
참을 수 없는 존재의 가벼움
명탐정 코난 102
레버리지 (양장)
------------------------------
cycle : 17

data:,
aladin_best_v1
keyword :  / input page:0 / n:
cycle : 18

data:,
aladin_best_v1
keyword :  / input page:0 / n:
아버지의 해방일지
만일 내가 인생을 다시 산다면 (10만 부 기념 스페셜 에디션)
화산귀환 1~2 세트 - 전2권 (윷놀이 세트 + 미니 윷놀이 말판 + 엽서 2종 포함 한정판)
슬램덩크 챔프
트렌드 코리아 2023
이토록 평범한 미래
주술회전 21 (초판한정 스페셜 일러스트 카드 + 선착순 한정 후시구로 메구미 포토 카드 포함 특장판)
불편한 편의점 (40만부 기념 벚꽃 에디션)
마법천자문 56
내가 틀릴 수도 있습니다 (리커버)
불편한 편의점 2 (단풍 에디션)
오늘 밤, 세계에서 이 사랑이 사라진다 해도
물고기는 존재하지 않는다
열혈강호 87
타시로, 너란 녀석은 3
해커스 토익 기출 보카 TOEIC VOCA 단어장
2023 큰별쌤 최태성의 별★별한국사 한국사능력검정시험 심화(1, 2, 3급) 상
원씽 The One Thing (리커버 특별판)
사람을 얻는 지혜 (스페인어 원전 완역본)
인생의 역사
2023 큰별쌤 최태성의 별★별한국사 한국사능력검정시험 심화(1, 2, 3급) 하
밀랍인형폭렬학원가 1~4 세트 - 전4권
5년 후 나에게 - Q&A a day (2023 Sandglass Edition)
봇치·더·록! 3
하얼빈
ETS 토익 정기시험 기출문제집 1000 Vol. 3 Reading (리딩)
스카이 버스
ETS 토익 정기시험 기출문제집 1000 Vol. 3 Listening (리스닝)
파친코 1
스파이 패밀리 10
이은경쌤의 초등어휘일력 365 (스프링)
안젤리크
마케팅 설계자
역행자
파친코 2
사라진 소녀들의 숲
거의 모든 일상 표현의 영어
해커스 토익 RC 리딩 READING 토익 기본서 2023 최신개정판
쿼런틴
모든 것은 기본에서 시작한다
인듀어런스
전지적 독자 시점 Part 2 & 3 : 굿즈키트 세트 - 전6권
상대적이며 절대적인 고양이 백과사전
우리는 각자의 세계가 된다
월간순정 노자키 군 14
흔한남매 12
해커스 토익 LC 리스닝 LISTENING 2023 최신개정판
참을 수 없는 존재의 가벼움
명탐정 코난 102
레버리지 (양장)
------------------------------
cycle : 19

data:,
aladin_best_v1
keyword :  / input page:0 / n:
아버지의 해방일지
만일 내가 인생을 다시 산다면 (10만 부 기념 스페셜 에디션)
화산귀환 1~2 세트 - 전2권 (윷놀이 세트 + 미니 윷놀이 말판 + 엽서 2종 포함 한정판)
슬램덩크 챔프
트렌드 코리아 2023
이토록 평범한 미래
주술회전 21 (초판한정 스페셜 일러스트 카드 + 선착순 한정 후시구로 메구미 포토 카드 포함 특장판)
불편한 편의점 (40만부 기념 벚꽃 에디션)
마법천자문 56
내가 틀릴 수도 있습니다 (리커버)
불편한 편의점 2 (단풍 에디션)
오늘 밤, 세계에서 이 사랑이 사라진다 해도
물고기는 존재하지 않는다
열혈강호 87
타시로, 너란 녀석은 3
해커스 토익 기출 보카 TOEIC VOCA 단어장
2023 큰별쌤 최태성의 별★별한국사 한국사능력검정시험 심화(1, 2, 3급) 상
원씽 The One Thing (리커버 특별판)
사람을 얻는 지혜 (스페인어 원전 완역본)
인생의 역사
2023 큰별쌤 최태성의 별★별한국사 한국사능력검정시험 심화(1, 2, 3급) 하
밀랍인형폭렬학원가 1~4 세트 - 전4권
5년 후 나에게 - Q&A a day (2023 Sandglass Edition)
봇치·더·록! 3
하얼빈
ETS 토익 정기시험 기출문제집 1000 Vol. 3 Reading (리딩)
스카이 버스
ETS 토익 정기시험 기출문제집 1000 Vol. 3 Listening (리스닝)
파친코 1
스파이 패밀리 10
이은경쌤의 초등어휘일력 365 (스프링)
안젤리크
마케팅 설계자
역행자
파친코 2
사라진 소녀들의 숲
거의 모든 일상 표현의 영어
해커스 토익 RC 리딩 READING 토익 기본서 2023 최신개정판
쿼런틴
모든 것은 기본에서 시작한다
인듀어런스
전지적 독자 시점 Part 2 & 3 : 굿즈키트 세트 - 전6권
상대적이며 절대적인 고양이 백과사전
우리는 각자의 세계가 된다
월간순정 노자키 군 14
흔한남매 12
해커스 토익 LC 리스닝 LISTENING 2023 최신개정판
참을 수 없는 존재의 가벼움
명탐정 코난 102
레버리지 (양장)
------------------------------
cycle : 20

data:,
aladin_best_v1
keyword :  / input page:0 / n:
아버지의 해방일지
만일 내가 인생을 다시 산다면 (10만 부 기념 스페셜 에디션)
화산귀환 1~2 세트 - 전2권 (윷놀이 세트 + 미니 윷놀이 말판 + 엽서 2종 포함 한정판)
슬램덩크 챔프
트렌드 코리아 2023
이토록 평범한 미래
주술회전 21 (초판한정 스페셜 일러스트 카드 + 선착순 한정 후시구로 메구미 포토 카드 포함 특장판)
불편한 편의점 (40만부 기념 벚꽃 에디션)
마법천자문 56
내가 틀릴 수도 있습니다 (리커버)
불편한 편의점 2 (단풍 에디션)
오늘 밤, 세계에서 이 사랑이 사라진다 해도
물고기는 존재하지 않는다
열혈강호 87
타시로, 너란 녀석은 3
해커스 토익 기출 보카 TOEIC VOCA 단어장
2023 큰별쌤 최태성의 별★별한국사 한국사능력검정시험 심화(1, 2, 3급) 상
원씽 The One Thing (리커버 특별판)
사람을 얻는 지혜 (스페인어 원전 완역본)
인생의 역사
2023 큰별쌤 최태성의 별★별한국사 한국사능력검정시험 심화(1, 2, 3급) 하
밀랍인형폭렬학원가 1~4 세트 - 전4권
5년 후 나에게 - Q&A a day (2023 Sandglass Edition)
봇치·더·록! 3
하얼빈
ETS 토익 정기시험 기출문제집 1000 Vol. 3 Reading (리딩)
스카이 버스
ETS 토익 정기시험 기출문제집 1000 Vol. 3 Listening (리스닝)
파친코 1
스파이 패밀리 10
이은경쌤의 초등어휘일력 365 (스프링)
안젤리크
마케팅 설계자
역행자
파친코 2
사라진 소녀들의 숲
거의 모든 일상 표현의 영어
해커스 토익 RC 리딩 READING 토익 기본서 2023 최신개정판
쿼런틴
모든 것은 기본에서 시작한다
인듀어런스
전지적 독자 시점 Part 2 & 3 : 굿즈키트 세트 - 전6권
상대적이며 절대적인 고양이 백과사전
우리는 각자의 세계가 된다
월간순정 노자키 군 14
흔한남매 12
해커스 토익 LC 리스닝 LISTENING 2023 최신개정판
참을 수 없는 존재의 가벼움
명탐정 코난 102
레버리지 (양장)
------------------------------
cycle : 21

data:,
aladin_best_v1
keyword :  / input page:0 / n:
아버지의 해방일지
만일 내가 인생을 다시 산다면 (10만 부 기념 스페셜 에디션)
화산귀환 1~2 세트 - 전2권 (윷놀이 세트 + 미니 윷놀이 말판 + 엽서 2종 포함 한정판)
슬램덩크 챔프
트렌드 코리아 2023
이토록 평범한 미래
주술회전 21 (초판한정 스페셜 일러스트 카드 + 선착순 한정 후시구로 메구미 포토 카드 포함 특장판)
불편한 편의점 (40만부 기념 벚꽃 에디션)
마법천자문 56
내가 틀릴 수도 있습니다 (리커버)
불편한 편의점 2 (단풍 에디션)
오늘 밤, 세계에서 이 사랑이 사라진다 해도
물고기는 존재하지 않는다
열혈강호 87
타시로, 너란 녀석은 3
해커스 토익 기출 보카 TOEIC VOCA 단어장
2023 큰별쌤 최태성의 별★별한국사 한국사능력검정시험 심화(1, 2, 3급) 상
원씽 The One Thing (리커버 특별판)
사람을 얻는 지혜 (스페인어 원전 완역본)
인생의 역사
2023 큰별쌤 최태성의 별★별한국사 한국사능력검정시험 심화(1, 2, 3급) 하
밀랍인형폭렬학원가 1~4 세트 - 전4권
5년 후 나에게 - Q&A a day (2023 Sandglass Edition)
봇치·더·록! 3
하얼빈
ETS 토익 정기시험 기출문제집 1000 Vol. 3 Reading (리딩)
스카이 버스
ETS 토익 정기시험 기출문제집 1000 Vol. 3 Listening (리스닝)
파친코 1
스파이 패밀리 10
이은경쌤의 초등어휘일력 365 (스프링)
안젤리크
마케팅 설계자
역행자
파친코 2
사라진 소녀들의 숲
거의 모든 일상 표현의 영어
해커스 토익 RC 리딩 READING 토익 기본서 2023 최신개정판
쿼런틴
모든 것은 기본에서 시작한다
인듀어런스
전지적 독자 시점 Part 2 & 3 : 굿즈키트 세트 - 전6권
상대적이며 절대적인 고양이 백과사전
우리는 각자의 세계가 된다
월간순정 노자키 군 14
흔한남매 12
해커스 토익 LC 리스닝 LISTENING 2023 최신개정판
참을 수 없는 존재의 가벼움
명탐정 코난 102
레버리지 (양장)
------------------------------
cycle : 22

data:,
aladin_best_v1
keyword :  / input page:0 / n:
아버지의 해방일지
만일 내가 인생을 다시 산다면 (10만 부 기념 스페셜 에디션)
화산귀환 1~2 세트 - 전2권 (윷놀이 세트 + 미니 윷놀이 말판 + 엽서 2종 포함 한정판)
슬램덩크 챔프
트렌드 코리아 2023
이토록 평범한 미래
주술회전 21 (초판한정 스페셜 일러스트 카드 + 선착순 한정 후시구로 메구미 포토 카드 포함 특장판)
불편한 편의점 (40만부 기념 벚꽃 에디션)
마법천자문 56
내가 틀릴 수도 있습니다 (리커버)
불편한 편의점 2 (단풍 에디션)
오늘 밤, 세계에서 이 사랑이 사라진다 해도
물고기는 존재하지 않는다
열혈강호 87
타시로, 너란 녀석은 3
해커스 토익 기출 보카 TOEIC VOCA 단어장
2023 큰별쌤 최태성의 별★별한국사 한국사능력검정시험 심화(1, 2, 3급) 상
원씽 The One Thing (리커버 특별판)
사람을 얻는 지혜 (스페인어 원전 완역본)
인생의 역사
2023 큰별쌤 최태성의 별★별한국사 한국사능력검정시험 심화(1, 2, 3급) 하
밀랍인형폭렬학원가 1~4 세트 - 전4권
5년 후 나에게 - Q&A a day (2023 Sandglass Edition)
봇치·더·록! 3
하얼빈
ETS 토익 정기시험 기출문제집 1000 Vol. 3 Reading (리딩)
스카이 버스
ETS 토익 정기시험 기출문제집 1000 Vol. 3 Listening (리스닝)
파친코 1
스파이 패밀리 10
이은경쌤의 초등어휘일력 365 (스프링)
안젤리크
마케팅 설계자
역행자
파친코 2
사라진 소녀들의 숲
거의 모든 일상 표현의 영어
해커스 토익 RC 리딩 READING 토익 기본서 2023 최신개정판
쿼런틴
모든 것은 기본에서 시작한다
인듀어런스
전지적 독자 시점 Part 2 & 3 : 굿즈키트 세트 - 전6권
상대적이며 절대적인 고양이 백과사전
우리는 각자의 세계가 된다
월간순정 노자키 군 14
흔한남매 12
해커스 토익 LC 리스닝 LISTENING 2023 최신개정판
참을 수 없는 존재의 가벼움
명탐정 코난 102
레버리지 (양장)
------------------------------
cycle : 23

data:,
aladin_best_v1
keyword :  / input page:0 / n:
아버지의 해방일지
만일 내가 인생을 다시 산다면 (10만 부 기념 스페셜 에디션)
화산귀환 1~2 세트 - 전2권 (윷놀이 세트 + 미니 윷놀이 말판 + 엽서 2종 포함 한정판)
슬램덩크 챔프
트렌드 코리아 2023
이토록 평범한 미래
주술회전 21 (초판한정 스페셜 일러스트 카드 + 선착순 한정 후시구로 메구미 포토 카드 포함 특장판)
불편한 편의점 (40만부 기념 벚꽃 에디션)
마법천자문 56
내가 틀릴 수도 있습니다 (리커버)
불편한 편의점 2 (단풍 에디션)
오늘 밤, 세계에서 이 사랑이 사라진다 해도
물고기는 존재하지 않는다
열혈강호 87
타시로, 너란 녀석은 3
해커스 토익 기출 보카 TOEIC VOCA 단어장
2023 큰별쌤 최태성의 별★별한국사 한국사능력검정시험 심화(1, 2, 3급) 상
원씽 The One Thing (리커버 특별판)
사람을 얻는 지혜 (스페인어 원전 완역본)
인생의 역사
2023 큰별쌤 최태성의 별★별한국사 한국사능력검정시험 심화(1, 2, 3급) 하
밀랍인형폭렬학원가 1~4 세트 - 전4권
5년 후 나에게 - Q&A a day (2023 Sandglass Edition)
봇치·더·록! 3
하얼빈
ETS 토익 정기시험 기출문제집 1000 Vol. 3 Reading (리딩)
스카이 버스
ETS 토익 정기시험 기출문제집 1000 Vol. 3 Listening (리스닝)
파친코 1
스파이 패밀리 10
이은경쌤의 초등어휘일력 365 (스프링)
안젤리크
마케팅 설계자
역행자
파친코 2
사라진 소녀들의 숲
거의 모든 일상 표현의 영어
해커스 토익 RC 리딩 READING 토익 기본서 2023 최신개정판
쿼런틴
모든 것은 기본에서 시작한다
인듀어런스
전지적 독자 시점 Part 2 & 3 : 굿즈키트 세트 - 전6권
상대적이며 절대적인 고양이 백과사전
우리는 각자의 세계가 된다
월간순정 노자키 군 14
흔한남매 12
해커스 토익 LC 리스닝 LISTENING 2023 최신개정판
참을 수 없는 존재의 가벼움
명탐정 코난 102
레버리지 (양장)
------------------------------
cycle : 24

data:,
aladin_best_v1
keyword :  / input page:0 / n:
아버지의 해방일지
만일 내가 인생을 다시 산다면 (10만 부 기념 스페셜 에디션)
화산귀환 1~2 세트 - 전2권 (윷놀이 세트 + 미니 윷놀이 말판 + 엽서 2종 포함 한정판)
슬램덩크 챔프
트렌드 코리아 2023
이토록 평범한 미래
주술회전 21 (초판한정 스페셜 일러스트 카드 + 선착순 한정 후시구로 메구미 포토 카드 포함 특장판)
불편한 편의점 (40만부 기념 벚꽃 에디션)
마법천자문 56
내가 틀릴 수도 있습니다 (리커버)
불편한 편의점 2 (단풍 에디션)
오늘 밤, 세계에서 이 사랑이 사라진다 해도
물고기는 존재하지 않는다
열혈강호 87
타시로, 너란 녀석은 3
해커스 토익 기출 보카 TOEIC VOCA 단어장
2023 큰별쌤 최태성의 별★별한국사 한국사능력검정시험 심화(1, 2, 3급) 상
원씽 The One Thing (리커버 특별판)
사람을 얻는 지혜 (스페인어 원전 완역본)
인생의 역사
2023 큰별쌤 최태성의 별★별한국사 한국사능력검정시험 심화(1, 2, 3급) 하
밀랍인형폭렬학원가 1~4 세트 - 전4권
5년 후 나에게 - Q&A a day (2023 Sandglass Edition)
봇치·더·록! 3
하얼빈
ETS 토익 정기시험 기출문제집 1000 Vol. 3 Reading (리딩)
스카이 버스
ETS 토익 정기시험 기출문제집 1000 Vol. 3 Listening (리스닝)
파친코 1
스파이 패밀리 10
이은경쌤의 초등어휘일력 365 (스프링)
안젤리크
마케팅 설계자
역행자
파친코 2
사라진 소녀들의 숲
거의 모든 일상 표현의 영어
해커스 토익 RC 리딩 READING 토익 기본서 2023 최신개정판
쿼런틴
모든 것은 기본에서 시작한다
인듀어런스
전지적 독자 시점 Part 2 & 3 : 굿즈키트 세트 - 전6권
상대적이며 절대적인 고양이 백과사전
우리는 각자의 세계가 된다
월간순정 노자키 군 14
흔한남매 12
해커스 토익 LC 리스닝 LISTENING 2023 최신개정판
참을 수 없는 존재의 가벼움
명탐정 코난 102
레버리지 (양장)
------------------------------
cycle : 25

data:,
aladin_best_v1
keyword :  / input page:0 / n:
cycle : 26

data:,
aladin_best_v1
keyword :  / input page:0 / n:
아버지의 해방일지
만일 내가 인생을 다시 산다면 (10만 부 기념 스페셜 에디션)
화산귀환 1~2 세트 - 전2권 (윷놀이 세트 + 미니 윷놀이 말판 + 엽서 2종 포함 한정판)
슬램덩크 챔프
트렌드 코리아 2023
이토록 평범한 미래
주술회전 21 (초판한정 스페셜 일러스트 카드 + 선착순 한정 후시구로 메구미 포토 카드 포함 특장판)
불편한 편의점 (40만부 기념 벚꽃 에디션)
마법천자문 56
내가 틀릴 수도 있습니다 (리커버)
불편한 편의점 2 (단풍 에디션)
오늘 밤, 세계에서 이 사랑이 사라진다 해도
물고기는 존재하지 않는다
열혈강호 87
타시로, 너란 녀석은 3
해커스 토익 기출 보카 TOEIC VOCA 단어장
2023 큰별쌤 최태성의 별★별한국사 한국사능력검정시험 심화(1, 2, 3급) 상
원씽 The One Thing (리커버 특별판)
사람을 얻는 지혜 (스페인어 원전 완역본)
인생의 역사
2023 큰별쌤 최태성의 별★별한국사 한국사능력검정시험 심화(1, 2, 3급) 하
밀랍인형폭렬학원가 1~4 세트 - 전4권
5년 후 나에게 - Q&A a day (2023 Sandglass Edition)
봇치·더·록! 3
하얼빈
ETS 토익 정기시험 기출문제집 1000 Vol. 3 Reading (리딩)
스카이 버스
ETS 토익 정기시험 기출문제집 1000 Vol. 3 Listening (리스닝)
파친코 1
스파이 패밀리 10
이은경쌤의 초등어휘일력 365 (스프링)
안젤리크
마케팅 설계자
역행자
파친코 2
사라진 소녀들의 숲
거의 모든 일상 표현의 영어
해커스 토익 RC 리딩 READING 토익 기본서 2023 최신개정판
쿼런틴
모든 것은 기본에서 시작한다
인듀어런스
전지적 독자 시점 Part 2 & 3 : 굿즈키트 세트 - 전6권
상대적이며 절대적인 고양이 백과사전
우리는 각자의 세계가 된다
월간순정 노자키 군 14
흔한남매 12
해커스 토익 LC 리스닝 LISTENING 2023 최신개정판
참을 수 없는 존재의 가벼움
명탐정 코난 102
레버리지 (양장)
------------------------------
cycle : 27

data:,
aladin_best_v1
keyword :  / input page:0 / n:
아버지의 해방일지
만일 내가 인생을 다시 산다면 (10만 부 기념 스페셜 에디션)
화산귀환 1~2 세트 - 전2권 (윷놀이 세트 + 미니 윷놀이 말판 + 엽서 2종 포함 한정판)
슬램덩크 챔프
트렌드 코리아 2023
이토록 평범한 미래
주술회전 21 (초판한정 스페셜 일러스트 카드 + 선착순 한정 후시구로 메구미 포토 카드 포함 특장판)
불편한 편의점 (40만부 기념 벚꽃 에디션)
마법천자문 56
내가 틀릴 수도 있습니다 (리커버)
불편한 편의점 2 (단풍 에디션)
오늘 밤, 세계에서 이 사랑이 사라진다 해도
물고기는 존재하지 않는다
열혈강호 87
타시로, 너란 녀석은 3
해커스 토익 기출 보카 TOEIC VOCA 단어장
2023 큰별쌤 최태성의 별★별한국사 한국사능력검정시험 심화(1, 2, 3급) 상
원씽 The One Thing (리커버 특별판)
사람을 얻는 지혜 (스페인어 원전 완역본)
인생의 역사
2023 큰별쌤 최태성의 별★별한국사 한국사능력검정시험 심화(1, 2, 3급) 하
밀랍인형폭렬학원가 1~4 세트 - 전4권
5년 후 나에게 - Q&A a day (2023 Sandglass Edition)
봇치·더·록! 3
하얼빈
ETS 토익 정기시험 기출문제집 1000 Vol. 3 Reading (리딩)
스카이 버스
ETS 토익 정기시험 기출문제집 1000 Vol. 3 Listening (리스닝)
파친코 1
스파이 패밀리 10
이은경쌤의 초등어휘일력 365 (스프링)
안젤리크
마케팅 설계자
역행자
파친코 2
사라진 소녀들의 숲
거의 모든 일상 표현의 영어
해커스 토익 RC 리딩 READING 토익 기본서 2023 최신개정판
쿼런틴
모든 것은 기본에서 시작한다
인듀어런스
전지적 독자 시점 Part 2 & 3 : 굿즈키트 세트 - 전6권
상대적이며 절대적인 고양이 백과사전
우리는 각자의 세계가 된다
월간순정 노자키 군 14
흔한남매 12
해커스 토익 LC 리스닝 LISTENING 2023 최신개정판
참을 수 없는 존재의 가벼움
명탐정 코난 102
레버리지 (양장)
------------------------------
cycle : 28

data:,
aladin_best_v1
keyword :  / input page:0 / n:
아버지의 해방일지
만일 내가 인생을 다시 산다면 (10만 부 기념 스페셜 에디션)
화산귀환 1~2 세트 - 전2권 (윷놀이 세트 + 미니 윷놀이 말판 + 엽서 2종 포함 한정판)
슬램덩크 챔프
트렌드 코리아 2023
이토록 평범한 미래
주술회전 21 (초판한정 스페셜 일러스트 카드 + 선착순 한정 후시구로 메구미 포토 카드 포함 특장판)
불편한 편의점 (40만부 기념 벚꽃 에디션)
마법천자문 56
내가 틀릴 수도 있습니다 (리커버)
불편한 편의점 2 (단풍 에디션)
오늘 밤, 세계에서 이 사랑이 사라진다 해도
물고기는 존재하지 않는다
열혈강호 87
타시로, 너란 녀석은 3
해커스 토익 기출 보카 TOEIC VOCA 단어장
2023 큰별쌤 최태성의 별★별한국사 한국사능력검정시험 심화(1, 2, 3급) 상
원씽 The One Thing (리커버 특별판)
사람을 얻는 지혜 (스페인어 원전 완역본)
인생의 역사
2023 큰별쌤 최태성의 별★별한국사 한국사능력검정시험 심화(1, 2, 3급) 하
밀랍인형폭렬학원가 1~4 세트 - 전4권
5년 후 나에게 - Q&A a day (2023 Sandglass Edition)
봇치·더·록! 3
하얼빈
ETS 토익 정기시험 기출문제집 1000 Vol. 3 Reading (리딩)
스카이 버스
ETS 토익 정기시험 기출문제집 1000 Vol. 3 Listening (리스닝)
파친코 1
스파이 패밀리 10
이은경쌤의 초등어휘일력 365 (스프링)
안젤리크
마케팅 설계자
역행자
파친코 2
사라진 소녀들의 숲
거의 모든 일상 표현의 영어
해커스 토익 RC 리딩 READING 토익 기본서 2023 최신개정판
쿼런틴
모든 것은 기본에서 시작한다
인듀어런스
전지적 독자 시점 Part 2 & 3 : 굿즈키트 세트 - 전6권
상대적이며 절대적인 고양이 백과사전
우리는 각자의 세계가 된다
월간순정 노자키 군 14
흔한남매 12
해커스 토익 LC 리스닝 LISTENING 2023 최신개정판
참을 수 없는 존재의 가벼움
명탐정 코난 102
레버리지 (양장)
------------------------------
cycle : 29

data:,
aladin_best_v1
keyword :  / input page:0 / n:
아버지의 해방일지
만일 내가 인생을 다시 산다면 (10만 부 기념 스페셜 에디션)
화산귀환 1~2 세트 - 전2권 (윷놀이 세트 + 미니 윷놀이 말판 + 엽서 2종 포함 한정판)
슬램덩크 챔프
트렌드 코리아 2023
이토록 평범한 미래
주술회전 21 (초판한정 스페셜 일러스트 카드 + 선착순 한정 후시구로 메구미 포토 카드 포함 특장판)
불편한 편의점 (40만부 기념 벚꽃 에디션)
마법천자문 56
내가 틀릴 수도 있습니다 (리커버)
불편한 편의점 2 (단풍 에디션)
오늘 밤, 세계에서 이 사랑이 사라진다 해도
물고기는 존재하지 않는다
열혈강호 87
타시로, 너란 녀석은 3
해커스 토익 기출 보카 TOEIC VOCA 단어장
2023 큰별쌤 최태성의 별★별한국사 한국사능력검정시험 심화(1, 2, 3급) 상
원씽 The One Thing (리커버 특별판)
사람을 얻는 지혜 (스페인어 원전 완역본)
인생의 역사
2023 큰별쌤 최태성의 별★별한국사 한국사능력검정시험 심화(1, 2, 3급) 하
밀랍인형폭렬학원가 1~4 세트 - 전4권
5년 후 나에게 - Q&A a day (2023 Sandglass Edition)
봇치·더·록! 3
하얼빈
ETS 토익 정기시험 기출문제집 1000 Vol. 3 Reading (리딩)
스카이 버스
ETS 토익 정기시험 기출문제집 1000 Vol. 3 Listening (리스닝)
파친코 1
스파이 패밀리 10
이은경쌤의 초등어휘일력 365 (스프링)
안젤리크
마케팅 설계자
역행자
파친코 2
사라진 소녀들의 숲
거의 모든 일상 표현의 영어
해커스 토익 RC 리딩 READING 토익 기본서 2023 최신개정판
쿼런틴
모든 것은 기본에서 시작한다
인듀어런스
전지적 독자 시점 Part 2 & 3 : 굿즈키트 세트 - 전6권
상대적이며 절대적인 고양이 백과사전
우리는 각자의 세계가 된다
월간순정 노자키 군 14
흔한남매 12
해커스 토익 LC 리스닝 LISTENING 2023 최신개정판
참을 수 없는 존재의 가벼움
명탐정 코난 102
레버리지 (양장)
------------------------------
cycle : 30

data:,
aladin_best_v1
keyword :  / input page:0 / n:
아버지의 해방일지
만일 내가 인생을 다시 산다면 (10만 부 기념 스페셜 에디션)
화산귀환 1~2 세트 - 전2권 (윷놀이 세트 + 미니 윷놀이 말판 + 엽서 2종 포함 한정판)
슬램덩크 챔프
트렌드 코리아 2023
이토록 평범한 미래
주술회전 21 (초판한정 스페셜 일러스트 카드 + 선착순 한정 후시구로 메구미 포토 카드 포함 특장판)
불편한 편의점 (40만부 기념 벚꽃 에디션)
마법천자문 56
내가 틀릴 수도 있습니다 (리커버)
불편한 편의점 2 (단풍 에디션)
오늘 밤, 세계에서 이 사랑이 사라진다 해도
물고기는 존재하지 않는다
열혈강호 87
타시로, 너란 녀석은 3
해커스 토익 기출 보카 TOEIC VOCA 단어장
2023 큰별쌤 최태성의 별★별한국사 한국사능력검정시험 심화(1, 2, 3급) 상
원씽 The One Thing (리커버 특별판)
사람을 얻는 지혜 (스페인어 원전 완역본)
인생의 역사
2023 큰별쌤 최태성의 별★별한국사 한국사능력검정시험 심화(1, 2, 3급) 하
밀랍인형폭렬학원가 1~4 세트 - 전4권
5년 후 나에게 - Q&A a day (2023 Sandglass Edition)
봇치·더·록! 3
하얼빈
ETS 토익 정기시험 기출문제집 1000 Vol. 3 Reading (리딩)
스카이 버스
ETS 토익 정기시험 기출문제집 1000 Vol. 3 Listening (리스닝)
파친코 1
스파이 패밀리 10
이은경쌤의 초등어휘일력 365 (스프링)
안젤리크
마케팅 설계자
역행자
파친코 2
사라진 소녀들의 숲
거의 모든 일상 표현의 영어
해커스 토익 RC 리딩 READING 토익 기본서 2023 최신개정판
쿼런틴
모든 것은 기본에서 시작한다
인듀어런스
전지적 독자 시점 Part 2 & 3 : 굿즈키트 세트 - 전6권
상대적이며 절대적인 고양이 백과사전
우리는 각자의 세계가 된다
월간순정 노자키 군 14
흔한남매 12
해커스 토익 LC 리스닝 LISTENING 2023 최신개정판
참을 수 없는 존재의 가벼움
명탐정 코난 102
레버리지 (양장)
------------------------------
cycle : 31

data:,
aladin_best_v1
keyword :  / input page:0 / n:
아버지의 해방일지
만일 내가 인생을 다시 산다면 (10만 부 기념 스페셜 에디션)
화산귀환 1~2 세트 - 전2권 (윷놀이 세트 + 미니 윷놀이 말판 + 엽서 2종 포함 한정판)
슬램덩크 챔프
트렌드 코리아 2023
이토록 평범한 미래
주술회전 21 (초판한정 스페셜 일러스트 카드 + 선착순 한정 후시구로 메구미 포토 카드 포함 특장판)
불편한 편의점 (40만부 기념 벚꽃 에디션)
마법천자문 56
내가 틀릴 수도 있습니다 (리커버)
불편한 편의점 2 (단풍 에디션)
오늘 밤, 세계에서 이 사랑이 사라진다 해도
물고기는 존재하지 않는다
열혈강호 87
타시로, 너란 녀석은 3
해커스 토익 기출 보카 TOEIC VOCA 단어장
2023 큰별쌤 최태성의 별★별한국사 한국사능력검정시험 심화(1, 2, 3급) 상
원씽 The One Thing (리커버 특별판)
사람을 얻는 지혜 (스페인어 원전 완역본)
인생의 역사
2023 큰별쌤 최태성의 별★별한국사 한국사능력검정시험 심화(1, 2, 3급) 하
밀랍인형폭렬학원가 1~4 세트 - 전4권
5년 후 나에게 - Q&A a day (2023 Sandglass Edition)
봇치·더·록! 3
하얼빈
ETS 토익 정기시험 기출문제집 1000 Vol. 3 Reading (리딩)
스카이 버스
ETS 토익 정기시험 기출문제집 1000 Vol. 3 Listening (리스닝)
파친코 1
스파이 패밀리 10
이은경쌤의 초등어휘일력 365 (스프링)
안젤리크
마케팅 설계자
역행자
파친코 2
사라진 소녀들의 숲
거의 모든 일상 표현의 영어
해커스 토익 RC 리딩 READING 토익 기본서 2023 최신개정판
쿼런틴
모든 것은 기본에서 시작한다
인듀어런스
전지적 독자 시점 Part 2 & 3 : 굿즈키트 세트 - 전6권
상대적이며 절대적인 고양이 백과사전
우리는 각자의 세계가 된다
월간순정 노자키 군 14
흔한남매 12
해커스 토익 LC 리스닝 LISTENING 2023 최신개정판
참을 수 없는 존재의 가벼움
명탐정 코난 102
레버리지 (양장)
------------------------------
cycle : 32

data:,
aladin_best_v1
keyword :  / input page:0 / n:
아버지의 해방일지
만일 내가 인생을 다시 산다면 (10만 부 기념 스페셜 에디션)
화산귀환 1~2 세트 - 전2권 (윷놀이 세트 + 미니 윷놀이 말판 + 엽서 2종 포함 한정판)
슬램덩크 챔프
트렌드 코리아 2023
이토록 평범한 미래
주술회전 21 (초판한정 스페셜 일러스트 카드 + 선착순 한정 후시구로 메구미 포토 카드 포함 특장판)
불편한 편의점 (40만부 기념 벚꽃 에디션)
마법천자문 56
내가 틀릴 수도 있습니다 (리커버)
불편한 편의점 2 (단풍 에디션)
오늘 밤, 세계에서 이 사랑이 사라진다 해도
물고기는 존재하지 않는다
열혈강호 87
타시로, 너란 녀석은 3
해커스 토익 기출 보카 TOEIC VOCA 단어장
2023 큰별쌤 최태성의 별★별한국사 한국사능력검정시험 심화(1, 2, 3급) 상
원씽 The One Thing (리커버 특별판)
사람을 얻는 지혜 (스페인어 원전 완역본)
인생의 역사
2023 큰별쌤 최태성의 별★별한국사 한국사능력검정시험 심화(1, 2, 3급) 하
밀랍인형폭렬학원가 1~4 세트 - 전4권
5년 후 나에게 - Q&A a day (2023 Sandglass Edition)
봇치·더·록! 3
하얼빈
ETS 토익 정기시험 기출문제집 1000 Vol. 3 Reading (리딩)
스카이 버스
ETS 토익 정기시험 기출문제집 1000 Vol. 3 Listening (리스닝)
파친코 1
스파이 패밀리 10
이은경쌤의 초등어휘일력 365 (스프링)
안젤리크
마케팅 설계자
역행자
파친코 2
사라진 소녀들의 숲
거의 모든 일상 표현의 영어
해커스 토익 RC 리딩 READING 토익 기본서 2023 최신개정판
쿼런틴
모든 것은 기본에서 시작한다
인듀어런스
전지적 독자 시점 Part 2 & 3 : 굿즈키트 세트 - 전6권
상대적이며 절대적인 고양이 백과사전
우리는 각자의 세계가 된다
월간순정 노자키 군 14
흔한남매 12
해커스 토익 LC 리스닝 LISTENING 2023 최신개정판
참을 수 없는 존재의 가벼움
명탐정 코난 102
레버리지 (양장)
------------------------------
cycle : 33

data:,
aladin_best_v1
keyword :  / input page:0 / n:
아버지의 해방일지
만일 내가 인생을 다시 산다면 (10만 부 기념 스페셜 에디션)
화산귀환 1~2 세트 - 전2권 (윷놀이 세트 + 미니 윷놀이 말판 + 엽서 2종 포함 한정판)
슬램덩크 챔프
트렌드 코리아 2023
이토록 평범한 미래
주술회전 21 (초판한정 스페셜 일러스트 카드 + 선착순 한정 후시구로 메구미 포토 카드 포함 특장판)
불편한 편의점 (40만부 기념 벚꽃 에디션)
마법천자문 56
내가 틀릴 수도 있습니다 (리커버)
불편한 편의점 2 (단풍 에디션)
오늘 밤, 세계에서 이 사랑이 사라진다 해도
물고기는 존재하지 않는다
열혈강호 87
타시로, 너란 녀석은 3
해커스 토익 기출 보카 TOEIC VOCA 단어장
2023 큰별쌤 최태성의 별★별한국사 한국사능력검정시험 심화(1, 2, 3급) 상
원씽 The One Thing (리커버 특별판)
사람을 얻는 지혜 (스페인어 원전 완역본)
인생의 역사
2023 큰별쌤 최태성의 별★별한국사 한국사능력검정시험 심화(1, 2, 3급) 하
밀랍인형폭렬학원가 1~4 세트 - 전4권
5년 후 나에게 - Q&A a day (2023 Sandglass Edition)
봇치·더·록! 3
하얼빈
ETS 토익 정기시험 기출문제집 1000 Vol. 3 Reading (리딩)
스카이 버스
ETS 토익 정기시험 기출문제집 1000 Vol. 3 Listening (리스닝)
파친코 1
스파이 패밀리 10
이은경쌤의 초등어휘일력 365 (스프링)
안젤리크
마케팅 설계자
역행자
파친코 2
사라진 소녀들의 숲
거의 모든 일상 표현의 영어
해커스 토익 RC 리딩 READING 토익 기본서 2023 최신개정판
쿼런틴
모든 것은 기본에서 시작한다
인듀어런스
전지적 독자 시점 Part 2 & 3 : 굿즈키트 세트 - 전6권
상대적이며 절대적인 고양이 백과사전
우리는 각자의 세계가 된다
월간순정 노자키 군 14
흔한남매 12
해커스 토익 LC 리스닝 LISTENING 2023 최신개정판
참을 수 없는 존재의 가벼움
명탐정 코난 102
레버리지 (양장)
------------------------------
cycle : 34

data:,
aladin_best_v1
keyword :  / input page:0 / n:
아버지의 해방일지
만일 내가 인생을 다시 산다면 (10만 부 기념 스페셜 에디션)
화산귀환 1~2 세트 - 전2권 (윷놀이 세트 + 미니 윷놀이 말판 + 엽서 2종 포함 한정판)
슬램덩크 챔프
트렌드 코리아 2023
이토록 평범한 미래
주술회전 21 (초판한정 스페셜 일러스트 카드 + 선착순 한정 후시구로 메구미 포토 카드 포함 특장판)
불편한 편의점 (40만부 기념 벚꽃 에디션)
마법천자문 56
내가 틀릴 수도 있습니다 (리커버)
불편한 편의점 2 (단풍 에디션)
오늘 밤, 세계에서 이 사랑이 사라진다 해도
물고기는 존재하지 않는다
열혈강호 87
타시로, 너란 녀석은 3
해커스 토익 기출 보카 TOEIC VOCA 단어장
2023 큰별쌤 최태성의 별★별한국사 한국사능력검정시험 심화(1, 2, 3급) 상
원씽 The One Thing (리커버 특별판)
사람을 얻는 지혜 (스페인어 원전 완역본)
인생의 역사
2023 큰별쌤 최태성의 별★별한국사 한국사능력검정시험 심화(1, 2, 3급) 하
밀랍인형폭렬학원가 1~4 세트 - 전4권
5년 후 나에게 - Q&A a day (2023 Sandglass Edition)
봇치·더·록! 3
하얼빈
ETS 토익 정기시험 기출문제집 1000 Vol. 3 Reading (리딩)
스카이 버스
ETS 토익 정기시험 기출문제집 1000 Vol. 3 Listening (리스닝)
파친코 1
스파이 패밀리 10
이은경쌤의 초등어휘일력 365 (스프링)
안젤리크
마케팅 설계자
역행자
파친코 2
사라진 소녀들의 숲
거의 모든 일상 표현의 영어
해커스 토익 RC 리딩 READING 토익 기본서 2023 최신개정판
쿼런틴
모든 것은 기본에서 시작한다
인듀어런스
전지적 독자 시점 Part 2 & 3 : 굿즈키트 세트 - 전6권
상대적이며 절대적인 고양이 백과사전
우리는 각자의 세계가 된다
월간순정 노자키 군 14
흔한남매 12
해커스 토익 LC 리스닝 LISTENING 2023 최신개정판
참을 수 없는 존재의 가벼움
명탐정 코난 102
레버리지 (양장)
------------------------------
cycle : 35

data:,
aladin_best_v1
keyword :  / input page:0 / n:
아버지의 해방일지
만일 내가 인생을 다시 산다면 (10만 부 기념 스페셜 에디션)
화산귀환 1~2 세트 - 전2권 (윷놀이 세트 + 미니 윷놀이 말판 + 엽서 2종 포함 한정판)
슬램덩크 챔프
트렌드 코리아 2023
이토록 평범한 미래
주술회전 21 (초판한정 스페셜 일러스트 카드 + 선착순 한정 후시구로 메구미 포토 카드 포함 특장판)
불편한 편의점 (40만부 기념 벚꽃 에디션)
마법천자문 56
내가 틀릴 수도 있습니다 (리커버)
불편한 편의점 2 (단풍 에디션)
오늘 밤, 세계에서 이 사랑이 사라진다 해도
물고기는 존재하지 않는다
열혈강호 87
타시로, 너란 녀석은 3
해커스 토익 기출 보카 TOEIC VOCA 단어장
2023 큰별쌤 최태성의 별★별한국사 한국사능력검정시험 심화(1, 2, 3급) 상
원씽 The One Thing (리커버 특별판)
사람을 얻는 지혜 (스페인어 원전 완역본)
인생의 역사
2023 큰별쌤 최태성의 별★별한국사 한국사능력검정시험 심화(1, 2, 3급) 하
밀랍인형폭렬학원가 1~4 세트 - 전4권
5년 후 나에게 - Q&A a day (2023 Sandglass Edition)
봇치·더·록! 3
하얼빈
ETS 토익 정기시험 기출문제집 1000 Vol. 3 Reading (리딩)
스카이 버스
ETS 토익 정기시험 기출문제집 1000 Vol. 3 Listening (리스닝)
파친코 1
스파이 패밀리 10
이은경쌤의 초등어휘일력 365 (스프링)
안젤리크
마케팅 설계자
역행자
파친코 2
사라진 소녀들의 숲
거의 모든 일상 표현의 영어
해커스 토익 RC 리딩 READING 토익 기본서 2023 최신개정판
쿼런틴
모든 것은 기본에서 시작한다
인듀어런스
전지적 독자 시점 Part 2 & 3 : 굿즈키트 세트 - 전6권
상대적이며 절대적인 고양이 백과사전
우리는 각자의 세계가 된다
월간순정 노자키 군 14
흔한남매 12
해커스 토익 LC 리스닝 LISTENING 2023 최신개정판
참을 수 없는 존재의 가벼움
명탐정 코난 102
레버리지 (양장)
------------------------------
cycle : 36

data:,
aladin_best_v1
keyword :  / input page:0 / n:
아버지의 해방일지
만일 내가 인생을 다시 산다면 (10만 부 기념 스페셜 에디션)
화산귀환 1~2 세트 - 전2권 (윷놀이 세트 + 미니 윷놀이 말판 + 엽서 2종 포함 한정판)
슬램덩크 챔프
트렌드 코리아 2023
이토록 평범한 미래
주술회전 21 (초판한정 스페셜 일러스트 카드 + 선착순 한정 후시구로 메구미 포토 카드 포함 특장판)
불편한 편의점 (40만부 기념 벚꽃 에디션)
마법천자문 56
내가 틀릴 수도 있습니다 (리커버)
불편한 편의점 2 (단풍 에디션)
오늘 밤, 세계에서 이 사랑이 사라진다 해도
물고기는 존재하지 않는다
열혈강호 87
타시로, 너란 녀석은 3
해커스 토익 기출 보카 TOEIC VOCA 단어장
2023 큰별쌤 최태성의 별★별한국사 한국사능력검정시험 심화(1, 2, 3급) 상
원씽 The One Thing (리커버 특별판)
사람을 얻는 지혜 (스페인어 원전 완역본)
인생의 역사
2023 큰별쌤 최태성의 별★별한국사 한국사능력검정시험 심화(1, 2, 3급) 하
밀랍인형폭렬학원가 1~4 세트 - 전4권
5년 후 나에게 - Q&A a day (2023 Sandglass Edition)
봇치·더·록! 3
하얼빈
ETS 토익 정기시험 기출문제집 1000 Vol. 3 Reading (리딩)
스카이 버스
ETS 토익 정기시험 기출문제집 1000 Vol. 3 Listening (리스닝)
파친코 1
스파이 패밀리 10
이은경쌤의 초등어휘일력 365 (스프링)
안젤리크
마케팅 설계자
역행자
파친코 2
사라진 소녀들의 숲
거의 모든 일상 표현의 영어
해커스 토익 RC 리딩 READING 토익 기본서 2023 최신개정판
쿼런틴
모든 것은 기본에서 시작한다
인듀어런스
전지적 독자 시점 Part 2 & 3 : 굿즈키트 세트 - 전6권
상대적이며 절대적인 고양이 백과사전
우리는 각자의 세계가 된다
월간순정 노자키 군 14
흔한남매 12
해커스 토익 LC 리스닝 LISTENING 2023 최신개정판
참을 수 없는 존재의 가벼움
명탐정 코난 102
레버리지 (양장)
------------------------------
cycle : 37

data:,
aladin_best_v1
keyword :  / input page:0 / n:
아버지의 해방일지
만일 내가 인생을 다시 산다면 (10만 부 기념 스페셜 에디션)
화산귀환 1~2 세트 - 전2권 (윷놀이 세트 + 미니 윷놀이 말판 + 엽서 2종 포함 한정판)
슬램덩크 챔프
트렌드 코리아 2023
이토록 평범한 미래
주술회전 21 (초판한정 스페셜 일러스트 카드 + 선착순 한정 후시구로 메구미 포토 카드 포함 특장판)
불편한 편의점 (40만부 기념 벚꽃 에디션)
마법천자문 56
내가 틀릴 수도 있습니다 (리커버)
불편한 편의점 2 (단풍 에디션)
오늘 밤, 세계에서 이 사랑이 사라진다 해도
물고기는 존재하지 않는다
열혈강호 87
타시로, 너란 녀석은 3
해커스 토익 기출 보카 TOEIC VOCA 단어장
2023 큰별쌤 최태성의 별★별한국사 한국사능력검정시험 심화(1, 2, 3급) 상
원씽 The One Thing (리커버 특별판)
사람을 얻는 지혜 (스페인어 원전 완역본)
인생의 역사
2023 큰별쌤 최태성의 별★별한국사 한국사능력검정시험 심화(1, 2, 3급) 하
밀랍인형폭렬학원가 1~4 세트 - 전4권
5년 후 나에게 - Q&A a day (2023 Sandglass Edition)
봇치·더·록! 3
하얼빈
ETS 토익 정기시험 기출문제집 1000 Vol. 3 Reading (리딩)
스카이 버스
ETS 토익 정기시험 기출문제집 1000 Vol. 3 Listening (리스닝)
파친코 1
스파이 패밀리 10
이은경쌤의 초등어휘일력 365 (스프링)
안젤리크
마케팅 설계자
역행자
파친코 2
사라진 소녀들의 숲
거의 모든 일상 표현의 영어
해커스 토익 RC 리딩 READING 토익 기본서 2023 최신개정판
쿼런틴
모든 것은 기본에서 시작한다
인듀어런스
전지적 독자 시점 Part 2 & 3 : 굿즈키트 세트 - 전6권
상대적이며 절대적인 고양이 백과사전
우리는 각자의 세계가 된다
월간순정 노자키 군 14
흔한남매 12
해커스 토익 LC 리스닝 LISTENING 2023 최신개정판
참을 수 없는 존재의 가벼움
명탐정 코난 102
레버리지 (양장)
------------------------------
cycle : 38

data:,
aladin_best_v1
keyword :  / input page:0 / n:
아버지의 해방일지
만일 내가 인생을 다시 산다면 (10만 부 기념 스페셜 에디션)
화산귀환 1~2 세트 - 전2권 (윷놀이 세트 + 미니 윷놀이 말판 + 엽서 2종 포함 한정판)
슬램덩크 챔프
트렌드 코리아 2023
이토록 평범한 미래
주술회전 21 (초판한정 스페셜 일러스트 카드 + 선착순 한정 후시구로 메구미 포토 카드 포함 특장판)
불편한 편의점 (40만부 기념 벚꽃 에디션)
마법천자문 56
내가 틀릴 수도 있습니다 (리커버)
불편한 편의점 2 (단풍 에디션)
오늘 밤, 세계에서 이 사랑이 사라진다 해도
물고기는 존재하지 않는다
열혈강호 87
타시로, 너란 녀석은 3
해커스 토익 기출 보카 TOEIC VOCA 단어장
2023 큰별쌤 최태성의 별★별한국사 한국사능력검정시험 심화(1, 2, 3급) 상
원씽 The One Thing (리커버 특별판)
사람을 얻는 지혜 (스페인어 원전 완역본)
인생의 역사
2023 큰별쌤 최태성의 별★별한국사 한국사능력검정시험 심화(1, 2, 3급) 하
밀랍인형폭렬학원가 1~4 세트 - 전4권
5년 후 나에게 - Q&A a day (2023 Sandglass Edition)
봇치·더·록! 3
하얼빈
ETS 토익 정기시험 기출문제집 1000 Vol. 3 Reading (리딩)
스카이 버스
ETS 토익 정기시험 기출문제집 1000 Vol. 3 Listening (리스닝)
파친코 1
스파이 패밀리 10
이은경쌤의 초등어휘일력 365 (스프링)
안젤리크
마케팅 설계자
역행자
파친코 2
사라진 소녀들의 숲
거의 모든 일상 표현의 영어
해커스 토익 RC 리딩 READING 토익 기본서 2023 최신개정판
쿼런틴
모든 것은 기본에서 시작한다
인듀어런스
전지적 독자 시점 Part 2 & 3 : 굿즈키트 세트 - 전6권
상대적이며 절대적인 고양이 백과사전
우리는 각자의 세계가 된다
월간순정 노자키 군 14
흔한남매 12
해커스 토익 LC 리스닝 LISTENING 2023 최신개정판
참을 수 없는 존재의 가벼움
명탐정 코난 102
레버리지 (양장)
------------------------------
cycle : 39

data:,
aladin_best_v1
keyword :  / input page:0 / n:
아버지의 해방일지
만일 내가 인생을 다시 산다면 (10만 부 기념 스페셜 에디션)
화산귀환 1~2 세트 - 전2권 (윷놀이 세트 + 미니 윷놀이 말판 + 엽서 2종 포함 한정판)
슬램덩크 챔프
트렌드 코리아 2023
이토록 평범한 미래
주술회전 21 (초판한정 스페셜 일러스트 카드 + 선착순 한정 후시구로 메구미 포토 카드 포함 특장판)
불편한 편의점 (40만부 기념 벚꽃 에디션)
마법천자문 56
내가 틀릴 수도 있습니다 (리커버)
불편한 편의점 2 (단풍 에디션)
오늘 밤, 세계에서 이 사랑이 사라진다 해도
물고기는 존재하지 않는다
열혈강호 87
타시로, 너란 녀석은 3
해커스 토익 기출 보카 TOEIC VOCA 단어장
2023 큰별쌤 최태성의 별★별한국사 한국사능력검정시험 심화(1, 2, 3급) 상
원씽 The One Thing (리커버 특별판)
사람을 얻는 지혜 (스페인어 원전 완역본)
인생의 역사
2023 큰별쌤 최태성의 별★별한국사 한국사능력검정시험 심화(1, 2, 3급) 하
밀랍인형폭렬학원가 1~4 세트 - 전4권
5년 후 나에게 - Q&A a day (2023 Sandglass Edition)
봇치·더·록! 3
하얼빈
ETS 토익 정기시험 기출문제집 1000 Vol. 3 Reading (리딩)
스카이 버스
ETS 토익 정기시험 기출문제집 1000 Vol. 3 Listening (리스닝)
파친코 1
스파이 패밀리 10
이은경쌤의 초등어휘일력 365 (스프링)
안젤리크
마케팅 설계자
역행자
파친코 2
사라진 소녀들의 숲
거의 모든 일상 표현의 영어
해커스 토익 RC 리딩 READING 토익 기본서 2023 최신개정판
쿼런틴
모든 것은 기본에서 시작한다
인듀어런스
전지적 독자 시점 Part 2 & 3 : 굿즈키트 세트 - 전6권
상대적이며 절대적인 고양이 백과사전
우리는 각자의 세계가 된다
월간순정 노자키 군 14
흔한남매 12
해커스 토익 LC 리스닝 LISTENING 2023 최신개정판
참을 수 없는 존재의 가벼움
명탐정 코난 102
레버리지 (양장)
------------------------------
cycle : 40

data:,
aladin_best_v1
keyword :  / input page:0 / n:
아버지의 해방일지
만일 내가 인생을 다시 산다면 (10만 부 기념 스페셜 에디션)
화산귀환 1~2 세트 - 전2권 (윷놀이 세트 + 미니 윷놀이 말판 + 엽서 2종 포함 한정판)
슬램덩크 챔프
트렌드 코리아 2023
이토록 평범한 미래
주술회전 21 (초판한정 스페셜 일러스트 카드 + 선착순 한정 후시구로 메구미 포토 카드 포함 특장판)
불편한 편의점 (40만부 기념 벚꽃 에디션)
마법천자문 56
내가 틀릴 수도 있습니다 (리커버)
불편한 편의점 2 (단풍 에디션)
오늘 밤, 세계에서 이 사랑이 사라진다 해도
물고기는 존재하지 않는다
열혈강호 87
타시로, 너란 녀석은 3
해커스 토익 기출 보카 TOEIC VOCA 단어장
2023 큰별쌤 최태성의 별★별한국사 한국사능력검정시험 심화(1, 2, 3급) 상
원씽 The One Thing (리커버 특별판)
사람을 얻는 지혜 (스페인어 원전 완역본)
인생의 역사
2023 큰별쌤 최태성의 별★별한국사 한국사능력검정시험 심화(1, 2, 3급) 하
밀랍인형폭렬학원가 1~4 세트 - 전4권
5년 후 나에게 - Q&A a day (2023 Sandglass Edition)
봇치·더·록! 3
하얼빈
ETS 토익 정기시험 기출문제집 1000 Vol. 3 Reading (리딩)
스카이 버스
ETS 토익 정기시험 기출문제집 1000 Vol. 3 Listening (리스닝)
파친코 1
스파이 패밀리 10
이은경쌤의 초등어휘일력 365 (스프링)
안젤리크
마케팅 설계자
역행자
파친코 2
사라진 소녀들의 숲
거의 모든 일상 표현의 영어
해커스 토익 RC 리딩 READING 토익 기본서 2023 최신개정판
쿼런틴
모든 것은 기본에서 시작한다
인듀어런스
전지적 독자 시점 Part 2 & 3 : 굿즈키트 세트 - 전6권
상대적이며 절대적인 고양이 백과사전
우리는 각자의 세계가 된다
월간순정 노자키 군 14
흔한남매 12
해커스 토익 LC 리스닝 LISTENING 2023 최신개정판
참을 수 없는 존재의 가벼움
명탐정 코난 102
레버리지 (양장)
------------------------------
cycle : 41

data:,
aladin_best_v1
keyword :  / input page:0 / n:
아버지의 해방일지
만일 내가 인생을 다시 산다면 (10만 부 기념 스페셜 에디션)
화산귀환 1~2 세트 - 전2권 (윷놀이 세트 + 미니 윷놀이 말판 + 엽서 2종 포함 한정판)
슬램덩크 챔프
트렌드 코리아 2023
이토록 평범한 미래
주술회전 21 (초판한정 스페셜 일러스트 카드 + 선착순 한정 후시구로 메구미 포토 카드 포함 특장판)
불편한 편의점 (40만부 기념 벚꽃 에디션)
마법천자문 56
내가 틀릴 수도 있습니다 (리커버)
불편한 편의점 2 (단풍 에디션)
오늘 밤, 세계에서 이 사랑이 사라진다 해도
물고기는 존재하지 않는다
열혈강호 87
타시로, 너란 녀석은 3
해커스 토익 기출 보카 TOEIC VOCA 단어장
2023 큰별쌤 최태성의 별★별한국사 한국사능력검정시험 심화(1, 2, 3급) 상
원씽 The One Thing (리커버 특별판)
사람을 얻는 지혜 (스페인어 원전 완역본)
인생의 역사
2023 큰별쌤 최태성의 별★별한국사 한국사능력검정시험 심화(1, 2, 3급) 하
밀랍인형폭렬학원가 1~4 세트 - 전4권
5년 후 나에게 - Q&A a day (2023 Sandglass Edition)
봇치·더·록! 3
하얼빈
ETS 토익 정기시험 기출문제집 1000 Vol. 3 Reading (리딩)
스카이 버스
ETS 토익 정기시험 기출문제집 1000 Vol. 3 Listening (리스닝)
파친코 1
스파이 패밀리 10
이은경쌤의 초등어휘일력 365 (스프링)
안젤리크
마케팅 설계자
역행자
파친코 2
사라진 소녀들의 숲
거의 모든 일상 표현의 영어
해커스 토익 RC 리딩 READING 토익 기본서 2023 최신개정판
쿼런틴
모든 것은 기본에서 시작한다
인듀어런스
전지적 독자 시점 Part 2 & 3 : 굿즈키트 세트 - 전6권
상대적이며 절대적인 고양이 백과사전
우리는 각자의 세계가 된다
월간순정 노자키 군 14
흔한남매 12
해커스 토익 LC 리스닝 LISTENING 2023 최신개정판
참을 수 없는 존재의 가벼움
명탐정 코난 102
레버리지 (양장)
------------------------------
cycle : 42

data:,
aladin_best_v1
keyword :  / input page:0 / n:
아버지의 해방일지
만일 내가 인생을 다시 산다면 (10만 부 기념 스페셜 에디션)
화산귀환 1~2 세트 - 전2권 (윷놀이 세트 + 미니 윷놀이 말판 + 엽서 2종 포함 한정판)
슬램덩크 챔프
트렌드 코리아 2023
이토록 평범한 미래
주술회전 21 (초판한정 스페셜 일러스트 카드 + 선착순 한정 후시구로 메구미 포토 카드 포함 특장판)
불편한 편의점 (40만부 기념 벚꽃 에디션)
마법천자문 56
내가 틀릴 수도 있습니다 (리커버)
불편한 편의점 2 (단풍 에디션)
오늘 밤, 세계에서 이 사랑이 사라진다 해도
물고기는 존재하지 않는다
열혈강호 87
타시로, 너란 녀석은 3
해커스 토익 기출 보카 TOEIC VOCA 단어장
2023 큰별쌤 최태성의 별★별한국사 한국사능력검정시험 심화(1, 2, 3급) 상
원씽 The One Thing (리커버 특별판)
사람을 얻는 지혜 (스페인어 원전 완역본)
인생의 역사
2023 큰별쌤 최태성의 별★별한국사 한국사능력검정시험 심화(1, 2, 3급) 하
밀랍인형폭렬학원가 1~4 세트 - 전4권
5년 후 나에게 - Q&A a day (2023 Sandglass Edition)
봇치·더·록! 3
하얼빈
ETS 토익 정기시험 기출문제집 1000 Vol. 3 Reading (리딩)
스카이 버스
ETS 토익 정기시험 기출문제집 1000 Vol. 3 Listening (리스닝)
파친코 1
스파이 패밀리 10
이은경쌤의 초등어휘일력 365 (스프링)
안젤리크
마케팅 설계자
역행자
파친코 2
사라진 소녀들의 숲
거의 모든 일상 표현의 영어
해커스 토익 RC 리딩 READING 토익 기본서 2023 최신개정판
쿼런틴
모든 것은 기본에서 시작한다
인듀어런스
전지적 독자 시점 Part 2 & 3 : 굿즈키트 세트 - 전6권
상대적이며 절대적인 고양이 백과사전
우리는 각자의 세계가 된다
월간순정 노자키 군 14
흔한남매 12
해커스 토익 LC 리스닝 LISTENING 2023 최신개정판
참을 수 없는 존재의 가벼움
명탐정 코난 102
레버리지 (양장)
------------------------------
cycle : 43

data:,
aladin_best_v1
keyword :  / input page:0 / n:
아버지의 해방일지
만일 내가 인생을 다시 산다면 (10만 부 기념 스페셜 에디션)
화산귀환 1~2 세트 - 전2권 (윷놀이 세트 + 미니 윷놀이 말판 + 엽서 2종 포함 한정판)
슬램덩크 챔프
트렌드 코리아 2023
이토록 평범한 미래
주술회전 21 (초판한정 스페셜 일러스트 카드 + 선착순 한정 후시구로 메구미 포토 카드 포함 특장판)
불편한 편의점 (40만부 기념 벚꽃 에디션)
마법천자문 56
내가 틀릴 수도 있습니다 (리커버)
불편한 편의점 2 (단풍 에디션)
오늘 밤, 세계에서 이 사랑이 사라진다 해도
물고기는 존재하지 않는다
열혈강호 87
타시로, 너란 녀석은 3
해커스 토익 기출 보카 TOEIC VOCA 단어장
2023 큰별쌤 최태성의 별★별한국사 한국사능력검정시험 심화(1, 2, 3급) 상
원씽 The One Thing (리커버 특별판)
사람을 얻는 지혜 (스페인어 원전 완역본)
인생의 역사
2023 큰별쌤 최태성의 별★별한국사 한국사능력검정시험 심화(1, 2, 3급) 하
밀랍인형폭렬학원가 1~4 세트 - 전4권
5년 후 나에게 - Q&A a day (2023 Sandglass Edition)
봇치·더·록! 3
하얼빈
ETS 토익 정기시험 기출문제집 1000 Vol. 3 Reading (리딩)
스카이 버스
ETS 토익 정기시험 기출문제집 1000 Vol. 3 Listening (리스닝)
파친코 1
스파이 패밀리 10
이은경쌤의 초등어휘일력 365 (스프링)
안젤리크
마케팅 설계자
역행자
파친코 2
사라진 소녀들의 숲
거의 모든 일상 표현의 영어
해커스 토익 RC 리딩 READING 토익 기본서 2023 최신개정판
쿼런틴
모든 것은 기본에서 시작한다
인듀어런스
전지적 독자 시점 Part 2 & 3 : 굿즈키트 세트 - 전6권
상대적이며 절대적인 고양이 백과사전
우리는 각자의 세계가 된다
월간순정 노자키 군 14
흔한남매 12
해커스 토익 LC 리스닝 LISTENING 2023 최신개정판
참을 수 없는 존재의 가벼움
명탐정 코난 102
레버리지 (양장)
------------------------------
cycle : 44

data:,
aladin_best_v1
keyword :  / input page:0 / n:
아버지의 해방일지
만일 내가 인생을 다시 산다면 (10만 부 기념 스페셜 에디션)
화산귀환 1~2 세트 - 전2권 (윷놀이 세트 + 미니 윷놀이 말판 + 엽서 2종 포함 한정판)
슬램덩크 챔프
트렌드 코리아 2023
이토록 평범한 미래
주술회전 21 (초판한정 스페셜 일러스트 카드 + 선착순 한정 후시구로 메구미 포토 카드 포함 특장판)
불편한 편의점 (40만부 기념 벚꽃 에디션)
마법천자문 56
내가 틀릴 수도 있습니다 (리커버)
불편한 편의점 2 (단풍 에디션)
오늘 밤, 세계에서 이 사랑이 사라진다 해도
물고기는 존재하지 않는다
열혈강호 87
타시로, 너란 녀석은 3
해커스 토익 기출 보카 TOEIC VOCA 단어장
2023 큰별쌤 최태성의 별★별한국사 한국사능력검정시험 심화(1, 2, 3급) 상
원씽 The One Thing (리커버 특별판)
사람을 얻는 지혜 (스페인어 원전 완역본)
인생의 역사
2023 큰별쌤 최태성의 별★별한국사 한국사능력검정시험 심화(1, 2, 3급) 하
밀랍인형폭렬학원가 1~4 세트 - 전4권
5년 후 나에게 - Q&A a day (2023 Sandglass Edition)
봇치·더·록! 3
하얼빈
ETS 토익 정기시험 기출문제집 1000 Vol. 3 Reading (리딩)
스카이 버스
ETS 토익 정기시험 기출문제집 1000 Vol. 3 Listening (리스닝)
파친코 1
스파이 패밀리 10
이은경쌤의 초등어휘일력 365 (스프링)
안젤리크
마케팅 설계자
역행자
파친코 2
사라진 소녀들의 숲
거의 모든 일상 표현의 영어
해커스 토익 RC 리딩 READING 토익 기본서 2023 최신개정판
쿼런틴
모든 것은 기본에서 시작한다
인듀어런스
전지적 독자 시점 Part 2 & 3 : 굿즈키트 세트 - 전6권
상대적이며 절대적인 고양이 백과사전
우리는 각자의 세계가 된다
월간순정 노자키 군 14
흔한남매 12
해커스 토익 LC 리스닝 LISTENING 2023 최신개정판
참을 수 없는 존재의 가벼움
명탐정 코난 102
레버리지 (양장)
------------------------------
cycle : 45

data:,
aladin_best_v1
keyword :  / input page:0 / n:
아버지의 해방일지
만일 내가 인생을 다시 산다면 (10만 부 기념 스페셜 에디션)
화산귀환 1~2 세트 - 전2권 (윷놀이 세트 + 미니 윷놀이 말판 + 엽서 2종 포함 한정판)
슬램덩크 챔프
트렌드 코리아 2023
이토록 평범한 미래
주술회전 21 (초판한정 스페셜 일러스트 카드 + 선착순 한정 후시구로 메구미 포토 카드 포함 특장판)
불편한 편의점 (40만부 기념 벚꽃 에디션)
마법천자문 56
내가 틀릴 수도 있습니다 (리커버)
불편한 편의점 2 (단풍 에디션)
오늘 밤, 세계에서 이 사랑이 사라진다 해도
물고기는 존재하지 않는다
열혈강호 87
타시로, 너란 녀석은 3
해커스 토익 기출 보카 TOEIC VOCA 단어장
2023 큰별쌤 최태성의 별★별한국사 한국사능력검정시험 심화(1, 2, 3급) 상
원씽 The One Thing (리커버 특별판)
사람을 얻는 지혜 (스페인어 원전 완역본)
인생의 역사
2023 큰별쌤 최태성의 별★별한국사 한국사능력검정시험 심화(1, 2, 3급) 하
밀랍인형폭렬학원가 1~4 세트 - 전4권
5년 후 나에게 - Q&A a day (2023 Sandglass Edition)
봇치·더·록! 3
하얼빈
ETS 토익 정기시험 기출문제집 1000 Vol. 3 Reading (리딩)
스카이 버스
ETS 토익 정기시험 기출문제집 1000 Vol. 3 Listening (리스닝)
파친코 1
스파이 패밀리 10
이은경쌤의 초등어휘일력 365 (스프링)
안젤리크
마케팅 설계자
역행자
파친코 2
사라진 소녀들의 숲
거의 모든 일상 표현의 영어
해커스 토익 RC 리딩 READING 토익 기본서 2023 최신개정판
쿼런틴
모든 것은 기본에서 시작한다
인듀어런스
전지적 독자 시점 Part 2 & 3 : 굿즈키트 세트 - 전6권
상대적이며 절대적인 고양이 백과사전
우리는 각자의 세계가 된다
월간순정 노자키 군 14
흔한남매 12
해커스 토익 LC 리스닝 LISTENING 2023 최신개정판
참을 수 없는 존재의 가벼움
명탐정 코난 102
레버리지 (양장)
------------------------------
cycle : 46

data:,
aladin_best_v1
keyword :  / input page:0 / n:
아버지의 해방일지
만일 내가 인생을 다시 산다면 (10만 부 기념 스페셜 에디션)
화산귀환 1~2 세트 - 전2권 (윷놀이 세트 + 미니 윷놀이 말판 + 엽서 2종 포함 한정판)
슬램덩크 챔프
트렌드 코리아 2023
이토록 평범한 미래
주술회전 21 (초판한정 스페셜 일러스트 카드 + 선착순 한정 후시구로 메구미 포토 카드 포함 특장판)
불편한 편의점 (40만부 기념 벚꽃 에디션)
마법천자문 56
내가 틀릴 수도 있습니다 (리커버)
불편한 편의점 2 (단풍 에디션)
오늘 밤, 세계에서 이 사랑이 사라진다 해도
물고기는 존재하지 않는다
열혈강호 87
타시로, 너란 녀석은 3
해커스 토익 기출 보카 TOEIC VOCA 단어장
2023 큰별쌤 최태성의 별★별한국사 한국사능력검정시험 심화(1, 2, 3급) 상
원씽 The One Thing (리커버 특별판)
사람을 얻는 지혜 (스페인어 원전 완역본)
인생의 역사
2023 큰별쌤 최태성의 별★별한국사 한국사능력검정시험 심화(1, 2, 3급) 하
밀랍인형폭렬학원가 1~4 세트 - 전4권
5년 후 나에게 - Q&A a day (2023 Sandglass Edition)
봇치·더·록! 3
하얼빈
ETS 토익 정기시험 기출문제집 1000 Vol. 3 Reading (리딩)
스카이 버스
ETS 토익 정기시험 기출문제집 1000 Vol. 3 Listening (리스닝)
파친코 1
스파이 패밀리 10
이은경쌤의 초등어휘일력 365 (스프링)
안젤리크
마케팅 설계자
역행자
파친코 2
사라진 소녀들의 숲
거의 모든 일상 표현의 영어
해커스 토익 RC 리딩 READING 토익 기본서 2023 최신개정판
쿼런틴
모든 것은 기본에서 시작한다
인듀어런스
전지적 독자 시점 Part 2 & 3 : 굿즈키트 세트 - 전6권
상대적이며 절대적인 고양이 백과사전
우리는 각자의 세계가 된다
월간순정 노자키 군 14
흔한남매 12
해커스 토익 LC 리스닝 LISTENING 2023 최신개정판
참을 수 없는 존재의 가벼움
명탐정 코난 102
레버리지 (양장)
------------------------------
cycle : 47

data:,
aladin_best_v1
keyword :  / input page:0 / n:
아버지의 해방일지
만일 내가 인생을 다시 산다면 (10만 부 기념 스페셜 에디션)
화산귀환 1~2 세트 - 전2권 (윷놀이 세트 + 미니 윷놀이 말판 + 엽서 2종 포함 한정판)
슬램덩크 챔프
트렌드 코리아 2023
이토록 평범한 미래
주술회전 21 (초판한정 스페셜 일러스트 카드 + 선착순 한정 후시구로 메구미 포토 카드 포함 특장판)
불편한 편의점 (40만부 기념 벚꽃 에디션)
마법천자문 56
내가 틀릴 수도 있습니다 (리커버)
불편한 편의점 2 (단풍 에디션)
오늘 밤, 세계에서 이 사랑이 사라진다 해도
물고기는 존재하지 않는다
열혈강호 87
타시로, 너란 녀석은 3
해커스 토익 기출 보카 TOEIC VOCA 단어장
2023 큰별쌤 최태성의 별★별한국사 한국사능력검정시험 심화(1, 2, 3급) 상
원씽 The One Thing (리커버 특별판)
사람을 얻는 지혜 (스페인어 원전 완역본)
인생의 역사
2023 큰별쌤 최태성의 별★별한국사 한국사능력검정시험 심화(1, 2, 3급) 하
밀랍인형폭렬학원가 1~4 세트 - 전4권
5년 후 나에게 - Q&A a day (2023 Sandglass Edition)
봇치·더·록! 3
하얼빈
ETS 토익 정기시험 기출문제집 1000 Vol. 3 Reading (리딩)
스카이 버스
ETS 토익 정기시험 기출문제집 1000 Vol. 3 Listening (리스닝)
파친코 1
스파이 패밀리 10
이은경쌤의 초등어휘일력 365 (스프링)
안젤리크
마케팅 설계자
역행자
파친코 2
사라진 소녀들의 숲
거의 모든 일상 표현의 영어
해커스 토익 RC 리딩 READING 토익 기본서 2023 최신개정판
쿼런틴
모든 것은 기본에서 시작한다
인듀어런스
전지적 독자 시점 Part 2 & 3 : 굿즈키트 세트 - 전6권
상대적이며 절대적인 고양이 백과사전
우리는 각자의 세계가 된다
월간순정 노자키 군 14
흔한남매 12
해커스 토익 LC 리스닝 LISTENING 2023 최신개정판
참을 수 없는 존재의 가벼움
명탐정 코난 102
레버리지 (양장)
------------------------------
cycle : 48

data:,
aladin_best_v1
keyword :  / input page:0 / n:
아버지의 해방일지
만일 내가 인생을 다시 산다면 (10만 부 기념 스페셜 에디션)
화산귀환 1~2 세트 - 전2권 (윷놀이 세트 + 미니 윷놀이 말판 + 엽서 2종 포함 한정판)
슬램덩크 챔프
트렌드 코리아 2023
이토록 평범한 미래
주술회전 21 (초판한정 스페셜 일러스트 카드 + 선착순 한정 후시구로 메구미 포토 카드 포함 특장판)
불편한 편의점 (40만부 기념 벚꽃 에디션)
마법천자문 56
내가 틀릴 수도 있습니다 (리커버)
불편한 편의점 2 (단풍 에디션)
오늘 밤, 세계에서 이 사랑이 사라진다 해도
물고기는 존재하지 않는다
열혈강호 87
타시로, 너란 녀석은 3
해커스 토익 기출 보카 TOEIC VOCA 단어장
2023 큰별쌤 최태성의 별★별한국사 한국사능력검정시험 심화(1, 2, 3급) 상
원씽 The One Thing (리커버 특별판)
사람을 얻는 지혜 (스페인어 원전 완역본)
인생의 역사
2023 큰별쌤 최태성의 별★별한국사 한국사능력검정시험 심화(1, 2, 3급) 하
밀랍인형폭렬학원가 1~4 세트 - 전4권
5년 후 나에게 - Q&A a day (2023 Sandglass Edition)
봇치·더·록! 3
하얼빈
ETS 토익 정기시험 기출문제집 1000 Vol. 3 Reading (리딩)
스카이 버스
ETS 토익 정기시험 기출문제집 1000 Vol. 3 Listening (리스닝)
파친코 1
스파이 패밀리 10
이은경쌤의 초등어휘일력 365 (스프링)
안젤리크
마케팅 설계자
역행자
파친코 2
사라진 소녀들의 숲
거의 모든 일상 표현의 영어
해커스 토익 RC 리딩 READING 토익 기본서 2023 최신개정판
쿼런틴
모든 것은 기본에서 시작한다
인듀어런스
전지적 독자 시점 Part 2 & 3 : 굿즈키트 세트 - 전6권
상대적이며 절대적인 고양이 백과사전
우리는 각자의 세계가 된다
월간순정 노자키 군 14
흔한남매 12
해커스 토익 LC 리스닝 LISTENING 2023 최신개정판
참을 수 없는 존재의 가벼움
명탐정 코난 102
레버리지 (양장)
------------------------------
cycle : 49

data:,
aladin_best_v1
keyword :  / input page:0 / n:
아버지의 해방일지
만일 내가 인생을 다시 산다면 (10만 부 기념 스페셜 에디션)
화산귀환 1~2 세트 - 전2권 (윷놀이 세트 + 미니 윷놀이 말판 + 엽서 2종 포함 한정판)
슬램덩크 챔프
트렌드 코리아 2023
이토록 평범한 미래
주술회전 21 (초판한정 스페셜 일러스트 카드 + 선착순 한정 후시구로 메구미 포토 카드 포함 특장판)
불편한 편의점 (40만부 기념 벚꽃 에디션)
마법천자문 56
내가 틀릴 수도 있습니다 (리커버)
불편한 편의점 2 (단풍 에디션)
오늘 밤, 세계에서 이 사랑이 사라진다 해도
물고기는 존재하지 않는다
열혈강호 87
타시로, 너란 녀석은 3
해커스 토익 기출 보카 TOEIC VOCA 단어장
2023 큰별쌤 최태성의 별★별한국사 한국사능력검정시험 심화(1, 2, 3급) 상
원씽 The One Thing (리커버 특별판)
사람을 얻는 지혜 (스페인어 원전 완역본)
인생의 역사
2023 큰별쌤 최태성의 별★별한국사 한국사능력검정시험 심화(1, 2, 3급) 하
밀랍인형폭렬학원가 1~4 세트 - 전4권
5년 후 나에게 - Q&A a day (2023 Sandglass Edition)
봇치·더·록! 3
하얼빈
ETS 토익 정기시험 기출문제집 1000 Vol. 3 Reading (리딩)
스카이 버스
ETS 토익 정기시험 기출문제집 1000 Vol. 3 Listening (리스닝)
파친코 1
스파이 패밀리 10
이은경쌤의 초등어휘일력 365 (스프링)
안젤리크
마케팅 설계자
역행자
파친코 2
사라진 소녀들의 숲
거의 모든 일상 표현의 영어
해커스 토익 RC 리딩 READING 토익 기본서 2023 최신개정판
쿼런틴
모든 것은 기본에서 시작한다
인듀어런스
전지적 독자 시점 Part 2 & 3 : 굿즈키트 세트 - 전6권
상대적이며 절대적인 고양이 백과사전
우리는 각자의 세계가 된다
월간순정 노자키 군 14
흔한남매 12
해커스 토익 LC 리스닝 LISTENING 2023 최신개정판
참을 수 없는 존재의 가벼움
명탐정 코난 102
레버리지 (양장)
------------------------------
timeStamp : 2023-01-04 15:43:14
cycle : 1

data:,
yes24_best_v1
keyword :  / input page:0 / n:
중국
cycle : 2

data:,
yes24_best_v1
keyword :  / input page:0 / n:
헬스
cycle : 3

data:,
yes24_best_v1
keyword :  / input page:0 / n:
일본어회화
cycle : 4

data:,
yes24_best_v1
keyword :  / input page:0 / n:
질병
cycle : 5

data:,
yes24_best_v1
keyword :  / input page:0 / n:
영국
cycle : 6

data:,
yes24_best_v1
keyword :  / input page:0 / n:
중국
cycle : 7

data:,
yes24_best_v1
keyword :  / input page:0 / n:
맥심
cycle : 8

data:,
yes24_best_v1
keyword :  / input page:0 / n:
디자인
cycle : 9

data:,
yes24_best_v1
keyword :  / input page:0 / n:
잡지
cycle : 10

data:,
yes24_best_v1
keyword :  / input page:0 / n:
카카오
cycle : 11

data:,
yes24_best_v1
keyword :  / input page:0 / n:
cycle : 12

data:,
yes24_best_v1
keyword :  / input page:0 / n:
cycle : 13

data:,
yes24_best_v1
keyword :  / input page:0 / n:
cycle : 14

data:,
yes24_best_v1
keyword :  / input page:0 / n:
강아지
cycle : 15

data:,
yes24_best_v1
keyword :  / input page:0 / n:
카카오
cycle : 16

data:,
yes24_best_v1
keyword :  / input page:0 / n:
일본
cycle : 17

data:,
yes24_best_v1
keyword :  / input page:0 / n:
전쟁
cycle : 18

data:,
yes24_best_v1
keyword :  / input page:0 / n:
토익
cycle : 19

data:,
yes24_best_v1
keyword :  / input page:0 / n:
강아지
cycle : 20

data:,
yes24_best_v1
keyword :  / input page:0 / n:
오픽
cycle : 21

data:,
yes24_best_v1
keyword :  / input page:0 / n:
미슐랭
cycle : 22

data:,
yes24_best_v1
keyword :  / input page:0 / n:
중국어회화
cycle : 23

data:,
yes24_best_v1
keyword :  / input page:0 / n:
스페인
cycle : 24

data:,
yes24_best_v1
keyword :  / input page:0 / n:
스페인
cycle : 25

data:,
yes24_best_v1
keyword :  / input page:0 / n:
cycle : 26

data:,
yes24_best_v1
keyword :  / input page:0 / n:
오토바이
cycle : 27

data:,
yes24_best_v1
keyword :  / input page:0 / n:
프로그래밍
cycle : 28

data:,
yes24_best_v1
keyword :  / input page:0 / n:
프랑스
cycle : 29

data:,
yes24_best_v1
keyword :  / input page:0 / n:
cycle : 30

data:,
yes24_best_v1
keyword :  / input page:0 / n:
경제
cycle : 31

data:,
yes24_best_v1
keyword :  / input page:0 / n:
스페인
cycle : 32

data:,
yes24_best_v1
keyword :  / input page:0 / n:
프랑스
cycle : 33

data:,
yes24_best_v1
keyword :  / input page:0 / n:
중국
cycle : 34

data:,
yes24_best_v1
keyword :  / input page:0 / n:
한국
cycle : 35

data:,
yes24_best_v1
keyword :  / input page:0 / n:
미국
cycle : 36

data:,
yes24_best_v1
keyword :  / input page:0 / n:
카카오
cycle : 37

data:,
yes24_best_v1
keyword :  / input page:0 / n:
스페인
cycle : 38

data:,
yes24_best_v1
keyword :  / input page:0 / n:
cycle : 39

data:,
yes24_best_v1
keyword :  / input page:0 / n:
삼국지
cycle : 40

data:,
yes24_best_v1
keyword :  / input page:0 / n:
미국
cycle : 41

data:,
yes24_best_v1
keyword :  / input page:0 / n:
미슐랭
cycle : 42

data:,
yes24_best_v1
keyword :  / input page:0 / n:
프로그래밍
cycle : 43

data:,
yes24_best_v1
keyword :  / input page:0 / n:
중국
cycle : 44

data:,
yes24_best_v1
keyword :  / input page:0 / n:
미슐랭
cycle : 45

data:,
yes24_best_v1
keyword :  / input page:0 / n:
이탈리아
cycle : 46

data:,
yes24_best_v1
keyword :  / input page:0 / n:
강아지
cycle : 47

data:,
yes24_best_v1
keyword :  / input page:0 / n:
이탈리아
cycle : 48

data:,
yes24_best_v1
keyword :  / input page:0 / n:
카카오
cycle : 49

data:,
yes24_best_v1
keyword :  / input page:0 / n:
미슐랭
timeStamp : 2023-01-04 17:10:08
cycle : 1

data:,
kyobo_best_v1
keyword :  / input page:0 / n:
start kyobo
스카이 버스
만일 내가 인생을 다시 산다면(10만 부 기념 스페셜 에디션)
트렌드 코리아 2023
해커스 토익 기출보카 TOEIC VOCA(토익보카) 단어장
아버지의 해방일지
원씽(The One Thing)(리커버 특별판)
The Scent of PAGE : 룸스프레이 60ml
윤혜정의 개념의 나비효과 입문 편
불편한 편의점(40만부 기념 벚꽃 에디션)
2023 해커스 토익 RC 리딩(Reading) 토익 기본서
2023 해커스 토익 LC 리스닝(Listening) 토익 기본서
2023 황현필의 한국사 일력
EBS 윤혜정의 개념의 나비효과
이토록 평범한 미래
역행자
어른이 되기 전에 꼭 한 번은 논어를 읽어라 1
ETS 토익 정기시험 기출문제집 1000 Vol 3 LISTENING(리스닝)
2023 큰별쌤 최태성의 별별한국사 한국사능력검정시험 심화(1,2,3급)(상)
ETS 토익 정기시험 기출문제집 1000 Vol 3 READING(리딩)
2023 해커스 토익 실전 1000제 1 RC Reading(리딩) 문제집
스카이 버스
만일 내가 인생을 다시 산다면(10만 부 기념 스페셜 에디션)
트렌드 코리아 2023
해커스 토익 기출보카 TOEIC VOCA(토익보카) 단어장
아버지의 해방일지
cycle : 2

data:,
kyobo_best_v1
keyword :  / input page:0 / n:
start kyobo
cycle : 3

data:,
kyobo_best_v1
keyword :  / input page:0 / n:
start kyobo
cycle : 4

data:,
kyobo_best_v1
keyword :  / input page:0 / n:
start kyobo
cycle : 5

data:,
kyobo_best_v1
keyword :  / input page:0 / n:
start kyobo
스카이 버스
만일 내가 인생을 다시 산다면(10만 부 기념 스페셜 에디션)
트렌드 코리아 2023
해커스 토익 기출보카 TOEIC VOCA(토익보카) 단어장
아버지의 해방일지
원씽(The One Thing)(리커버 특별판)
The Scent of PAGE : 룸스프레이 60ml
윤혜정의 개념의 나비효과 입문 편
불편한 편의점(40만부 기념 벚꽃 에디션)
2023 해커스 토익 RC 리딩(Reading) 토익 기본서
2023 해커스 토익 LC 리스닝(Listening) 토익 기본서
2023 황현필의 한국사 일력
EBS 윤혜정의 개념의 나비효과
이토록 평범한 미래
역행자
어른이 되기 전에 꼭 한 번은 논어를 읽어라 1
ETS 토익 정기시험 기출문제집 1000 Vol 3 LISTENING(리스닝)
2023 큰별쌤 최태성의 별별한국사 한국사능력검정시험 심화(1,2,3급)(상)
ETS 토익 정기시험 기출문제집 1000 Vol 3 READING(리딩)
2023 해커스 토익 실전 1000제 1 RC Reading(리딩) 문제집
내가 틀릴 수도 있습니다(화이트 에디션)
2023 해커스 토익 실전 1000제 1 LC Listening(리스닝) 문제집
물고기는 존재하지 않는다
불편한 편의점 2(단풍 에디션)
토익 단기공략 750+(LC+RC)
오투 중등 과학 3-1(2023)
2023 큰별쌤 최태성의 별별한국사 한국사능력검정시험 심화(1,2,3급)(하)
오늘 밤, 세계에서 이 사랑이 사라진다 해도
오투 중등 과학 2-1(2023)
한 권으로 끝내는 해커스 토익 700+ (LC+RC+VOCA)
윤혜정의 개념의 나비효과 입문편 워크북
심리학이 제갈량에게 말하다 1
하얼빈
부자 아빠 가난한 아빠 1(20주년 특별 기념판)
마흔에 읽는 니체
쎈 고등 수학1(2023)
대한민국 산업지도(2023)
예비 매3비 매일 지문 3개씩 푸는 비문학 독서 기출
해커스 토익 스타트 리딩(Reading) RC
레버리지
나도 모르는 내 마음의 심리법칙
워드마스터 수능 2000
idx : 41
cycle : 6

data:,
kyobo_best_v1
keyword :  / input page:0 / n:
start kyobo
스카이 버스
만일 내가 인생을 다시 산다면(10만 부 기념 스페셜 에디션)
트렌드 코리아 2023
해커스 토익 기출보카 TOEIC VOCA(토익보카) 단어장
아버지의 해방일지
원씽(The One Thing)(리커버 특별판)
The Scent of PAGE : 룸스프레이 60ml
윤혜정의 개념의 나비효과 입문 편
불편한 편의점(40만부 기념 벚꽃 에디션)
2023 해커스 토익 RC 리딩(Reading) 토익 기본서
2023 해커스 토익 LC 리스닝(Listening) 토익 기본서
2023 황현필의 한국사 일력
EBS 윤혜정의 개념의 나비효과
이토록 평범한 미래
역행자
어른이 되기 전에 꼭 한 번은 논어를 읽어라 1
ETS 토익 정기시험 기출문제집 1000 Vol 3 LISTENING(리스닝)
2023 큰별쌤 최태성의 별별한국사 한국사능력검정시험 심화(1,2,3급)(상)
ETS 토익 정기시험 기출문제집 1000 Vol 3 READING(리딩)
2023 해커스 토익 실전 1000제 1 RC Reading(리딩) 문제집
내가 틀릴 수도 있습니다(화이트 에디션)
2023 해커스 토익 실전 1000제 1 LC Listening(리스닝) 문제집
물고기는 존재하지 않는다
불편한 편의점 2(단풍 에디션)
토익 단기공략 750+(LC+RC)
오투 중등 과학 3-1(2023)
2023 큰별쌤 최태성의 별별한국사 한국사능력검정시험 심화(1,2,3급)(하)
오늘 밤, 세계에서 이 사랑이 사라진다 해도
오투 중등 과학 2-1(2023)
한 권으로 끝내는 해커스 토익 700+ (LC+RC+VOCA)
윤혜정의 개념의 나비효과 입문편 워크북
심리학이 제갈량에게 말하다 1
하얼빈
부자 아빠 가난한 아빠 1(20주년 특별 기념판)
마흔에 읽는 니체
쎈 고등 수학1(2023)
대한민국 산업지도(2023)
예비 매3비 매일 지문 3개씩 푸는 비문학 독서 기출
해커스 토익 스타트 리딩(Reading) RC
레버리지
나도 모르는 내 마음의 심리법칙
워드마스터 수능 2000
idx : 41
cycle : 7

data:,
kyobo_best_v1
keyword :  / input page:0 / n:
start kyobo
스카이 버스
만일 내가 인생을 다시 산다면(10만 부 기념 스페셜 에디션)
트렌드 코리아 2023
해커스 토익 기출보카 TOEIC VOCA(토익보카) 단어장
아버지의 해방일지
원씽(The One Thing)(리커버 특별판)
The Scent of PAGE : 룸스프레이 60ml
윤혜정의 개념의 나비효과 입문 편
불편한 편의점(40만부 기념 벚꽃 에디션)
2023 해커스 토익 RC 리딩(Reading) 토익 기본서
2023 해커스 토익 LC 리스닝(Listening) 토익 기본서
2023 황현필의 한국사 일력
EBS 윤혜정의 개념의 나비효과
이토록 평범한 미래
역행자
어른이 되기 전에 꼭 한 번은 논어를 읽어라 1
ETS 토익 정기시험 기출문제집 1000 Vol 3 LISTENING(리스닝)
2023 큰별쌤 최태성의 별별한국사 한국사능력검정시험 심화(1,2,3급)(상)
ETS 토익 정기시험 기출문제집 1000 Vol 3 READING(리딩)
2023 해커스 토익 실전 1000제 1 RC Reading(리딩) 문제집
스카이 버스
만일 내가 인생을 다시 산다면(10만 부 기념 스페셜 에디션)
트렌드 코리아 2023
해커스 토익 기출보카 TOEIC VOCA(토익보카) 단어장
아버지의 해방일지
원씽(The One Thing)(리커버 특별판)
The Scent of PAGE : 룸스프레이 60ml
윤혜정의 개념의 나비효과 입문 편
불편한 편의점(40만부 기념 벚꽃 에디션)
2023 해커스 토익 RC 리딩(Reading) 토익 기본서
2023 해커스 토익 LC 리스닝(Listening) 토익 기본서
2023 황현필의 한국사 일력
EBS 윤혜정의 개념의 나비효과
이토록 평범한 미래
역행자
어른이 되기 전에 꼭 한 번은 논어를 읽어라 1
ETS 토익 정기시험 기출문제집 1000 Vol 3 LISTENING(리스닝)
2023 큰별쌤 최태성의 별별한국사 한국사능력검정시험 심화(1,2,3급)(상)
ETS 토익 정기시험 기출문제집 1000 Vol 3 READING(리딩)
2023 해커스 토익 실전 1000제 1 RC Reading(리딩) 문제집
cycle : 8

data:,
kyobo_best_v1
keyword :  / input page:0 / n:
start kyobo
cycle : 9

data:,
kyobo_best_v1
keyword :  / input page:0 / n:
start kyobo
스카이 버스
만일 내가 인생을 다시 산다면(10만 부 기념 스페셜 에디션)
트렌드 코리아 2023
해커스 토익 기출보카 TOEIC VOCA(토익보카) 단어장
아버지의 해방일지
원씽(The One Thing)(리커버 특별판)
The Scent of PAGE : 룸스프레이 60ml
윤혜정의 개념의 나비효과 입문 편
불편한 편의점(40만부 기념 벚꽃 에디션)
2023 해커스 토익 RC 리딩(Reading) 토익 기본서
2023 해커스 토익 LC 리스닝(Listening) 토익 기본서
2023 황현필의 한국사 일력
EBS 윤혜정의 개념의 나비효과
이토록 평범한 미래
역행자
어른이 되기 전에 꼭 한 번은 논어를 읽어라 1
ETS 토익 정기시험 기출문제집 1000 Vol 3 LISTENING(리스닝)
2023 큰별쌤 최태성의 별별한국사 한국사능력검정시험 심화(1,2,3급)(상)
ETS 토익 정기시험 기출문제집 1000 Vol 3 READING(리딩)
2023 해커스 토익 실전 1000제 1 RC Reading(리딩) 문제집
내가 틀릴 수도 있습니다(화이트 에디션)
2023 해커스 토익 실전 1000제 1 LC Listening(리스닝) 문제집
물고기는 존재하지 않는다
불편한 편의점 2(단풍 에디션)
토익 단기공략 750+(LC+RC)
오투 중등 과학 3-1(2023)
2023 큰별쌤 최태성의 별별한국사 한국사능력검정시험 심화(1,2,3급)(하)
오늘 밤, 세계에서 이 사랑이 사라진다 해도
오투 중등 과학 2-1(2023)
한 권으로 끝내는 해커스 토익 700+ (LC+RC+VOCA)
윤혜정의 개념의 나비효과 입문편 워크북
심리학이 제갈량에게 말하다 1
하얼빈
부자 아빠 가난한 아빠 1(20주년 특별 기념판)
마흔에 읽는 니체
쎈 고등 수학1(2023)
대한민국 산업지도(2023)
예비 매3비 매일 지문 3개씩 푸는 비문학 독서 기출
해커스 토익 스타트 리딩(Reading) RC
레버리지
나도 모르는 내 마음의 심리법칙
워드마스터 수능 2000
idx : 41
cycle : 10

data:,
kyobo_best_v1
keyword :  / input page:0 / n:
start kyobo
cycle : 11

data:,
kyobo_best_v1
keyword :  / input page:0 / n:
start kyobo
cycle : 12

data:,
kyobo_best_v1
keyword :  / input page:0 / n:
start kyobo
스카이 버스
만일 내가 인생을 다시 산다면(10만 부 기념 스페셜 에디션)
트렌드 코리아 2023
해커스 토익 기출보카 TOEIC VOCA(토익보카) 단어장
아버지의 해방일지
원씽(The One Thing)(리커버 특별판)
The Scent of PAGE : 룸스프레이 60ml
윤혜정의 개념의 나비효과 입문 편
불편한 편의점(40만부 기념 벚꽃 에디션)
2023 해커스 토익 RC 리딩(Reading) 토익 기본서
2023 해커스 토익 LC 리스닝(Listening) 토익 기본서
2023 황현필의 한국사 일력
EBS 윤혜정의 개념의 나비효과
이토록 평범한 미래
역행자
어른이 되기 전에 꼭 한 번은 논어를 읽어라 1
ETS 토익 정기시험 기출문제집 1000 Vol 3 LISTENING(리스닝)
2023 큰별쌤 최태성의 별별한국사 한국사능력검정시험 심화(1,2,3급)(상)
ETS 토익 정기시험 기출문제집 1000 Vol 3 READING(리딩)
2023 해커스 토익 실전 1000제 1 RC Reading(리딩) 문제집
내가 틀릴 수도 있습니다(화이트 에디션)
2023 해커스 토익 실전 1000제 1 LC Listening(리스닝) 문제집
물고기는 존재하지 않는다
불편한 편의점 2(단풍 에디션)
토익 단기공략 750+(LC+RC)
오투 중등 과학 3-1(2023)
2023 큰별쌤 최태성의 별별한국사 한국사능력검정시험 심화(1,2,3급)(하)
오늘 밤, 세계에서 이 사랑이 사라진다 해도
오투 중등 과학 2-1(2023)
한 권으로 끝내는 해커스 토익 700+ (LC+RC+VOCA)
윤혜정의 개념의 나비효과 입문편 워크북
심리학이 제갈량에게 말하다 1
하얼빈
부자 아빠 가난한 아빠 1(20주년 특별 기념판)
마흔에 읽는 니체
쎈 고등 수학1(2023)
대한민국 산업지도(2023)
예비 매3비 매일 지문 3개씩 푸는 비문학 독서 기출
해커스 토익 스타트 리딩(Reading) RC
레버리지
cycle : 13

data:,
kyobo_best_v1
keyword :  / input page:0 / n:
start kyobo
cycle : 14

data:,
kyobo_best_v1
keyword :  / input page:0 / n:
start kyobo
스카이 버스
만일 내가 인생을 다시 산다면(10만 부 기념 스페셜 에디션)
트렌드 코리아 2023
해커스 토익 기출보카 TOEIC VOCA(토익보카) 단어장
아버지의 해방일지
원씽(The One Thing)(리커버 특별판)
The Scent of PAGE : 룸스프레이 60ml
윤혜정의 개념의 나비효과 입문 편
불편한 편의점(40만부 기념 벚꽃 에디션)
2023 해커스 토익 RC 리딩(Reading) 토익 기본서
2023 해커스 토익 LC 리스닝(Listening) 토익 기본서
2023 황현필의 한국사 일력
EBS 윤혜정의 개념의 나비효과
이토록 평범한 미래
역행자
어른이 되기 전에 꼭 한 번은 논어를 읽어라 1
ETS 토익 정기시험 기출문제집 1000 Vol 3 LISTENING(리스닝)
2023 큰별쌤 최태성의 별별한국사 한국사능력검정시험 심화(1,2,3급)(상)
ETS 토익 정기시험 기출문제집 1000 Vol 3 READING(리딩)
2023 해커스 토익 실전 1000제 1 RC Reading(리딩) 문제집
내가 틀릴 수도 있습니다(화이트 에디션)
2023 해커스 토익 실전 1000제 1 LC Listening(리스닝) 문제집
물고기는 존재하지 않는다
불편한 편의점 2(단풍 에디션)
토익 단기공략 750+(LC+RC)
오투 중등 과학 3-1(2023)
2023 큰별쌤 최태성의 별별한국사 한국사능력검정시험 심화(1,2,3급)(하)
오늘 밤, 세계에서 이 사랑이 사라진다 해도
오투 중등 과학 2-1(2023)
한 권으로 끝내는 해커스 토익 700+ (LC+RC+VOCA)
윤혜정의 개념의 나비효과 입문편 워크북
심리학이 제갈량에게 말하다 1
하얼빈
부자 아빠 가난한 아빠 1(20주년 특별 기념판)
마흔에 읽는 니체
쎈 고등 수학1(2023)
대한민국 산업지도(2023)
예비 매3비 매일 지문 3개씩 푸는 비문학 독서 기출
해커스 토익 스타트 리딩(Reading) RC
레버리지
나도 모르는 내 마음의 심리법칙
워드마스터 수능 2000
idx : 41
cycle : 15

data:,
kyobo_best_v1
keyword :  / input page:0 / n:
start kyobo
스카이 버스
만일 내가 인생을 다시 산다면(10만 부 기념 스페셜 에디션)
트렌드 코리아 2023
해커스 토익 기출보카 TOEIC VOCA(토익보카) 단어장
아버지의 해방일지
원씽(The One Thing)(리커버 특별판)
The Scent of PAGE : 룸스프레이 60ml
윤혜정의 개념의 나비효과 입문 편
불편한 편의점(40만부 기념 벚꽃 에디션)
2023 해커스 토익 RC 리딩(Reading) 토익 기본서
2023 해커스 토익 LC 리스닝(Listening) 토익 기본서
2023 황현필의 한국사 일력
EBS 윤혜정의 개념의 나비효과
이토록 평범한 미래
역행자
어른이 되기 전에 꼭 한 번은 논어를 읽어라 1
ETS 토익 정기시험 기출문제집 1000 Vol 3 LISTENING(리스닝)
2023 큰별쌤 최태성의 별별한국사 한국사능력검정시험 심화(1,2,3급)(상)
ETS 토익 정기시험 기출문제집 1000 Vol 3 READING(리딩)
2023 해커스 토익 실전 1000제 1 RC Reading(리딩) 문제집
내가 틀릴 수도 있습니다(화이트 에디션)
2023 해커스 토익 실전 1000제 1 LC Listening(리스닝) 문제집
물고기는 존재하지 않는다
불편한 편의점 2(단풍 에디션)
토익 단기공략 750+(LC+RC)
오투 중등 과학 3-1(2023)
2023 큰별쌤 최태성의 별별한국사 한국사능력검정시험 심화(1,2,3급)(하)
오늘 밤, 세계에서 이 사랑이 사라진다 해도
오투 중등 과학 2-1(2023)
한 권으로 끝내는 해커스 토익 700+ (LC+RC+VOCA)
윤혜정의 개념의 나비효과 입문편 워크북
심리학이 제갈량에게 말하다 1
하얼빈
부자 아빠 가난한 아빠 1(20주년 특별 기념판)
마흔에 읽는 니체
쎈 고등 수학1(2023)
대한민국 산업지도(2023)
예비 매3비 매일 지문 3개씩 푸는 비문학 독서 기출
해커스 토익 스타트 리딩(Reading) RC
레버리지
내가 틀릴 수도 있습니다(화이트 에디션)
2023 해커스 토익 실전 1000제 1 LC Listening(리스닝) 문제집
물고기는 존재하지 않는다
불편한 편의점 2(단풍 에디션)
토익 단기공략 750+(LC+RC)
오투 중등 과학 3-1(2023)
2023 큰별쌤 최태성의 별별한국사 한국사능력검정시험 심화(1,2,3급)(하)
오늘 밤, 세계에서 이 사랑이 사라진다 해도
오투 중등 과학 2-1(2023)
한 권으로 끝내는 해커스 토익 700+ (LC+RC+VOCA)
윤혜정의 개념의 나비효과 입문편 워크북
심리학이 제갈량에게 말하다 1
하얼빈
부자 아빠 가난한 아빠 1(20주년 특별 기념판)
마흔에 읽는 니체
cycle : 16

data:,
kyobo_best_v1
keyword :  / input page:0 / n:
start kyobo
스카이 버스
만일 내가 인생을 다시 산다면(10만 부 기념 스페셜 에디션)
트렌드 코리아 2023
해커스 토익 기출보카 TOEIC VOCA(토익보카) 단어장
아버지의 해방일지
원씽(The One Thing)(리커버 특별판)
The Scent of PAGE : 룸스프레이 60ml
윤혜정의 개념의 나비효과 입문 편
불편한 편의점(40만부 기념 벚꽃 에디션)
2023 해커스 토익 RC 리딩(Reading) 토익 기본서
2023 해커스 토익 LC 리스닝(Listening) 토익 기본서
2023 황현필의 한국사 일력
EBS 윤혜정의 개념의 나비효과
이토록 평범한 미래
역행자
어른이 되기 전에 꼭 한 번은 논어를 읽어라 1
ETS 토익 정기시험 기출문제집 1000 Vol 3 LISTENING(리스닝)
2023 큰별쌤 최태성의 별별한국사 한국사능력검정시험 심화(1,2,3급)(상)
ETS 토익 정기시험 기출문제집 1000 Vol 3 READING(리딩)
2023 해커스 토익 실전 1000제 1 RC Reading(리딩) 문제집
내가 틀릴 수도 있습니다(화이트 에디션)
2023 해커스 토익 실전 1000제 1 LC Listening(리스닝) 문제집
물고기는 존재하지 않는다
불편한 편의점 2(단풍 에디션)
토익 단기공략 750+(LC+RC)
오투 중등 과학 3-1(2023)
2023 큰별쌤 최태성의 별별한국사 한국사능력검정시험 심화(1,2,3급)(하)
오늘 밤, 세계에서 이 사랑이 사라진다 해도
오투 중등 과학 2-1(2023)
한 권으로 끝내는 해커스 토익 700+ (LC+RC+VOCA)
윤혜정의 개념의 나비효과 입문편 워크북
심리학이 제갈량에게 말하다 1
하얼빈
부자 아빠 가난한 아빠 1(20주년 특별 기념판)
마흔에 읽는 니체
쎈 고등 수학1(2023)
대한민국 산업지도(2023)
예비 매3비 매일 지문 3개씩 푸는 비문학 독서 기출
해커스 토익 스타트 리딩(Reading) RC
레버리지
나도 모르는 내 마음의 심리법칙
워드마스터 수능 2000
idx : 41
cycle : 17

data:,
kyobo_best_v1
keyword :  / input page:0 / n:
start kyobo
스카이 버스
만일 내가 인생을 다시 산다면(10만 부 기념 스페셜 에디션)
트렌드 코리아 2023
해커스 토익 기출보카 TOEIC VOCA(토익보카) 단어장
아버지의 해방일지
원씽(The One Thing)(리커버 특별판)
The Scent of PAGE : 룸스프레이 60ml
윤혜정의 개념의 나비효과 입문 편
불편한 편의점(40만부 기념 벚꽃 에디션)
2023 해커스 토익 RC 리딩(Reading) 토익 기본서
2023 해커스 토익 LC 리스닝(Listening) 토익 기본서
2023 황현필의 한국사 일력
EBS 윤혜정의 개념의 나비효과
이토록 평범한 미래
역행자
어른이 되기 전에 꼭 한 번은 논어를 읽어라 1
ETS 토익 정기시험 기출문제집 1000 Vol 3 LISTENING(리스닝)
2023 큰별쌤 최태성의 별별한국사 한국사능력검정시험 심화(1,2,3급)(상)
ETS 토익 정기시험 기출문제집 1000 Vol 3 READING(리딩)
2023 해커스 토익 실전 1000제 1 RC Reading(리딩) 문제집
내가 틀릴 수도 있습니다(화이트 에디션)
2023 해커스 토익 실전 1000제 1 LC Listening(리스닝) 문제집
물고기는 존재하지 않는다
불편한 편의점 2(단풍 에디션)
토익 단기공략 750+(LC+RC)
오투 중등 과학 3-1(2023)
2023 큰별쌤 최태성의 별별한국사 한국사능력검정시험 심화(1,2,3급)(하)
오늘 밤, 세계에서 이 사랑이 사라진다 해도
오투 중등 과학 2-1(2023)
한 권으로 끝내는 해커스 토익 700+ (LC+RC+VOCA)
윤혜정의 개념의 나비효과 입문편 워크북
심리학이 제갈량에게 말하다 1
하얼빈
부자 아빠 가난한 아빠 1(20주년 특별 기념판)
마흔에 읽는 니체
쎈 고등 수학1(2023)
대한민국 산업지도(2023)
예비 매3비 매일 지문 3개씩 푸는 비문학 독서 기출
해커스 토익 스타트 리딩(Reading) RC
레버리지
나도 모르는 내 마음의 심리법칙
워드마스터 수능 2000
idx : 41
cycle : 18

data:,
kyobo_best_v1
keyword :  / input page:0 / n:
start kyobo
스카이 버스
만일 내가 인생을 다시 산다면(10만 부 기념 스페셜 에디션)
트렌드 코리아 2023
해커스 토익 기출보카 TOEIC VOCA(토익보카) 단어장
아버지의 해방일지
원씽(The One Thing)(리커버 특별판)
The Scent of PAGE : 룸스프레이 60ml
윤혜정의 개념의 나비효과 입문 편
불편한 편의점(40만부 기념 벚꽃 에디션)
2023 해커스 토익 RC 리딩(Reading) 토익 기본서
2023 해커스 토익 LC 리스닝(Listening) 토익 기본서
2023 황현필의 한국사 일력
EBS 윤혜정의 개념의 나비효과
이토록 평범한 미래
역행자
어른이 되기 전에 꼭 한 번은 논어를 읽어라 1
ETS 토익 정기시험 기출문제집 1000 Vol 3 LISTENING(리스닝)
2023 큰별쌤 최태성의 별별한국사 한국사능력검정시험 심화(1,2,3급)(상)
ETS 토익 정기시험 기출문제집 1000 Vol 3 READING(리딩)
2023 해커스 토익 실전 1000제 1 RC Reading(리딩) 문제집
cycle : 19

data:,
kyobo_best_v1
keyword :  / input page:0 / n:
start kyobo
스카이 버스
만일 내가 인생을 다시 산다면(10만 부 기념 스페셜 에디션)
트렌드 코리아 2023
해커스 토익 기출보카 TOEIC VOCA(토익보카) 단어장
아버지의 해방일지
원씽(The One Thing)(리커버 특별판)
The Scent of PAGE : 룸스프레이 60ml
윤혜정의 개념의 나비효과 입문 편
불편한 편의점(40만부 기념 벚꽃 에디션)
2023 해커스 토익 RC 리딩(Reading) 토익 기본서
2023 해커스 토익 LC 리스닝(Listening) 토익 기본서
2023 황현필의 한국사 일력
EBS 윤혜정의 개념의 나비효과
이토록 평범한 미래
역행자
어른이 되기 전에 꼭 한 번은 논어를 읽어라 1
ETS 토익 정기시험 기출문제집 1000 Vol 3 LISTENING(리스닝)
2023 큰별쌤 최태성의 별별한국사 한국사능력검정시험 심화(1,2,3급)(상)
ETS 토익 정기시험 기출문제집 1000 Vol 3 READING(리딩)
2023 해커스 토익 실전 1000제 1 RC Reading(리딩) 문제집
스카이 버스
만일 내가 인생을 다시 산다면(10만 부 기념 스페셜 에디션)
트렌드 코리아 2023
해커스 토익 기출보카 TOEIC VOCA(토익보카) 단어장
아버지의 해방일지
원씽(The One Thing)(리커버 특별판)
The Scent of PAGE : 룸스프레이 60ml
윤혜정의 개념의 나비효과 입문 편
불편한 편의점(40만부 기념 벚꽃 에디션)
2023 해커스 토익 RC 리딩(Reading) 토익 기본서
2023 해커스 토익 LC 리스닝(Listening) 토익 기본서
2023 황현필의 한국사 일력
EBS 윤혜정의 개념의 나비효과
이토록 평범한 미래
역행자
어른이 되기 전에 꼭 한 번은 논어를 읽어라 1
ETS 토익 정기시험 기출문제집 1000 Vol 3 LISTENING(리스닝)
2023 큰별쌤 최태성의 별별한국사 한국사능력검정시험 심화(1,2,3급)(상)
ETS 토익 정기시험 기출문제집 1000 Vol 3 READING(리딩)
2023 해커스 토익 실전 1000제 1 RC Reading(리딩) 문제집
나도 모르는 내 마음의 심리법칙
워드마스터 수능 2000
idx : 41
cycle : 20

data:,
kyobo_best_v1
keyword :  / input page:0 / n:
start kyobo
스카이 버스
만일 내가 인생을 다시 산다면(10만 부 기념 스페셜 에디션)
트렌드 코리아 2023
해커스 토익 기출보카 TOEIC VOCA(토익보카) 단어장
아버지의 해방일지
원씽(The One Thing)(리커버 특별판)
The Scent of PAGE : 룸스프레이 60ml
윤혜정의 개념의 나비효과 입문 편
불편한 편의점(40만부 기념 벚꽃 에디션)
2023 해커스 토익 RC 리딩(Reading) 토익 기본서
2023 해커스 토익 LC 리스닝(Listening) 토익 기본서
2023 황현필의 한국사 일력
EBS 윤혜정의 개념의 나비효과
이토록 평범한 미래
역행자
어른이 되기 전에 꼭 한 번은 논어를 읽어라 1
ETS 토익 정기시험 기출문제집 1000 Vol 3 LISTENING(리스닝)
2023 큰별쌤 최태성의 별별한국사 한국사능력검정시험 심화(1,2,3급)(상)
ETS 토익 정기시험 기출문제집 1000 Vol 3 READING(리딩)
2023 해커스 토익 실전 1000제 1 RC Reading(리딩) 문제집
내가 틀릴 수도 있습니다(화이트 에디션)
2023 해커스 토익 실전 1000제 1 LC Listening(리스닝) 문제집
물고기는 존재하지 않는다
불편한 편의점 2(단풍 에디션)
토익 단기공략 750+(LC+RC)
오투 중등 과학 3-1(2023)
2023 큰별쌤 최태성의 별별한국사 한국사능력검정시험 심화(1,2,3급)(하)
오늘 밤, 세계에서 이 사랑이 사라진다 해도
오투 중등 과학 2-1(2023)
한 권으로 끝내는 해커스 토익 700+ (LC+RC+VOCA)
윤혜정의 개념의 나비효과 입문편 워크북
심리학이 제갈량에게 말하다 1
하얼빈
부자 아빠 가난한 아빠 1(20주년 특별 기념판)
마흔에 읽는 니체
쎈 고등 수학1(2023)
대한민국 산업지도(2023)
예비 매3비 매일 지문 3개씩 푸는 비문학 독서 기출
해커스 토익 스타트 리딩(Reading) RC
레버리지
내가 틀릴 수도 있습니다(화이트 에디션)
2023 해커스 토익 실전 1000제 1 LC Listening(리스닝) 문제집
물고기는 존재하지 않는다
불편한 편의점 2(단풍 에디션)
토익 단기공략 750+(LC+RC)
오투 중등 과학 3-1(2023)
2023 큰별쌤 최태성의 별별한국사 한국사능력검정시험 심화(1,2,3급)(하)
오늘 밤, 세계에서 이 사랑이 사라진다 해도
오투 중등 과학 2-1(2023)
한 권으로 끝내는 해커스 토익 700+ (LC+RC+VOCA)
윤혜정의 개념의 나비효과 입문편 워크북
심리학이 제갈량에게 말하다 1
하얼빈
부자 아빠 가난한 아빠 1(20주년 특별 기념판)
마흔에 읽는 니체
쎈 고등 수학1(2023)
대한민국 산업지도(2023)
예비 매3비 매일 지문 3개씩 푸는 비문학 독서 기출
해커스 토익 스타트 리딩(Reading) RC
레버리지
cycle : 21

data:,
kyobo_best_v1
keyword :  / input page:0 / n:
start kyobo
cycle : 22

data:,
kyobo_best_v1
keyword :  / input page:0 / n:
start kyobo
스카이 버스
만일 내가 인생을 다시 산다면(10만 부 기념 스페셜 에디션)
트렌드 코리아 2023
해커스 토익 기출보카 TOEIC VOCA(토익보카) 단어장
아버지의 해방일지
원씽(The One Thing)(리커버 특별판)
The Scent of PAGE : 룸스프레이 60ml
윤혜정의 개념의 나비효과 입문 편
불편한 편의점(40만부 기념 벚꽃 에디션)
2023 해커스 토익 RC 리딩(Reading) 토익 기본서
2023 해커스 토익 LC 리스닝(Listening) 토익 기본서
2023 황현필의 한국사 일력
EBS 윤혜정의 개념의 나비효과
이토록 평범한 미래
역행자
어른이 되기 전에 꼭 한 번은 논어를 읽어라 1
ETS 토익 정기시험 기출문제집 1000 Vol 3 LISTENING(리스닝)
2023 큰별쌤 최태성의 별별한국사 한국사능력검정시험 심화(1,2,3급)(상)
ETS 토익 정기시험 기출문제집 1000 Vol 3 READING(리딩)
2023 해커스 토익 실전 1000제 1 RC Reading(리딩) 문제집
내가 틀릴 수도 있습니다(화이트 에디션)
2023 해커스 토익 실전 1000제 1 LC Listening(리스닝) 문제집
물고기는 존재하지 않는다
불편한 편의점 2(단풍 에디션)
토익 단기공략 750+(LC+RC)
오투 중등 과학 3-1(2023)
2023 큰별쌤 최태성의 별별한국사 한국사능력검정시험 심화(1,2,3급)(하)
오늘 밤, 세계에서 이 사랑이 사라진다 해도
오투 중등 과학 2-1(2023)
한 권으로 끝내는 해커스 토익 700+ (LC+RC+VOCA)
윤혜정의 개념의 나비효과 입문편 워크북
심리학이 제갈량에게 말하다 1
하얼빈
부자 아빠 가난한 아빠 1(20주년 특별 기념판)
마흔에 읽는 니체
쎈 고등 수학1(2023)
대한민국 산업지도(2023)
예비 매3비 매일 지문 3개씩 푸는 비문학 독서 기출
해커스 토익 스타트 리딩(Reading) RC
레버리지
나도 모르는 내 마음의 심리법칙
워드마스터 수능 2000
idx : 41
cycle : 23

data:,
kyobo_best_v1
keyword :  / input page:0 / n:
start kyobo
스카이 버스
만일 내가 인생을 다시 산다면(10만 부 기념 스페셜 에디션)
트렌드 코리아 2023
해커스 토익 기출보카 TOEIC VOCA(토익보카) 단어장
아버지의 해방일지
원씽(The One Thing)(리커버 특별판)
The Scent of PAGE : 룸스프레이 60ml
윤혜정의 개념의 나비효과 입문 편
불편한 편의점(40만부 기념 벚꽃 에디션)
2023 해커스 토익 RC 리딩(Reading) 토익 기본서
2023 해커스 토익 LC 리스닝(Listening) 토익 기본서
2023 황현필의 한국사 일력
EBS 윤혜정의 개념의 나비효과
이토록 평범한 미래
역행자
어른이 되기 전에 꼭 한 번은 논어를 읽어라 1
ETS 토익 정기시험 기출문제집 1000 Vol 3 LISTENING(리스닝)
2023 큰별쌤 최태성의 별별한국사 한국사능력검정시험 심화(1,2,3급)(상)
ETS 토익 정기시험 기출문제집 1000 Vol 3 READING(리딩)
2023 해커스 토익 실전 1000제 1 RC Reading(리딩) 문제집
내가 틀릴 수도 있습니다(화이트 에디션)
2023 해커스 토익 실전 1000제 1 LC Listening(리스닝) 문제집
물고기는 존재하지 않는다
불편한 편의점 2(단풍 에디션)
토익 단기공략 750+(LC+RC)
오투 중등 과학 3-1(2023)
2023 큰별쌤 최태성의 별별한국사 한국사능력검정시험 심화(1,2,3급)(하)
오늘 밤, 세계에서 이 사랑이 사라진다 해도
오투 중등 과학 2-1(2023)
한 권으로 끝내는 해커스 토익 700+ (LC+RC+VOCA)
윤혜정의 개념의 나비효과 입문편 워크북
심리학이 제갈량에게 말하다 1
하얼빈
부자 아빠 가난한 아빠 1(20주년 특별 기념판)
마흔에 읽는 니체
쎈 고등 수학1(2023)
대한민국 산업지도(2023)
예비 매3비 매일 지문 3개씩 푸는 비문학 독서 기출
해커스 토익 스타트 리딩(Reading) RC
레버리지
나도 모르는 내 마음의 심리법칙
워드마스터 수능 2000
idx : 41
cycle : 24

data:,
kyobo_best_v1
keyword :  / input page:0 / n:
start kyobo
스카이 버스
만일 내가 인생을 다시 산다면(10만 부 기념 스페셜 에디션)
트렌드 코리아 2023
해커스 토익 기출보카 TOEIC VOCA(토익보카) 단어장
아버지의 해방일지
원씽(The One Thing)(리커버 특별판)
The Scent of PAGE : 룸스프레이 60ml
윤혜정의 개념의 나비효과 입문 편
불편한 편의점(40만부 기념 벚꽃 에디션)
2023 해커스 토익 RC 리딩(Reading) 토익 기본서
2023 해커스 토익 LC 리스닝(Listening) 토익 기본서
2023 황현필의 한국사 일력
EBS 윤혜정의 개념의 나비효과
이토록 평범한 미래
역행자
어른이 되기 전에 꼭 한 번은 논어를 읽어라 1
ETS 토익 정기시험 기출문제집 1000 Vol 3 LISTENING(리스닝)
2023 큰별쌤 최태성의 별별한국사 한국사능력검정시험 심화(1,2,3급)(상)
ETS 토익 정기시험 기출문제집 1000 Vol 3 READING(리딩)
2023 해커스 토익 실전 1000제 1 RC Reading(리딩) 문제집
스카이 버스
만일 내가 인생을 다시 산다면(10만 부 기념 스페셜 에디션)
트렌드 코리아 2023
해커스 토익 기출보카 TOEIC VOCA(토익보카) 단어장
아버지의 해방일지
원씽(The One Thing)(리커버 특별판)
The Scent of PAGE : 룸스프레이 60ml
윤혜정의 개념의 나비효과 입문 편
불편한 편의점(40만부 기념 벚꽃 에디션)
2023 해커스 토익 RC 리딩(Reading) 토익 기본서
2023 해커스 토익 LC 리스닝(Listening) 토익 기본서
2023 황현필의 한국사 일력
EBS 윤혜정의 개념의 나비효과
이토록 평범한 미래
역행자
어른이 되기 전에 꼭 한 번은 논어를 읽어라 1
ETS 토익 정기시험 기출문제집 1000 Vol 3 LISTENING(리스닝)
2023 큰별쌤 최태성의 별별한국사 한국사능력검정시험 심화(1,2,3급)(상)
ETS 토익 정기시험 기출문제집 1000 Vol 3 READING(리딩)
2023 해커스 토익 실전 1000제 1 RC Reading(리딩) 문제집
나도 모르는 내 마음의 심리법칙
워드마스터 수능 2000
idx : 41
cycle : 25

data:,
kyobo_best_v1
keyword :  / input page:0 / n:
start kyobo
cycle : 26

data:,
kyobo_best_v1
keyword :  / input page:0 / n:
start kyobo
스카이 버스
만일 내가 인생을 다시 산다면(10만 부 기념 스페셜 에디션)
트렌드 코리아 2023
해커스 토익 기출보카 TOEIC VOCA(토익보카) 단어장
아버지의 해방일지
원씽(The One Thing)(리커버 특별판)
The Scent of PAGE : 룸스프레이 60ml
윤혜정의 개념의 나비효과 입문 편
불편한 편의점(40만부 기념 벚꽃 에디션)
2023 해커스 토익 RC 리딩(Reading) 토익 기본서
2023 해커스 토익 LC 리스닝(Listening) 토익 기본서
2023 황현필의 한국사 일력
EBS 윤혜정의 개념의 나비효과
이토록 평범한 미래
역행자
어른이 되기 전에 꼭 한 번은 논어를 읽어라 1
ETS 토익 정기시험 기출문제집 1000 Vol 3 LISTENING(리스닝)
2023 큰별쌤 최태성의 별별한국사 한국사능력검정시험 심화(1,2,3급)(상)
ETS 토익 정기시험 기출문제집 1000 Vol 3 READING(리딩)
2023 해커스 토익 실전 1000제 1 RC Reading(리딩) 문제집
cycle : 27

data:,
kyobo_best_v1
keyword :  / input page:0 / n:
start kyobo
cycle : 28

data:,
kyobo_best_v1
keyword :  / input page:0 / n:
start kyobo
스카이 버스
만일 내가 인생을 다시 산다면(10만 부 기념 스페셜 에디션)
트렌드 코리아 2023
해커스 토익 기출보카 TOEIC VOCA(토익보카) 단어장
아버지의 해방일지
원씽(The One Thing)(리커버 특별판)
The Scent of PAGE : 룸스프레이 60ml
윤혜정의 개념의 나비효과 입문 편
불편한 편의점(40만부 기념 벚꽃 에디션)
2023 해커스 토익 RC 리딩(Reading) 토익 기본서
2023 해커스 토익 LC 리스닝(Listening) 토익 기본서
2023 황현필의 한국사 일력
EBS 윤혜정의 개념의 나비효과
이토록 평범한 미래
역행자
어른이 되기 전에 꼭 한 번은 논어를 읽어라 1
ETS 토익 정기시험 기출문제집 1000 Vol 3 LISTENING(리스닝)
2023 큰별쌤 최태성의 별별한국사 한국사능력검정시험 심화(1,2,3급)(상)
ETS 토익 정기시험 기출문제집 1000 Vol 3 READING(리딩)
2023 해커스 토익 실전 1000제 1 RC Reading(리딩) 문제집
cycle : 29

data:,
kyobo_best_v1
keyword :  / input page:0 / n:
start kyobo
cycle : 30

data:,
kyobo_best_v1
keyword :  / input page:0 / n:
start kyobo
cycle : 31

data:,
kyobo_best_v1
keyword :  / input page:0 / n:
start kyobo
스카이 버스
만일 내가 인생을 다시 산다면(10만 부 기념 스페셜 에디션)
트렌드 코리아 2023
해커스 토익 기출보카 TOEIC VOCA(토익보카) 단어장
아버지의 해방일지
원씽(The One Thing)(리커버 특별판)
The Scent of PAGE : 룸스프레이 60ml
윤혜정의 개념의 나비효과 입문 편
불편한 편의점(40만부 기념 벚꽃 에디션)
2023 해커스 토익 RC 리딩(Reading) 토익 기본서
2023 해커스 토익 LC 리스닝(Listening) 토익 기본서
2023 황현필의 한국사 일력
EBS 윤혜정의 개념의 나비효과
이토록 평범한 미래
역행자
어른이 되기 전에 꼭 한 번은 논어를 읽어라 1
ETS 토익 정기시험 기출문제집 1000 Vol 3 LISTENING(리스닝)
2023 큰별쌤 최태성의 별별한국사 한국사능력검정시험 심화(1,2,3급)(상)
ETS 토익 정기시험 기출문제집 1000 Vol 3 READING(리딩)
2023 해커스 토익 실전 1000제 1 RC Reading(리딩) 문제집
스카이 버스
만일 내가 인생을 다시 산다면(10만 부 기념 스페셜 에디션)
트렌드 코리아 2023
해커스 토익 기출보카 TOEIC VOCA(토익보카) 단어장
아버지의 해방일지
원씽(The One Thing)(리커버 특별판)
The Scent of PAGE : 룸스프레이 60ml
윤혜정의 개념의 나비효과 입문 편
불편한 편의점(40만부 기념 벚꽃 에디션)
2023 해커스 토익 RC 리딩(Reading) 토익 기본서
2023 해커스 토익 LC 리스닝(Listening) 토익 기본서
2023 황현필의 한국사 일력
EBS 윤혜정의 개념의 나비효과
이토록 평범한 미래
역행자
어른이 되기 전에 꼭 한 번은 논어를 읽어라 1
ETS 토익 정기시험 기출문제집 1000 Vol 3 LISTENING(리스닝)
2023 큰별쌤 최태성의 별별한국사 한국사능력검정시험 심화(1,2,3급)(상)
ETS 토익 정기시험 기출문제집 1000 Vol 3 READING(리딩)
2023 해커스 토익 실전 1000제 1 RC Reading(리딩) 문제집
cycle : 32

data:,
kyobo_best_v1
keyword :  / input page:0 / n:
start kyobo
스카이 버스
만일 내가 인생을 다시 산다면(10만 부 기념 스페셜 에디션)
트렌드 코리아 2023
해커스 토익 기출보카 TOEIC VOCA(토익보카) 단어장
아버지의 해방일지
원씽(The One Thing)(리커버 특별판)
The Scent of PAGE : 룸스프레이 60ml
윤혜정의 개념의 나비효과 입문 편
불편한 편의점(40만부 기념 벚꽃 에디션)
2023 해커스 토익 RC 리딩(Reading) 토익 기본서
2023 해커스 토익 LC 리스닝(Listening) 토익 기본서
2023 황현필의 한국사 일력
EBS 윤혜정의 개념의 나비효과
이토록 평범한 미래
역행자
어른이 되기 전에 꼭 한 번은 논어를 읽어라 1
ETS 토익 정기시험 기출문제집 1000 Vol 3 LISTENING(리스닝)
2023 큰별쌤 최태성의 별별한국사 한국사능력검정시험 심화(1,2,3급)(상)
ETS 토익 정기시험 기출문제집 1000 Vol 3 READING(리딩)
2023 해커스 토익 실전 1000제 1 RC Reading(리딩) 문제집
내가 틀릴 수도 있습니다(화이트 에디션)
2023 해커스 토익 실전 1000제 1 LC Listening(리스닝) 문제집
물고기는 존재하지 않는다
불편한 편의점 2(단풍 에디션)
토익 단기공략 750+(LC+RC)
오투 중등 과학 3-1(2023)
2023 큰별쌤 최태성의 별별한국사 한국사능력검정시험 심화(1,2,3급)(하)
오늘 밤, 세계에서 이 사랑이 사라진다 해도
오투 중등 과학 2-1(2023)
한 권으로 끝내는 해커스 토익 700+ (LC+RC+VOCA)
윤혜정의 개념의 나비효과 입문편 워크북
심리학이 제갈량에게 말하다 1
하얼빈
부자 아빠 가난한 아빠 1(20주년 특별 기념판)
마흔에 읽는 니체
쎈 고등 수학1(2023)
대한민국 산업지도(2023)
예비 매3비 매일 지문 3개씩 푸는 비문학 독서 기출
해커스 토익 스타트 리딩(Reading) RC
레버리지
나도 모르는 내 마음의 심리법칙
워드마스터 수능 2000
idx : 41
cycle : 33

data:,
kyobo_best_v1
keyword :  / input page:0 / n:
start kyobo
스카이 버스
만일 내가 인생을 다시 산다면(10만 부 기념 스페셜 에디션)
트렌드 코리아 2023
해커스 토익 기출보카 TOEIC VOCA(토익보카) 단어장
아버지의 해방일지
원씽(The One Thing)(리커버 특별판)
The Scent of PAGE : 룸스프레이 60ml
윤혜정의 개념의 나비효과 입문 편
불편한 편의점(40만부 기념 벚꽃 에디션)
2023 해커스 토익 RC 리딩(Reading) 토익 기본서
2023 해커스 토익 LC 리스닝(Listening) 토익 기본서
2023 황현필의 한국사 일력
EBS 윤혜정의 개념의 나비효과
이토록 평범한 미래
역행자
어른이 되기 전에 꼭 한 번은 논어를 읽어라 1
ETS 토익 정기시험 기출문제집 1000 Vol 3 LISTENING(리스닝)
2023 큰별쌤 최태성의 별별한국사 한국사능력검정시험 심화(1,2,3급)(상)
ETS 토익 정기시험 기출문제집 1000 Vol 3 READING(리딩)
2023 해커스 토익 실전 1000제 1 RC Reading(리딩) 문제집
내가 틀릴 수도 있습니다(화이트 에디션)
2023 해커스 토익 실전 1000제 1 LC Listening(리스닝) 문제집
물고기는 존재하지 않는다
불편한 편의점 2(단풍 에디션)
토익 단기공략 750+(LC+RC)
오투 중등 과학 3-1(2023)
2023 큰별쌤 최태성의 별별한국사 한국사능력검정시험 심화(1,2,3급)(하)
오늘 밤, 세계에서 이 사랑이 사라진다 해도
오투 중등 과학 2-1(2023)
한 권으로 끝내는 해커스 토익 700+ (LC+RC+VOCA)
윤혜정의 개념의 나비효과 입문편 워크북
심리학이 제갈량에게 말하다 1
하얼빈
부자 아빠 가난한 아빠 1(20주년 특별 기념판)
마흔에 읽는 니체
쎈 고등 수학1(2023)
대한민국 산업지도(2023)
예비 매3비 매일 지문 3개씩 푸는 비문학 독서 기출
해커스 토익 스타트 리딩(Reading) RC
레버리지
나도 모르는 내 마음의 심리법칙
워드마스터 수능 2000
idx : 41
cycle : 34

data:,
kyobo_best_v1
keyword :  / input page:0 / n:
start kyobo
cycle : 35

data:,
kyobo_best_v1
keyword :  / input page:0 / n:
start kyobo
cycle : 36

data:,
kyobo_best_v1
keyword :  / input page:0 / n:
start kyobo
cycle : 37

data:,
kyobo_best_v1
keyword :  / input page:0 / n:
start kyobo
cycle : 38

data:,
kyobo_best_v1
keyword :  / input page:0 / n:
start kyobo
스카이 버스
만일 내가 인생을 다시 산다면(10만 부 기념 스페셜 에디션)
트렌드 코리아 2023
해커스 토익 기출보카 TOEIC VOCA(토익보카) 단어장
아버지의 해방일지
원씽(The One Thing)(리커버 특별판)
The Scent of PAGE : 룸스프레이 60ml
윤혜정의 개념의 나비효과 입문 편
불편한 편의점(40만부 기념 벚꽃 에디션)
2023 해커스 토익 RC 리딩(Reading) 토익 기본서
2023 해커스 토익 LC 리스닝(Listening) 토익 기본서
2023 황현필의 한국사 일력
EBS 윤혜정의 개념의 나비효과
이토록 평범한 미래
역행자
어른이 되기 전에 꼭 한 번은 논어를 읽어라 1
ETS 토익 정기시험 기출문제집 1000 Vol 3 LISTENING(리스닝)
2023 큰별쌤 최태성의 별별한국사 한국사능력검정시험 심화(1,2,3급)(상)
ETS 토익 정기시험 기출문제집 1000 Vol 3 READING(리딩)
2023 해커스 토익 실전 1000제 1 RC Reading(리딩) 문제집
내가 틀릴 수도 있습니다(화이트 에디션)
2023 해커스 토익 실전 1000제 1 LC Listening(리스닝) 문제집
물고기는 존재하지 않는다
불편한 편의점 2(단풍 에디션)
토익 단기공략 750+(LC+RC)
오투 중등 과학 3-1(2023)
2023 큰별쌤 최태성의 별별한국사 한국사능력검정시험 심화(1,2,3급)(하)
오늘 밤, 세계에서 이 사랑이 사라진다 해도
오투 중등 과학 2-1(2023)
한 권으로 끝내는 해커스 토익 700+ (LC+RC+VOCA)
윤혜정의 개념의 나비효과 입문편 워크북
심리학이 제갈량에게 말하다 1
하얼빈
부자 아빠 가난한 아빠 1(20주년 특별 기념판)
마흔에 읽는 니체
쎈 고등 수학1(2023)
대한민국 산업지도(2023)
예비 매3비 매일 지문 3개씩 푸는 비문학 독서 기출
해커스 토익 스타트 리딩(Reading) RC
레버리지
나도 모르는 내 마음의 심리법칙
워드마스터 수능 2000
idx : 41
cycle : 39

data:,
kyobo_best_v1
keyword :  / input page:0 / n:
start kyobo
스카이 버스
만일 내가 인생을 다시 산다면(10만 부 기념 스페셜 에디션)
트렌드 코리아 2023
해커스 토익 기출보카 TOEIC VOCA(토익보카) 단어장
아버지의 해방일지
원씽(The One Thing)(리커버 특별판)
The Scent of PAGE : 룸스프레이 60ml
윤혜정의 개념의 나비효과 입문 편
불편한 편의점(40만부 기념 벚꽃 에디션)
2023 해커스 토익 RC 리딩(Reading) 토익 기본서
2023 해커스 토익 LC 리스닝(Listening) 토익 기본서
2023 황현필의 한국사 일력
EBS 윤혜정의 개념의 나비효과
이토록 평범한 미래
역행자
어른이 되기 전에 꼭 한 번은 논어를 읽어라 1
ETS 토익 정기시험 기출문제집 1000 Vol 3 LISTENING(리스닝)
2023 큰별쌤 최태성의 별별한국사 한국사능력검정시험 심화(1,2,3급)(상)
ETS 토익 정기시험 기출문제집 1000 Vol 3 READING(리딩)
2023 해커스 토익 실전 1000제 1 RC Reading(리딩) 문제집
내가 틀릴 수도 있습니다(화이트 에디션)
2023 해커스 토익 실전 1000제 1 LC Listening(리스닝) 문제집
물고기는 존재하지 않는다
불편한 편의점 2(단풍 에디션)
토익 단기공략 750+(LC+RC)
오투 중등 과학 3-1(2023)
2023 큰별쌤 최태성의 별별한국사 한국사능력검정시험 심화(1,2,3급)(하)
오늘 밤, 세계에서 이 사랑이 사라진다 해도
오투 중등 과학 2-1(2023)
한 권으로 끝내는 해커스 토익 700+ (LC+RC+VOCA)
윤혜정의 개념의 나비효과 입문편 워크북
심리학이 제갈량에게 말하다 1
하얼빈
부자 아빠 가난한 아빠 1(20주년 특별 기념판)
마흔에 읽는 니체
쎈 고등 수학1(2023)
대한민국 산업지도(2023)
예비 매3비 매일 지문 3개씩 푸는 비문학 독서 기출
해커스 토익 스타트 리딩(Reading) RC
레버리지
내가 틀릴 수도 있습니다(화이트 에디션)
2023 해커스 토익 실전 1000제 1 LC Listening(리스닝) 문제집
물고기는 존재하지 않는다
불편한 편의점 2(단풍 에디션)
토익 단기공략 750+(LC+RC)
오투 중등 과학 3-1(2023)
2023 큰별쌤 최태성의 별별한국사 한국사능력검정시험 심화(1,2,3급)(하)
오늘 밤, 세계에서 이 사랑이 사라진다 해도
오투 중등 과학 2-1(2023)
한 권으로 끝내는 해커스 토익 700+ (LC+RC+VOCA)
윤혜정의 개념의 나비효과 입문편 워크북
심리학이 제갈량에게 말하다 1
하얼빈
부자 아빠 가난한 아빠 1(20주년 특별 기념판)
마흔에 읽는 니체
쎈 고등 수학1(2023)
대한민국 산업지도(2023)
예비 매3비 매일 지문 3개씩 푸는 비문학 독서 기출
해커스 토익 스타트 리딩(Reading) RC
레버리지
나도 모르는 내 마음의 심리법칙
워드마스터 수능 2000
cycle : 40

data:,
kyobo_best_v1
keyword :  / input page:0 / n:
start kyobo
cycle : 41

data:,
kyobo_best_v1
keyword :  / input page:0 / n:
start kyobo
cycle : 42

data:,
kyobo_best_v1
keyword :  / input page:0 / n:
start kyobo
cycle : 43

data:,
kyobo_best_v1
keyword :  / input page:0 / n:
start kyobo
스카이 버스
만일 내가 인생을 다시 산다면(10만 부 기념 스페셜 에디션)
트렌드 코리아 2023
해커스 토익 기출보카 TOEIC VOCA(토익보카) 단어장
아버지의 해방일지
원씽(The One Thing)(리커버 특별판)
The Scent of PAGE : 룸스프레이 60ml
윤혜정의 개념의 나비효과 입문 편
불편한 편의점(40만부 기념 벚꽃 에디션)
2023 해커스 토익 RC 리딩(Reading) 토익 기본서
2023 해커스 토익 LC 리스닝(Listening) 토익 기본서
2023 황현필의 한국사 일력
EBS 윤혜정의 개념의 나비효과
이토록 평범한 미래
역행자
어른이 되기 전에 꼭 한 번은 논어를 읽어라 1
ETS 토익 정기시험 기출문제집 1000 Vol 3 LISTENING(리스닝)
2023 큰별쌤 최태성의 별별한국사 한국사능력검정시험 심화(1,2,3급)(상)
ETS 토익 정기시험 기출문제집 1000 Vol 3 READING(리딩)
2023 해커스 토익 실전 1000제 1 RC Reading(리딩) 문제집
내가 틀릴 수도 있습니다(화이트 에디션)
2023 해커스 토익 실전 1000제 1 LC Listening(리스닝) 문제집
물고기는 존재하지 않는다
불편한 편의점 2(단풍 에디션)
토익 단기공략 750+(LC+RC)
오투 중등 과학 3-1(2023)
2023 큰별쌤 최태성의 별별한국사 한국사능력검정시험 심화(1,2,3급)(하)
오늘 밤, 세계에서 이 사랑이 사라진다 해도
오투 중등 과학 2-1(2023)
한 권으로 끝내는 해커스 토익 700+ (LC+RC+VOCA)
윤혜정의 개념의 나비효과 입문편 워크북
심리학이 제갈량에게 말하다 1
하얼빈
부자 아빠 가난한 아빠 1(20주년 특별 기념판)
마흔에 읽는 니체
쎈 고등 수학1(2023)
대한민국 산업지도(2023)
예비 매3비 매일 지문 3개씩 푸는 비문학 독서 기출
해커스 토익 스타트 리딩(Reading) RC
레버리지
내가 틀릴 수도 있습니다(화이트 에디션)
2023 해커스 토익 실전 1000제 1 LC Listening(리스닝) 문제집
물고기는 존재하지 않는다
불편한 편의점 2(단풍 에디션)
cycle : 44

data:,
kyobo_best_v1
keyword :  / input page:0 / n:
start kyobo
cycle : 45

data:,
kyobo_best_v1
keyword :  / input page:0 / n:
start kyobo
스카이 버스
만일 내가 인생을 다시 산다면(10만 부 기념 스페셜 에디션)
트렌드 코리아 2023
해커스 토익 기출보카 TOEIC VOCA(토익보카) 단어장
아버지의 해방일지
원씽(The One Thing)(리커버 특별판)
The Scent of PAGE : 룸스프레이 60ml
윤혜정의 개념의 나비효과 입문 편
불편한 편의점(40만부 기념 벚꽃 에디션)
2023 해커스 토익 RC 리딩(Reading) 토익 기본서
2023 해커스 토익 LC 리스닝(Listening) 토익 기본서
2023 황현필의 한국사 일력
EBS 윤혜정의 개념의 나비효과
이토록 평범한 미래
역행자
어른이 되기 전에 꼭 한 번은 논어를 읽어라 1
ETS 토익 정기시험 기출문제집 1000 Vol 3 LISTENING(리스닝)
2023 큰별쌤 최태성의 별별한국사 한국사능력검정시험 심화(1,2,3급)(상)
ETS 토익 정기시험 기출문제집 1000 Vol 3 READING(리딩)
2023 해커스 토익 실전 1000제 1 RC Reading(리딩) 문제집
스카이 버스
만일 내가 인생을 다시 산다면(10만 부 기념 스페셜 에디션)
트렌드 코리아 2023
해커스 토익 기출보카 TOEIC VOCA(토익보카) 단어장
아버지의 해방일지
원씽(The One Thing)(리커버 특별판)
The Scent of PAGE : 룸스프레이 60ml
윤혜정의 개념의 나비효과 입문 편
불편한 편의점(40만부 기념 벚꽃 에디션)
2023 해커스 토익 RC 리딩(Reading) 토익 기본서
2023 해커스 토익 LC 리스닝(Listening) 토익 기본서
2023 황현필의 한국사 일력
EBS 윤혜정의 개념의 나비효과
이토록 평범한 미래
역행자
어른이 되기 전에 꼭 한 번은 논어를 읽어라 1
ETS 토익 정기시험 기출문제집 1000 Vol 3 LISTENING(리스닝)
2023 큰별쌤 최태성의 별별한국사 한국사능력검정시험 심화(1,2,3급)(상)
ETS 토익 정기시험 기출문제집 1000 Vol 3 READING(리딩)
2023 해커스 토익 실전 1000제 1 RC Reading(리딩) 문제집
cycle : 46

data:,
kyobo_best_v1
keyword :  / input page:0 / n:
start kyobo
스카이 버스
만일 내가 인생을 다시 산다면(10만 부 기념 스페셜 에디션)
트렌드 코리아 2023
해커스 토익 기출보카 TOEIC VOCA(토익보카) 단어장
아버지의 해방일지
원씽(The One Thing)(리커버 특별판)
The Scent of PAGE : 룸스프레이 60ml
윤혜정의 개념의 나비효과 입문 편
불편한 편의점(40만부 기념 벚꽃 에디션)
2023 해커스 토익 RC 리딩(Reading) 토익 기본서
2023 해커스 토익 LC 리스닝(Listening) 토익 기본서
2023 황현필의 한국사 일력
EBS 윤혜정의 개념의 나비효과
이토록 평범한 미래
역행자
어른이 되기 전에 꼭 한 번은 논어를 읽어라 1
ETS 토익 정기시험 기출문제집 1000 Vol 3 LISTENING(리스닝)
2023 큰별쌤 최태성의 별별한국사 한국사능력검정시험 심화(1,2,3급)(상)
ETS 토익 정기시험 기출문제집 1000 Vol 3 READING(리딩)
2023 해커스 토익 실전 1000제 1 RC Reading(리딩) 문제집
내가 틀릴 수도 있습니다(화이트 에디션)
2023 해커스 토익 실전 1000제 1 LC Listening(리스닝) 문제집
물고기는 존재하지 않는다
불편한 편의점 2(단풍 에디션)
토익 단기공략 750+(LC+RC)
오투 중등 과학 3-1(2023)
2023 큰별쌤 최태성의 별별한국사 한국사능력검정시험 심화(1,2,3급)(하)
오늘 밤, 세계에서 이 사랑이 사라진다 해도
오투 중등 과학 2-1(2023)
한 권으로 끝내는 해커스 토익 700+ (LC+RC+VOCA)
윤혜정의 개념의 나비효과 입문편 워크북
심리학이 제갈량에게 말하다 1
하얼빈
부자 아빠 가난한 아빠 1(20주년 특별 기념판)
마흔에 읽는 니체
쎈 고등 수학1(2023)
대한민국 산업지도(2023)
예비 매3비 매일 지문 3개씩 푸는 비문학 독서 기출
해커스 토익 스타트 리딩(Reading) RC
레버리지
나도 모르는 내 마음의 심리법칙
워드마스터 수능 2000
idx : 41
cycle : 47

data:,
kyobo_best_v1
keyword :  / input page:0 / n:
start kyobo
스카이 버스
만일 내가 인생을 다시 산다면(10만 부 기념 스페셜 에디션)
트렌드 코리아 2023
해커스 토익 기출보카 TOEIC VOCA(토익보카) 단어장
아버지의 해방일지
원씽(The One Thing)(리커버 특별판)
The Scent of PAGE : 룸스프레이 60ml
윤혜정의 개념의 나비효과 입문 편
불편한 편의점(40만부 기념 벚꽃 에디션)
2023 해커스 토익 RC 리딩(Reading) 토익 기본서
2023 해커스 토익 LC 리스닝(Listening) 토익 기본서
2023 황현필의 한국사 일력
EBS 윤혜정의 개념의 나비효과
이토록 평범한 미래
역행자
어른이 되기 전에 꼭 한 번은 논어를 읽어라 1
ETS 토익 정기시험 기출문제집 1000 Vol 3 LISTENING(리스닝)
2023 큰별쌤 최태성의 별별한국사 한국사능력검정시험 심화(1,2,3급)(상)
ETS 토익 정기시험 기출문제집 1000 Vol 3 READING(리딩)
2023 해커스 토익 실전 1000제 1 RC Reading(리딩) 문제집
내가 틀릴 수도 있습니다(화이트 에디션)
2023 해커스 토익 실전 1000제 1 LC Listening(리스닝) 문제집
물고기는 존재하지 않는다
불편한 편의점 2(단풍 에디션)
토익 단기공략 750+(LC+RC)
오투 중등 과학 3-1(2023)
2023 큰별쌤 최태성의 별별한국사 한국사능력검정시험 심화(1,2,3급)(하)
오늘 밤, 세계에서 이 사랑이 사라진다 해도
오투 중등 과학 2-1(2023)
한 권으로 끝내는 해커스 토익 700+ (LC+RC+VOCA)
윤혜정의 개념의 나비효과 입문편 워크북
심리학이 제갈량에게 말하다 1
하얼빈
부자 아빠 가난한 아빠 1(20주년 특별 기념판)
마흔에 읽는 니체
쎈 고등 수학1(2023)
대한민국 산업지도(2023)
예비 매3비 매일 지문 3개씩 푸는 비문학 독서 기출
해커스 토익 스타트 리딩(Reading) RC
레버리지
cycle : 48

data:,
kyobo_best_v1
keyword :  / input page:0 / n:
start kyobo
스카이 버스
만일 내가 인생을 다시 산다면(10만 부 기념 스페셜 에디션)
트렌드 코리아 2023
해커스 토익 기출보카 TOEIC VOCA(토익보카) 단어장
아버지의 해방일지
원씽(The One Thing)(리커버 특별판)
The Scent of PAGE : 룸스프레이 60ml
윤혜정의 개념의 나비효과 입문 편
불편한 편의점(40만부 기념 벚꽃 에디션)
2023 해커스 토익 RC 리딩(Reading) 토익 기본서
2023 해커스 토익 LC 리스닝(Listening) 토익 기본서
2023 황현필의 한국사 일력
EBS 윤혜정의 개념의 나비효과
이토록 평범한 미래
역행자
어른이 되기 전에 꼭 한 번은 논어를 읽어라 1
ETS 토익 정기시험 기출문제집 1000 Vol 3 LISTENING(리스닝)
2023 큰별쌤 최태성의 별별한국사 한국사능력검정시험 심화(1,2,3급)(상)
ETS 토익 정기시험 기출문제집 1000 Vol 3 READING(리딩)
2023 해커스 토익 실전 1000제 1 RC Reading(리딩) 문제집
내가 틀릴 수도 있습니다(화이트 에디션)
2023 해커스 토익 실전 1000제 1 LC Listening(리스닝) 문제집
물고기는 존재하지 않는다
불편한 편의점 2(단풍 에디션)
토익 단기공략 750+(LC+RC)
오투 중등 과학 3-1(2023)
2023 큰별쌤 최태성의 별별한국사 한국사능력검정시험 심화(1,2,3급)(하)
오늘 밤, 세계에서 이 사랑이 사라진다 해도
오투 중등 과학 2-1(2023)
한 권으로 끝내는 해커스 토익 700+ (LC+RC+VOCA)
윤혜정의 개념의 나비효과 입문편 워크북
심리학이 제갈량에게 말하다 1
하얼빈
부자 아빠 가난한 아빠 1(20주년 특별 기념판)
마흔에 읽는 니체
쎈 고등 수학1(2023)
대한민국 산업지도(2023)
예비 매3비 매일 지문 3개씩 푸는 비문학 독서 기출
해커스 토익 스타트 리딩(Reading) RC
레버리지
나도 모르는 내 마음의 심리법칙
워드마스터 수능 2000
idx : 41
cycle : 49

data:,
kyobo_best_v1
keyword :  / input page:0 / n:
start kyobo
스카이 버스
만일 내가 인생을 다시 산다면(10만 부 기념 스페셜 에디션)
트렌드 코리아 2023
해커스 토익 기출보카 TOEIC VOCA(토익보카) 단어장
아버지의 해방일지
원씽(The One Thing)(리커버 특별판)
The Scent of PAGE : 룸스프레이 60ml
윤혜정의 개념의 나비효과 입문 편
불편한 편의점(40만부 기념 벚꽃 에디션)
2023 해커스 토익 RC 리딩(Reading) 토익 기본서
2023 해커스 토익 LC 리스닝(Listening) 토익 기본서
2023 황현필의 한국사 일력
EBS 윤혜정의 개념의 나비효과
이토록 평범한 미래
역행자
어른이 되기 전에 꼭 한 번은 논어를 읽어라 1
ETS 토익 정기시험 기출문제집 1000 Vol 3 LISTENING(리스닝)
2023 큰별쌤 최태성의 별별한국사 한국사능력검정시험 심화(1,2,3급)(상)
ETS 토익 정기시험 기출문제집 1000 Vol 3 READING(리딩)
2023 해커스 토익 실전 1000제 1 RC Reading(리딩) 문제집
내가 틀릴 수도 있습니다(화이트 에디션)
2023 해커스 토익 실전 1000제 1 LC Listening(리스닝) 문제집
물고기는 존재하지 않는다
불편한 편의점 2(단풍 에디션)
토익 단기공략 750+(LC+RC)
오투 중등 과학 3-1(2023)
2023 큰별쌤 최태성의 별별한국사 한국사능력검정시험 심화(1,2,3급)(하)
오늘 밤, 세계에서 이 사랑이 사라진다 해도
오투 중등 과학 2-1(2023)
한 권으로 끝내는 해커스 토익 700+ (LC+RC+VOCA)
윤혜정의 개념의 나비효과 입문편 워크북
심리학이 제갈량에게 말하다 1
하얼빈
부자 아빠 가난한 아빠 1(20주년 특별 기념판)
마흔에 읽는 니체
쎈 고등 수학1(2023)
대한민국 산업지도(2023)
예비 매3비 매일 지문 3개씩 푸는 비문학 독서 기출
해커스 토익 스타트 리딩(Reading) RC
레버리지
나도 모르는 내 마음의 심리법칙
워드마스터 수능 2000
idx : 41
