timeStamp : 2023-01-10 00:53:35
cycle : 1

data:,
aladin_best_v1
keyword :  / input page:0 / n:
스카이 버스
아버지의 해방일지
도쿄 에일리언즈 5
만일 내가 인생을 다시 산다면 (10만 부 기념 스페셜 에디션)
도쿄 에일리언즈 5 (소책자 + 홀로그램 양면 일러스트 카드 + 종이 미니 등신대 포함 특장판)
이토록 평범한 미래
트렌드 코리아 2023
2023 큰별쌤 최태성의 별★별한국사 한국사능력검정시험 심화(1, 2, 3급) 상
무조건 합격하는 암기의 기술
2023 큰별쌤 최태성의 별★별한국사 한국사능력검정시험 심화(1, 2, 3급) 하
원씽 The One Thing (리커버 특별판)
ETS 토익 정기시험 기출문제집 1000 Vol. 3 Reading (리딩)
해커스 토익 기출 보카 TOEIC VOCA 단어장
ETS 토익 정기시험 기출문제집 1000 Vol. 3 Listening (리스닝)
오늘 밤, 세계에서 이 사랑이 사라진다 해도
쿼런틴
불편한 편의점 (40만부 기념 벚꽃 에디션)
불편한 편의점 2 (단풍 에디션)
물고기는 존재하지 않는다
내가 틀릴 수도 있습니다 (리커버)
서울 부동산 절대원칙
사람을 얻는 지혜 (스페인어 원전 완역본)
마케팅 설계자
역행자
2023 황현필의 한국사 일력
인생의 역사
주술회전 21 (초판한정 스페셜 일러스트 카드 + 선착순 한정 후시구로 메구미 포토 카드 포함 특장판)
미스터 프레지던트
거의 모든 일상 표현의 영어
슬램덩크 신장재편판 20
이은경쌤의 초등어휘일력 365 (스프링)
슬램덩크 신장재편판 1
슬램덩크 신장재편판 19
하얼빈
해커스 토익 RC 리딩 READING 토익 기본서 2023 최신개정판
슬램덩크 신장재편판 17
슬램덩크 신장재편판 16
슬램덩크 신장재편판 18
슬램덩크 신장재편판 5
슬램덩크 신장재편판 3
슬램덩크 신장재편판 15
슬램덩크 신장재편판 4
슬램덩크 신장재편판 11
슬램덩크 신장재편판 14
슬램덩크 신장재편판 12
슬램덩크 신장재편판 13
슬램덩크 신장재편판 6
안젤리크
슬램덩크 신장재편판 2
슬램덩크 신장재편판 9
슬램덩크 신장재편판 7
슬램덩크 그로부터 10일 후 (SLAM DUNK 10 DAYS AFTER)
상대적이며 절대적인 고양이 백과사전
슬램덩크 신장재편판 8
5년 후 나에게 - Q&A a day (2023 Sandglass Edition)
열혈강호 87
마법천자문 56
스파이 패밀리 10
사라진 소녀들의 숲
데일리 크리에이티브
해커스 토익 LC 리스닝 LISTENING 2023 최신개정판
ETS 토익기출 파트별 VOCA 보카
모든 것은 기본에서 시작한다
레버리지 (양장)
슬램덩크 신장재편판 10
파친코 2
오늘 밤, 세계에서 이 눈물이 사라진다 해도
겨울 이불
다시, 어떻게 읽을 것인가
타시로, 너란 녀석은 3
2023 큰별쌤 최태성의 별★별한국사 시대별 기출문제집 한국사능력검정시험 심화(1,2,3급)
베싸육아
참을 수 없는 존재의 가벼움
공부 독립
사피엔스
흔한남매 12
그릿 GRIT (50만부 판매 기념 리커버 골드에디션)
파친코 1
2023 간호사 국가고시 5일 완성 파이널 모의고사
데일 카네기 인간관계론
월간순정 노자키 군 14
난장이가 쏘아올린 작은 공
8주간의 기적 근육의 부활
나는 오래된 거리처럼 너를 사랑하고
2023 상장 기업 업종 지도
당신도 느리게 나이 들 수 있습니다
화산귀환 1~2 세트 - 전2권 (윷놀이 세트 + 미니 윷놀이 말판 + 엽서 2종 포함 한정판)
해커스 보카 (Hackers Vocabulary)
다산, 어른의 하루
명탐정 코난 102
기분이 태도가 되지 말자
우리, 편하게 말해요
인듀어런스
우리는 각자의 세계가 된다
김경일의 지혜로운 인간생활
지랄발랄 하은맘의 닥치고 군대 육아
해커스 토익 실전 1000제 1 RC Reading 문제집 (리딩)
마흔에 읽는 니체
데일 카네기 자기관리론
부자 아빠 가난한 아빠 1 (20주년 특별 기념판)
자녀교육 절대공식
지적 대화를 위한 넓고 얕은 지식 1
돈의 속성 (200쇄 리커버 에디션, 양장)
코스모스
세상에서 가장 쉬운 본질육아 (러브드 에디션)
해커스 토익 실전 1000제 1 LC Listening 문제집 (리스닝)
이 책은 돈 버는 법에 관한 이야기
슬픔을 공부하는 슬픔 (리커버, 양장)
아주 작은 습관의 힘
키위엔 영어회화 하루 5분의 기적
열린 어둠
PLUS/SLAM DUNK ILLUSTRATIONS 2 플러스/슬램덩크 일러스트 화보집 2
슬픔의 방문
넌 대체 몇 년째 영어 공부를 하고 있는 거니?
생리는 처음이야
부의 추월차선 (10주년 스페셜 에디션)
진짜 쓰는 실무 엑셀
2023 시나공 정보처리기사 필기
일생에 단 한번은 독기를 품어라
박시백의 고려사 3
천문학자는 별을 보지 않는다
전지적 독자 시점 Part 2 & 3 : 굿즈키트 세트 - 전6권
회복탄력성 (15만부 기념 리커버)
헤어질 결심 각본
Stick 스틱! (15주년 기념판)
해커스 일본어 첫걸음 : 기초 20일 독학 완성!
노르웨이처럼 투자하라
총 균 쇠 (양장)
사랑의 이해
슬램덩크 오리지널 박스판 26~31 세트 - 전6권
2023 수제비 정보처리기사 필기 1권+2권 합본세트 - 전2권
슬램덩크 완전판 프리미엄 박스판 1~5권 세트 - 전5권
설민석의 한국사 대모험 23
머니 트렌드 2023
슬램덩크 오리지널 박스판 1~5 세트 - 전5권
운의 심리학
하루 한 장 고전 수업
나의 소중한 파올라 레이나를 위하여 vol.2
두 번째 원고
도쿄 리벤저스 29
정재승의 인류 탐험 보고서 5
2023 강해준 파이널 전범위 모의고사
슬램덩크 완전판 프리미엄 박스판 6~10권 세트 - 전5권
조국의 법고전 산책
죽음의 수용소에서
긴긴밤
타이탄의 도구들 (블랙 에디션)
ETS 토익 단기 공략 750+ (LC + RC)
슬램덩크 오리지널 박스판 21~25 세트 - 전5권
게임 : 행위성의 예술
