timeStamp : 2023-01-04 12:00:29
cycle : 1

data:,
kyobo_best_v1
keyword :  / input page:0 / n:
start kyobo
스카이 버스
만일 내가 인생을 다시 산다면(10만 부 기념 스페셜 에디션)
트렌드 코리아 2023
해커스 토익 기출보카 TOEIC VOCA(토익보카) 단어장
아버지의 해방일지
원씽(The One Thing)(리커버 특별판)
The Scent of PAGE : 룸스프레이 60ml
윤혜정의 개념의 나비효과 입문 편
불편한 편의점(40만부 기념 벚꽃 에디션)
2023 해커스 토익 RC 리딩(Reading) 토익 기본서
2023 해커스 토익 LC 리스닝(Listening) 토익 기본서
2023 황현필의 한국사 일력
EBS 윤혜정의 개념의 나비효과
이토록 평범한 미래
역행자
어른이 되기 전에 꼭 한 번은 논어를 읽어라 1
ETS 토익 정기시험 기출문제집 1000 Vol 3 LISTENING(리스닝)
2023 큰별쌤 최태성의 별별한국사 한국사능력검정시험 심화(1,2,3급)(상)
ETS 토익 정기시험 기출문제집 1000 Vol 3 READING(리딩)
2023 해커스 토익 실전 1000제 1 RC Reading(리딩) 문제집
------------------------------
cycle : 2

data:,
kyobo_best_v1
keyword :  / input page:0 / n:
start kyobo
스카이 버스
만일 내가 인생을 다시 산다면(10만 부 기념 스페셜 에디션)
트렌드 코리아 2023
해커스 토익 기출보카 TOEIC VOCA(토익보카) 단어장
아버지의 해방일지
원씽(The One Thing)(리커버 특별판)
The Scent of PAGE : 룸스프레이 60ml
윤혜정의 개념의 나비효과 입문 편
불편한 편의점(40만부 기념 벚꽃 에디션)
2023 해커스 토익 RC 리딩(Reading) 토익 기본서
2023 해커스 토익 LC 리스닝(Listening) 토익 기본서
2023 황현필의 한국사 일력
EBS 윤혜정의 개념의 나비효과
이토록 평범한 미래
역행자
어른이 되기 전에 꼭 한 번은 논어를 읽어라 1
ETS 토익 정기시험 기출문제집 1000 Vol 3 LISTENING(리스닝)
2023 큰별쌤 최태성의 별별한국사 한국사능력검정시험 심화(1,2,3급)(상)
ETS 토익 정기시험 기출문제집 1000 Vol 3 READING(리딩)
2023 해커스 토익 실전 1000제 1 RC Reading(리딩) 문제집
------------------------------
cycle : 3

data:,
kyobo_best_v1
keyword :  / input page:0 / n:
start kyobo
스카이 버스
만일 내가 인생을 다시 산다면(10만 부 기념 스페셜 에디션)
트렌드 코리아 2023
해커스 토익 기출보카 TOEIC VOCA(토익보카) 단어장
아버지의 해방일지
원씽(The One Thing)(리커버 특별판)
The Scent of PAGE : 룸스프레이 60ml
윤혜정의 개념의 나비효과 입문 편
불편한 편의점(40만부 기념 벚꽃 에디션)
2023 해커스 토익 RC 리딩(Reading) 토익 기본서
2023 해커스 토익 LC 리스닝(Listening) 토익 기본서
2023 황현필의 한국사 일력
EBS 윤혜정의 개념의 나비효과
이토록 평범한 미래
역행자
어른이 되기 전에 꼭 한 번은 논어를 읽어라 1
ETS 토익 정기시험 기출문제집 1000 Vol 3 LISTENING(리스닝)
2023 큰별쌤 최태성의 별별한국사 한국사능력검정시험 심화(1,2,3급)(상)
ETS 토익 정기시험 기출문제집 1000 Vol 3 READING(리딩)
2023 해커스 토익 실전 1000제 1 RC Reading(리딩) 문제집
------------------------------
cycle : 4

data:,
kyobo_best_v1
keyword :  / input page:0 / n:
start kyobo
스카이 버스
만일 내가 인생을 다시 산다면(10만 부 기념 스페셜 에디션)
트렌드 코리아 2023
해커스 토익 기출보카 TOEIC VOCA(토익보카) 단어장
아버지의 해방일지
원씽(The One Thing)(리커버 특별판)
The Scent of PAGE : 룸스프레이 60ml
윤혜정의 개념의 나비효과 입문 편
불편한 편의점(40만부 기념 벚꽃 에디션)
2023 해커스 토익 RC 리딩(Reading) 토익 기본서
2023 해커스 토익 LC 리스닝(Listening) 토익 기본서
2023 황현필의 한국사 일력
EBS 윤혜정의 개념의 나비효과
이토록 평범한 미래
역행자
어른이 되기 전에 꼭 한 번은 논어를 읽어라 1
ETS 토익 정기시험 기출문제집 1000 Vol 3 LISTENING(리스닝)
2023 큰별쌤 최태성의 별별한국사 한국사능력검정시험 심화(1,2,3급)(상)
ETS 토익 정기시험 기출문제집 1000 Vol 3 READING(리딩)
2023 해커스 토익 실전 1000제 1 RC Reading(리딩) 문제집
------------------------------
cycle : 5

data:,
kyobo_best_v1
keyword :  / input page:0 / n:
start kyobo
스카이 버스
만일 내가 인생을 다시 산다면(10만 부 기념 스페셜 에디션)
트렌드 코리아 2023
해커스 토익 기출보카 TOEIC VOCA(토익보카) 단어장
아버지의 해방일지
원씽(The One Thing)(리커버 특별판)
The Scent of PAGE : 룸스프레이 60ml
윤혜정의 개념의 나비효과 입문 편
불편한 편의점(40만부 기념 벚꽃 에디션)
2023 해커스 토익 RC 리딩(Reading) 토익 기본서
2023 해커스 토익 LC 리스닝(Listening) 토익 기본서
2023 황현필의 한국사 일력
EBS 윤혜정의 개념의 나비효과
이토록 평범한 미래
역행자
어른이 되기 전에 꼭 한 번은 논어를 읽어라 1
ETS 토익 정기시험 기출문제집 1000 Vol 3 LISTENING(리스닝)
2023 큰별쌤 최태성의 별별한국사 한국사능력검정시험 심화(1,2,3급)(상)
ETS 토익 정기시험 기출문제집 1000 Vol 3 READING(리딩)
2023 해커스 토익 실전 1000제 1 RC Reading(리딩) 문제집
------------------------------
cycle : 6

data:,
kyobo_best_v1
keyword :  / input page:0 / n:
start kyobo
스카이 버스
만일 내가 인생을 다시 산다면(10만 부 기념 스페셜 에디션)
트렌드 코리아 2023
해커스 토익 기출보카 TOEIC VOCA(토익보카) 단어장
아버지의 해방일지
원씽(The One Thing)(리커버 특별판)
The Scent of PAGE : 룸스프레이 60ml
윤혜정의 개념의 나비효과 입문 편
불편한 편의점(40만부 기념 벚꽃 에디션)
2023 해커스 토익 RC 리딩(Reading) 토익 기본서
2023 해커스 토익 LC 리스닝(Listening) 토익 기본서
2023 황현필의 한국사 일력
EBS 윤혜정의 개념의 나비효과
이토록 평범한 미래
역행자
어른이 되기 전에 꼭 한 번은 논어를 읽어라 1
ETS 토익 정기시험 기출문제집 1000 Vol 3 LISTENING(리스닝)
2023 큰별쌤 최태성의 별별한국사 한국사능력검정시험 심화(1,2,3급)(상)
ETS 토익 정기시험 기출문제집 1000 Vol 3 READING(리딩)
2023 해커스 토익 실전 1000제 1 RC Reading(리딩) 문제집
------------------------------
cycle : 7

data:,
kyobo_best_v1
keyword :  / input page:0 / n:
start kyobo
스카이 버스
만일 내가 인생을 다시 산다면(10만 부 기념 스페셜 에디션)
트렌드 코리아 2023
해커스 토익 기출보카 TOEIC VOCA(토익보카) 단어장
아버지의 해방일지
원씽(The One Thing)(리커버 특별판)
The Scent of PAGE : 룸스프레이 60ml
윤혜정의 개념의 나비효과 입문 편
불편한 편의점(40만부 기념 벚꽃 에디션)
2023 해커스 토익 RC 리딩(Reading) 토익 기본서
2023 해커스 토익 LC 리스닝(Listening) 토익 기본서
2023 황현필의 한국사 일력
EBS 윤혜정의 개념의 나비효과
이토록 평범한 미래
역행자
어른이 되기 전에 꼭 한 번은 논어를 읽어라 1
ETS 토익 정기시험 기출문제집 1000 Vol 3 LISTENING(리스닝)
2023 큰별쌤 최태성의 별별한국사 한국사능력검정시험 심화(1,2,3급)(상)
ETS 토익 정기시험 기출문제집 1000 Vol 3 READING(리딩)
2023 해커스 토익 실전 1000제 1 RC Reading(리딩) 문제집
------------------------------
cycle : 8

data:,
kyobo_best_v1
keyword :  / input page:0 / n:
start kyobo
------------------------------
cycle : 9

data:,
kyobo_best_v1
keyword :  / input page:0 / n:
start kyobo
스카이 버스
만일 내가 인생을 다시 산다면(10만 부 기념 스페셜 에디션)
트렌드 코리아 2023
해커스 토익 기출보카 TOEIC VOCA(토익보카) 단어장
아버지의 해방일지
원씽(The One Thing)(리커버 특별판)
The Scent of PAGE : 룸스프레이 60ml
윤혜정의 개념의 나비효과 입문 편
불편한 편의점(40만부 기념 벚꽃 에디션)
2023 해커스 토익 RC 리딩(Reading) 토익 기본서
2023 해커스 토익 LC 리스닝(Listening) 토익 기본서
2023 황현필의 한국사 일력
EBS 윤혜정의 개념의 나비효과
이토록 평범한 미래
역행자
어른이 되기 전에 꼭 한 번은 논어를 읽어라 1
ETS 토익 정기시험 기출문제집 1000 Vol 3 LISTENING(리스닝)
2023 큰별쌤 최태성의 별별한국사 한국사능력검정시험 심화(1,2,3급)(상)
ETS 토익 정기시험 기출문제집 1000 Vol 3 READING(리딩)
2023 해커스 토익 실전 1000제 1 RC Reading(리딩) 문제집
------------------------------
cycle : 10

data:,
kyobo_best_v1
keyword :  / input page:0 / n:
start kyobo
스카이 버스
만일 내가 인생을 다시 산다면(10만 부 기념 스페셜 에디션)
트렌드 코리아 2023
해커스 토익 기출보카 TOEIC VOCA(토익보카) 단어장
아버지의 해방일지
원씽(The One Thing)(리커버 특별판)
The Scent of PAGE : 룸스프레이 60ml
윤혜정의 개념의 나비효과 입문 편
불편한 편의점(40만부 기념 벚꽃 에디션)
2023 해커스 토익 RC 리딩(Reading) 토익 기본서
2023 해커스 토익 LC 리스닝(Listening) 토익 기본서
2023 황현필의 한국사 일력
EBS 윤혜정의 개념의 나비효과
이토록 평범한 미래
역행자
어른이 되기 전에 꼭 한 번은 논어를 읽어라 1
ETS 토익 정기시험 기출문제집 1000 Vol 3 LISTENING(리스닝)
2023 큰별쌤 최태성의 별별한국사 한국사능력검정시험 심화(1,2,3급)(상)
ETS 토익 정기시험 기출문제집 1000 Vol 3 READING(리딩)
2023 해커스 토익 실전 1000제 1 RC Reading(리딩) 문제집
------------------------------
cycle : 11

data:,
kyobo_best_v1
keyword :  / input page:0 / n:
start kyobo
스카이 버스
만일 내가 인생을 다시 산다면(10만 부 기념 스페셜 에디션)
트렌드 코리아 2023
해커스 토익 기출보카 TOEIC VOCA(토익보카) 단어장
아버지의 해방일지
원씽(The One Thing)(리커버 특별판)
The Scent of PAGE : 룸스프레이 60ml
윤혜정의 개념의 나비효과 입문 편
불편한 편의점(40만부 기념 벚꽃 에디션)
2023 해커스 토익 RC 리딩(Reading) 토익 기본서
2023 해커스 토익 LC 리스닝(Listening) 토익 기본서
2023 황현필의 한국사 일력
EBS 윤혜정의 개념의 나비효과
이토록 평범한 미래
역행자
어른이 되기 전에 꼭 한 번은 논어를 읽어라 1
ETS 토익 정기시험 기출문제집 1000 Vol 3 LISTENING(리스닝)
2023 큰별쌤 최태성의 별별한국사 한국사능력검정시험 심화(1,2,3급)(상)
ETS 토익 정기시험 기출문제집 1000 Vol 3 READING(리딩)
2023 해커스 토익 실전 1000제 1 RC Reading(리딩) 문제집
------------------------------
cycle : 12

data:,
kyobo_best_v1
keyword :  / input page:0 / n:
start kyobo
스카이 버스
만일 내가 인생을 다시 산다면(10만 부 기념 스페셜 에디션)
트렌드 코리아 2023
해커스 토익 기출보카 TOEIC VOCA(토익보카) 단어장
아버지의 해방일지
원씽(The One Thing)(리커버 특별판)
The Scent of PAGE : 룸스프레이 60ml
윤혜정의 개념의 나비효과 입문 편
불편한 편의점(40만부 기념 벚꽃 에디션)
2023 해커스 토익 RC 리딩(Reading) 토익 기본서
2023 해커스 토익 LC 리스닝(Listening) 토익 기본서
2023 황현필의 한국사 일력
EBS 윤혜정의 개념의 나비효과
이토록 평범한 미래
역행자
어른이 되기 전에 꼭 한 번은 논어를 읽어라 1
ETS 토익 정기시험 기출문제집 1000 Vol 3 LISTENING(리스닝)
2023 큰별쌤 최태성의 별별한국사 한국사능력검정시험 심화(1,2,3급)(상)
ETS 토익 정기시험 기출문제집 1000 Vol 3 READING(리딩)
2023 해커스 토익 실전 1000제 1 RC Reading(리딩) 문제집
------------------------------
cycle : 13

data:,
kyobo_best_v1
keyword :  / input page:0 / n:
start kyobo
스카이 버스
만일 내가 인생을 다시 산다면(10만 부 기념 스페셜 에디션)
트렌드 코리아 2023
해커스 토익 기출보카 TOEIC VOCA(토익보카) 단어장
아버지의 해방일지
원씽(The One Thing)(리커버 특별판)
The Scent of PAGE : 룸스프레이 60ml
윤혜정의 개념의 나비효과 입문 편
불편한 편의점(40만부 기념 벚꽃 에디션)
2023 해커스 토익 RC 리딩(Reading) 토익 기본서
2023 해커스 토익 LC 리스닝(Listening) 토익 기본서
2023 황현필의 한국사 일력
EBS 윤혜정의 개념의 나비효과
이토록 평범한 미래
역행자
어른이 되기 전에 꼭 한 번은 논어를 읽어라 1
ETS 토익 정기시험 기출문제집 1000 Vol 3 LISTENING(리스닝)
2023 큰별쌤 최태성의 별별한국사 한국사능력검정시험 심화(1,2,3급)(상)
ETS 토익 정기시험 기출문제집 1000 Vol 3 READING(리딩)
2023 해커스 토익 실전 1000제 1 RC Reading(리딩) 문제집
------------------------------
cycle : 14

data:,
kyobo_best_v1
keyword :  / input page:0 / n:
start kyobo
스카이 버스
만일 내가 인생을 다시 산다면(10만 부 기념 스페셜 에디션)
트렌드 코리아 2023
해커스 토익 기출보카 TOEIC VOCA(토익보카) 단어장
아버지의 해방일지
원씽(The One Thing)(리커버 특별판)
The Scent of PAGE : 룸스프레이 60ml
윤혜정의 개념의 나비효과 입문 편
불편한 편의점(40만부 기념 벚꽃 에디션)
2023 해커스 토익 RC 리딩(Reading) 토익 기본서
2023 해커스 토익 LC 리스닝(Listening) 토익 기본서
2023 황현필의 한국사 일력
EBS 윤혜정의 개념의 나비효과
이토록 평범한 미래
역행자
어른이 되기 전에 꼭 한 번은 논어를 읽어라 1
ETS 토익 정기시험 기출문제집 1000 Vol 3 LISTENING(리스닝)
2023 큰별쌤 최태성의 별별한국사 한국사능력검정시험 심화(1,2,3급)(상)
ETS 토익 정기시험 기출문제집 1000 Vol 3 READING(리딩)
2023 해커스 토익 실전 1000제 1 RC Reading(리딩) 문제집
------------------------------
cycle : 15

data:,
kyobo_best_v1
keyword :  / input page:0 / n:
start kyobo
스카이 버스
만일 내가 인생을 다시 산다면(10만 부 기념 스페셜 에디션)
트렌드 코리아 2023
해커스 토익 기출보카 TOEIC VOCA(토익보카) 단어장
아버지의 해방일지
원씽(The One Thing)(리커버 특별판)
The Scent of PAGE : 룸스프레이 60ml
윤혜정의 개념의 나비효과 입문 편
불편한 편의점(40만부 기념 벚꽃 에디션)
2023 해커스 토익 RC 리딩(Reading) 토익 기본서
2023 해커스 토익 LC 리스닝(Listening) 토익 기본서
2023 황현필의 한국사 일력
EBS 윤혜정의 개념의 나비효과
이토록 평범한 미래
역행자
어른이 되기 전에 꼭 한 번은 논어를 읽어라 1
ETS 토익 정기시험 기출문제집 1000 Vol 3 LISTENING(리스닝)
2023 큰별쌤 최태성의 별별한국사 한국사능력검정시험 심화(1,2,3급)(상)
ETS 토익 정기시험 기출문제집 1000 Vol 3 READING(리딩)
2023 해커스 토익 실전 1000제 1 RC Reading(리딩) 문제집
------------------------------
cycle : 16

data:,
kyobo_best_v1
keyword :  / input page:0 / n:
start kyobo
스카이 버스
만일 내가 인생을 다시 산다면(10만 부 기념 스페셜 에디션)
트렌드 코리아 2023
해커스 토익 기출보카 TOEIC VOCA(토익보카) 단어장
아버지의 해방일지
원씽(The One Thing)(리커버 특별판)
The Scent of PAGE : 룸스프레이 60ml
윤혜정의 개념의 나비효과 입문 편
불편한 편의점(40만부 기념 벚꽃 에디션)
2023 해커스 토익 RC 리딩(Reading) 토익 기본서
2023 해커스 토익 LC 리스닝(Listening) 토익 기본서
2023 황현필의 한국사 일력
EBS 윤혜정의 개념의 나비효과
이토록 평범한 미래
역행자
어른이 되기 전에 꼭 한 번은 논어를 읽어라 1
ETS 토익 정기시험 기출문제집 1000 Vol 3 LISTENING(리스닝)
2023 큰별쌤 최태성의 별별한국사 한국사능력검정시험 심화(1,2,3급)(상)
ETS 토익 정기시험 기출문제집 1000 Vol 3 READING(리딩)
2023 해커스 토익 실전 1000제 1 RC Reading(리딩) 문제집
------------------------------
cycle : 17

data:,
kyobo_best_v1
keyword :  / input page:0 / n:
start kyobo
스카이 버스
만일 내가 인생을 다시 산다면(10만 부 기념 스페셜 에디션)
트렌드 코리아 2023
해커스 토익 기출보카 TOEIC VOCA(토익보카) 단어장
아버지의 해방일지
원씽(The One Thing)(리커버 특별판)
The Scent of PAGE : 룸스프레이 60ml
윤혜정의 개념의 나비효과 입문 편
불편한 편의점(40만부 기념 벚꽃 에디션)
2023 해커스 토익 RC 리딩(Reading) 토익 기본서
2023 해커스 토익 LC 리스닝(Listening) 토익 기본서
2023 황현필의 한국사 일력
EBS 윤혜정의 개념의 나비효과
이토록 평범한 미래
역행자
어른이 되기 전에 꼭 한 번은 논어를 읽어라 1
ETS 토익 정기시험 기출문제집 1000 Vol 3 LISTENING(리스닝)
2023 큰별쌤 최태성의 별별한국사 한국사능력검정시험 심화(1,2,3급)(상)
ETS 토익 정기시험 기출문제집 1000 Vol 3 READING(리딩)
2023 해커스 토익 실전 1000제 1 RC Reading(리딩) 문제집
------------------------------
cycle : 18

data:,
kyobo_best_v1
keyword :  / input page:0 / n:
start kyobo
스카이 버스
만일 내가 인생을 다시 산다면(10만 부 기념 스페셜 에디션)
트렌드 코리아 2023
해커스 토익 기출보카 TOEIC VOCA(토익보카) 단어장
아버지의 해방일지
원씽(The One Thing)(리커버 특별판)
The Scent of PAGE : 룸스프레이 60ml
윤혜정의 개념의 나비효과 입문 편
불편한 편의점(40만부 기념 벚꽃 에디션)
2023 해커스 토익 RC 리딩(Reading) 토익 기본서
2023 해커스 토익 LC 리스닝(Listening) 토익 기본서
2023 황현필의 한국사 일력
EBS 윤혜정의 개념의 나비효과
이토록 평범한 미래
역행자
어른이 되기 전에 꼭 한 번은 논어를 읽어라 1
ETS 토익 정기시험 기출문제집 1000 Vol 3 LISTENING(리스닝)
2023 큰별쌤 최태성의 별별한국사 한국사능력검정시험 심화(1,2,3급)(상)
ETS 토익 정기시험 기출문제집 1000 Vol 3 READING(리딩)
2023 해커스 토익 실전 1000제 1 RC Reading(리딩) 문제집
------------------------------
cycle : 19

data:,
kyobo_best_v1
keyword :  / input page:0 / n:
start kyobo
스카이 버스
만일 내가 인생을 다시 산다면(10만 부 기념 스페셜 에디션)
트렌드 코리아 2023
해커스 토익 기출보카 TOEIC VOCA(토익보카) 단어장
아버지의 해방일지
원씽(The One Thing)(리커버 특별판)
The Scent of PAGE : 룸스프레이 60ml
윤혜정의 개념의 나비효과 입문 편
불편한 편의점(40만부 기념 벚꽃 에디션)
2023 해커스 토익 RC 리딩(Reading) 토익 기본서
2023 해커스 토익 LC 리스닝(Listening) 토익 기본서
2023 황현필의 한국사 일력
EBS 윤혜정의 개념의 나비효과
이토록 평범한 미래
역행자
어른이 되기 전에 꼭 한 번은 논어를 읽어라 1
ETS 토익 정기시험 기출문제집 1000 Vol 3 LISTENING(리스닝)
2023 큰별쌤 최태성의 별별한국사 한국사능력검정시험 심화(1,2,3급)(상)
ETS 토익 정기시험 기출문제집 1000 Vol 3 READING(리딩)
2023 해커스 토익 실전 1000제 1 RC Reading(리딩) 문제집
------------------------------
cycle : 20

data:,
kyobo_best_v1
keyword :  / input page:0 / n:
start kyobo
스카이 버스
만일 내가 인생을 다시 산다면(10만 부 기념 스페셜 에디션)
트렌드 코리아 2023
해커스 토익 기출보카 TOEIC VOCA(토익보카) 단어장
아버지의 해방일지
원씽(The One Thing)(리커버 특별판)
The Scent of PAGE : 룸스프레이 60ml
윤혜정의 개념의 나비효과 입문 편
불편한 편의점(40만부 기념 벚꽃 에디션)
2023 해커스 토익 RC 리딩(Reading) 토익 기본서
2023 해커스 토익 LC 리스닝(Listening) 토익 기본서
2023 황현필의 한국사 일력
EBS 윤혜정의 개념의 나비효과
이토록 평범한 미래
역행자
어른이 되기 전에 꼭 한 번은 논어를 읽어라 1
ETS 토익 정기시험 기출문제집 1000 Vol 3 LISTENING(리스닝)
2023 큰별쌤 최태성의 별별한국사 한국사능력검정시험 심화(1,2,3급)(상)
ETS 토익 정기시험 기출문제집 1000 Vol 3 READING(리딩)
2023 해커스 토익 실전 1000제 1 RC Reading(리딩) 문제집
------------------------------
cycle : 21

data:,
kyobo_best_v1
keyword :  / input page:0 / n:
start kyobo
스카이 버스
만일 내가 인생을 다시 산다면(10만 부 기념 스페셜 에디션)
트렌드 코리아 2023
해커스 토익 기출보카 TOEIC VOCA(토익보카) 단어장
아버지의 해방일지
원씽(The One Thing)(리커버 특별판)
The Scent of PAGE : 룸스프레이 60ml
윤혜정의 개념의 나비효과 입문 편
불편한 편의점(40만부 기념 벚꽃 에디션)
2023 해커스 토익 RC 리딩(Reading) 토익 기본서
2023 해커스 토익 LC 리스닝(Listening) 토익 기본서
2023 황현필의 한국사 일력
EBS 윤혜정의 개념의 나비효과
이토록 평범한 미래
역행자
어른이 되기 전에 꼭 한 번은 논어를 읽어라 1
ETS 토익 정기시험 기출문제집 1000 Vol 3 LISTENING(리스닝)
2023 큰별쌤 최태성의 별별한국사 한국사능력검정시험 심화(1,2,3급)(상)
ETS 토익 정기시험 기출문제집 1000 Vol 3 READING(리딩)
2023 해커스 토익 실전 1000제 1 RC Reading(리딩) 문제집
------------------------------
cycle : 22

data:,
kyobo_best_v1
keyword :  / input page:0 / n:
start kyobo
cycle : 23

data:,
kyobo_best_v1
keyword :  / input page:0 / n:
start kyobo
스카이 버스
만일 내가 인생을 다시 산다면(10만 부 기념 스페셜 에디션)
트렌드 코리아 2023
해커스 토익 기출보카 TOEIC VOCA(토익보카) 단어장
아버지의 해방일지
원씽(The One Thing)(리커버 특별판)
The Scent of PAGE : 룸스프레이 60ml
윤혜정의 개념의 나비효과 입문 편
불편한 편의점(40만부 기념 벚꽃 에디션)
2023 해커스 토익 RC 리딩(Reading) 토익 기본서
2023 해커스 토익 LC 리스닝(Listening) 토익 기본서
2023 황현필의 한국사 일력
EBS 윤혜정의 개념의 나비효과
이토록 평범한 미래
역행자
어른이 되기 전에 꼭 한 번은 논어를 읽어라 1
ETS 토익 정기시험 기출문제집 1000 Vol 3 LISTENING(리스닝)
2023 큰별쌤 최태성의 별별한국사 한국사능력검정시험 심화(1,2,3급)(상)
ETS 토익 정기시험 기출문제집 1000 Vol 3 READING(리딩)
2023 해커스 토익 실전 1000제 1 RC Reading(리딩) 문제집
------------------------------
cycle : 24

data:,
kyobo_best_v1
keyword :  / input page:0 / n:
start kyobo
스카이 버스
만일 내가 인생을 다시 산다면(10만 부 기념 스페셜 에디션)
트렌드 코리아 2023
해커스 토익 기출보카 TOEIC VOCA(토익보카) 단어장
아버지의 해방일지
원씽(The One Thing)(리커버 특별판)
The Scent of PAGE : 룸스프레이 60ml
윤혜정의 개념의 나비효과 입문 편
불편한 편의점(40만부 기념 벚꽃 에디션)
2023 해커스 토익 RC 리딩(Reading) 토익 기본서
2023 해커스 토익 LC 리스닝(Listening) 토익 기본서
2023 황현필의 한국사 일력
EBS 윤혜정의 개념의 나비효과
이토록 평범한 미래
역행자
어른이 되기 전에 꼭 한 번은 논어를 읽어라 1
ETS 토익 정기시험 기출문제집 1000 Vol 3 LISTENING(리스닝)
2023 큰별쌤 최태성의 별별한국사 한국사능력검정시험 심화(1,2,3급)(상)
ETS 토익 정기시험 기출문제집 1000 Vol 3 READING(리딩)
2023 해커스 토익 실전 1000제 1 RC Reading(리딩) 문제집
------------------------------
cycle : 25

data:,
kyobo_best_v1
keyword :  / input page:0 / n:
start kyobo
스카이 버스
만일 내가 인생을 다시 산다면(10만 부 기념 스페셜 에디션)
트렌드 코리아 2023
해커스 토익 기출보카 TOEIC VOCA(토익보카) 단어장
아버지의 해방일지
원씽(The One Thing)(리커버 특별판)
The Scent of PAGE : 룸스프레이 60ml
윤혜정의 개념의 나비효과 입문 편
불편한 편의점(40만부 기념 벚꽃 에디션)
2023 해커스 토익 RC 리딩(Reading) 토익 기본서
2023 해커스 토익 LC 리스닝(Listening) 토익 기본서
2023 황현필의 한국사 일력
EBS 윤혜정의 개념의 나비효과
이토록 평범한 미래
역행자
어른이 되기 전에 꼭 한 번은 논어를 읽어라 1
ETS 토익 정기시험 기출문제집 1000 Vol 3 LISTENING(리스닝)
2023 큰별쌤 최태성의 별별한국사 한국사능력검정시험 심화(1,2,3급)(상)
ETS 토익 정기시험 기출문제집 1000 Vol 3 READING(리딩)
2023 해커스 토익 실전 1000제 1 RC Reading(리딩) 문제집
------------------------------
cycle : 26

data:,
kyobo_best_v1
keyword :  / input page:0 / n:
start kyobo
스카이 버스
만일 내가 인생을 다시 산다면(10만 부 기념 스페셜 에디션)
트렌드 코리아 2023
해커스 토익 기출보카 TOEIC VOCA(토익보카) 단어장
아버지의 해방일지
원씽(The One Thing)(리커버 특별판)
The Scent of PAGE : 룸스프레이 60ml
윤혜정의 개념의 나비효과 입문 편
불편한 편의점(40만부 기념 벚꽃 에디션)
2023 해커스 토익 RC 리딩(Reading) 토익 기본서
2023 해커스 토익 LC 리스닝(Listening) 토익 기본서
2023 황현필의 한국사 일력
EBS 윤혜정의 개념의 나비효과
이토록 평범한 미래
역행자
어른이 되기 전에 꼭 한 번은 논어를 읽어라 1
ETS 토익 정기시험 기출문제집 1000 Vol 3 LISTENING(리스닝)
2023 큰별쌤 최태성의 별별한국사 한국사능력검정시험 심화(1,2,3급)(상)
ETS 토익 정기시험 기출문제집 1000 Vol 3 READING(리딩)
2023 해커스 토익 실전 1000제 1 RC Reading(리딩) 문제집
------------------------------
cycle : 27

data:,
kyobo_best_v1
keyword :  / input page:0 / n:
start kyobo
cycle : 28

data:,
kyobo_best_v1
keyword :  / input page:0 / n:
start kyobo
스카이 버스
만일 내가 인생을 다시 산다면(10만 부 기념 스페셜 에디션)
트렌드 코리아 2023
해커스 토익 기출보카 TOEIC VOCA(토익보카) 단어장
아버지의 해방일지
원씽(The One Thing)(리커버 특별판)
The Scent of PAGE : 룸스프레이 60ml
윤혜정의 개념의 나비효과 입문 편
불편한 편의점(40만부 기념 벚꽃 에디션)
2023 해커스 토익 RC 리딩(Reading) 토익 기본서
2023 해커스 토익 LC 리스닝(Listening) 토익 기본서
2023 황현필의 한국사 일력
EBS 윤혜정의 개념의 나비효과
이토록 평범한 미래
역행자
어른이 되기 전에 꼭 한 번은 논어를 읽어라 1
ETS 토익 정기시험 기출문제집 1000 Vol 3 LISTENING(리스닝)
2023 큰별쌤 최태성의 별별한국사 한국사능력검정시험 심화(1,2,3급)(상)
ETS 토익 정기시험 기출문제집 1000 Vol 3 READING(리딩)
2023 해커스 토익 실전 1000제 1 RC Reading(리딩) 문제집
------------------------------
cycle : 29

data:,
kyobo_best_v1
keyword :  / input page:0 / n:
start kyobo
스카이 버스
만일 내가 인생을 다시 산다면(10만 부 기념 스페셜 에디션)
트렌드 코리아 2023
해커스 토익 기출보카 TOEIC VOCA(토익보카) 단어장
아버지의 해방일지
원씽(The One Thing)(리커버 특별판)
The Scent of PAGE : 룸스프레이 60ml
윤혜정의 개념의 나비효과 입문 편
불편한 편의점(40만부 기념 벚꽃 에디션)
2023 해커스 토익 RC 리딩(Reading) 토익 기본서
2023 해커스 토익 LC 리스닝(Listening) 토익 기본서
2023 황현필의 한국사 일력
EBS 윤혜정의 개념의 나비효과
이토록 평범한 미래
역행자
어른이 되기 전에 꼭 한 번은 논어를 읽어라 1
ETS 토익 정기시험 기출문제집 1000 Vol 3 LISTENING(리스닝)
2023 큰별쌤 최태성의 별별한국사 한국사능력검정시험 심화(1,2,3급)(상)
ETS 토익 정기시험 기출문제집 1000 Vol 3 READING(리딩)
2023 해커스 토익 실전 1000제 1 RC Reading(리딩) 문제집
------------------------------
cycle : 30

data:,
kyobo_best_v1
keyword :  / input page:0 / n:
start kyobo
스카이 버스
만일 내가 인생을 다시 산다면(10만 부 기념 스페셜 에디션)
트렌드 코리아 2023
해커스 토익 기출보카 TOEIC VOCA(토익보카) 단어장
아버지의 해방일지
원씽(The One Thing)(리커버 특별판)
The Scent of PAGE : 룸스프레이 60ml
윤혜정의 개념의 나비효과 입문 편
불편한 편의점(40만부 기념 벚꽃 에디션)
2023 해커스 토익 RC 리딩(Reading) 토익 기본서
2023 해커스 토익 LC 리스닝(Listening) 토익 기본서
2023 황현필의 한국사 일력
EBS 윤혜정의 개념의 나비효과
이토록 평범한 미래
역행자
어른이 되기 전에 꼭 한 번은 논어를 읽어라 1
ETS 토익 정기시험 기출문제집 1000 Vol 3 LISTENING(리스닝)
2023 큰별쌤 최태성의 별별한국사 한국사능력검정시험 심화(1,2,3급)(상)
ETS 토익 정기시험 기출문제집 1000 Vol 3 READING(리딩)
2023 해커스 토익 실전 1000제 1 RC Reading(리딩) 문제집
------------------------------
cycle : 31

data:,
kyobo_best_v1
keyword :  / input page:0 / n:
start kyobo
스카이 버스
만일 내가 인생을 다시 산다면(10만 부 기념 스페셜 에디션)
트렌드 코리아 2023
해커스 토익 기출보카 TOEIC VOCA(토익보카) 단어장
아버지의 해방일지
원씽(The One Thing)(리커버 특별판)
The Scent of PAGE : 룸스프레이 60ml
윤혜정의 개념의 나비효과 입문 편
불편한 편의점(40만부 기념 벚꽃 에디션)
2023 해커스 토익 RC 리딩(Reading) 토익 기본서
2023 해커스 토익 LC 리스닝(Listening) 토익 기본서
2023 황현필의 한국사 일력
EBS 윤혜정의 개념의 나비효과
이토록 평범한 미래
역행자
어른이 되기 전에 꼭 한 번은 논어를 읽어라 1
ETS 토익 정기시험 기출문제집 1000 Vol 3 LISTENING(리스닝)
2023 큰별쌤 최태성의 별별한국사 한국사능력검정시험 심화(1,2,3급)(상)
ETS 토익 정기시험 기출문제집 1000 Vol 3 READING(리딩)
2023 해커스 토익 실전 1000제 1 RC Reading(리딩) 문제집
------------------------------
cycle : 32

data:,
kyobo_best_v1
keyword :  / input page:0 / n:
start kyobo
스카이 버스
만일 내가 인생을 다시 산다면(10만 부 기념 스페셜 에디션)
트렌드 코리아 2023
해커스 토익 기출보카 TOEIC VOCA(토익보카) 단어장
아버지의 해방일지
원씽(The One Thing)(리커버 특별판)
The Scent of PAGE : 룸스프레이 60ml
윤혜정의 개념의 나비효과 입문 편
불편한 편의점(40만부 기념 벚꽃 에디션)
2023 해커스 토익 RC 리딩(Reading) 토익 기본서
2023 해커스 토익 LC 리스닝(Listening) 토익 기본서
2023 황현필의 한국사 일력
EBS 윤혜정의 개념의 나비효과
이토록 평범한 미래
역행자
어른이 되기 전에 꼭 한 번은 논어를 읽어라 1
ETS 토익 정기시험 기출문제집 1000 Vol 3 LISTENING(리스닝)
2023 큰별쌤 최태성의 별별한국사 한국사능력검정시험 심화(1,2,3급)(상)
ETS 토익 정기시험 기출문제집 1000 Vol 3 READING(리딩)
2023 해커스 토익 실전 1000제 1 RC Reading(리딩) 문제집
------------------------------
cycle : 33

data:,
kyobo_best_v1
keyword :  / input page:0 / n:
start kyobo
cycle : 34

data:,
kyobo_best_v1
keyword :  / input page:0 / n:
