timeStamp : 2023-01-11 00:02:47
cycle : 1

data:,
yes24_best_v1
keyword :  / input page:0 / n:
idx : 15
http://www.yes24.com/Product/Goods/113737429
clicked title : 이토록 평범한 미래 - YES24
------------------------------
cycle : 2

data:,
yes24_best_v1
keyword :  / input page:0 / n:
idx : 15
http://www.yes24.com/Product/Goods/113737429
clicked title : 이토록 평범한 미래 - YES24
------------------------------
cycle : 3

data:,
yes24_best_v1
keyword :  / input page:0 / n:
idx : 15
http://www.yes24.com/Product/Goods/113737429
clicked title : 이토록 평범한 미래 - YES24
------------------------------
cycle : 4

data:,
yes24_best_v1
keyword :  / input page:0 / n:
idx : 15
http://www.yes24.com/Product/Goods/113737429
clicked title : 이토록 평범한 미래 - YES24
------------------------------
cycle : 5

data:,
yes24_best_v1
keyword :  / input page:0 / n:
idx : 15
http://www.yes24.com/Product/Goods/113737429
clicked title : 이토록 평범한 미래 - YES24
------------------------------
cycle : 6

data:,
yes24_best_v1
keyword :  / input page:0 / n:
idx : 15
http://www.yes24.com/Product/Goods/113737429
clicked title : 이토록 평범한 미래 - YES24
------------------------------
cycle : 7

data:,
yes24_best_v1
keyword :  / input page:0 / n:
idx : 15
http://www.yes24.com/Product/Goods/113737429
clicked title : 이토록 평범한 미래 - YES24
------------------------------
cycle : 8

data:,
yes24_best_v1
keyword :  / input page:0 / n:
cycle : 9

data:,
yes24_best_v1
keyword :  / input page:0 / n:
idx : 15
http://www.yes24.com/Product/Goods/113737429
clicked title : 이토록 평범한 미래 - YES24
------------------------------
cycle : 10

data:,
yes24_best_v1
keyword :  / input page:0 / n:
idx : 15
http://www.yes24.com/Product/Goods/113737429
clicked title : 이토록 평범한 미래 - YES24
------------------------------
cycle : 11

data:,
yes24_best_v1
keyword :  / input page:0 / n:
idx : 15
http://www.yes24.com/Product/Goods/113737429
clicked title : 이토록 평범한 미래 - YES24
------------------------------
cycle : 12

data:,
yes24_best_v1
keyword :  / input page:0 / n:
idx : 15
http://www.yes24.com/Product/Goods/113737429
clicked title : 이토록 평범한 미래 - YES24
------------------------------
cycle : 13

data:,
yes24_best_v1
keyword :  / input page:0 / n:
idx : 15
http://www.yes24.com/Product/Goods/113737429
clicked title : 이토록 평범한 미래 - YES24
------------------------------
cycle : 14

data:,
yes24_best_v1
keyword :  / input page:0 / n:
idx : 15
http://www.yes24.com/Product/Goods/113737429
clicked title : 이토록 평범한 미래 - YES24
------------------------------
cycle : 15

data:,
yes24_best_v1
keyword :  / input page:0 / n:
idx : 15
http://www.yes24.com/Product/Goods/113737429
clicked title : 이토록 평범한 미래 - YES24
------------------------------
cycle : 16

data:,
yes24_best_v1
keyword :  / input page:0 / n:
idx : 15
http://www.yes24.com/Product/Goods/113737429
clicked title : 이토록 평범한 미래 - YES24
------------------------------
cycle : 17

data:,
yes24_best_v1
keyword :  / input page:0 / n:
idx : 15
http://www.yes24.com/Product/Goods/113737429
clicked title : 이토록 평범한 미래 - YES24
------------------------------
cycle : 18

data:,
yes24_best_v1
keyword :  / input page:0 / n:
idx : 15
http://www.yes24.com/Product/Goods/113737429
clicked title : 이토록 평범한 미래 - YES24
------------------------------
cycle : 19

data:,
yes24_best_v1
keyword :  / input page:0 / n:
idx : 15
http://www.yes24.com/Product/Goods/113737429
clicked title : 이토록 평범한 미래 - YES24
------------------------------
cycle : 20

data:,
yes24_best_v1
keyword :  / input page:0 / n:
idx : 15
http://www.yes24.com/Product/Goods/113737429
clicked title : 이토록 평범한 미래 - YES24
------------------------------
cycle : 21

data:,
yes24_best_v1
keyword :  / input page:0 / n:
idx : 15
http://www.yes24.com/Product/Goods/113737429
clicked title : 이토록 평범한 미래 - YES24
------------------------------
cycle : 22

data:,
yes24_best_v1
keyword :  / input page:0 / n:
idx : 15
http://www.yes24.com/Product/Goods/113737429
clicked title : 이토록 평범한 미래 - YES24
------------------------------
cycle : 23

data:,
yes24_best_v1
keyword :  / input page:0 / n:
idx : 15
http://www.yes24.com/Product/Goods/113737429
clicked title : 이토록 평범한 미래 - YES24
------------------------------
cycle : 24

data:,
yes24_best_v1
keyword :  / input page:0 / n:
idx : 15
http://www.yes24.com/Product/Goods/113737429
clicked title : 이토록 평범한 미래 - YES24
------------------------------
cycle : 25

data:,
yes24_best_v1
keyword :  / input page:0 / n:
cycle : 26

data:,
yes24_best_v1
keyword :  / input page:0 / n:
idx : 15
http://www.yes24.com/Product/Goods/113737429
clicked title : 이토록 평범한 미래 - YES24
------------------------------
cycle : 27

data:,
yes24_best_v1
keyword :  / input page:0 / n:
idx : 15
http://www.yes24.com/Product/Goods/113737429
clicked title : 이토록 평범한 미래 - YES24
------------------------------
cycle : 28

data:,
yes24_best_v1
keyword :  / input page:0 / n:
idx : 15
http://www.yes24.com/Product/Goods/113737429
clicked title : 이토록 평범한 미래 - YES24
------------------------------
cycle : 29

data:,
yes24_best_v1
keyword :  / input page:0 / n:
idx : 15
http://www.yes24.com/Product/Goods/113737429
clicked title : 이토록 평범한 미래 - YES24
------------------------------
cycle : 30

data:,
yes24_best_v1
keyword :  / input page:0 / n:
idx : 15
http://www.yes24.com/Product/Goods/113737429
clicked title : 이토록 평범한 미래 - YES24
------------------------------
cycle : 31

data:,
yes24_best_v1
keyword :  / input page:0 / n:
idx : 15
http://www.yes24.com/Product/Goods/113737429
clicked title : 이토록 평범한 미래 - YES24
------------------------------
cycle : 32

data:,
yes24_best_v1
keyword :  / input page:0 / n:
idx : 15
http://www.yes24.com/Product/Goods/113737429
clicked title : 이토록 평범한 미래 - YES24
------------------------------
cycle : 33

data:,
yes24_best_v1
keyword :  / input page:0 / n:
idx : 15
http://www.yes24.com/Product/Goods/113737429
clicked title : 이토록 평범한 미래 - YES24
------------------------------
cycle : 34

data:,
yes24_best_v1
keyword :  / input page:0 / n:
idx : 15
http://www.yes24.com/Product/Goods/113737429
clicked title : 이토록 평범한 미래 - YES24
------------------------------
cycle : 35

data:,
yes24_best_v1
keyword :  / input page:0 / n:
idx : 15
http://www.yes24.com/Product/Goods/113737429
clicked title : 이토록 평범한 미래 - YES24
------------------------------
cycle : 36

data:,
yes24_best_v1
keyword :  / input page:0 / n:
idx : 15
http://www.yes24.com/Product/Goods/113737429
clicked title : 이토록 평범한 미래 - YES24
------------------------------
cycle : 37

data:,
yes24_best_v1
keyword :  / input page:0 / n:
idx : 15
http://www.yes24.com/Product/Goods/113737429
clicked title : 이토록 평범한 미래 - YES24
------------------------------
cycle : 38

data:,
yes24_best_v1
keyword :  / input page:0 / n:
idx : 15
http://www.yes24.com/Product/Goods/113737429
clicked title : 이토록 평범한 미래 - YES24
------------------------------
cycle : 39

data:,
yes24_best_v1
keyword :  / input page:0 / n:
idx : 15
http://www.yes24.com/Product/Goods/113737429
clicked title : 이토록 평범한 미래 - YES24
------------------------------
cycle : 40

data:,
yes24_best_v1
keyword :  / input page:0 / n:
idx : 15
http://www.yes24.com/Product/Goods/113737429
clicked title : 이토록 평범한 미래 - YES24
------------------------------
cycle : 41

data:,
yes24_best_v1
keyword :  / input page:0 / n:
idx : 15
http://www.yes24.com/Product/Goods/113737429
clicked title : 이토록 평범한 미래 - YES24
------------------------------
cycle : 42

data:,
yes24_best_v1
keyword :  / input page:0 / n:
idx : 15
http://www.yes24.com/Product/Goods/113737429
clicked title : 이토록 평범한 미래 - YES24
------------------------------
cycle : 43

data:,
yes24_best_v1
keyword :  / input page:0 / n:
idx : 15
http://www.yes24.com/Product/Goods/113737429
clicked title : 이토록 평범한 미래 - YES24
------------------------------
cycle : 44

data:,
yes24_best_v1
keyword :  / input page:0 / n:
idx : 15
http://www.yes24.com/Product/Goods/113737429
clicked title : 이토록 평범한 미래 - YES24
------------------------------
cycle : 45

data:,
yes24_best_v1
keyword :  / input page:0 / n:
idx : 15
http://www.yes24.com/Product/Goods/113737429
clicked title : 이토록 평범한 미래 - YES24
------------------------------
cycle : 46

data:,
yes24_best_v1
keyword :  / input page:0 / n:
idx : 15
http://www.yes24.com/Product/Goods/113737429
clicked title : 이토록 평범한 미래 - YES24
------------------------------
cycle : 47

data:,
yes24_best_v1
keyword :  / input page:0 / n:
idx : 15
http://www.yes24.com/Product/Goods/113737429
clicked title : 이토록 평범한 미래 - YES24
------------------------------
cycle : 48

data:,
yes24_best_v1
keyword :  / input page:0 / n:
idx : 15
http://www.yes24.com/Product/Goods/113737429
clicked title : 이토록 평범한 미래 - YES24
------------------------------
cycle : 49

data:,
yes24_best_v1
keyword :  / input page:0 / n:
idx : 15
http://www.yes24.com/Product/Goods/113737429
clicked title : 이토록 평범한 미래 - YES24
------------------------------
timeStamp : 2023-01-11 02:02:23
cycle : 1

data:,
yes24_best_v1
keyword :  / input page:0 / n:
idx : 29
http://www.yes24.com/Product/Goods/2312211
clicked title : 코스모스 - YES24
------------------------------
cycle : 2

data:,
yes24_best_v1
keyword :  / input page:0 / n:
idx : 29
http://www.yes24.com/Product/Goods/2312211
clicked title : 코스모스 - YES24
------------------------------
cycle : 3

data:,
yes24_best_v1
keyword :  / input page:0 / n:
idx : 29
http://www.yes24.com/Product/Goods/2312211
clicked title : 코스모스 - YES24
------------------------------
cycle : 4

data:,
yes24_best_v1
keyword :  / input page:0 / n:
idx : 29
http://www.yes24.com/Product/Goods/2312211
clicked title : 코스모스 - YES24
------------------------------
cycle : 5

data:,
yes24_best_v1
keyword :  / input page:0 / n:
idx : 29
http://www.yes24.com/Product/Goods/2312211
clicked title : 코스모스 - YES24
------------------------------
cycle : 6

data:,
yes24_best_v1
keyword :  / input page:0 / n:
idx : 29
http://www.yes24.com/Product/Goods/2312211
clicked title : 코스모스 - YES24
------------------------------
cycle : 7

data:,
yes24_best_v1
keyword :  / input page:0 / n:
idx : 29
http://www.yes24.com/Product/Goods/2312211
clicked title : 코스모스 - YES24
------------------------------
cycle : 8

data:,
yes24_best_v1
keyword :  / input page:0 / n:
idx : 29
http://www.yes24.com/Product/Goods/2312211
clicked title : 코스모스 - YES24
------------------------------
cycle : 9

data:,
yes24_best_v1
keyword :  / input page:0 / n:
idx : 29
http://www.yes24.com/Product/Goods/2312211
clicked title : 코스모스 - YES24
------------------------------
cycle : 10

data:,
yes24_best_v1
keyword :  / input page:0 / n:
idx : 29
http://www.yes24.com/Product/Goods/2312211
clicked title : 코스모스 - YES24
------------------------------
cycle : 11

data:,
yes24_best_v1
keyword :  / input page:0 / n:
idx : 29
http://www.yes24.com/Product/Goods/2312211
clicked title : 코스모스 - YES24
------------------------------
cycle : 12

data:,
yes24_best_v1
keyword :  / input page:0 / n:
idx : 29
http://www.yes24.com/Product/Goods/2312211
clicked title : 코스모스 - YES24
------------------------------
cycle : 13

data:,
yes24_best_v1
keyword :  / input page:0 / n:
idx : 29
http://www.yes24.com/Product/Goods/2312211
clicked title : 코스모스 - YES24
------------------------------
cycle : 14

data:,
yes24_best_v1
keyword :  / input page:0 / n:
idx : 29
http://www.yes24.com/Product/Goods/2312211
clicked title : 코스모스 - YES24
------------------------------
cycle : 15

data:,
yes24_best_v1
keyword :  / input page:0 / n:
idx : 29
http://www.yes24.com/Product/Goods/2312211
clicked title : 코스모스 - YES24
------------------------------
cycle : 16

data:,
yes24_best_v1
keyword :  / input page:0 / n:
idx : 29
http://www.yes24.com/Product/Goods/2312211
clicked title : 코스모스 - YES24
------------------------------
cycle : 17

data:,
yes24_best_v1
keyword :  / input page:0 / n:
idx : 29
http://www.yes24.com/Product/Goods/2312211
clicked title : 코스모스 - YES24
------------------------------
cycle : 18

data:,
yes24_best_v1
keyword :  / input page:0 / n:
idx : 29
http://www.yes24.com/Product/Goods/2312211
clicked title : 코스모스 - YES24
------------------------------
cycle : 19

data:,
yes24_best_v1
keyword :  / input page:0 / n:
idx : 29
http://www.yes24.com/Product/Goods/2312211
clicked title : 코스모스 - YES24
------------------------------
cycle : 20

data:,
yes24_best_v1
keyword :  / input page:0 / n:
idx : 29
http://www.yes24.com/Product/Goods/2312211
clicked title : 코스모스 - YES24
------------------------------
cycle : 21

data:,
yes24_best_v1
keyword :  / input page:0 / n:
idx : 29
http://www.yes24.com/Product/Goods/2312211
clicked title : 코스모스 - YES24
------------------------------
cycle : 22

data:,
yes24_best_v1
keyword :  / input page:0 / n:
idx : 29
http://www.yes24.com/Product/Goods/2312211
clicked title : 코스모스 - YES24
------------------------------
cycle : 23

data:,
yes24_best_v1
keyword :  / input page:0 / n:
idx : 29
http://www.yes24.com/Product/Goods/2312211
clicked title : 코스모스 - YES24
------------------------------
cycle : 24

data:,
yes24_best_v1
keyword :  / input page:0 / n:
idx : 29
http://www.yes24.com/Product/Goods/2312211
clicked title : 코스모스 - YES24
------------------------------
cycle : 25

data:,
yes24_best_v1
keyword :  / input page:0 / n:
idx : 29
http://www.yes24.com/Product/Goods/2312211
clicked title : 코스모스 - YES24
------------------------------
cycle : 26

data:,
yes24_best_v1
keyword :  / input page:0 / n:
idx : 29
http://www.yes24.com/Product/Goods/2312211
clicked title : 코스모스 - YES24
------------------------------
cycle : 27

data:,
yes24_best_v1
keyword :  / input page:0 / n:
idx : 29
http://www.yes24.com/Product/Goods/2312211
clicked title : 코스모스 - YES24
------------------------------
cycle : 28

data:,
yes24_best_v1
keyword :  / input page:0 / n:
idx : 29
http://www.yes24.com/Product/Goods/2312211
clicked title : 코스모스 - YES24
------------------------------
cycle : 29

data:,
yes24_best_v1
keyword :  / input page:0 / n:
idx : 29
http://www.yes24.com/Product/Goods/2312211
clicked title : 코스모스 - YES24
------------------------------
cycle : 30

data:,
yes24_best_v1
keyword :  / input page:0 / n:
idx : 29
http://www.yes24.com/Product/Goods/2312211
clicked title : 코스모스 - YES24
------------------------------
cycle : 31

data:,
yes24_best_v1
keyword :  / input page:0 / n:
idx : 29
http://www.yes24.com/Product/Goods/2312211
clicked title : 코스모스 - YES24
------------------------------
cycle : 32

data:,
yes24_best_v1
keyword :  / input page:0 / n:
idx : 29
http://www.yes24.com/Product/Goods/2312211
clicked title : 코스모스 - YES24
------------------------------
cycle : 33

data:,
yes24_best_v1
keyword :  / input page:0 / n:
idx : 29
http://www.yes24.com/Product/Goods/2312211
clicked title : 코스모스 - YES24
------------------------------
cycle : 34

data:,
yes24_best_v1
keyword :  / input page:0 / n:
idx : 29
http://www.yes24.com/Product/Goods/2312211
clicked title : 코스모스 - YES24
------------------------------
cycle : 35

data:,
yes24_best_v1
keyword :  / input page:0 / n:
idx : 29
http://www.yes24.com/Product/Goods/2312211
clicked title : 코스모스 - YES24
------------------------------
cycle : 36

data:,
yes24_best_v1
keyword :  / input page:0 / n:
idx : 29
http://www.yes24.com/Product/Goods/2312211
clicked title : 코스모스 - YES24
------------------------------
cycle : 37

data:,
yes24_best_v1
keyword :  / input page:0 / n:
idx : 29
http://www.yes24.com/Product/Goods/2312211
clicked title : 코스모스 - YES24
------------------------------
cycle : 38

data:,
yes24_best_v1
keyword :  / input page:0 / n:
idx : 29
http://www.yes24.com/Product/Goods/2312211
clicked title : 코스모스 - YES24
------------------------------
cycle : 39

data:,
yes24_best_v1
keyword :  / input page:0 / n:
idx : 29
http://www.yes24.com/Product/Goods/2312211
clicked title : 코스모스 - YES24
------------------------------
cycle : 40

data:,
yes24_best_v1
keyword :  / input page:0 / n:
idx : 29
http://www.yes24.com/Product/Goods/2312211
clicked title : 코스모스 - YES24
------------------------------
cycle : 41

data:,
yes24_best_v1
keyword :  / input page:0 / n:
idx : 29
http://www.yes24.com/Product/Goods/2312211
clicked title : 코스모스 - YES24
------------------------------
cycle : 42

data:,
yes24_best_v1
keyword :  / input page:0 / n:
idx : 29
http://www.yes24.com/Product/Goods/2312211
clicked title : 코스모스 - YES24
------------------------------
cycle : 43

data:,
yes24_best_v1
keyword :  / input page:0 / n:
idx : 29
http://www.yes24.com/Product/Goods/2312211
clicked title : 코스모스 - YES24
------------------------------
cycle : 44

data:,
yes24_best_v1
keyword :  / input page:0 / n:
idx : 29
http://www.yes24.com/Product/Goods/2312211
clicked title : 코스모스 - YES24
------------------------------
cycle : 45

data:,
yes24_best_v1
keyword :  / input page:0 / n:
idx : 29
http://www.yes24.com/Product/Goods/2312211
clicked title : 코스모스 - YES24
------------------------------
cycle : 46

data:,
yes24_best_v1
keyword :  / input page:0 / n:
idx : 29
http://www.yes24.com/Product/Goods/2312211
clicked title : 코스모스 - YES24
------------------------------
cycle : 47

data:,
yes24_best_v1
keyword :  / input page:0 / n:
idx : 29
http://www.yes24.com/Product/Goods/2312211
clicked title : 코스모스 - YES24
------------------------------
cycle : 48

data:,
yes24_best_v1
keyword :  / input page:0 / n:
idx : 29
http://www.yes24.com/Product/Goods/2312211
clicked title : 코스모스 - YES24
------------------------------
cycle : 49

data:,
yes24_best_v1
keyword :  / input page:0 / n:
idx : 29
http://www.yes24.com/Product/Goods/2312211
clicked title : 코스모스 - YES24
------------------------------
timeStamp : 2023-01-11 03:20:04
cycle : 1

data:,
aladin_best_v2
keyword :  / input page:0 / n:
idx : 264
https://www.aladin.co.kr/shop/wproduct.aspx?ItemId=271247686
clicked title : 알라딘: 백년 허리 2 : 치료편
------------------------------
cycle : 2

data:,
aladin_best_v2
keyword :  / input page:0 / n:
idx : 264
https://www.aladin.co.kr/shop/wproduct.aspx?ItemId=271247686
clicked title : 알라딘: 백년 허리 2 : 치료편
------------------------------
cycle : 3

data:,
aladin_best_v2
keyword :  / input page:0 / n:
idx : 264
https://www.aladin.co.kr/shop/wproduct.aspx?ItemId=271247686
clicked title : 알라딘: 백년 허리 2 : 치료편
------------------------------
cycle : 4

data:,
aladin_best_v2
keyword :  / input page:0 / n:
idx : 264
https://www.aladin.co.kr/shop/wproduct.aspx?ItemId=271247686
clicked title : 알라딘: 백년 허리 2 : 치료편
------------------------------
cycle : 5

data:,
aladin_best_v2
keyword :  / input page:0 / n:
idx : 264
https://www.aladin.co.kr/shop/wproduct.aspx?ItemId=271247686
clicked title : 알라딘: 백년 허리 2 : 치료편
------------------------------
cycle : 6

data:,
aladin_best_v2
keyword :  / input page:0 / n:
idx : 264
https://www.aladin.co.kr/shop/wproduct.aspx?ItemId=271247686
clicked title : 알라딘: 백년 허리 2 : 치료편
------------------------------
cycle : 7

data:,
aladin_best_v2
keyword :  / input page:0 / n:
idx : 264
https://www.aladin.co.kr/shop/wproduct.aspx?ItemId=271247686
clicked title : 알라딘: 백년 허리 2 : 치료편
------------------------------
cycle : 8

data:,
aladin_best_v2
keyword :  / input page:0 / n:
idx : 264
https://www.aladin.co.kr/shop/wproduct.aspx?ItemId=271247686
clicked title : 알라딘: 백년 허리 2 : 치료편
------------------------------
cycle : 9

data:,
aladin_best_v2
keyword :  / input page:0 / n:
idx : 264
https://www.aladin.co.kr/shop/wproduct.aspx?ItemId=271247686
clicked title : 알라딘: 백년 허리 2 : 치료편
------------------------------
cycle : 10

data:,
aladin_best_v2
keyword :  / input page:0 / n:
idx : 264
https://www.aladin.co.kr/shop/wproduct.aspx?ItemId=271247686
clicked title : 알라딘: 백년 허리 2 : 치료편
------------------------------
cycle : 11

data:,
aladin_best_v2
keyword :  / input page:0 / n:
idx : 264
https://www.aladin.co.kr/shop/wproduct.aspx?ItemId=271247686
clicked title : 알라딘: 백년 허리 2 : 치료편
------------------------------
cycle : 12

data:,
aladin_best_v2
keyword :  / input page:0 / n:
idx : 264
https://www.aladin.co.kr/shop/wproduct.aspx?ItemId=271247686
clicked title : 알라딘: 백년 허리 2 : 치료편
------------------------------
cycle : 13

data:,
aladin_best_v2
keyword :  / input page:0 / n:
idx : 264
https://www.aladin.co.kr/shop/wproduct.aspx?ItemId=271247686
clicked title : 알라딘: 백년 허리 2 : 치료편
------------------------------
cycle : 14

data:,
aladin_best_v2
keyword :  / input page:0 / n:
idx : 264
https://www.aladin.co.kr/shop/wproduct.aspx?ItemId=271247686
clicked title : 알라딘: 백년 허리 2 : 치료편
------------------------------
cycle : 15

data:,
aladin_best_v2
keyword :  / input page:0 / n:
idx : 264
https://www.aladin.co.kr/shop/wproduct.aspx?ItemId=271247686
clicked title : 알라딘: 백년 허리 2 : 치료편
------------------------------
cycle : 16

data:,
aladin_best_v2
keyword :  / input page:0 / n:
idx : 264
https://www.aladin.co.kr/shop/wproduct.aspx?ItemId=271247686
clicked title : 알라딘: 백년 허리 2 : 치료편
------------------------------
cycle : 17

data:,
aladin_best_v2
keyword :  / input page:0 / n:
idx : 264
https://www.aladin.co.kr/shop/wproduct.aspx?ItemId=271247686
clicked title : 알라딘: 백년 허리 2 : 치료편
------------------------------
cycle : 18

data:,
aladin_best_v2
keyword :  / input page:0 / n:
idx : 264
https://www.aladin.co.kr/shop/wproduct.aspx?ItemId=271247686
clicked title : 알라딘: 백년 허리 2 : 치료편
------------------------------
cycle : 19

data:,
aladin_best_v2
keyword :  / input page:0 / n:
idx : 264
https://www.aladin.co.kr/shop/wproduct.aspx?ItemId=271247686
clicked title : 알라딘: 백년 허리 2 : 치료편
------------------------------
cycle : 20

data:,
aladin_best_v2
keyword :  / input page:0 / n:
idx : 264
https://www.aladin.co.kr/shop/wproduct.aspx?ItemId=271247686
clicked title : 알라딘: 백년 허리 2 : 치료편
------------------------------
cycle : 21

data:,
aladin_best_v2
keyword :  / input page:0 / n:
idx : 264
https://www.aladin.co.kr/shop/wproduct.aspx?ItemId=271247686
clicked title : 알라딘: 백년 허리 2 : 치료편
------------------------------
cycle : 22

data:,
aladin_best_v2
keyword :  / input page:0 / n:
cycle : 23

data:,
aladin_best_v2
keyword :  / input page:0 / n:
idx : 264
https://www.aladin.co.kr/shop/wproduct.aspx?ItemId=271247686
clicked title : 알라딘: 백년 허리 2 : 치료편
------------------------------
cycle : 24

data:,
aladin_best_v2
keyword :  / input page:0 / n:
idx : 264
https://www.aladin.co.kr/shop/wproduct.aspx?ItemId=271247686
clicked title : 알라딘: 백년 허리 2 : 치료편
------------------------------
cycle : 25

data:,
aladin_best_v2
keyword :  / input page:0 / n:
idx : 264
https://www.aladin.co.kr/shop/wproduct.aspx?ItemId=271247686
clicked title : 알라딘: 백년 허리 2 : 치료편
------------------------------
cycle : 26

data:,
aladin_best_v2
keyword :  / input page:0 / n:
idx : 264
https://www.aladin.co.kr/shop/wproduct.aspx?ItemId=271247686
clicked title : 알라딘: 백년 허리 2 : 치료편
------------------------------
cycle : 27

data:,
aladin_best_v2
keyword :  / input page:0 / n:
idx : 264
https://www.aladin.co.kr/shop/wproduct.aspx?ItemId=271247686
clicked title : 알라딘: 백년 허리 2 : 치료편
------------------------------
cycle : 28

data:,
aladin_best_v2
keyword :  / input page:0 / n:
idx : 264
https://www.aladin.co.kr/shop/wproduct.aspx?ItemId=271247686
clicked title : 알라딘: 백년 허리 2 : 치료편
------------------------------
cycle : 29

data:,
aladin_best_v2
keyword :  / input page:0 / n:
idx : 264
https://www.aladin.co.kr/shop/wproduct.aspx?ItemId=271247686
clicked title : 알라딘: 백년 허리 2 : 치료편
------------------------------
cycle : 30

data:,
aladin_best_v2
keyword :  / input page:0 / n:
idx : 264
https://www.aladin.co.kr/shop/wproduct.aspx?ItemId=271247686
clicked title : 알라딘: 백년 허리 2 : 치료편
------------------------------
cycle : 31

data:,
aladin_best_v2
keyword :  / input page:0 / n:
idx : 264
https://www.aladin.co.kr/shop/wproduct.aspx?ItemId=271247686
clicked title : 알라딘: 백년 허리 2 : 치료편
------------------------------
cycle : 32

data:,
aladin_best_v2
keyword :  / input page:0 / n:
idx : 264
https://www.aladin.co.kr/shop/wproduct.aspx?ItemId=271247686
clicked title : 알라딘: 백년 허리 2 : 치료편
------------------------------
cycle : 33

data:,
aladin_best_v2
keyword :  / input page:0 / n:
idx : 264
https://www.aladin.co.kr/shop/wproduct.aspx?ItemId=271247686
clicked title : 알라딘: 백년 허리 2 : 치료편
------------------------------
cycle : 34

data:,
aladin_best_v2
keyword :  / input page:0 / n:
idx : 264
https://www.aladin.co.kr/shop/wproduct.aspx?ItemId=271247686
clicked title : 알라딘: 백년 허리 2 : 치료편
------------------------------
cycle : 35

data:,
aladin_best_v2
keyword :  / input page:0 / n:
idx : 264
https://www.aladin.co.kr/shop/wproduct.aspx?ItemId=271247686
clicked title : 알라딘: 백년 허리 2 : 치료편
------------------------------
cycle : 36

data:,
aladin_best_v2
keyword :  / input page:0 / n:
idx : 264
https://www.aladin.co.kr/shop/wproduct.aspx?ItemId=271247686
clicked title : 알라딘: 백년 허리 2 : 치료편
------------------------------
cycle : 37

data:,
aladin_best_v2
keyword :  / input page:0 / n:
idx : 264
https://www.aladin.co.kr/shop/wproduct.aspx?ItemId=271247686
clicked title : 알라딘: 백년 허리 2 : 치료편
------------------------------
cycle : 38

data:,
aladin_best_v2
keyword :  / input page:0 / n:
idx : 264
https://www.aladin.co.kr/shop/wproduct.aspx?ItemId=271247686
clicked title : 알라딘: 백년 허리 2 : 치료편
------------------------------
cycle : 39

data:,
aladin_best_v2
keyword :  / input page:0 / n:
idx : 264
https://www.aladin.co.kr/shop/wproduct.aspx?ItemId=271247686
clicked title : 알라딘: 백년 허리 2 : 치료편
------------------------------
cycle : 40

data:,
aladin_best_v2
keyword :  / input page:0 / n:
idx : 264
https://www.aladin.co.kr/shop/wproduct.aspx?ItemId=271247686
clicked title : 알라딘: 백년 허리 2 : 치료편
------------------------------
cycle : 41

data:,
aladin_best_v2
keyword :  / input page:0 / n:
idx : 264
https://www.aladin.co.kr/shop/wproduct.aspx?ItemId=271247686
clicked title : 알라딘: 백년 허리 2 : 치료편
------------------------------
cycle : 42

data:,
aladin_best_v2
keyword :  / input page:0 / n:
idx : 264
https://www.aladin.co.kr/shop/wproduct.aspx?ItemId=271247686
clicked title : 알라딘: 백년 허리 2 : 치료편
------------------------------
cycle : 43

data:,
aladin_best_v2
keyword :  / input page:0 / n:
idx : 264
https://www.aladin.co.kr/shop/wproduct.aspx?ItemId=271247686
clicked title : 알라딘: 백년 허리 2 : 치료편
------------------------------
cycle : 44

data:,
aladin_best_v2
keyword :  / input page:0 / n:
idx : 264
https://www.aladin.co.kr/shop/wproduct.aspx?ItemId=271247686
clicked title : 알라딘: 백년 허리 2 : 치료편
------------------------------
cycle : 45

data:,
aladin_best_v2
keyword :  / input page:0 / n:
idx : 264
https://www.aladin.co.kr/shop/wproduct.aspx?ItemId=271247686
clicked title : 알라딘: 백년 허리 2 : 치료편
------------------------------
cycle : 46

data:,
aladin_best_v2
keyword :  / input page:0 / n:
cycle : 47

data:,
aladin_best_v2
keyword :  / input page:0 / n:
cycle : 48

data:,
aladin_best_v2
keyword :  / input page:0 / n:
idx : 264
https://www.aladin.co.kr/shop/wproduct.aspx?ItemId=271247686
clicked title : 알라딘: 백년 허리 2 : 치료편
------------------------------
cycle : 49

data:,
aladin_best_v2
keyword :  / input page:0 / n:
idx : 264
https://www.aladin.co.kr/shop/wproduct.aspx?ItemId=271247686
clicked title : 알라딘: 백년 허리 2 : 치료편
------------------------------
timeStamp : 2023-01-11 06:03:28
cycle : 1

data:,
aladin_best_v2
keyword :  / input page:0 / n:
idx : 228
https://www.aladin.co.kr/shop/wproduct.aspx?ItemId=259692098
clicked title : 알라딘: 생각하라 그리고 부자가 되어라
------------------------------
cycle : 2

data:,
aladin_best_v2
keyword :  / input page:0 / n:
idx : 228
https://www.aladin.co.kr/shop/wproduct.aspx?ItemId=259692098
clicked title : 알라딘: 생각하라 그리고 부자가 되어라
------------------------------
cycle : 3

data:,
aladin_best_v2
keyword :  / input page:0 / n:
idx : 228
https://www.aladin.co.kr/shop/wproduct.aspx?ItemId=259692098
clicked title : 알라딘: 생각하라 그리고 부자가 되어라
------------------------------
cycle : 4

data:,
aladin_best_v2
keyword :  / input page:0 / n:
idx : 228
https://www.aladin.co.kr/shop/wproduct.aspx?ItemId=259692098
clicked title : 알라딘: 생각하라 그리고 부자가 되어라
------------------------------
cycle : 5

data:,
aladin_best_v2
keyword :  / input page:0 / n:
idx : 228
https://www.aladin.co.kr/shop/wproduct.aspx?ItemId=259692098
clicked title : 알라딘: 생각하라 그리고 부자가 되어라
------------------------------
cycle : 6

data:,
aladin_best_v2
keyword :  / input page:0 / n:
idx : 228
https://www.aladin.co.kr/shop/wproduct.aspx?ItemId=259692098
clicked title : 알라딘: 생각하라 그리고 부자가 되어라
------------------------------
cycle : 7

data:,
aladin_best_v2
keyword :  / input page:0 / n:
idx : 228
https://www.aladin.co.kr/shop/wproduct.aspx?ItemId=259692098
clicked title : 알라딘: 생각하라 그리고 부자가 되어라
------------------------------
cycle : 8

data:,
aladin_best_v2
keyword :  / input page:0 / n:
idx : 228
https://www.aladin.co.kr/shop/wproduct.aspx?ItemId=259692098
clicked title : 알라딘: 생각하라 그리고 부자가 되어라
------------------------------
