timeStamp : 2023-01-04 23:49:26
cycle : 1

data:,
kyobo_best_v1
keyword :  / input page:0 / n:
start kyobo
스카이 버스
만일 내가 인생을 다시 산다면(10만 부 기념 스페셜 에디션)
트렌드 코리아 2023
해커스 토익 기출보카 TOEIC VOCA(토익보카) 단어장
아버지의 해방일지
원씽(The One Thing)(리커버 특별판)
The Scent of PAGE : 룸스프레이 60ml
윤혜정의 개념의 나비효과 입문 편
불편한 편의점(40만부 기념 벚꽃 에디션)
2023 해커스 토익 RC 리딩(Reading) 토익 기본서
2023 해커스 토익 LC 리스닝(Listening) 토익 기본서
2023 황현필의 한국사 일력
EBS 윤혜정의 개념의 나비효과
이토록 평범한 미래
역행자
어른이 되기 전에 꼭 한 번은 논어를 읽어라 1
ETS 토익 정기시험 기출문제집 1000 Vol 3 LISTENING(리스닝)
2023 큰별쌤 최태성의 별별한국사 한국사능력검정시험 심화(1,2,3급)(상)
ETS 토익 정기시험 기출문제집 1000 Vol 3 READING(리딩)
2023 해커스 토익 실전 1000제 1 RC Reading(리딩) 문제집
내가 틀릴 수도 있습니다(화이트 에디션)
2023 해커스 토익 실전 1000제 1 LC Listening(리스닝) 문제집
물고기는 존재하지 않는다
불편한 편의점 2(단풍 에디션)
토익 단기공략 750+(LC+RC)
오투 중등 과학 3-1(2023)
2023 큰별쌤 최태성의 별별한국사 한국사능력검정시험 심화(1,2,3급)(하)
오늘 밤, 세계에서 이 사랑이 사라진다 해도
오투 중등 과학 2-1(2023)
한 권으로 끝내는 해커스 토익 700+ (LC+RC+VOCA)
윤혜정의 개념의 나비효과 입문편 워크북
심리학이 제갈량에게 말하다 1
하얼빈
부자 아빠 가난한 아빠 1(20주년 특별 기념판)
마흔에 읽는 니체
쎈 고등 수학1(2023)
대한민국 산업지도(2023)
예비 매3비 매일 지문 3개씩 푸는 비문학 독서 기출
해커스 토익 스타트 리딩(Reading) RC
레버리지
나도 모르는 내 마음의 심리법칙
워드마스터 수능 2000
idx : 41
cycle : 2

data:,
kyobo_best_v1
keyword :  / input page:0 / n:
start kyobo
스카이 버스
만일 내가 인생을 다시 산다면(10만 부 기념 스페셜 에디션)
트렌드 코리아 2023
해커스 토익 기출보카 TOEIC VOCA(토익보카) 단어장
아버지의 해방일지
원씽(The One Thing)(리커버 특별판)
The Scent of PAGE : 룸스프레이 60ml
윤혜정의 개념의 나비효과 입문 편
불편한 편의점(40만부 기념 벚꽃 에디션)
2023 해커스 토익 RC 리딩(Reading) 토익 기본서
2023 해커스 토익 LC 리스닝(Listening) 토익 기본서
2023 황현필의 한국사 일력
EBS 윤혜정의 개념의 나비효과
이토록 평범한 미래
역행자
어른이 되기 전에 꼭 한 번은 논어를 읽어라 1
ETS 토익 정기시험 기출문제집 1000 Vol 3 LISTENING(리스닝)
2023 큰별쌤 최태성의 별별한국사 한국사능력검정시험 심화(1,2,3급)(상)
ETS 토익 정기시험 기출문제집 1000 Vol 3 READING(리딩)
2023 해커스 토익 실전 1000제 1 RC Reading(리딩) 문제집
내가 틀릴 수도 있습니다(화이트 에디션)
2023 해커스 토익 실전 1000제 1 LC Listening(리스닝) 문제집
물고기는 존재하지 않는다
불편한 편의점 2(단풍 에디션)
토익 단기공략 750+(LC+RC)
오투 중등 과학 3-1(2023)
2023 큰별쌤 최태성의 별별한국사 한국사능력검정시험 심화(1,2,3급)(하)
오늘 밤, 세계에서 이 사랑이 사라진다 해도
오투 중등 과학 2-1(2023)
한 권으로 끝내는 해커스 토익 700+ (LC+RC+VOCA)
윤혜정의 개념의 나비효과 입문편 워크북
심리학이 제갈량에게 말하다 1
하얼빈
부자 아빠 가난한 아빠 1(20주년 특별 기념판)
마흔에 읽는 니체
쎈 고등 수학1(2023)
대한민국 산업지도(2023)
예비 매3비 매일 지문 3개씩 푸는 비문학 독서 기출
해커스 토익 스타트 리딩(Reading) RC
레버리지
나도 모르는 내 마음의 심리법칙
워드마스터 수능 2000
idx : 41
cycle : 3

data:,
kyobo_best_v1
keyword :  / input page:0 / n:
start kyobo
스카이 버스
만일 내가 인생을 다시 산다면(10만 부 기념 스페셜 에디션)
트렌드 코리아 2023
해커스 토익 기출보카 TOEIC VOCA(토익보카) 단어장
아버지의 해방일지
원씽(The One Thing)(리커버 특별판)
The Scent of PAGE : 룸스프레이 60ml
윤혜정의 개념의 나비효과 입문 편
불편한 편의점(40만부 기념 벚꽃 에디션)
2023 해커스 토익 RC 리딩(Reading) 토익 기본서
2023 해커스 토익 LC 리스닝(Listening) 토익 기본서
2023 황현필의 한국사 일력
EBS 윤혜정의 개념의 나비효과
이토록 평범한 미래
역행자
어른이 되기 전에 꼭 한 번은 논어를 읽어라 1
ETS 토익 정기시험 기출문제집 1000 Vol 3 LISTENING(리스닝)
2023 큰별쌤 최태성의 별별한국사 한국사능력검정시험 심화(1,2,3급)(상)
ETS 토익 정기시험 기출문제집 1000 Vol 3 READING(리딩)
2023 해커스 토익 실전 1000제 1 RC Reading(리딩) 문제집
내가 틀릴 수도 있습니다(화이트 에디션)
2023 해커스 토익 실전 1000제 1 LC Listening(리스닝) 문제집
물고기는 존재하지 않는다
불편한 편의점 2(단풍 에디션)
토익 단기공략 750+(LC+RC)
오투 중등 과학 3-1(2023)
2023 큰별쌤 최태성의 별별한국사 한국사능력검정시험 심화(1,2,3급)(하)
오늘 밤, 세계에서 이 사랑이 사라진다 해도
오투 중등 과학 2-1(2023)
한 권으로 끝내는 해커스 토익 700+ (LC+RC+VOCA)
윤혜정의 개념의 나비효과 입문편 워크북
심리학이 제갈량에게 말하다 1
하얼빈
부자 아빠 가난한 아빠 1(20주년 특별 기념판)
마흔에 읽는 니체
쎈 고등 수학1(2023)
대한민국 산업지도(2023)
예비 매3비 매일 지문 3개씩 푸는 비문학 독서 기출
해커스 토익 스타트 리딩(Reading) RC
레버리지
나도 모르는 내 마음의 심리법칙
워드마스터 수능 2000
idx : 41
cycle : 4

data:,
kyobo_best_v1
keyword :  / input page:0 / n:
start kyobo
스카이 버스
만일 내가 인생을 다시 산다면(10만 부 기념 스페셜 에디션)
트렌드 코리아 2023
해커스 토익 기출보카 TOEIC VOCA(토익보카) 단어장
아버지의 해방일지
원씽(The One Thing)(리커버 특별판)
The Scent of PAGE : 룸스프레이 60ml
윤혜정의 개념의 나비효과 입문 편
불편한 편의점(40만부 기념 벚꽃 에디션)
2023 해커스 토익 RC 리딩(Reading) 토익 기본서
2023 해커스 토익 LC 리스닝(Listening) 토익 기본서
2023 황현필의 한국사 일력
EBS 윤혜정의 개념의 나비효과
이토록 평범한 미래
역행자
어른이 되기 전에 꼭 한 번은 논어를 읽어라 1
ETS 토익 정기시험 기출문제집 1000 Vol 3 LISTENING(리스닝)
2023 큰별쌤 최태성의 별별한국사 한국사능력검정시험 심화(1,2,3급)(상)
ETS 토익 정기시험 기출문제집 1000 Vol 3 READING(리딩)
2023 해커스 토익 실전 1000제 1 RC Reading(리딩) 문제집
내가 틀릴 수도 있습니다(화이트 에디션)
2023 해커스 토익 실전 1000제 1 LC Listening(리스닝) 문제집
물고기는 존재하지 않는다
불편한 편의점 2(단풍 에디션)
토익 단기공략 750+(LC+RC)
오투 중등 과학 3-1(2023)
2023 큰별쌤 최태성의 별별한국사 한국사능력검정시험 심화(1,2,3급)(하)
오늘 밤, 세계에서 이 사랑이 사라진다 해도
오투 중등 과학 2-1(2023)
한 권으로 끝내는 해커스 토익 700+ (LC+RC+VOCA)
윤혜정의 개념의 나비효과 입문편 워크북
심리학이 제갈량에게 말하다 1
하얼빈
부자 아빠 가난한 아빠 1(20주년 특별 기념판)
마흔에 읽는 니체
쎈 고등 수학1(2023)
대한민국 산업지도(2023)
예비 매3비 매일 지문 3개씩 푸는 비문학 독서 기출
해커스 토익 스타트 리딩(Reading) RC
레버리지
나도 모르는 내 마음의 심리법칙
워드마스터 수능 2000
idx : 41
cycle : 5

data:,
kyobo_best_v1
keyword :  / input page:0 / n:
start kyobo
스카이 버스
만일 내가 인생을 다시 산다면(10만 부 기념 스페셜 에디션)
트렌드 코리아 2023
해커스 토익 기출보카 TOEIC VOCA(토익보카) 단어장
아버지의 해방일지
원씽(The One Thing)(리커버 특별판)
The Scent of PAGE : 룸스프레이 60ml
윤혜정의 개념의 나비효과 입문 편
불편한 편의점(40만부 기념 벚꽃 에디션)
2023 해커스 토익 RC 리딩(Reading) 토익 기본서
2023 해커스 토익 LC 리스닝(Listening) 토익 기본서
2023 황현필의 한국사 일력
EBS 윤혜정의 개념의 나비효과
이토록 평범한 미래
역행자
어른이 되기 전에 꼭 한 번은 논어를 읽어라 1
ETS 토익 정기시험 기출문제집 1000 Vol 3 LISTENING(리스닝)
2023 큰별쌤 최태성의 별별한국사 한국사능력검정시험 심화(1,2,3급)(상)
ETS 토익 정기시험 기출문제집 1000 Vol 3 READING(리딩)
2023 해커스 토익 실전 1000제 1 RC Reading(리딩) 문제집
내가 틀릴 수도 있습니다(화이트 에디션)
2023 해커스 토익 실전 1000제 1 LC Listening(리스닝) 문제집
물고기는 존재하지 않는다
불편한 편의점 2(단풍 에디션)
토익 단기공략 750+(LC+RC)
오투 중등 과학 3-1(2023)
2023 큰별쌤 최태성의 별별한국사 한국사능력검정시험 심화(1,2,3급)(하)
오늘 밤, 세계에서 이 사랑이 사라진다 해도
오투 중등 과학 2-1(2023)
한 권으로 끝내는 해커스 토익 700+ (LC+RC+VOCA)
윤혜정의 개념의 나비효과 입문편 워크북
심리학이 제갈량에게 말하다 1
하얼빈
부자 아빠 가난한 아빠 1(20주년 특별 기념판)
마흔에 읽는 니체
쎈 고등 수학1(2023)
대한민국 산업지도(2023)
예비 매3비 매일 지문 3개씩 푸는 비문학 독서 기출
해커스 토익 스타트 리딩(Reading) RC
레버리지
나도 모르는 내 마음의 심리법칙
워드마스터 수능 2000
idx : 41
cycle : 6

data:,
kyobo_best_v1
keyword :  / input page:0 / n:
start kyobo
스카이 버스
만일 내가 인생을 다시 산다면(10만 부 기념 스페셜 에디션)
트렌드 코리아 2023
해커스 토익 기출보카 TOEIC VOCA(토익보카) 단어장
아버지의 해방일지
원씽(The One Thing)(리커버 특별판)
The Scent of PAGE : 룸스프레이 60ml
윤혜정의 개념의 나비효과 입문 편
불편한 편의점(40만부 기념 벚꽃 에디션)
2023 해커스 토익 RC 리딩(Reading) 토익 기본서
2023 해커스 토익 LC 리스닝(Listening) 토익 기본서
2023 황현필의 한국사 일력
EBS 윤혜정의 개념의 나비효과
이토록 평범한 미래
역행자
어른이 되기 전에 꼭 한 번은 논어를 읽어라 1
ETS 토익 정기시험 기출문제집 1000 Vol 3 LISTENING(리스닝)
2023 큰별쌤 최태성의 별별한국사 한국사능력검정시험 심화(1,2,3급)(상)
ETS 토익 정기시험 기출문제집 1000 Vol 3 READING(리딩)
2023 해커스 토익 실전 1000제 1 RC Reading(리딩) 문제집
스카이 버스
만일 내가 인생을 다시 산다면(10만 부 기념 스페셜 에디션)
cycle : 7

data:,
kyobo_best_v1
keyword :  / input page:0 / n:
start kyobo
스카이 버스
만일 내가 인생을 다시 산다면(10만 부 기념 스페셜 에디션)
트렌드 코리아 2023
해커스 토익 기출보카 TOEIC VOCA(토익보카) 단어장
아버지의 해방일지
원씽(The One Thing)(리커버 특별판)
The Scent of PAGE : 룸스프레이 60ml
윤혜정의 개념의 나비효과 입문 편
불편한 편의점(40만부 기념 벚꽃 에디션)
2023 해커스 토익 RC 리딩(Reading) 토익 기본서
2023 해커스 토익 LC 리스닝(Listening) 토익 기본서
2023 황현필의 한국사 일력
EBS 윤혜정의 개념의 나비효과
이토록 평범한 미래
역행자
어른이 되기 전에 꼭 한 번은 논어를 읽어라 1
ETS 토익 정기시험 기출문제집 1000 Vol 3 LISTENING(리스닝)
2023 큰별쌤 최태성의 별별한국사 한국사능력검정시험 심화(1,2,3급)(상)
ETS 토익 정기시험 기출문제집 1000 Vol 3 READING(리딩)
2023 해커스 토익 실전 1000제 1 RC Reading(리딩) 문제집
내가 틀릴 수도 있습니다(화이트 에디션)
2023 해커스 토익 실전 1000제 1 LC Listening(리스닝) 문제집
물고기는 존재하지 않는다
불편한 편의점 2(단풍 에디션)
토익 단기공략 750+(LC+RC)
오투 중등 과학 3-1(2023)
2023 큰별쌤 최태성의 별별한국사 한국사능력검정시험 심화(1,2,3급)(하)
오늘 밤, 세계에서 이 사랑이 사라진다 해도
오투 중등 과학 2-1(2023)
한 권으로 끝내는 해커스 토익 700+ (LC+RC+VOCA)
윤혜정의 개념의 나비효과 입문편 워크북
심리학이 제갈량에게 말하다 1
하얼빈
부자 아빠 가난한 아빠 1(20주년 특별 기념판)
마흔에 읽는 니체
쎈 고등 수학1(2023)
대한민국 산업지도(2023)
예비 매3비 매일 지문 3개씩 푸는 비문학 독서 기출
해커스 토익 스타트 리딩(Reading) RC
레버리지
나도 모르는 내 마음의 심리법칙
워드마스터 수능 2000
idx : 41
cycle : 8

data:,
kyobo_best_v1
keyword :  / input page:0 / n:
start kyobo
스카이 버스
만일 내가 인생을 다시 산다면(10만 부 기념 스페셜 에디션)
트렌드 코리아 2023
해커스 토익 기출보카 TOEIC VOCA(토익보카) 단어장
아버지의 해방일지
원씽(The One Thing)(리커버 특별판)
The Scent of PAGE : 룸스프레이 60ml
윤혜정의 개념의 나비효과 입문 편
불편한 편의점(40만부 기념 벚꽃 에디션)
2023 해커스 토익 RC 리딩(Reading) 토익 기본서
2023 해커스 토익 LC 리스닝(Listening) 토익 기본서
2023 황현필의 한국사 일력
EBS 윤혜정의 개념의 나비효과
이토록 평범한 미래
역행자
어른이 되기 전에 꼭 한 번은 논어를 읽어라 1
ETS 토익 정기시험 기출문제집 1000 Vol 3 LISTENING(리스닝)
2023 큰별쌤 최태성의 별별한국사 한국사능력검정시험 심화(1,2,3급)(상)
ETS 토익 정기시험 기출문제집 1000 Vol 3 READING(리딩)
2023 해커스 토익 실전 1000제 1 RC Reading(리딩) 문제집
내가 틀릴 수도 있습니다(화이트 에디션)
2023 해커스 토익 실전 1000제 1 LC Listening(리스닝) 문제집
물고기는 존재하지 않는다
불편한 편의점 2(단풍 에디션)
토익 단기공략 750+(LC+RC)
오투 중등 과학 3-1(2023)
2023 큰별쌤 최태성의 별별한국사 한국사능력검정시험 심화(1,2,3급)(하)
오늘 밤, 세계에서 이 사랑이 사라진다 해도
오투 중등 과학 2-1(2023)
한 권으로 끝내는 해커스 토익 700+ (LC+RC+VOCA)
윤혜정의 개념의 나비효과 입문편 워크북
심리학이 제갈량에게 말하다 1
하얼빈
부자 아빠 가난한 아빠 1(20주년 특별 기념판)
마흔에 읽는 니체
쎈 고등 수학1(2023)
대한민국 산업지도(2023)
예비 매3비 매일 지문 3개씩 푸는 비문학 독서 기출
해커스 토익 스타트 리딩(Reading) RC
레버리지
나도 모르는 내 마음의 심리법칙
워드마스터 수능 2000
idx : 41
cycle : 9

data:,
kyobo_best_v1
keyword :  / input page:0 / n:
start kyobo
스카이 버스
만일 내가 인생을 다시 산다면(10만 부 기념 스페셜 에디션)
트렌드 코리아 2023
해커스 토익 기출보카 TOEIC VOCA(토익보카) 단어장
아버지의 해방일지
원씽(The One Thing)(리커버 특별판)
The Scent of PAGE : 룸스프레이 60ml
윤혜정의 개념의 나비효과 입문 편
불편한 편의점(40만부 기념 벚꽃 에디션)
2023 해커스 토익 RC 리딩(Reading) 토익 기본서
2023 해커스 토익 LC 리스닝(Listening) 토익 기본서
2023 황현필의 한국사 일력
EBS 윤혜정의 개념의 나비효과
이토록 평범한 미래
역행자
어른이 되기 전에 꼭 한 번은 논어를 읽어라 1
ETS 토익 정기시험 기출문제집 1000 Vol 3 LISTENING(리스닝)
2023 큰별쌤 최태성의 별별한국사 한국사능력검정시험 심화(1,2,3급)(상)
ETS 토익 정기시험 기출문제집 1000 Vol 3 READING(리딩)
2023 해커스 토익 실전 1000제 1 RC Reading(리딩) 문제집
내가 틀릴 수도 있습니다(화이트 에디션)
2023 해커스 토익 실전 1000제 1 LC Listening(리스닝) 문제집
물고기는 존재하지 않는다
불편한 편의점 2(단풍 에디션)
토익 단기공략 750+(LC+RC)
오투 중등 과학 3-1(2023)
2023 큰별쌤 최태성의 별별한국사 한국사능력검정시험 심화(1,2,3급)(하)
오늘 밤, 세계에서 이 사랑이 사라진다 해도
오투 중등 과학 2-1(2023)
한 권으로 끝내는 해커스 토익 700+ (LC+RC+VOCA)
윤혜정의 개념의 나비효과 입문편 워크북
심리학이 제갈량에게 말하다 1
하얼빈
부자 아빠 가난한 아빠 1(20주년 특별 기념판)
마흔에 읽는 니체
쎈 고등 수학1(2023)
대한민국 산업지도(2023)
예비 매3비 매일 지문 3개씩 푸는 비문학 독서 기출
해커스 토익 스타트 리딩(Reading) RC
레버리지
나도 모르는 내 마음의 심리법칙
워드마스터 수능 2000
idx : 41
cycle : 10

data:,
kyobo_best_v1
keyword :  / input page:0 / n:
start kyobo
스카이 버스
만일 내가 인생을 다시 산다면(10만 부 기념 스페셜 에디션)
트렌드 코리아 2023
해커스 토익 기출보카 TOEIC VOCA(토익보카) 단어장
아버지의 해방일지
원씽(The One Thing)(리커버 특별판)
The Scent of PAGE : 룸스프레이 60ml
윤혜정의 개념의 나비효과 입문 편
불편한 편의점(40만부 기념 벚꽃 에디션)
2023 해커스 토익 RC 리딩(Reading) 토익 기본서
2023 해커스 토익 LC 리스닝(Listening) 토익 기본서
2023 황현필의 한국사 일력
EBS 윤혜정의 개념의 나비효과
이토록 평범한 미래
역행자
어른이 되기 전에 꼭 한 번은 논어를 읽어라 1
ETS 토익 정기시험 기출문제집 1000 Vol 3 LISTENING(리스닝)
2023 큰별쌤 최태성의 별별한국사 한국사능력검정시험 심화(1,2,3급)(상)
ETS 토익 정기시험 기출문제집 1000 Vol 3 READING(리딩)
2023 해커스 토익 실전 1000제 1 RC Reading(리딩) 문제집
내가 틀릴 수도 있습니다(화이트 에디션)
2023 해커스 토익 실전 1000제 1 LC Listening(리스닝) 문제집
물고기는 존재하지 않는다
불편한 편의점 2(단풍 에디션)
토익 단기공략 750+(LC+RC)
오투 중등 과학 3-1(2023)
2023 큰별쌤 최태성의 별별한국사 한국사능력검정시험 심화(1,2,3급)(하)
오늘 밤, 세계에서 이 사랑이 사라진다 해도
오투 중등 과학 2-1(2023)
한 권으로 끝내는 해커스 토익 700+ (LC+RC+VOCA)
윤혜정의 개념의 나비효과 입문편 워크북
심리학이 제갈량에게 말하다 1
하얼빈
부자 아빠 가난한 아빠 1(20주년 특별 기념판)
마흔에 읽는 니체
쎈 고등 수학1(2023)
대한민국 산업지도(2023)
예비 매3비 매일 지문 3개씩 푸는 비문학 독서 기출
해커스 토익 스타트 리딩(Reading) RC
레버리지
나도 모르는 내 마음의 심리법칙
워드마스터 수능 2000
idx : 41
cycle : 11

data:,
kyobo_best_v1
keyword :  / input page:0 / n:
start kyobo
스카이 버스
만일 내가 인생을 다시 산다면(10만 부 기념 스페셜 에디션)
트렌드 코리아 2023
해커스 토익 기출보카 TOEIC VOCA(토익보카) 단어장
아버지의 해방일지
원씽(The One Thing)(리커버 특별판)
The Scent of PAGE : 룸스프레이 60ml
윤혜정의 개념의 나비효과 입문 편
불편한 편의점(40만부 기념 벚꽃 에디션)
2023 해커스 토익 RC 리딩(Reading) 토익 기본서
2023 해커스 토익 LC 리스닝(Listening) 토익 기본서
2023 황현필의 한국사 일력
EBS 윤혜정의 개념의 나비효과
이토록 평범한 미래
역행자
어른이 되기 전에 꼭 한 번은 논어를 읽어라 1
ETS 토익 정기시험 기출문제집 1000 Vol 3 LISTENING(리스닝)
2023 큰별쌤 최태성의 별별한국사 한국사능력검정시험 심화(1,2,3급)(상)
ETS 토익 정기시험 기출문제집 1000 Vol 3 READING(리딩)
2023 해커스 토익 실전 1000제 1 RC Reading(리딩) 문제집
내가 틀릴 수도 있습니다(화이트 에디션)
2023 해커스 토익 실전 1000제 1 LC Listening(리스닝) 문제집
물고기는 존재하지 않는다
불편한 편의점 2(단풍 에디션)
토익 단기공략 750+(LC+RC)
오투 중등 과학 3-1(2023)
2023 큰별쌤 최태성의 별별한국사 한국사능력검정시험 심화(1,2,3급)(하)
오늘 밤, 세계에서 이 사랑이 사라진다 해도
오투 중등 과학 2-1(2023)
한 권으로 끝내는 해커스 토익 700+ (LC+RC+VOCA)
윤혜정의 개념의 나비효과 입문편 워크북
심리학이 제갈량에게 말하다 1
하얼빈
부자 아빠 가난한 아빠 1(20주년 특별 기념판)
마흔에 읽는 니체
쎈 고등 수학1(2023)
대한민국 산업지도(2023)
예비 매3비 매일 지문 3개씩 푸는 비문학 독서 기출
해커스 토익 스타트 리딩(Reading) RC
레버리지
나도 모르는 내 마음의 심리법칙
워드마스터 수능 2000
