timeStamp : 2023-01-05 01:33:50
cycle : 1

data:,
kyobo_best_v1
keyword :  / input page:0 / n:
start kyobo
스카이 버스
만일 내가 인생을 다시 산다면(10만 부 기념 스페셜 에디션)
트렌드 코리아 2023
해커스 토익 기출보카 TOEIC VOCA(토익보카) 단어장
아버지의 해방일지
원씽(The One Thing)(리커버 특별판)
The Scent of PAGE : 룸스프레이 60ml
윤혜정의 개념의 나비효과 입문 편
불편한 편의점(40만부 기념 벚꽃 에디션)
2023 해커스 토익 RC 리딩(Reading) 토익 기본서
2023 해커스 토익 LC 리스닝(Listening) 토익 기본서
2023 황현필의 한국사 일력
EBS 윤혜정의 개념의 나비효과
이토록 평범한 미래
역행자
어른이 되기 전에 꼭 한 번은 논어를 읽어라 1
ETS 토익 정기시험 기출문제집 1000 Vol 3 LISTENING(리스닝)
2023 큰별쌤 최태성의 별별한국사 한국사능력검정시험 심화(1,2,3급)(상)
ETS 토익 정기시험 기출문제집 1000 Vol 3 READING(리딩)
2023 해커스 토익 실전 1000제 1 RC Reading(리딩) 문제집
스카이 버스
만일 내가 인생을 다시 산다면(10만 부 기념 스페셜 에디션)
트렌드 코리아 2023
해커스 토익 기출보카 TOEIC VOCA(토익보카) 단어장
아버지의 해방일지
원씽(The One Thing)(리커버 특별판)
The Scent of PAGE : 룸스프레이 60ml
윤혜정의 개념의 나비효과 입문 편
불편한 편의점(40만부 기념 벚꽃 에디션)
2023 해커스 토익 RC 리딩(Reading) 토익 기본서
2023 해커스 토익 LC 리스닝(Listening) 토익 기본서
2023 황현필의 한국사 일력
EBS 윤혜정의 개념의 나비효과
이토록 평범한 미래
역행자
어른이 되기 전에 꼭 한 번은 논어를 읽어라 1
ETS 토익 정기시험 기출문제집 1000 Vol 3 LISTENING(리스닝)
2023 큰별쌤 최태성의 별별한국사 한국사능력검정시험 심화(1,2,3급)(상)
ETS 토익 정기시험 기출문제집 1000 Vol 3 READING(리딩)
2023 해커스 토익 실전 1000제 1 RC Reading(리딩) 문제집
cycle : 2

data:,
kyobo_best_v1
keyword :  / input page:0 / n:
start kyobo
스카이 버스
만일 내가 인생을 다시 산다면(10만 부 기념 스페셜 에디션)
트렌드 코리아 2023
해커스 토익 기출보카 TOEIC VOCA(토익보카) 단어장
아버지의 해방일지
원씽(The One Thing)(리커버 특별판)
The Scent of PAGE : 룸스프레이 60ml
윤혜정의 개념의 나비효과 입문 편
불편한 편의점(40만부 기념 벚꽃 에디션)
2023 해커스 토익 RC 리딩(Reading) 토익 기본서
2023 해커스 토익 LC 리스닝(Listening) 토익 기본서
2023 황현필의 한국사 일력
EBS 윤혜정의 개념의 나비효과
이토록 평범한 미래
역행자
어른이 되기 전에 꼭 한 번은 논어를 읽어라 1
ETS 토익 정기시험 기출문제집 1000 Vol 3 LISTENING(리스닝)
2023 큰별쌤 최태성의 별별한국사 한국사능력검정시험 심화(1,2,3급)(상)
ETS 토익 정기시험 기출문제집 1000 Vol 3 READING(리딩)
2023 해커스 토익 실전 1000제 1 RC Reading(리딩) 문제집
내가 틀릴 수도 있습니다(화이트 에디션)
2023 해커스 토익 실전 1000제 1 LC Listening(리스닝) 문제집
물고기는 존재하지 않는다
불편한 편의점 2(단풍 에디션)
토익 단기공략 750+(LC+RC)
오투 중등 과학 3-1(2023)
2023 큰별쌤 최태성의 별별한국사 한국사능력검정시험 심화(1,2,3급)(하)
오늘 밤, 세계에서 이 사랑이 사라진다 해도
오투 중등 과학 2-1(2023)
한 권으로 끝내는 해커스 토익 700+ (LC+RC+VOCA)
윤혜정의 개념의 나비효과 입문편 워크북
심리학이 제갈량에게 말하다 1
하얼빈
부자 아빠 가난한 아빠 1(20주년 특별 기념판)
마흔에 읽는 니체
쎈 고등 수학1(2023)
대한민국 산업지도(2023)
예비 매3비 매일 지문 3개씩 푸는 비문학 독서 기출
해커스 토익 스타트 리딩(Reading) RC
레버리지
내가 틀릴 수도 있습니다(화이트 에디션)
2023 해커스 토익 실전 1000제 1 LC Listening(리스닝) 문제집
물고기는 존재하지 않는다
불편한 편의점 2(단풍 에디션)
토익 단기공략 750+(LC+RC)
오투 중등 과학 3-1(2023)
2023 큰별쌤 최태성의 별별한국사 한국사능력검정시험 심화(1,2,3급)(하)
오늘 밤, 세계에서 이 사랑이 사라진다 해도
오투 중등 과학 2-1(2023)
한 권으로 끝내는 해커스 토익 700+ (LC+RC+VOCA)
윤혜정의 개념의 나비효과 입문편 워크북
심리학이 제갈량에게 말하다 1
하얼빈
부자 아빠 가난한 아빠 1(20주년 특별 기념판)
마흔에 읽는 니체
쎈 고등 수학1(2023)
대한민국 산업지도(2023)
예비 매3비 매일 지문 3개씩 푸는 비문학 독서 기출
해커스 토익 스타트 리딩(Reading) RC
레버리지
cycle : 3

data:,
kyobo_best_v1
keyword :  / input page:0 / n:
start kyobo
스카이 버스
만일 내가 인생을 다시 산다면(10만 부 기념 스페셜 에디션)
트렌드 코리아 2023
해커스 토익 기출보카 TOEIC VOCA(토익보카) 단어장
아버지의 해방일지
원씽(The One Thing)(리커버 특별판)
The Scent of PAGE : 룸스프레이 60ml
윤혜정의 개념의 나비효과 입문 편
불편한 편의점(40만부 기념 벚꽃 에디션)
2023 해커스 토익 RC 리딩(Reading) 토익 기본서
2023 해커스 토익 LC 리스닝(Listening) 토익 기본서
2023 황현필의 한국사 일력
EBS 윤혜정의 개념의 나비효과
이토록 평범한 미래
역행자
어른이 되기 전에 꼭 한 번은 논어를 읽어라 1
ETS 토익 정기시험 기출문제집 1000 Vol 3 LISTENING(리스닝)
2023 큰별쌤 최태성의 별별한국사 한국사능력검정시험 심화(1,2,3급)(상)
ETS 토익 정기시험 기출문제집 1000 Vol 3 READING(리딩)
2023 해커스 토익 실전 1000제 1 RC Reading(리딩) 문제집
내가 틀릴 수도 있습니다(화이트 에디션)
2023 해커스 토익 실전 1000제 1 LC Listening(리스닝) 문제집
물고기는 존재하지 않는다
불편한 편의점 2(단풍 에디션)
토익 단기공략 750+(LC+RC)
오투 중등 과학 3-1(2023)
2023 큰별쌤 최태성의 별별한국사 한국사능력검정시험 심화(1,2,3급)(하)
오늘 밤, 세계에서 이 사랑이 사라진다 해도
오투 중등 과학 2-1(2023)
한 권으로 끝내는 해커스 토익 700+ (LC+RC+VOCA)
윤혜정의 개념의 나비효과 입문편 워크북
심리학이 제갈량에게 말하다 1
하얼빈
부자 아빠 가난한 아빠 1(20주년 특별 기념판)
마흔에 읽는 니체
쎈 고등 수학1(2023)
대한민국 산업지도(2023)
예비 매3비 매일 지문 3개씩 푸는 비문학 독서 기출
해커스 토익 스타트 리딩(Reading) RC
레버리지
나도 모르는 내 마음의 심리법칙
워드마스터 수능 2000
idx : 41
cycle : 4

data:,
kyobo_best_v1
keyword :  / input page:0 / n:
start kyobo
스카이 버스
만일 내가 인생을 다시 산다면(10만 부 기념 스페셜 에디션)
트렌드 코리아 2023
해커스 토익 기출보카 TOEIC VOCA(토익보카) 단어장
아버지의 해방일지
원씽(The One Thing)(리커버 특별판)
The Scent of PAGE : 룸스프레이 60ml
윤혜정의 개념의 나비효과 입문 편
불편한 편의점(40만부 기념 벚꽃 에디션)
2023 해커스 토익 RC 리딩(Reading) 토익 기본서
2023 해커스 토익 LC 리스닝(Listening) 토익 기본서
2023 황현필의 한국사 일력
EBS 윤혜정의 개념의 나비효과
이토록 평범한 미래
역행자
어른이 되기 전에 꼭 한 번은 논어를 읽어라 1
ETS 토익 정기시험 기출문제집 1000 Vol 3 LISTENING(리스닝)
2023 큰별쌤 최태성의 별별한국사 한국사능력검정시험 심화(1,2,3급)(상)
ETS 토익 정기시험 기출문제집 1000 Vol 3 READING(리딩)
2023 해커스 토익 실전 1000제 1 RC Reading(리딩) 문제집
내가 틀릴 수도 있습니다(화이트 에디션)
2023 해커스 토익 실전 1000제 1 LC Listening(리스닝) 문제집
물고기는 존재하지 않는다
불편한 편의점 2(단풍 에디션)
토익 단기공략 750+(LC+RC)
오투 중등 과학 3-1(2023)
2023 큰별쌤 최태성의 별별한국사 한국사능력검정시험 심화(1,2,3급)(하)
오늘 밤, 세계에서 이 사랑이 사라진다 해도
오투 중등 과학 2-1(2023)
한 권으로 끝내는 해커스 토익 700+ (LC+RC+VOCA)
윤혜정의 개념의 나비효과 입문편 워크북
심리학이 제갈량에게 말하다 1
하얼빈
부자 아빠 가난한 아빠 1(20주년 특별 기념판)
마흔에 읽는 니체
쎈 고등 수학1(2023)
대한민국 산업지도(2023)
예비 매3비 매일 지문 3개씩 푸는 비문학 독서 기출
해커스 토익 스타트 리딩(Reading) RC
레버리지
나도 모르는 내 마음의 심리법칙
워드마스터 수능 2000
idx : 41
cycle : 5

data:,
kyobo_best_v1
keyword :  / input page:0 / n:
start kyobo
스카이 버스
만일 내가 인생을 다시 산다면(10만 부 기념 스페셜 에디션)
트렌드 코리아 2023
해커스 토익 기출보카 TOEIC VOCA(토익보카) 단어장
아버지의 해방일지
원씽(The One Thing)(리커버 특별판)
The Scent of PAGE : 룸스프레이 60ml
윤혜정의 개념의 나비효과 입문 편
불편한 편의점(40만부 기념 벚꽃 에디션)
2023 해커스 토익 RC 리딩(Reading) 토익 기본서
2023 해커스 토익 LC 리스닝(Listening) 토익 기본서
2023 황현필의 한국사 일력
EBS 윤혜정의 개념의 나비효과
이토록 평범한 미래
역행자
어른이 되기 전에 꼭 한 번은 논어를 읽어라 1
ETS 토익 정기시험 기출문제집 1000 Vol 3 LISTENING(리스닝)
2023 큰별쌤 최태성의 별별한국사 한국사능력검정시험 심화(1,2,3급)(상)
ETS 토익 정기시험 기출문제집 1000 Vol 3 READING(리딩)
2023 해커스 토익 실전 1000제 1 RC Reading(리딩) 문제집
내가 틀릴 수도 있습니다(화이트 에디션)
2023 해커스 토익 실전 1000제 1 LC Listening(리스닝) 문제집
물고기는 존재하지 않는다
불편한 편의점 2(단풍 에디션)
토익 단기공략 750+(LC+RC)
오투 중등 과학 3-1(2023)
2023 큰별쌤 최태성의 별별한국사 한국사능력검정시험 심화(1,2,3급)(하)
오늘 밤, 세계에서 이 사랑이 사라진다 해도
오투 중등 과학 2-1(2023)
한 권으로 끝내는 해커스 토익 700+ (LC+RC+VOCA)
윤혜정의 개념의 나비효과 입문편 워크북
심리학이 제갈량에게 말하다 1
하얼빈
부자 아빠 가난한 아빠 1(20주년 특별 기념판)
마흔에 읽는 니체
쎈 고등 수학1(2023)
대한민국 산업지도(2023)
예비 매3비 매일 지문 3개씩 푸는 비문학 독서 기출
해커스 토익 스타트 리딩(Reading) RC
레버리지
나도 모르는 내 마음의 심리법칙
워드마스터 수능 2000
idx : 41
cycle : 6

data:,
kyobo_best_v1
keyword :  / input page:0 / n:
start kyobo
cycle : 7

data:,
kyobo_best_v1
keyword :  / input page:0 / n:
start kyobo
스카이 버스
만일 내가 인생을 다시 산다면(10만 부 기념 스페셜 에디션)
트렌드 코리아 2023
해커스 토익 기출보카 TOEIC VOCA(토익보카) 단어장
아버지의 해방일지
원씽(The One Thing)(리커버 특별판)
The Scent of PAGE : 룸스프레이 60ml
윤혜정의 개념의 나비효과 입문 편
불편한 편의점(40만부 기념 벚꽃 에디션)
2023 해커스 토익 RC 리딩(Reading) 토익 기본서
2023 해커스 토익 LC 리스닝(Listening) 토익 기본서
2023 황현필의 한국사 일력
EBS 윤혜정의 개념의 나비효과
이토록 평범한 미래
역행자
어른이 되기 전에 꼭 한 번은 논어를 읽어라 1
ETS 토익 정기시험 기출문제집 1000 Vol 3 LISTENING(리스닝)
2023 큰별쌤 최태성의 별별한국사 한국사능력검정시험 심화(1,2,3급)(상)
ETS 토익 정기시험 기출문제집 1000 Vol 3 READING(리딩)
2023 해커스 토익 실전 1000제 1 RC Reading(리딩) 문제집
내가 틀릴 수도 있습니다(화이트 에디션)
2023 해커스 토익 실전 1000제 1 LC Listening(리스닝) 문제집
물고기는 존재하지 않는다
불편한 편의점 2(단풍 에디션)
토익 단기공략 750+(LC+RC)
오투 중등 과학 3-1(2023)
2023 큰별쌤 최태성의 별별한국사 한국사능력검정시험 심화(1,2,3급)(하)
오늘 밤, 세계에서 이 사랑이 사라진다 해도
오투 중등 과학 2-1(2023)
한 권으로 끝내는 해커스 토익 700+ (LC+RC+VOCA)
윤혜정의 개념의 나비효과 입문편 워크북
심리학이 제갈량에게 말하다 1
하얼빈
부자 아빠 가난한 아빠 1(20주년 특별 기념판)
마흔에 읽는 니체
쎈 고등 수학1(2023)
대한민국 산업지도(2023)
예비 매3비 매일 지문 3개씩 푸는 비문학 독서 기출
해커스 토익 스타트 리딩(Reading) RC
레버리지
나도 모르는 내 마음의 심리법칙
워드마스터 수능 2000
idx : 41
cycle : 8

data:,
kyobo_best_v1
keyword :  / input page:0 / n:
start kyobo
cycle : 9

data:,
kyobo_best_v1
keyword :  / input page:0 / n:
start kyobo
스카이 버스
만일 내가 인생을 다시 산다면(10만 부 기념 스페셜 에디션)
트렌드 코리아 2023
해커스 토익 기출보카 TOEIC VOCA(토익보카) 단어장
아버지의 해방일지
원씽(The One Thing)(리커버 특별판)
The Scent of PAGE : 룸스프레이 60ml
윤혜정의 개념의 나비효과 입문 편
불편한 편의점(40만부 기념 벚꽃 에디션)
2023 해커스 토익 RC 리딩(Reading) 토익 기본서
2023 해커스 토익 LC 리스닝(Listening) 토익 기본서
2023 황현필의 한국사 일력
EBS 윤혜정의 개념의 나비효과
이토록 평범한 미래
역행자
어른이 되기 전에 꼭 한 번은 논어를 읽어라 1
ETS 토익 정기시험 기출문제집 1000 Vol 3 LISTENING(리스닝)
2023 큰별쌤 최태성의 별별한국사 한국사능력검정시험 심화(1,2,3급)(상)
ETS 토익 정기시험 기출문제집 1000 Vol 3 READING(리딩)
2023 해커스 토익 실전 1000제 1 RC Reading(리딩) 문제집
내가 틀릴 수도 있습니다(화이트 에디션)
2023 해커스 토익 실전 1000제 1 LC Listening(리스닝) 문제집
물고기는 존재하지 않는다
불편한 편의점 2(단풍 에디션)
토익 단기공략 750+(LC+RC)
오투 중등 과학 3-1(2023)
2023 큰별쌤 최태성의 별별한국사 한국사능력검정시험 심화(1,2,3급)(하)
오늘 밤, 세계에서 이 사랑이 사라진다 해도
오투 중등 과학 2-1(2023)
한 권으로 끝내는 해커스 토익 700+ (LC+RC+VOCA)
윤혜정의 개념의 나비효과 입문편 워크북
심리학이 제갈량에게 말하다 1
하얼빈
부자 아빠 가난한 아빠 1(20주년 특별 기념판)
마흔에 읽는 니체
쎈 고등 수학1(2023)
대한민국 산업지도(2023)
예비 매3비 매일 지문 3개씩 푸는 비문학 독서 기출
해커스 토익 스타트 리딩(Reading) RC
레버리지
나도 모르는 내 마음의 심리법칙
워드마스터 수능 2000
idx : 41
cycle : 10

data:,
kyobo_best_v1
keyword :  / input page:0 / n:
start kyobo
스카이 버스
만일 내가 인생을 다시 산다면(10만 부 기념 스페셜 에디션)
트렌드 코리아 2023
해커스 토익 기출보카 TOEIC VOCA(토익보카) 단어장
아버지의 해방일지
원씽(The One Thing)(리커버 특별판)
The Scent of PAGE : 룸스프레이 60ml
윤혜정의 개념의 나비효과 입문 편
불편한 편의점(40만부 기념 벚꽃 에디션)
2023 해커스 토익 RC 리딩(Reading) 토익 기본서
2023 해커스 토익 LC 리스닝(Listening) 토익 기본서
2023 황현필의 한국사 일력
EBS 윤혜정의 개념의 나비효과
이토록 평범한 미래
역행자
어른이 되기 전에 꼭 한 번은 논어를 읽어라 1
ETS 토익 정기시험 기출문제집 1000 Vol 3 LISTENING(리스닝)
2023 큰별쌤 최태성의 별별한국사 한국사능력검정시험 심화(1,2,3급)(상)
ETS 토익 정기시험 기출문제집 1000 Vol 3 READING(리딩)
2023 해커스 토익 실전 1000제 1 RC Reading(리딩) 문제집
내가 틀릴 수도 있습니다(화이트 에디션)
2023 해커스 토익 실전 1000제 1 LC Listening(리스닝) 문제집
물고기는 존재하지 않는다
불편한 편의점 2(단풍 에디션)
토익 단기공략 750+(LC+RC)
오투 중등 과학 3-1(2023)
2023 큰별쌤 최태성의 별별한국사 한국사능력검정시험 심화(1,2,3급)(하)
오늘 밤, 세계에서 이 사랑이 사라진다 해도
오투 중등 과학 2-1(2023)
한 권으로 끝내는 해커스 토익 700+ (LC+RC+VOCA)
윤혜정의 개념의 나비효과 입문편 워크북
심리학이 제갈량에게 말하다 1
하얼빈
부자 아빠 가난한 아빠 1(20주년 특별 기념판)
마흔에 읽는 니체
쎈 고등 수학1(2023)
대한민국 산업지도(2023)
예비 매3비 매일 지문 3개씩 푸는 비문학 독서 기출
해커스 토익 스타트 리딩(Reading) RC
레버리지
나도 모르는 내 마음의 심리법칙
워드마스터 수능 2000
idx : 41
cycle : 11

data:,
kyobo_best_v1
keyword :  / input page:0 / n:
start kyobo
스카이 버스
만일 내가 인생을 다시 산다면(10만 부 기념 스페셜 에디션)
트렌드 코리아 2023
해커스 토익 기출보카 TOEIC VOCA(토익보카) 단어장
아버지의 해방일지
원씽(The One Thing)(리커버 특별판)
The Scent of PAGE : 룸스프레이 60ml
윤혜정의 개념의 나비효과 입문 편
불편한 편의점(40만부 기념 벚꽃 에디션)
2023 해커스 토익 RC 리딩(Reading) 토익 기본서
2023 해커스 토익 LC 리스닝(Listening) 토익 기본서
2023 황현필의 한국사 일력
EBS 윤혜정의 개념의 나비효과
이토록 평범한 미래
역행자
어른이 되기 전에 꼭 한 번은 논어를 읽어라 1
ETS 토익 정기시험 기출문제집 1000 Vol 3 LISTENING(리스닝)
2023 큰별쌤 최태성의 별별한국사 한국사능력검정시험 심화(1,2,3급)(상)
ETS 토익 정기시험 기출문제집 1000 Vol 3 READING(리딩)
2023 해커스 토익 실전 1000제 1 RC Reading(리딩) 문제집
스카이 버스
만일 내가 인생을 다시 산다면(10만 부 기념 스페셜 에디션)
트렌드 코리아 2023
해커스 토익 기출보카 TOEIC VOCA(토익보카) 단어장
아버지의 해방일지
원씽(The One Thing)(리커버 특별판)
The Scent of PAGE : 룸스프레이 60ml
윤혜정의 개념의 나비효과 입문 편
불편한 편의점(40만부 기념 벚꽃 에디션)
2023 해커스 토익 RC 리딩(Reading) 토익 기본서
2023 해커스 토익 LC 리스닝(Listening) 토익 기본서
2023 황현필의 한국사 일력
EBS 윤혜정의 개념의 나비효과
이토록 평범한 미래
역행자
어른이 되기 전에 꼭 한 번은 논어를 읽어라 1
ETS 토익 정기시험 기출문제집 1000 Vol 3 LISTENING(리스닝)
2023 큰별쌤 최태성의 별별한국사 한국사능력검정시험 심화(1,2,3급)(상)
ETS 토익 정기시험 기출문제집 1000 Vol 3 READING(리딩)
2023 해커스 토익 실전 1000제 1 RC Reading(리딩) 문제집
나도 모르는 내 마음의 심리법칙
워드마스터 수능 2000
idx : 41
cycle : 12

data:,
kyobo_best_v1
keyword :  / input page:0 / n:
start kyobo
스카이 버스
만일 내가 인생을 다시 산다면(10만 부 기념 스페셜 에디션)
트렌드 코리아 2023
해커스 토익 기출보카 TOEIC VOCA(토익보카) 단어장
아버지의 해방일지
원씽(The One Thing)(리커버 특별판)
The Scent of PAGE : 룸스프레이 60ml
윤혜정의 개념의 나비효과 입문 편
불편한 편의점(40만부 기념 벚꽃 에디션)
2023 해커스 토익 RC 리딩(Reading) 토익 기본서
2023 해커스 토익 LC 리스닝(Listening) 토익 기본서
2023 황현필의 한국사 일력
EBS 윤혜정의 개념의 나비효과
이토록 평범한 미래
역행자
어른이 되기 전에 꼭 한 번은 논어를 읽어라 1
ETS 토익 정기시험 기출문제집 1000 Vol 3 LISTENING(리스닝)
2023 큰별쌤 최태성의 별별한국사 한국사능력검정시험 심화(1,2,3급)(상)
ETS 토익 정기시험 기출문제집 1000 Vol 3 READING(리딩)
2023 해커스 토익 실전 1000제 1 RC Reading(리딩) 문제집
내가 틀릴 수도 있습니다(화이트 에디션)
2023 해커스 토익 실전 1000제 1 LC Listening(리스닝) 문제집
물고기는 존재하지 않는다
불편한 편의점 2(단풍 에디션)
토익 단기공략 750+(LC+RC)
오투 중등 과학 3-1(2023)
2023 큰별쌤 최태성의 별별한국사 한국사능력검정시험 심화(1,2,3급)(하)
오늘 밤, 세계에서 이 사랑이 사라진다 해도
오투 중등 과학 2-1(2023)
한 권으로 끝내는 해커스 토익 700+ (LC+RC+VOCA)
윤혜정의 개념의 나비효과 입문편 워크북
심리학이 제갈량에게 말하다 1
하얼빈
부자 아빠 가난한 아빠 1(20주년 특별 기념판)
마흔에 읽는 니체
쎈 고등 수학1(2023)
대한민국 산업지도(2023)
예비 매3비 매일 지문 3개씩 푸는 비문학 독서 기출
해커스 토익 스타트 리딩(Reading) RC
레버리지
내가 틀릴 수도 있습니다(화이트 에디션)
2023 해커스 토익 실전 1000제 1 LC Listening(리스닝) 문제집
물고기는 존재하지 않는다
불편한 편의점 2(단풍 에디션)
토익 단기공략 750+(LC+RC)
오투 중등 과학 3-1(2023)
2023 큰별쌤 최태성의 별별한국사 한국사능력검정시험 심화(1,2,3급)(하)
오늘 밤, 세계에서 이 사랑이 사라진다 해도
오투 중등 과학 2-1(2023)
한 권으로 끝내는 해커스 토익 700+ (LC+RC+VOCA)
윤혜정의 개념의 나비효과 입문편 워크북
심리학이 제갈량에게 말하다 1
하얼빈
부자 아빠 가난한 아빠 1(20주년 특별 기념판)
마흔에 읽는 니체
쎈 고등 수학1(2023)
대한민국 산업지도(2023)
예비 매3비 매일 지문 3개씩 푸는 비문학 독서 기출
해커스 토익 스타트 리딩(Reading) RC
레버리지
cycle : 13

data:,
kyobo_best_v1
keyword :  / input page:0 / n:
start kyobo
스카이 버스
만일 내가 인생을 다시 산다면(10만 부 기념 스페셜 에디션)
트렌드 코리아 2023
해커스 토익 기출보카 TOEIC VOCA(토익보카) 단어장
아버지의 해방일지
원씽(The One Thing)(리커버 특별판)
The Scent of PAGE : 룸스프레이 60ml
윤혜정의 개념의 나비효과 입문 편
불편한 편의점(40만부 기념 벚꽃 에디션)
2023 해커스 토익 RC 리딩(Reading) 토익 기본서
2023 해커스 토익 LC 리스닝(Listening) 토익 기본서
2023 황현필의 한국사 일력
EBS 윤혜정의 개념의 나비효과
이토록 평범한 미래
역행자
어른이 되기 전에 꼭 한 번은 논어를 읽어라 1
ETS 토익 정기시험 기출문제집 1000 Vol 3 LISTENING(리스닝)
2023 큰별쌤 최태성의 별별한국사 한국사능력검정시험 심화(1,2,3급)(상)
ETS 토익 정기시험 기출문제집 1000 Vol 3 READING(리딩)
2023 해커스 토익 실전 1000제 1 RC Reading(리딩) 문제집
내가 틀릴 수도 있습니다(화이트 에디션)
2023 해커스 토익 실전 1000제 1 LC Listening(리스닝) 문제집
물고기는 존재하지 않는다
불편한 편의점 2(단풍 에디션)
토익 단기공략 750+(LC+RC)
오투 중등 과학 3-1(2023)
2023 큰별쌤 최태성의 별별한국사 한국사능력검정시험 심화(1,2,3급)(하)
오늘 밤, 세계에서 이 사랑이 사라진다 해도
오투 중등 과학 2-1(2023)
한 권으로 끝내는 해커스 토익 700+ (LC+RC+VOCA)
윤혜정의 개념의 나비효과 입문편 워크북
심리학이 제갈량에게 말하다 1
하얼빈
부자 아빠 가난한 아빠 1(20주년 특별 기념판)
마흔에 읽는 니체
쎈 고등 수학1(2023)
대한민국 산업지도(2023)
예비 매3비 매일 지문 3개씩 푸는 비문학 독서 기출
해커스 토익 스타트 리딩(Reading) RC
레버리지
나도 모르는 내 마음의 심리법칙
워드마스터 수능 2000
idx : 41
cycle : 14

data:,
kyobo_best_v1
keyword :  / input page:0 / n:
start kyobo
스카이 버스
만일 내가 인생을 다시 산다면(10만 부 기념 스페셜 에디션)
트렌드 코리아 2023
해커스 토익 기출보카 TOEIC VOCA(토익보카) 단어장
아버지의 해방일지
원씽(The One Thing)(리커버 특별판)
The Scent of PAGE : 룸스프레이 60ml
윤혜정의 개념의 나비효과 입문 편
불편한 편의점(40만부 기념 벚꽃 에디션)
2023 해커스 토익 RC 리딩(Reading) 토익 기본서
2023 해커스 토익 LC 리스닝(Listening) 토익 기본서
2023 황현필의 한국사 일력
EBS 윤혜정의 개념의 나비효과
이토록 평범한 미래
역행자
어른이 되기 전에 꼭 한 번은 논어를 읽어라 1
ETS 토익 정기시험 기출문제집 1000 Vol 3 LISTENING(리스닝)
2023 큰별쌤 최태성의 별별한국사 한국사능력검정시험 심화(1,2,3급)(상)
ETS 토익 정기시험 기출문제집 1000 Vol 3 READING(리딩)
2023 해커스 토익 실전 1000제 1 RC Reading(리딩) 문제집
내가 틀릴 수도 있습니다(화이트 에디션)
2023 해커스 토익 실전 1000제 1 LC Listening(리스닝) 문제집
물고기는 존재하지 않는다
불편한 편의점 2(단풍 에디션)
토익 단기공략 750+(LC+RC)
오투 중등 과학 3-1(2023)
2023 큰별쌤 최태성의 별별한국사 한국사능력검정시험 심화(1,2,3급)(하)
오늘 밤, 세계에서 이 사랑이 사라진다 해도
오투 중등 과학 2-1(2023)
한 권으로 끝내는 해커스 토익 700+ (LC+RC+VOCA)
윤혜정의 개념의 나비효과 입문편 워크북
심리학이 제갈량에게 말하다 1
하얼빈
부자 아빠 가난한 아빠 1(20주년 특별 기념판)
마흔에 읽는 니체
쎈 고등 수학1(2023)
대한민국 산업지도(2023)
예비 매3비 매일 지문 3개씩 푸는 비문학 독서 기출
해커스 토익 스타트 리딩(Reading) RC
레버리지
나도 모르는 내 마음의 심리법칙
워드마스터 수능 2000
idx : 41
cycle : 15

data:,
kyobo_best_v1
keyword :  / input page:0 / n:
start kyobo
스카이 버스
만일 내가 인생을 다시 산다면(10만 부 기념 스페셜 에디션)
트렌드 코리아 2023
해커스 토익 기출보카 TOEIC VOCA(토익보카) 단어장
아버지의 해방일지
원씽(The One Thing)(리커버 특별판)
The Scent of PAGE : 룸스프레이 60ml
윤혜정의 개념의 나비효과 입문 편
불편한 편의점(40만부 기념 벚꽃 에디션)
2023 해커스 토익 RC 리딩(Reading) 토익 기본서
2023 해커스 토익 LC 리스닝(Listening) 토익 기본서
2023 황현필의 한국사 일력
EBS 윤혜정의 개념의 나비효과
이토록 평범한 미래
역행자
어른이 되기 전에 꼭 한 번은 논어를 읽어라 1
ETS 토익 정기시험 기출문제집 1000 Vol 3 LISTENING(리스닝)
2023 큰별쌤 최태성의 별별한국사 한국사능력검정시험 심화(1,2,3급)(상)
ETS 토익 정기시험 기출문제집 1000 Vol 3 READING(리딩)
2023 해커스 토익 실전 1000제 1 RC Reading(리딩) 문제집
내가 틀릴 수도 있습니다(화이트 에디션)
2023 해커스 토익 실전 1000제 1 LC Listening(리스닝) 문제집
물고기는 존재하지 않는다
불편한 편의점 2(단풍 에디션)
토익 단기공략 750+(LC+RC)
오투 중등 과학 3-1(2023)
2023 큰별쌤 최태성의 별별한국사 한국사능력검정시험 심화(1,2,3급)(하)
오늘 밤, 세계에서 이 사랑이 사라진다 해도
오투 중등 과학 2-1(2023)
한 권으로 끝내는 해커스 토익 700+ (LC+RC+VOCA)
윤혜정의 개념의 나비효과 입문편 워크북
심리학이 제갈량에게 말하다 1
하얼빈
부자 아빠 가난한 아빠 1(20주년 특별 기념판)
마흔에 읽는 니체
쎈 고등 수학1(2023)
대한민국 산업지도(2023)
예비 매3비 매일 지문 3개씩 푸는 비문학 독서 기출
해커스 토익 스타트 리딩(Reading) RC
레버리지
나도 모르는 내 마음의 심리법칙
워드마스터 수능 2000
idx : 41
cycle : 16

data:,
kyobo_best_v1
keyword :  / input page:0 / n:
start kyobo
스카이 버스
만일 내가 인생을 다시 산다면(10만 부 기념 스페셜 에디션)
트렌드 코리아 2023
해커스 토익 기출보카 TOEIC VOCA(토익보카) 단어장
아버지의 해방일지
원씽(The One Thing)(리커버 특별판)
The Scent of PAGE : 룸스프레이 60ml
윤혜정의 개념의 나비효과 입문 편
불편한 편의점(40만부 기념 벚꽃 에디션)
2023 해커스 토익 RC 리딩(Reading) 토익 기본서
2023 해커스 토익 LC 리스닝(Listening) 토익 기본서
2023 황현필의 한국사 일력
EBS 윤혜정의 개념의 나비효과
이토록 평범한 미래
역행자
어른이 되기 전에 꼭 한 번은 논어를 읽어라 1
ETS 토익 정기시험 기출문제집 1000 Vol 3 LISTENING(리스닝)
2023 큰별쌤 최태성의 별별한국사 한국사능력검정시험 심화(1,2,3급)(상)
ETS 토익 정기시험 기출문제집 1000 Vol 3 READING(리딩)
2023 해커스 토익 실전 1000제 1 RC Reading(리딩) 문제집
내가 틀릴 수도 있습니다(화이트 에디션)
2023 해커스 토익 실전 1000제 1 LC Listening(리스닝) 문제집
물고기는 존재하지 않는다
불편한 편의점 2(단풍 에디션)
토익 단기공략 750+(LC+RC)
오투 중등 과학 3-1(2023)
2023 큰별쌤 최태성의 별별한국사 한국사능력검정시험 심화(1,2,3급)(하)
오늘 밤, 세계에서 이 사랑이 사라진다 해도
오투 중등 과학 2-1(2023)
한 권으로 끝내는 해커스 토익 700+ (LC+RC+VOCA)
윤혜정의 개념의 나비효과 입문편 워크북
심리학이 제갈량에게 말하다 1
하얼빈
부자 아빠 가난한 아빠 1(20주년 특별 기념판)
마흔에 읽는 니체
쎈 고등 수학1(2023)
대한민국 산업지도(2023)
예비 매3비 매일 지문 3개씩 푸는 비문학 독서 기출
해커스 토익 스타트 리딩(Reading) RC
레버리지
나도 모르는 내 마음의 심리법칙
워드마스터 수능 2000
idx : 41
cycle : 17

data:,
kyobo_best_v1
keyword :  / input page:0 / n:
start kyobo
스카이 버스
만일 내가 인생을 다시 산다면(10만 부 기념 스페셜 에디션)
트렌드 코리아 2023
해커스 토익 기출보카 TOEIC VOCA(토익보카) 단어장
아버지의 해방일지
원씽(The One Thing)(리커버 특별판)
The Scent of PAGE : 룸스프레이 60ml
윤혜정의 개념의 나비효과 입문 편
불편한 편의점(40만부 기념 벚꽃 에디션)
2023 해커스 토익 RC 리딩(Reading) 토익 기본서
2023 해커스 토익 LC 리스닝(Listening) 토익 기본서
2023 황현필의 한국사 일력
EBS 윤혜정의 개념의 나비효과
이토록 평범한 미래
역행자
어른이 되기 전에 꼭 한 번은 논어를 읽어라 1
ETS 토익 정기시험 기출문제집 1000 Vol 3 LISTENING(리스닝)
2023 큰별쌤 최태성의 별별한국사 한국사능력검정시험 심화(1,2,3급)(상)
ETS 토익 정기시험 기출문제집 1000 Vol 3 READING(리딩)
2023 해커스 토익 실전 1000제 1 RC Reading(리딩) 문제집
내가 틀릴 수도 있습니다(화이트 에디션)
2023 해커스 토익 실전 1000제 1 LC Listening(리스닝) 문제집
물고기는 존재하지 않는다
불편한 편의점 2(단풍 에디션)
토익 단기공략 750+(LC+RC)
오투 중등 과학 3-1(2023)
2023 큰별쌤 최태성의 별별한국사 한국사능력검정시험 심화(1,2,3급)(하)
오늘 밤, 세계에서 이 사랑이 사라진다 해도
오투 중등 과학 2-1(2023)
한 권으로 끝내는 해커스 토익 700+ (LC+RC+VOCA)
윤혜정의 개념의 나비효과 입문편 워크북
심리학이 제갈량에게 말하다 1
하얼빈
부자 아빠 가난한 아빠 1(20주년 특별 기념판)
마흔에 읽는 니체
쎈 고등 수학1(2023)
대한민국 산업지도(2023)
예비 매3비 매일 지문 3개씩 푸는 비문학 독서 기출
해커스 토익 스타트 리딩(Reading) RC
레버리지
나도 모르는 내 마음의 심리법칙
워드마스터 수능 2000
idx : 41
cycle : 18

data:,
kyobo_best_v1
keyword :  / input page:0 / n:
start kyobo
스카이 버스
만일 내가 인생을 다시 산다면(10만 부 기념 스페셜 에디션)
트렌드 코리아 2023
해커스 토익 기출보카 TOEIC VOCA(토익보카) 단어장
아버지의 해방일지
원씽(The One Thing)(리커버 특별판)
The Scent of PAGE : 룸스프레이 60ml
윤혜정의 개념의 나비효과 입문 편
불편한 편의점(40만부 기념 벚꽃 에디션)
2023 해커스 토익 RC 리딩(Reading) 토익 기본서
2023 해커스 토익 LC 리스닝(Listening) 토익 기본서
2023 황현필의 한국사 일력
EBS 윤혜정의 개념의 나비효과
이토록 평범한 미래
역행자
어른이 되기 전에 꼭 한 번은 논어를 읽어라 1
ETS 토익 정기시험 기출문제집 1000 Vol 3 LISTENING(리스닝)
2023 큰별쌤 최태성의 별별한국사 한국사능력검정시험 심화(1,2,3급)(상)
ETS 토익 정기시험 기출문제집 1000 Vol 3 READING(리딩)
2023 해커스 토익 실전 1000제 1 RC Reading(리딩) 문제집
내가 틀릴 수도 있습니다(화이트 에디션)
2023 해커스 토익 실전 1000제 1 LC Listening(리스닝) 문제집
물고기는 존재하지 않는다
불편한 편의점 2(단풍 에디션)
토익 단기공략 750+(LC+RC)
오투 중등 과학 3-1(2023)
2023 큰별쌤 최태성의 별별한국사 한국사능력검정시험 심화(1,2,3급)(하)
오늘 밤, 세계에서 이 사랑이 사라진다 해도
오투 중등 과학 2-1(2023)
한 권으로 끝내는 해커스 토익 700+ (LC+RC+VOCA)
윤혜정의 개념의 나비효과 입문편 워크북
심리학이 제갈량에게 말하다 1
하얼빈
부자 아빠 가난한 아빠 1(20주년 특별 기념판)
마흔에 읽는 니체
쎈 고등 수학1(2023)
대한민국 산업지도(2023)
예비 매3비 매일 지문 3개씩 푸는 비문학 독서 기출
해커스 토익 스타트 리딩(Reading) RC
레버리지
나도 모르는 내 마음의 심리법칙
워드마스터 수능 2000
idx : 41
cycle : 19

data:,
kyobo_best_v1
keyword :  / input page:0 / n:
start kyobo
cycle : 20

data:,
kyobo_best_v1
keyword :  / input page:0 / n:
start kyobo
스카이 버스
만일 내가 인생을 다시 산다면(10만 부 기념 스페셜 에디션)
트렌드 코리아 2023
해커스 토익 기출보카 TOEIC VOCA(토익보카) 단어장
아버지의 해방일지
원씽(The One Thing)(리커버 특별판)
The Scent of PAGE : 룸스프레이 60ml
윤혜정의 개념의 나비효과 입문 편
불편한 편의점(40만부 기념 벚꽃 에디션)
2023 해커스 토익 RC 리딩(Reading) 토익 기본서
2023 해커스 토익 LC 리스닝(Listening) 토익 기본서
2023 황현필의 한국사 일력
EBS 윤혜정의 개념의 나비효과
이토록 평범한 미래
역행자
어른이 되기 전에 꼭 한 번은 논어를 읽어라 1
ETS 토익 정기시험 기출문제집 1000 Vol 3 LISTENING(리스닝)
2023 큰별쌤 최태성의 별별한국사 한국사능력검정시험 심화(1,2,3급)(상)
ETS 토익 정기시험 기출문제집 1000 Vol 3 READING(리딩)
2023 해커스 토익 실전 1000제 1 RC Reading(리딩) 문제집
내가 틀릴 수도 있습니다(화이트 에디션)
2023 해커스 토익 실전 1000제 1 LC Listening(리스닝) 문제집
물고기는 존재하지 않는다
불편한 편의점 2(단풍 에디션)
토익 단기공략 750+(LC+RC)
오투 중등 과학 3-1(2023)
2023 큰별쌤 최태성의 별별한국사 한국사능력검정시험 심화(1,2,3급)(하)
오늘 밤, 세계에서 이 사랑이 사라진다 해도
오투 중등 과학 2-1(2023)
한 권으로 끝내는 해커스 토익 700+ (LC+RC+VOCA)
윤혜정의 개념의 나비효과 입문편 워크북
심리학이 제갈량에게 말하다 1
하얼빈
부자 아빠 가난한 아빠 1(20주년 특별 기념판)
마흔에 읽는 니체
쎈 고등 수학1(2023)
대한민국 산업지도(2023)
예비 매3비 매일 지문 3개씩 푸는 비문학 독서 기출
해커스 토익 스타트 리딩(Reading) RC
레버리지
나도 모르는 내 마음의 심리법칙
워드마스터 수능 2000
idx : 41
cycle : 21

data:,
kyobo_best_v1
keyword :  / input page:0 / n:
start kyobo
cycle : 22

data:,
kyobo_best_v1
keyword :  / input page:0 / n:
start kyobo
스카이 버스
만일 내가 인생을 다시 산다면(10만 부 기념 스페셜 에디션)
트렌드 코리아 2023
해커스 토익 기출보카 TOEIC VOCA(토익보카) 단어장
아버지의 해방일지
원씽(The One Thing)(리커버 특별판)
The Scent of PAGE : 룸스프레이 60ml
윤혜정의 개념의 나비효과 입문 편
불편한 편의점(40만부 기념 벚꽃 에디션)
2023 해커스 토익 RC 리딩(Reading) 토익 기본서
2023 해커스 토익 LC 리스닝(Listening) 토익 기본서
2023 황현필의 한국사 일력
EBS 윤혜정의 개념의 나비효과
이토록 평범한 미래
역행자
어른이 되기 전에 꼭 한 번은 논어를 읽어라 1
ETS 토익 정기시험 기출문제집 1000 Vol 3 LISTENING(리스닝)
2023 큰별쌤 최태성의 별별한국사 한국사능력검정시험 심화(1,2,3급)(상)
ETS 토익 정기시험 기출문제집 1000 Vol 3 READING(리딩)
2023 해커스 토익 실전 1000제 1 RC Reading(리딩) 문제집
내가 틀릴 수도 있습니다(화이트 에디션)
2023 해커스 토익 실전 1000제 1 LC Listening(리스닝) 문제집
물고기는 존재하지 않는다
불편한 편의점 2(단풍 에디션)
토익 단기공략 750+(LC+RC)
오투 중등 과학 3-1(2023)
2023 큰별쌤 최태성의 별별한국사 한국사능력검정시험 심화(1,2,3급)(하)
오늘 밤, 세계에서 이 사랑이 사라진다 해도
오투 중등 과학 2-1(2023)
한 권으로 끝내는 해커스 토익 700+ (LC+RC+VOCA)
윤혜정의 개념의 나비효과 입문편 워크북
심리학이 제갈량에게 말하다 1
하얼빈
부자 아빠 가난한 아빠 1(20주년 특별 기념판)
마흔에 읽는 니체
쎈 고등 수학1(2023)
대한민국 산업지도(2023)
예비 매3비 매일 지문 3개씩 푸는 비문학 독서 기출
해커스 토익 스타트 리딩(Reading) RC
레버리지
나도 모르는 내 마음의 심리법칙
워드마스터 수능 2000
idx : 41
cycle : 23

data:,
kyobo_best_v1
keyword :  / input page:0 / n:
start kyobo
스카이 버스
만일 내가 인생을 다시 산다면(10만 부 기념 스페셜 에디션)
트렌드 코리아 2023
해커스 토익 기출보카 TOEIC VOCA(토익보카) 단어장
아버지의 해방일지
원씽(The One Thing)(리커버 특별판)
The Scent of PAGE : 룸스프레이 60ml
윤혜정의 개념의 나비효과 입문 편
불편한 편의점(40만부 기념 벚꽃 에디션)
2023 해커스 토익 RC 리딩(Reading) 토익 기본서
2023 해커스 토익 LC 리스닝(Listening) 토익 기본서
2023 황현필의 한국사 일력
EBS 윤혜정의 개념의 나비효과
이토록 평범한 미래
역행자
어른이 되기 전에 꼭 한 번은 논어를 읽어라 1
ETS 토익 정기시험 기출문제집 1000 Vol 3 LISTENING(리스닝)
2023 큰별쌤 최태성의 별별한국사 한국사능력검정시험 심화(1,2,3급)(상)
ETS 토익 정기시험 기출문제집 1000 Vol 3 READING(리딩)
2023 해커스 토익 실전 1000제 1 RC Reading(리딩) 문제집
내가 틀릴 수도 있습니다(화이트 에디션)
2023 해커스 토익 실전 1000제 1 LC Listening(리스닝) 문제집
물고기는 존재하지 않는다
불편한 편의점 2(단풍 에디션)
토익 단기공략 750+(LC+RC)
오투 중등 과학 3-1(2023)
2023 큰별쌤 최태성의 별별한국사 한국사능력검정시험 심화(1,2,3급)(하)
오늘 밤, 세계에서 이 사랑이 사라진다 해도
오투 중등 과학 2-1(2023)
한 권으로 끝내는 해커스 토익 700+ (LC+RC+VOCA)
윤혜정의 개념의 나비효과 입문편 워크북
심리학이 제갈량에게 말하다 1
하얼빈
부자 아빠 가난한 아빠 1(20주년 특별 기념판)
마흔에 읽는 니체
쎈 고등 수학1(2023)
대한민국 산업지도(2023)
예비 매3비 매일 지문 3개씩 푸는 비문학 독서 기출
해커스 토익 스타트 리딩(Reading) RC
레버리지
나도 모르는 내 마음의 심리법칙
워드마스터 수능 2000
idx : 41
cycle : 24

data:,
kyobo_best_v1
keyword :  / input page:0 / n:
start kyobo
스카이 버스
만일 내가 인생을 다시 산다면(10만 부 기념 스페셜 에디션)
트렌드 코리아 2023
해커스 토익 기출보카 TOEIC VOCA(토익보카) 단어장
아버지의 해방일지
원씽(The One Thing)(리커버 특별판)
The Scent of PAGE : 룸스프레이 60ml
윤혜정의 개념의 나비효과 입문 편
불편한 편의점(40만부 기념 벚꽃 에디션)
2023 해커스 토익 RC 리딩(Reading) 토익 기본서
2023 해커스 토익 LC 리스닝(Listening) 토익 기본서
2023 황현필의 한국사 일력
EBS 윤혜정의 개념의 나비효과
이토록 평범한 미래
역행자
어른이 되기 전에 꼭 한 번은 논어를 읽어라 1
ETS 토익 정기시험 기출문제집 1000 Vol 3 LISTENING(리스닝)
2023 큰별쌤 최태성의 별별한국사 한국사능력검정시험 심화(1,2,3급)(상)
ETS 토익 정기시험 기출문제집 1000 Vol 3 READING(리딩)
2023 해커스 토익 실전 1000제 1 RC Reading(리딩) 문제집
내가 틀릴 수도 있습니다(화이트 에디션)
2023 해커스 토익 실전 1000제 1 LC Listening(리스닝) 문제집
물고기는 존재하지 않는다
불편한 편의점 2(단풍 에디션)
토익 단기공략 750+(LC+RC)
오투 중등 과학 3-1(2023)
2023 큰별쌤 최태성의 별별한국사 한국사능력검정시험 심화(1,2,3급)(하)
오늘 밤, 세계에서 이 사랑이 사라진다 해도
오투 중등 과학 2-1(2023)
한 권으로 끝내는 해커스 토익 700+ (LC+RC+VOCA)
윤혜정의 개념의 나비효과 입문편 워크북
심리학이 제갈량에게 말하다 1
하얼빈
부자 아빠 가난한 아빠 1(20주년 특별 기념판)
마흔에 읽는 니체
쎈 고등 수학1(2023)
대한민국 산업지도(2023)
예비 매3비 매일 지문 3개씩 푸는 비문학 독서 기출
해커스 토익 스타트 리딩(Reading) RC
레버리지
나도 모르는 내 마음의 심리법칙
워드마스터 수능 2000
idx : 41
cycle : 25

data:,
kyobo_best_v1
keyword :  / input page:0 / n:
start kyobo
스카이 버스
만일 내가 인생을 다시 산다면(10만 부 기념 스페셜 에디션)
트렌드 코리아 2023
해커스 토익 기출보카 TOEIC VOCA(토익보카) 단어장
아버지의 해방일지
원씽(The One Thing)(리커버 특별판)
The Scent of PAGE : 룸스프레이 60ml
윤혜정의 개념의 나비효과 입문 편
불편한 편의점(40만부 기념 벚꽃 에디션)
2023 해커스 토익 RC 리딩(Reading) 토익 기본서
2023 해커스 토익 LC 리스닝(Listening) 토익 기본서
2023 황현필의 한국사 일력
EBS 윤혜정의 개념의 나비효과
이토록 평범한 미래
역행자
어른이 되기 전에 꼭 한 번은 논어를 읽어라 1
ETS 토익 정기시험 기출문제집 1000 Vol 3 LISTENING(리스닝)
2023 큰별쌤 최태성의 별별한국사 한국사능력검정시험 심화(1,2,3급)(상)
ETS 토익 정기시험 기출문제집 1000 Vol 3 READING(리딩)
2023 해커스 토익 실전 1000제 1 RC Reading(리딩) 문제집
내가 틀릴 수도 있습니다(화이트 에디션)
2023 해커스 토익 실전 1000제 1 LC Listening(리스닝) 문제집
물고기는 존재하지 않는다
불편한 편의점 2(단풍 에디션)
토익 단기공략 750+(LC+RC)
오투 중등 과학 3-1(2023)
2023 큰별쌤 최태성의 별별한국사 한국사능력검정시험 심화(1,2,3급)(하)
오늘 밤, 세계에서 이 사랑이 사라진다 해도
오투 중등 과학 2-1(2023)
한 권으로 끝내는 해커스 토익 700+ (LC+RC+VOCA)
윤혜정의 개념의 나비효과 입문편 워크북
심리학이 제갈량에게 말하다 1
하얼빈
부자 아빠 가난한 아빠 1(20주년 특별 기념판)
마흔에 읽는 니체
쎈 고등 수학1(2023)
대한민국 산업지도(2023)
예비 매3비 매일 지문 3개씩 푸는 비문학 독서 기출
해커스 토익 스타트 리딩(Reading) RC
레버리지
나도 모르는 내 마음의 심리법칙
워드마스터 수능 2000
idx : 41
cycle : 26

data:,
kyobo_best_v1
keyword :  / input page:0 / n:
start kyobo
cycle : 27

data:,
kyobo_best_v1
keyword :  / input page:0 / n:
start kyobo
스카이 버스
만일 내가 인생을 다시 산다면(10만 부 기념 스페셜 에디션)
트렌드 코리아 2023
해커스 토익 기출보카 TOEIC VOCA(토익보카) 단어장
아버지의 해방일지
원씽(The One Thing)(리커버 특별판)
The Scent of PAGE : 룸스프레이 60ml
윤혜정의 개념의 나비효과 입문 편
불편한 편의점(40만부 기념 벚꽃 에디션)
2023 해커스 토익 RC 리딩(Reading) 토익 기본서
2023 해커스 토익 LC 리스닝(Listening) 토익 기본서
2023 황현필의 한국사 일력
EBS 윤혜정의 개념의 나비효과
이토록 평범한 미래
역행자
어른이 되기 전에 꼭 한 번은 논어를 읽어라 1
ETS 토익 정기시험 기출문제집 1000 Vol 3 LISTENING(리스닝)
2023 큰별쌤 최태성의 별별한국사 한국사능력검정시험 심화(1,2,3급)(상)
ETS 토익 정기시험 기출문제집 1000 Vol 3 READING(리딩)
2023 해커스 토익 실전 1000제 1 RC Reading(리딩) 문제집
내가 틀릴 수도 있습니다(화이트 에디션)
2023 해커스 토익 실전 1000제 1 LC Listening(리스닝) 문제집
물고기는 존재하지 않는다
불편한 편의점 2(단풍 에디션)
토익 단기공략 750+(LC+RC)
오투 중등 과학 3-1(2023)
2023 큰별쌤 최태성의 별별한국사 한국사능력검정시험 심화(1,2,3급)(하)
오늘 밤, 세계에서 이 사랑이 사라진다 해도
오투 중등 과학 2-1(2023)
한 권으로 끝내는 해커스 토익 700+ (LC+RC+VOCA)
윤혜정의 개념의 나비효과 입문편 워크북
심리학이 제갈량에게 말하다 1
하얼빈
부자 아빠 가난한 아빠 1(20주년 특별 기념판)
마흔에 읽는 니체
쎈 고등 수학1(2023)
대한민국 산업지도(2023)
예비 매3비 매일 지문 3개씩 푸는 비문학 독서 기출
해커스 토익 스타트 리딩(Reading) RC
레버리지
나도 모르는 내 마음의 심리법칙
워드마스터 수능 2000
idx : 41
cycle : 28

data:,
kyobo_best_v1
keyword :  / input page:0 / n:
start kyobo
스카이 버스
만일 내가 인생을 다시 산다면(10만 부 기념 스페셜 에디션)
트렌드 코리아 2023
해커스 토익 기출보카 TOEIC VOCA(토익보카) 단어장
아버지의 해방일지
원씽(The One Thing)(리커버 특별판)
The Scent of PAGE : 룸스프레이 60ml
윤혜정의 개념의 나비효과 입문 편
불편한 편의점(40만부 기념 벚꽃 에디션)
2023 해커스 토익 RC 리딩(Reading) 토익 기본서
2023 해커스 토익 LC 리스닝(Listening) 토익 기본서
2023 황현필의 한국사 일력
EBS 윤혜정의 개념의 나비효과
이토록 평범한 미래
역행자
어른이 되기 전에 꼭 한 번은 논어를 읽어라 1
ETS 토익 정기시험 기출문제집 1000 Vol 3 LISTENING(리스닝)
2023 큰별쌤 최태성의 별별한국사 한국사능력검정시험 심화(1,2,3급)(상)
ETS 토익 정기시험 기출문제집 1000 Vol 3 READING(리딩)
2023 해커스 토익 실전 1000제 1 RC Reading(리딩) 문제집
내가 틀릴 수도 있습니다(화이트 에디션)
2023 해커스 토익 실전 1000제 1 LC Listening(리스닝) 문제집
물고기는 존재하지 않는다
불편한 편의점 2(단풍 에디션)
토익 단기공략 750+(LC+RC)
오투 중등 과학 3-1(2023)
2023 큰별쌤 최태성의 별별한국사 한국사능력검정시험 심화(1,2,3급)(하)
오늘 밤, 세계에서 이 사랑이 사라진다 해도
오투 중등 과학 2-1(2023)
한 권으로 끝내는 해커스 토익 700+ (LC+RC+VOCA)
윤혜정의 개념의 나비효과 입문편 워크북
심리학이 제갈량에게 말하다 1
하얼빈
부자 아빠 가난한 아빠 1(20주년 특별 기념판)
마흔에 읽는 니체
쎈 고등 수학1(2023)
대한민국 산업지도(2023)
예비 매3비 매일 지문 3개씩 푸는 비문학 독서 기출
해커스 토익 스타트 리딩(Reading) RC
레버리지
나도 모르는 내 마음의 심리법칙
워드마스터 수능 2000
idx : 41
cycle : 29

data:,
kyobo_best_v1
keyword :  / input page:0 / n:
start kyobo
스카이 버스
만일 내가 인생을 다시 산다면(10만 부 기념 스페셜 에디션)
트렌드 코리아 2023
해커스 토익 기출보카 TOEIC VOCA(토익보카) 단어장
아버지의 해방일지
원씽(The One Thing)(리커버 특별판)
The Scent of PAGE : 룸스프레이 60ml
윤혜정의 개념의 나비효과 입문 편
불편한 편의점(40만부 기념 벚꽃 에디션)
2023 해커스 토익 RC 리딩(Reading) 토익 기본서
2023 해커스 토익 LC 리스닝(Listening) 토익 기본서
2023 황현필의 한국사 일력
EBS 윤혜정의 개념의 나비효과
이토록 평범한 미래
역행자
어른이 되기 전에 꼭 한 번은 논어를 읽어라 1
ETS 토익 정기시험 기출문제집 1000 Vol 3 LISTENING(리스닝)
2023 큰별쌤 최태성의 별별한국사 한국사능력검정시험 심화(1,2,3급)(상)
ETS 토익 정기시험 기출문제집 1000 Vol 3 READING(리딩)
2023 해커스 토익 실전 1000제 1 RC Reading(리딩) 문제집
내가 틀릴 수도 있습니다(화이트 에디션)
2023 해커스 토익 실전 1000제 1 LC Listening(리스닝) 문제집
물고기는 존재하지 않는다
불편한 편의점 2(단풍 에디션)
토익 단기공략 750+(LC+RC)
오투 중등 과학 3-1(2023)
2023 큰별쌤 최태성의 별별한국사 한국사능력검정시험 심화(1,2,3급)(하)
오늘 밤, 세계에서 이 사랑이 사라진다 해도
오투 중등 과학 2-1(2023)
한 권으로 끝내는 해커스 토익 700+ (LC+RC+VOCA)
윤혜정의 개념의 나비효과 입문편 워크북
심리학이 제갈량에게 말하다 1
하얼빈
부자 아빠 가난한 아빠 1(20주년 특별 기념판)
마흔에 읽는 니체
쎈 고등 수학1(2023)
대한민국 산업지도(2023)
예비 매3비 매일 지문 3개씩 푸는 비문학 독서 기출
해커스 토익 스타트 리딩(Reading) RC
레버리지
나도 모르는 내 마음의 심리법칙
워드마스터 수능 2000
idx : 41
cycle : 30

data:,
kyobo_best_v1
keyword :  / input page:0 / n:
start kyobo
스카이 버스
만일 내가 인생을 다시 산다면(10만 부 기념 스페셜 에디션)
트렌드 코리아 2023
해커스 토익 기출보카 TOEIC VOCA(토익보카) 단어장
아버지의 해방일지
원씽(The One Thing)(리커버 특별판)
The Scent of PAGE : 룸스프레이 60ml
윤혜정의 개념의 나비효과 입문 편
불편한 편의점(40만부 기념 벚꽃 에디션)
2023 해커스 토익 RC 리딩(Reading) 토익 기본서
2023 해커스 토익 LC 리스닝(Listening) 토익 기본서
2023 황현필의 한국사 일력
EBS 윤혜정의 개념의 나비효과
이토록 평범한 미래
역행자
어른이 되기 전에 꼭 한 번은 논어를 읽어라 1
ETS 토익 정기시험 기출문제집 1000 Vol 3 LISTENING(리스닝)
2023 큰별쌤 최태성의 별별한국사 한국사능력검정시험 심화(1,2,3급)(상)
ETS 토익 정기시험 기출문제집 1000 Vol 3 READING(리딩)
2023 해커스 토익 실전 1000제 1 RC Reading(리딩) 문제집
내가 틀릴 수도 있습니다(화이트 에디션)
2023 해커스 토익 실전 1000제 1 LC Listening(리스닝) 문제집
물고기는 존재하지 않는다
불편한 편의점 2(단풍 에디션)
토익 단기공략 750+(LC+RC)
오투 중등 과학 3-1(2023)
2023 큰별쌤 최태성의 별별한국사 한국사능력검정시험 심화(1,2,3급)(하)
오늘 밤, 세계에서 이 사랑이 사라진다 해도
오투 중등 과학 2-1(2023)
한 권으로 끝내는 해커스 토익 700+ (LC+RC+VOCA)
윤혜정의 개념의 나비효과 입문편 워크북
심리학이 제갈량에게 말하다 1
하얼빈
부자 아빠 가난한 아빠 1(20주년 특별 기념판)
마흔에 읽는 니체
쎈 고등 수학1(2023)
대한민국 산업지도(2023)
예비 매3비 매일 지문 3개씩 푸는 비문학 독서 기출
해커스 토익 스타트 리딩(Reading) RC
레버리지
나도 모르는 내 마음의 심리법칙
워드마스터 수능 2000
idx : 41
cycle : 31

data:,
kyobo_best_v1
keyword :  / input page:0 / n:
start kyobo
스카이 버스
만일 내가 인생을 다시 산다면(10만 부 기념 스페셜 에디션)
트렌드 코리아 2023
해커스 토익 기출보카 TOEIC VOCA(토익보카) 단어장
아버지의 해방일지
원씽(The One Thing)(리커버 특별판)
The Scent of PAGE : 룸스프레이 60ml
윤혜정의 개념의 나비효과 입문 편
불편한 편의점(40만부 기념 벚꽃 에디션)
2023 해커스 토익 RC 리딩(Reading) 토익 기본서
2023 해커스 토익 LC 리스닝(Listening) 토익 기본서
2023 황현필의 한국사 일력
EBS 윤혜정의 개념의 나비효과
이토록 평범한 미래
역행자
어른이 되기 전에 꼭 한 번은 논어를 읽어라 1
ETS 토익 정기시험 기출문제집 1000 Vol 3 LISTENING(리스닝)
2023 큰별쌤 최태성의 별별한국사 한국사능력검정시험 심화(1,2,3급)(상)
ETS 토익 정기시험 기출문제집 1000 Vol 3 READING(리딩)
2023 해커스 토익 실전 1000제 1 RC Reading(리딩) 문제집
내가 틀릴 수도 있습니다(화이트 에디션)
2023 해커스 토익 실전 1000제 1 LC Listening(리스닝) 문제집
물고기는 존재하지 않는다
불편한 편의점 2(단풍 에디션)
토익 단기공략 750+(LC+RC)
오투 중등 과학 3-1(2023)
2023 큰별쌤 최태성의 별별한국사 한국사능력검정시험 심화(1,2,3급)(하)
오늘 밤, 세계에서 이 사랑이 사라진다 해도
오투 중등 과학 2-1(2023)
한 권으로 끝내는 해커스 토익 700+ (LC+RC+VOCA)
윤혜정의 개념의 나비효과 입문편 워크북
심리학이 제갈량에게 말하다 1
하얼빈
부자 아빠 가난한 아빠 1(20주년 특별 기념판)
마흔에 읽는 니체
쎈 고등 수학1(2023)
대한민국 산업지도(2023)
예비 매3비 매일 지문 3개씩 푸는 비문학 독서 기출
해커스 토익 스타트 리딩(Reading) RC
레버리지
나도 모르는 내 마음의 심리법칙
워드마스터 수능 2000
idx : 41
cycle : 32

data:,
kyobo_best_v1
keyword :  / input page:0 / n:
start kyobo
스카이 버스
만일 내가 인생을 다시 산다면(10만 부 기념 스페셜 에디션)
트렌드 코리아 2023
해커스 토익 기출보카 TOEIC VOCA(토익보카) 단어장
아버지의 해방일지
원씽(The One Thing)(리커버 특별판)
The Scent of PAGE : 룸스프레이 60ml
윤혜정의 개념의 나비효과 입문 편
불편한 편의점(40만부 기념 벚꽃 에디션)
2023 해커스 토익 RC 리딩(Reading) 토익 기본서
2023 해커스 토익 LC 리스닝(Listening) 토익 기본서
2023 황현필의 한국사 일력
EBS 윤혜정의 개념의 나비효과
이토록 평범한 미래
역행자
어른이 되기 전에 꼭 한 번은 논어를 읽어라 1
ETS 토익 정기시험 기출문제집 1000 Vol 3 LISTENING(리스닝)
2023 큰별쌤 최태성의 별별한국사 한국사능력검정시험 심화(1,2,3급)(상)
ETS 토익 정기시험 기출문제집 1000 Vol 3 READING(리딩)
2023 해커스 토익 실전 1000제 1 RC Reading(리딩) 문제집
내가 틀릴 수도 있습니다(화이트 에디션)
2023 해커스 토익 실전 1000제 1 LC Listening(리스닝) 문제집
물고기는 존재하지 않는다
불편한 편의점 2(단풍 에디션)
토익 단기공략 750+(LC+RC)
오투 중등 과학 3-1(2023)
2023 큰별쌤 최태성의 별별한국사 한국사능력검정시험 심화(1,2,3급)(하)
오늘 밤, 세계에서 이 사랑이 사라진다 해도
오투 중등 과학 2-1(2023)
한 권으로 끝내는 해커스 토익 700+ (LC+RC+VOCA)
윤혜정의 개념의 나비효과 입문편 워크북
심리학이 제갈량에게 말하다 1
하얼빈
부자 아빠 가난한 아빠 1(20주년 특별 기념판)
마흔에 읽는 니체
쎈 고등 수학1(2023)
대한민국 산업지도(2023)
예비 매3비 매일 지문 3개씩 푸는 비문학 독서 기출
해커스 토익 스타트 리딩(Reading) RC
레버리지
나도 모르는 내 마음의 심리법칙
워드마스터 수능 2000
idx : 41
cycle : 33

data:,
kyobo_best_v1
keyword :  / input page:0 / n:
start kyobo
스카이 버스
만일 내가 인생을 다시 산다면(10만 부 기념 스페셜 에디션)
트렌드 코리아 2023
해커스 토익 기출보카 TOEIC VOCA(토익보카) 단어장
아버지의 해방일지
원씽(The One Thing)(리커버 특별판)
The Scent of PAGE : 룸스프레이 60ml
윤혜정의 개념의 나비효과 입문 편
불편한 편의점(40만부 기념 벚꽃 에디션)
2023 해커스 토익 RC 리딩(Reading) 토익 기본서
2023 해커스 토익 LC 리스닝(Listening) 토익 기본서
2023 황현필의 한국사 일력
EBS 윤혜정의 개념의 나비효과
이토록 평범한 미래
역행자
어른이 되기 전에 꼭 한 번은 논어를 읽어라 1
ETS 토익 정기시험 기출문제집 1000 Vol 3 LISTENING(리스닝)
2023 큰별쌤 최태성의 별별한국사 한국사능력검정시험 심화(1,2,3급)(상)
ETS 토익 정기시험 기출문제집 1000 Vol 3 READING(리딩)
2023 해커스 토익 실전 1000제 1 RC Reading(리딩) 문제집
내가 틀릴 수도 있습니다(화이트 에디션)
2023 해커스 토익 실전 1000제 1 LC Listening(리스닝) 문제집
물고기는 존재하지 않는다
불편한 편의점 2(단풍 에디션)
토익 단기공략 750+(LC+RC)
오투 중등 과학 3-1(2023)
2023 큰별쌤 최태성의 별별한국사 한국사능력검정시험 심화(1,2,3급)(하)
오늘 밤, 세계에서 이 사랑이 사라진다 해도
오투 중등 과학 2-1(2023)
한 권으로 끝내는 해커스 토익 700+ (LC+RC+VOCA)
윤혜정의 개념의 나비효과 입문편 워크북
심리학이 제갈량에게 말하다 1
하얼빈
부자 아빠 가난한 아빠 1(20주년 특별 기념판)
마흔에 읽는 니체
쎈 고등 수학1(2023)
대한민국 산업지도(2023)
예비 매3비 매일 지문 3개씩 푸는 비문학 독서 기출
해커스 토익 스타트 리딩(Reading) RC
레버리지
나도 모르는 내 마음의 심리법칙
워드마스터 수능 2000
idx : 41
cycle : 34

data:,
kyobo_best_v1
keyword :  / input page:0 / n:
start kyobo
스카이 버스
만일 내가 인생을 다시 산다면(10만 부 기념 스페셜 에디션)
트렌드 코리아 2023
해커스 토익 기출보카 TOEIC VOCA(토익보카) 단어장
아버지의 해방일지
원씽(The One Thing)(리커버 특별판)
The Scent of PAGE : 룸스프레이 60ml
윤혜정의 개념의 나비효과 입문 편
불편한 편의점(40만부 기념 벚꽃 에디션)
2023 해커스 토익 RC 리딩(Reading) 토익 기본서
2023 해커스 토익 LC 리스닝(Listening) 토익 기본서
2023 황현필의 한국사 일력
EBS 윤혜정의 개념의 나비효과
이토록 평범한 미래
역행자
어른이 되기 전에 꼭 한 번은 논어를 읽어라 1
ETS 토익 정기시험 기출문제집 1000 Vol 3 LISTENING(리스닝)
2023 큰별쌤 최태성의 별별한국사 한국사능력검정시험 심화(1,2,3급)(상)
ETS 토익 정기시험 기출문제집 1000 Vol 3 READING(리딩)
2023 해커스 토익 실전 1000제 1 RC Reading(리딩) 문제집
내가 틀릴 수도 있습니다(화이트 에디션)
2023 해커스 토익 실전 1000제 1 LC Listening(리스닝) 문제집
물고기는 존재하지 않는다
불편한 편의점 2(단풍 에디션)
토익 단기공략 750+(LC+RC)
오투 중등 과학 3-1(2023)
2023 큰별쌤 최태성의 별별한국사 한국사능력검정시험 심화(1,2,3급)(하)
오늘 밤, 세계에서 이 사랑이 사라진다 해도
오투 중등 과학 2-1(2023)
한 권으로 끝내는 해커스 토익 700+ (LC+RC+VOCA)
윤혜정의 개념의 나비효과 입문편 워크북
심리학이 제갈량에게 말하다 1
하얼빈
부자 아빠 가난한 아빠 1(20주년 특별 기념판)
마흔에 읽는 니체
쎈 고등 수학1(2023)
대한민국 산업지도(2023)
예비 매3비 매일 지문 3개씩 푸는 비문학 독서 기출
해커스 토익 스타트 리딩(Reading) RC
레버리지
나도 모르는 내 마음의 심리법칙
워드마스터 수능 2000
idx : 41
cycle : 35

data:,
kyobo_best_v1
keyword :  / input page:0 / n:
start kyobo
스카이 버스
만일 내가 인생을 다시 산다면(10만 부 기념 스페셜 에디션)
트렌드 코리아 2023
해커스 토익 기출보카 TOEIC VOCA(토익보카) 단어장
아버지의 해방일지
원씽(The One Thing)(리커버 특별판)
The Scent of PAGE : 룸스프레이 60ml
윤혜정의 개념의 나비효과 입문 편
불편한 편의점(40만부 기념 벚꽃 에디션)
2023 해커스 토익 RC 리딩(Reading) 토익 기본서
2023 해커스 토익 LC 리스닝(Listening) 토익 기본서
2023 황현필의 한국사 일력
EBS 윤혜정의 개념의 나비효과
이토록 평범한 미래
역행자
어른이 되기 전에 꼭 한 번은 논어를 읽어라 1
ETS 토익 정기시험 기출문제집 1000 Vol 3 LISTENING(리스닝)
2023 큰별쌤 최태성의 별별한국사 한국사능력검정시험 심화(1,2,3급)(상)
ETS 토익 정기시험 기출문제집 1000 Vol 3 READING(리딩)
2023 해커스 토익 실전 1000제 1 RC Reading(리딩) 문제집
내가 틀릴 수도 있습니다(화이트 에디션)
2023 해커스 토익 실전 1000제 1 LC Listening(리스닝) 문제집
물고기는 존재하지 않는다
불편한 편의점 2(단풍 에디션)
토익 단기공략 750+(LC+RC)
오투 중등 과학 3-1(2023)
2023 큰별쌤 최태성의 별별한국사 한국사능력검정시험 심화(1,2,3급)(하)
오늘 밤, 세계에서 이 사랑이 사라진다 해도
오투 중등 과학 2-1(2023)
한 권으로 끝내는 해커스 토익 700+ (LC+RC+VOCA)
윤혜정의 개념의 나비효과 입문편 워크북
심리학이 제갈량에게 말하다 1
하얼빈
부자 아빠 가난한 아빠 1(20주년 특별 기념판)
마흔에 읽는 니체
쎈 고등 수학1(2023)
대한민국 산업지도(2023)
예비 매3비 매일 지문 3개씩 푸는 비문학 독서 기출
해커스 토익 스타트 리딩(Reading) RC
레버리지
나도 모르는 내 마음의 심리법칙
워드마스터 수능 2000
idx : 41
cycle : 36

data:,
kyobo_best_v1
keyword :  / input page:0 / n:
start kyobo
스카이 버스
만일 내가 인생을 다시 산다면(10만 부 기념 스페셜 에디션)
트렌드 코리아 2023
해커스 토익 기출보카 TOEIC VOCA(토익보카) 단어장
아버지의 해방일지
원씽(The One Thing)(리커버 특별판)
The Scent of PAGE : 룸스프레이 60ml
윤혜정의 개념의 나비효과 입문 편
불편한 편의점(40만부 기념 벚꽃 에디션)
2023 해커스 토익 RC 리딩(Reading) 토익 기본서
2023 해커스 토익 LC 리스닝(Listening) 토익 기본서
2023 황현필의 한국사 일력
EBS 윤혜정의 개념의 나비효과
이토록 평범한 미래
역행자
어른이 되기 전에 꼭 한 번은 논어를 읽어라 1
ETS 토익 정기시험 기출문제집 1000 Vol 3 LISTENING(리스닝)
2023 큰별쌤 최태성의 별별한국사 한국사능력검정시험 심화(1,2,3급)(상)
ETS 토익 정기시험 기출문제집 1000 Vol 3 READING(리딩)
2023 해커스 토익 실전 1000제 1 RC Reading(리딩) 문제집
내가 틀릴 수도 있습니다(화이트 에디션)
2023 해커스 토익 실전 1000제 1 LC Listening(리스닝) 문제집
물고기는 존재하지 않는다
불편한 편의점 2(단풍 에디션)
토익 단기공략 750+(LC+RC)
오투 중등 과학 3-1(2023)
2023 큰별쌤 최태성의 별별한국사 한국사능력검정시험 심화(1,2,3급)(하)
오늘 밤, 세계에서 이 사랑이 사라진다 해도
오투 중등 과학 2-1(2023)
한 권으로 끝내는 해커스 토익 700+ (LC+RC+VOCA)
윤혜정의 개념의 나비효과 입문편 워크북
심리학이 제갈량에게 말하다 1
하얼빈
부자 아빠 가난한 아빠 1(20주년 특별 기념판)
마흔에 읽는 니체
쎈 고등 수학1(2023)
대한민국 산업지도(2023)
예비 매3비 매일 지문 3개씩 푸는 비문학 독서 기출
해커스 토익 스타트 리딩(Reading) RC
레버리지
나도 모르는 내 마음의 심리법칙
워드마스터 수능 2000
idx : 41
cycle : 37

data:,
kyobo_best_v1
keyword :  / input page:0 / n:
cycle : 38

data:,
kyobo_best_v1
keyword :  / input page:0 / n:
start kyobo
스카이 버스
만일 내가 인생을 다시 산다면(10만 부 기념 스페셜 에디션)
트렌드 코리아 2023
해커스 토익 기출보카 TOEIC VOCA(토익보카) 단어장
아버지의 해방일지
원씽(The One Thing)(리커버 특별판)
The Scent of PAGE : 룸스프레이 60ml
윤혜정의 개념의 나비효과 입문 편
불편한 편의점(40만부 기념 벚꽃 에디션)
2023 해커스 토익 RC 리딩(Reading) 토익 기본서
2023 해커스 토익 LC 리스닝(Listening) 토익 기본서
2023 황현필의 한국사 일력
EBS 윤혜정의 개념의 나비효과
이토록 평범한 미래
역행자
어른이 되기 전에 꼭 한 번은 논어를 읽어라 1
ETS 토익 정기시험 기출문제집 1000 Vol 3 LISTENING(리스닝)
2023 큰별쌤 최태성의 별별한국사 한국사능력검정시험 심화(1,2,3급)(상)
ETS 토익 정기시험 기출문제집 1000 Vol 3 READING(리딩)
2023 해커스 토익 실전 1000제 1 RC Reading(리딩) 문제집
내가 틀릴 수도 있습니다(화이트 에디션)
2023 해커스 토익 실전 1000제 1 LC Listening(리스닝) 문제집
물고기는 존재하지 않는다
불편한 편의점 2(단풍 에디션)
토익 단기공략 750+(LC+RC)
오투 중등 과학 3-1(2023)
2023 큰별쌤 최태성의 별별한국사 한국사능력검정시험 심화(1,2,3급)(하)
오늘 밤, 세계에서 이 사랑이 사라진다 해도
오투 중등 과학 2-1(2023)
한 권으로 끝내는 해커스 토익 700+ (LC+RC+VOCA)
윤혜정의 개념의 나비효과 입문편 워크북
심리학이 제갈량에게 말하다 1
하얼빈
부자 아빠 가난한 아빠 1(20주년 특별 기념판)
마흔에 읽는 니체
쎈 고등 수학1(2023)
대한민국 산업지도(2023)
예비 매3비 매일 지문 3개씩 푸는 비문학 독서 기출
해커스 토익 스타트 리딩(Reading) RC
레버리지
나도 모르는 내 마음의 심리법칙
워드마스터 수능 2000
idx : 41
cycle : 39

data:,
kyobo_best_v1
keyword :  / input page:0 / n:
start kyobo
cycle : 40

data:,
kyobo_best_v1
keyword :  / input page:0 / n:
start kyobo
cycle : 41

data:,
kyobo_best_v1
keyword :  / input page:0 / n:
start kyobo
스카이 버스
만일 내가 인생을 다시 산다면(10만 부 기념 스페셜 에디션)
트렌드 코리아 2023
해커스 토익 기출보카 TOEIC VOCA(토익보카) 단어장
아버지의 해방일지
원씽(The One Thing)(리커버 특별판)
The Scent of PAGE : 룸스프레이 60ml
윤혜정의 개념의 나비효과 입문 편
불편한 편의점(40만부 기념 벚꽃 에디션)
2023 해커스 토익 RC 리딩(Reading) 토익 기본서
2023 해커스 토익 LC 리스닝(Listening) 토익 기본서
2023 황현필의 한국사 일력
EBS 윤혜정의 개념의 나비효과
이토록 평범한 미래
역행자
어른이 되기 전에 꼭 한 번은 논어를 읽어라 1
ETS 토익 정기시험 기출문제집 1000 Vol 3 LISTENING(리스닝)
2023 큰별쌤 최태성의 별별한국사 한국사능력검정시험 심화(1,2,3급)(상)
ETS 토익 정기시험 기출문제집 1000 Vol 3 READING(리딩)
2023 해커스 토익 실전 1000제 1 RC Reading(리딩) 문제집
내가 틀릴 수도 있습니다(화이트 에디션)
2023 해커스 토익 실전 1000제 1 LC Listening(리스닝) 문제집
물고기는 존재하지 않는다
불편한 편의점 2(단풍 에디션)
토익 단기공략 750+(LC+RC)
오투 중등 과학 3-1(2023)
2023 큰별쌤 최태성의 별별한국사 한국사능력검정시험 심화(1,2,3급)(하)
오늘 밤, 세계에서 이 사랑이 사라진다 해도
오투 중등 과학 2-1(2023)
한 권으로 끝내는 해커스 토익 700+ (LC+RC+VOCA)
윤혜정의 개념의 나비효과 입문편 워크북
심리학이 제갈량에게 말하다 1
하얼빈
부자 아빠 가난한 아빠 1(20주년 특별 기념판)
마흔에 읽는 니체
쎈 고등 수학1(2023)
대한민국 산업지도(2023)
예비 매3비 매일 지문 3개씩 푸는 비문학 독서 기출
해커스 토익 스타트 리딩(Reading) RC
레버리지
나도 모르는 내 마음의 심리법칙
워드마스터 수능 2000
idx : 41
cycle : 42

data:,
kyobo_best_v1
keyword :  / input page:0 / n:
start kyobo
cycle : 43

data:,
kyobo_best_v1
keyword :  / input page:0 / n:
start kyobo
스카이 버스
만일 내가 인생을 다시 산다면(10만 부 기념 스페셜 에디션)
트렌드 코리아 2023
해커스 토익 기출보카 TOEIC VOCA(토익보카) 단어장
아버지의 해방일지
원씽(The One Thing)(리커버 특별판)
The Scent of PAGE : 룸스프레이 60ml
윤혜정의 개념의 나비효과 입문 편
불편한 편의점(40만부 기념 벚꽃 에디션)
2023 해커스 토익 RC 리딩(Reading) 토익 기본서
2023 해커스 토익 LC 리스닝(Listening) 토익 기본서
2023 황현필의 한국사 일력
EBS 윤혜정의 개념의 나비효과
이토록 평범한 미래
역행자
어른이 되기 전에 꼭 한 번은 논어를 읽어라 1
ETS 토익 정기시험 기출문제집 1000 Vol 3 LISTENING(리스닝)
2023 큰별쌤 최태성의 별별한국사 한국사능력검정시험 심화(1,2,3급)(상)
ETS 토익 정기시험 기출문제집 1000 Vol 3 READING(리딩)
2023 해커스 토익 실전 1000제 1 RC Reading(리딩) 문제집
내가 틀릴 수도 있습니다(화이트 에디션)
2023 해커스 토익 실전 1000제 1 LC Listening(리스닝) 문제집
물고기는 존재하지 않는다
불편한 편의점 2(단풍 에디션)
토익 단기공략 750+(LC+RC)
오투 중등 과학 3-1(2023)
2023 큰별쌤 최태성의 별별한국사 한국사능력검정시험 심화(1,2,3급)(하)
오늘 밤, 세계에서 이 사랑이 사라진다 해도
오투 중등 과학 2-1(2023)
한 권으로 끝내는 해커스 토익 700+ (LC+RC+VOCA)
윤혜정의 개념의 나비효과 입문편 워크북
심리학이 제갈량에게 말하다 1
하얼빈
부자 아빠 가난한 아빠 1(20주년 특별 기념판)
마흔에 읽는 니체
쎈 고등 수학1(2023)
대한민국 산업지도(2023)
예비 매3비 매일 지문 3개씩 푸는 비문학 독서 기출
해커스 토익 스타트 리딩(Reading) RC
레버리지
나도 모르는 내 마음의 심리법칙
워드마스터 수능 2000
idx : 41
cycle : 44

data:,
kyobo_best_v1
keyword :  / input page:0 / n:
start kyobo
스카이 버스
만일 내가 인생을 다시 산다면(10만 부 기념 스페셜 에디션)
트렌드 코리아 2023
해커스 토익 기출보카 TOEIC VOCA(토익보카) 단어장
아버지의 해방일지
원씽(The One Thing)(리커버 특별판)
The Scent of PAGE : 룸스프레이 60ml
윤혜정의 개념의 나비효과 입문 편
불편한 편의점(40만부 기념 벚꽃 에디션)
2023 해커스 토익 RC 리딩(Reading) 토익 기본서
2023 해커스 토익 LC 리스닝(Listening) 토익 기본서
2023 황현필의 한국사 일력
EBS 윤혜정의 개념의 나비효과
이토록 평범한 미래
역행자
어른이 되기 전에 꼭 한 번은 논어를 읽어라 1
ETS 토익 정기시험 기출문제집 1000 Vol 3 LISTENING(리스닝)
2023 큰별쌤 최태성의 별별한국사 한국사능력검정시험 심화(1,2,3급)(상)
ETS 토익 정기시험 기출문제집 1000 Vol 3 READING(리딩)
2023 해커스 토익 실전 1000제 1 RC Reading(리딩) 문제집
스카이 버스
만일 내가 인생을 다시 산다면(10만 부 기념 스페셜 에디션)
트렌드 코리아 2023
해커스 토익 기출보카 TOEIC VOCA(토익보카) 단어장
아버지의 해방일지
원씽(The One Thing)(리커버 특별판)
The Scent of PAGE : 룸스프레이 60ml
윤혜정의 개념의 나비효과 입문 편
불편한 편의점(40만부 기념 벚꽃 에디션)
2023 해커스 토익 RC 리딩(Reading) 토익 기본서
2023 해커스 토익 LC 리스닝(Listening) 토익 기본서
2023 황현필의 한국사 일력
EBS 윤혜정의 개념의 나비효과
이토록 평범한 미래
역행자
어른이 되기 전에 꼭 한 번은 논어를 읽어라 1
ETS 토익 정기시험 기출문제집 1000 Vol 3 LISTENING(리스닝)
cycle : 45

data:,
kyobo_best_v1
keyword :  / input page:0 / n:
start kyobo
스카이 버스
만일 내가 인생을 다시 산다면(10만 부 기념 스페셜 에디션)
트렌드 코리아 2023
해커스 토익 기출보카 TOEIC VOCA(토익보카) 단어장
아버지의 해방일지
원씽(The One Thing)(리커버 특별판)
The Scent of PAGE : 룸스프레이 60ml
윤혜정의 개념의 나비효과 입문 편
불편한 편의점(40만부 기념 벚꽃 에디션)
2023 해커스 토익 RC 리딩(Reading) 토익 기본서
2023 해커스 토익 LC 리스닝(Listening) 토익 기본서
2023 황현필의 한국사 일력
EBS 윤혜정의 개념의 나비효과
이토록 평범한 미래
역행자
어른이 되기 전에 꼭 한 번은 논어를 읽어라 1
ETS 토익 정기시험 기출문제집 1000 Vol 3 LISTENING(리스닝)
2023 큰별쌤 최태성의 별별한국사 한국사능력검정시험 심화(1,2,3급)(상)
ETS 토익 정기시험 기출문제집 1000 Vol 3 READING(리딩)
2023 해커스 토익 실전 1000제 1 RC Reading(리딩) 문제집
내가 틀릴 수도 있습니다(화이트 에디션)
2023 해커스 토익 실전 1000제 1 LC Listening(리스닝) 문제집
물고기는 존재하지 않는다
불편한 편의점 2(단풍 에디션)
토익 단기공략 750+(LC+RC)
오투 중등 과학 3-1(2023)
2023 큰별쌤 최태성의 별별한국사 한국사능력검정시험 심화(1,2,3급)(하)
오늘 밤, 세계에서 이 사랑이 사라진다 해도
오투 중등 과학 2-1(2023)
한 권으로 끝내는 해커스 토익 700+ (LC+RC+VOCA)
윤혜정의 개념의 나비효과 입문편 워크북
심리학이 제갈량에게 말하다 1
하얼빈
부자 아빠 가난한 아빠 1(20주년 특별 기념판)
마흔에 읽는 니체
쎈 고등 수학1(2023)
대한민국 산업지도(2023)
예비 매3비 매일 지문 3개씩 푸는 비문학 독서 기출
해커스 토익 스타트 리딩(Reading) RC
레버리지
나도 모르는 내 마음의 심리법칙
워드마스터 수능 2000
idx : 41
cycle : 46

data:,
kyobo_best_v1
keyword :  / input page:0 / n:
start kyobo
스카이 버스
만일 내가 인생을 다시 산다면(10만 부 기념 스페셜 에디션)
트렌드 코리아 2023
해커스 토익 기출보카 TOEIC VOCA(토익보카) 단어장
아버지의 해방일지
원씽(The One Thing)(리커버 특별판)
The Scent of PAGE : 룸스프레이 60ml
윤혜정의 개념의 나비효과 입문 편
불편한 편의점(40만부 기념 벚꽃 에디션)
2023 해커스 토익 RC 리딩(Reading) 토익 기본서
2023 해커스 토익 LC 리스닝(Listening) 토익 기본서
2023 황현필의 한국사 일력
EBS 윤혜정의 개념의 나비효과
이토록 평범한 미래
역행자
어른이 되기 전에 꼭 한 번은 논어를 읽어라 1
ETS 토익 정기시험 기출문제집 1000 Vol 3 LISTENING(리스닝)
2023 큰별쌤 최태성의 별별한국사 한국사능력검정시험 심화(1,2,3급)(상)
ETS 토익 정기시험 기출문제집 1000 Vol 3 READING(리딩)
2023 해커스 토익 실전 1000제 1 RC Reading(리딩) 문제집
내가 틀릴 수도 있습니다(화이트 에디션)
2023 해커스 토익 실전 1000제 1 LC Listening(리스닝) 문제집
물고기는 존재하지 않는다
불편한 편의점 2(단풍 에디션)
토익 단기공략 750+(LC+RC)
오투 중등 과학 3-1(2023)
2023 큰별쌤 최태성의 별별한국사 한국사능력검정시험 심화(1,2,3급)(하)
오늘 밤, 세계에서 이 사랑이 사라진다 해도
오투 중등 과학 2-1(2023)
한 권으로 끝내는 해커스 토익 700+ (LC+RC+VOCA)
윤혜정의 개념의 나비효과 입문편 워크북
심리학이 제갈량에게 말하다 1
하얼빈
부자 아빠 가난한 아빠 1(20주년 특별 기념판)
마흔에 읽는 니체
쎈 고등 수학1(2023)
대한민국 산업지도(2023)
예비 매3비 매일 지문 3개씩 푸는 비문학 독서 기출
해커스 토익 스타트 리딩(Reading) RC
레버리지
나도 모르는 내 마음의 심리법칙
워드마스터 수능 2000
idx : 41
cycle : 47

data:,
kyobo_best_v1
keyword :  / input page:0 / n:
start kyobo
스카이 버스
만일 내가 인생을 다시 산다면(10만 부 기념 스페셜 에디션)
트렌드 코리아 2023
해커스 토익 기출보카 TOEIC VOCA(토익보카) 단어장
아버지의 해방일지
원씽(The One Thing)(리커버 특별판)
The Scent of PAGE : 룸스프레이 60ml
윤혜정의 개념의 나비효과 입문 편
불편한 편의점(40만부 기념 벚꽃 에디션)
2023 해커스 토익 RC 리딩(Reading) 토익 기본서
2023 해커스 토익 LC 리스닝(Listening) 토익 기본서
2023 황현필의 한국사 일력
EBS 윤혜정의 개념의 나비효과
이토록 평범한 미래
역행자
어른이 되기 전에 꼭 한 번은 논어를 읽어라 1
ETS 토익 정기시험 기출문제집 1000 Vol 3 LISTENING(리스닝)
2023 큰별쌤 최태성의 별별한국사 한국사능력검정시험 심화(1,2,3급)(상)
ETS 토익 정기시험 기출문제집 1000 Vol 3 READING(리딩)
2023 해커스 토익 실전 1000제 1 RC Reading(리딩) 문제집
내가 틀릴 수도 있습니다(화이트 에디션)
2023 해커스 토익 실전 1000제 1 LC Listening(리스닝) 문제집
물고기는 존재하지 않는다
불편한 편의점 2(단풍 에디션)
토익 단기공략 750+(LC+RC)
오투 중등 과학 3-1(2023)
2023 큰별쌤 최태성의 별별한국사 한국사능력검정시험 심화(1,2,3급)(하)
오늘 밤, 세계에서 이 사랑이 사라진다 해도
오투 중등 과학 2-1(2023)
한 권으로 끝내는 해커스 토익 700+ (LC+RC+VOCA)
윤혜정의 개념의 나비효과 입문편 워크북
심리학이 제갈량에게 말하다 1
하얼빈
부자 아빠 가난한 아빠 1(20주년 특별 기념판)
마흔에 읽는 니체
쎈 고등 수학1(2023)
대한민국 산업지도(2023)
예비 매3비 매일 지문 3개씩 푸는 비문학 독서 기출
해커스 토익 스타트 리딩(Reading) RC
레버리지
나도 모르는 내 마음의 심리법칙
워드마스터 수능 2000
idx : 41
cycle : 48

data:,
kyobo_best_v1
keyword :  / input page:0 / n:
start kyobo
스카이 버스
만일 내가 인생을 다시 산다면(10만 부 기념 스페셜 에디션)
트렌드 코리아 2023
해커스 토익 기출보카 TOEIC VOCA(토익보카) 단어장
아버지의 해방일지
원씽(The One Thing)(리커버 특별판)
The Scent of PAGE : 룸스프레이 60ml
윤혜정의 개념의 나비효과 입문 편
불편한 편의점(40만부 기념 벚꽃 에디션)
2023 해커스 토익 RC 리딩(Reading) 토익 기본서
2023 해커스 토익 LC 리스닝(Listening) 토익 기본서
2023 황현필의 한국사 일력
EBS 윤혜정의 개념의 나비효과
이토록 평범한 미래
역행자
어른이 되기 전에 꼭 한 번은 논어를 읽어라 1
ETS 토익 정기시험 기출문제집 1000 Vol 3 LISTENING(리스닝)
2023 큰별쌤 최태성의 별별한국사 한국사능력검정시험 심화(1,2,3급)(상)
ETS 토익 정기시험 기출문제집 1000 Vol 3 READING(리딩)
2023 해커스 토익 실전 1000제 1 RC Reading(리딩) 문제집
내가 틀릴 수도 있습니다(화이트 에디션)
2023 해커스 토익 실전 1000제 1 LC Listening(리스닝) 문제집
물고기는 존재하지 않는다
불편한 편의점 2(단풍 에디션)
토익 단기공략 750+(LC+RC)
오투 중등 과학 3-1(2023)
2023 큰별쌤 최태성의 별별한국사 한국사능력검정시험 심화(1,2,3급)(하)
오늘 밤, 세계에서 이 사랑이 사라진다 해도
오투 중등 과학 2-1(2023)
한 권으로 끝내는 해커스 토익 700+ (LC+RC+VOCA)
윤혜정의 개념의 나비효과 입문편 워크북
심리학이 제갈량에게 말하다 1
하얼빈
부자 아빠 가난한 아빠 1(20주년 특별 기념판)
마흔에 읽는 니체
쎈 고등 수학1(2023)
대한민국 산업지도(2023)
예비 매3비 매일 지문 3개씩 푸는 비문학 독서 기출
해커스 토익 스타트 리딩(Reading) RC
레버리지
나도 모르는 내 마음의 심리법칙
워드마스터 수능 2000
idx : 41
cycle : 49

data:,
kyobo_best_v1
keyword :  / input page:0 / n:
start kyobo
스카이 버스
만일 내가 인생을 다시 산다면(10만 부 기념 스페셜 에디션)
트렌드 코리아 2023
해커스 토익 기출보카 TOEIC VOCA(토익보카) 단어장
아버지의 해방일지
원씽(The One Thing)(리커버 특별판)
The Scent of PAGE : 룸스프레이 60ml
윤혜정의 개념의 나비효과 입문 편
불편한 편의점(40만부 기념 벚꽃 에디션)
2023 해커스 토익 RC 리딩(Reading) 토익 기본서
2023 해커스 토익 LC 리스닝(Listening) 토익 기본서
2023 황현필의 한국사 일력
EBS 윤혜정의 개념의 나비효과
이토록 평범한 미래
역행자
어른이 되기 전에 꼭 한 번은 논어를 읽어라 1
ETS 토익 정기시험 기출문제집 1000 Vol 3 LISTENING(리스닝)
2023 큰별쌤 최태성의 별별한국사 한국사능력검정시험 심화(1,2,3급)(상)
ETS 토익 정기시험 기출문제집 1000 Vol 3 READING(리딩)
2023 해커스 토익 실전 1000제 1 RC Reading(리딩) 문제집
내가 틀릴 수도 있습니다(화이트 에디션)
2023 해커스 토익 실전 1000제 1 LC Listening(리스닝) 문제집
물고기는 존재하지 않는다
불편한 편의점 2(단풍 에디션)
토익 단기공략 750+(LC+RC)
오투 중등 과학 3-1(2023)
2023 큰별쌤 최태성의 별별한국사 한국사능력검정시험 심화(1,2,3급)(하)
오늘 밤, 세계에서 이 사랑이 사라진다 해도
오투 중등 과학 2-1(2023)
한 권으로 끝내는 해커스 토익 700+ (LC+RC+VOCA)
윤혜정의 개념의 나비효과 입문편 워크북
심리학이 제갈량에게 말하다 1
하얼빈
부자 아빠 가난한 아빠 1(20주년 특별 기념판)
마흔에 읽는 니체
쎈 고등 수학1(2023)
대한민국 산업지도(2023)
예비 매3비 매일 지문 3개씩 푸는 비문학 독서 기출
해커스 토익 스타트 리딩(Reading) RC
레버리지
나도 모르는 내 마음의 심리법칙
워드마스터 수능 2000
idx : 41
cycle : 50

data:,
kyobo_best_v1
keyword :  / input page:0 / n:
start kyobo
스카이 버스
만일 내가 인생을 다시 산다면(10만 부 기념 스페셜 에디션)
트렌드 코리아 2023
해커스 토익 기출보카 TOEIC VOCA(토익보카) 단어장
아버지의 해방일지
원씽(The One Thing)(리커버 특별판)
The Scent of PAGE : 룸스프레이 60ml
윤혜정의 개념의 나비효과 입문 편
불편한 편의점(40만부 기념 벚꽃 에디션)
2023 해커스 토익 RC 리딩(Reading) 토익 기본서
2023 해커스 토익 LC 리스닝(Listening) 토익 기본서
2023 황현필의 한국사 일력
EBS 윤혜정의 개념의 나비효과
이토록 평범한 미래
역행자
어른이 되기 전에 꼭 한 번은 논어를 읽어라 1
ETS 토익 정기시험 기출문제집 1000 Vol 3 LISTENING(리스닝)
2023 큰별쌤 최태성의 별별한국사 한국사능력검정시험 심화(1,2,3급)(상)
ETS 토익 정기시험 기출문제집 1000 Vol 3 READING(리딩)
2023 해커스 토익 실전 1000제 1 RC Reading(리딩) 문제집
내가 틀릴 수도 있습니다(화이트 에디션)
2023 해커스 토익 실전 1000제 1 LC Listening(리스닝) 문제집
물고기는 존재하지 않는다
불편한 편의점 2(단풍 에디션)
토익 단기공략 750+(LC+RC)
오투 중등 과학 3-1(2023)
2023 큰별쌤 최태성의 별별한국사 한국사능력검정시험 심화(1,2,3급)(하)
오늘 밤, 세계에서 이 사랑이 사라진다 해도
오투 중등 과학 2-1(2023)
한 권으로 끝내는 해커스 토익 700+ (LC+RC+VOCA)
윤혜정의 개념의 나비효과 입문편 워크북
심리학이 제갈량에게 말하다 1
하얼빈
부자 아빠 가난한 아빠 1(20주년 특별 기념판)
마흔에 읽는 니체
쎈 고등 수학1(2023)
대한민국 산업지도(2023)
예비 매3비 매일 지문 3개씩 푸는 비문학 독서 기출
해커스 토익 스타트 리딩(Reading) RC
레버리지
나도 모르는 내 마음의 심리법칙
워드마스터 수능 2000
idx : 41
cycle : 51

data:,
kyobo_best_v1
keyword :  / input page:0 / n:
start kyobo
스카이 버스
만일 내가 인생을 다시 산다면(10만 부 기념 스페셜 에디션)
트렌드 코리아 2023
해커스 토익 기출보카 TOEIC VOCA(토익보카) 단어장
아버지의 해방일지
원씽(The One Thing)(리커버 특별판)
The Scent of PAGE : 룸스프레이 60ml
윤혜정의 개념의 나비효과 입문 편
불편한 편의점(40만부 기념 벚꽃 에디션)
2023 해커스 토익 RC 리딩(Reading) 토익 기본서
2023 해커스 토익 LC 리스닝(Listening) 토익 기본서
2023 황현필의 한국사 일력
EBS 윤혜정의 개념의 나비효과
이토록 평범한 미래
역행자
어른이 되기 전에 꼭 한 번은 논어를 읽어라 1
ETS 토익 정기시험 기출문제집 1000 Vol 3 LISTENING(리스닝)
2023 큰별쌤 최태성의 별별한국사 한국사능력검정시험 심화(1,2,3급)(상)
ETS 토익 정기시험 기출문제집 1000 Vol 3 READING(리딩)
2023 해커스 토익 실전 1000제 1 RC Reading(리딩) 문제집
내가 틀릴 수도 있습니다(화이트 에디션)
2023 해커스 토익 실전 1000제 1 LC Listening(리스닝) 문제집
물고기는 존재하지 않는다
불편한 편의점 2(단풍 에디션)
토익 단기공략 750+(LC+RC)
오투 중등 과학 3-1(2023)
2023 큰별쌤 최태성의 별별한국사 한국사능력검정시험 심화(1,2,3급)(하)
오늘 밤, 세계에서 이 사랑이 사라진다 해도
오투 중등 과학 2-1(2023)
한 권으로 끝내는 해커스 토익 700+ (LC+RC+VOCA)
윤혜정의 개념의 나비효과 입문편 워크북
심리학이 제갈량에게 말하다 1
하얼빈
부자 아빠 가난한 아빠 1(20주년 특별 기념판)
마흔에 읽는 니체
쎈 고등 수학1(2023)
대한민국 산업지도(2023)
예비 매3비 매일 지문 3개씩 푸는 비문학 독서 기출
해커스 토익 스타트 리딩(Reading) RC
레버리지
나도 모르는 내 마음의 심리법칙
워드마스터 수능 2000
idx : 41
cycle : 52

data:,
kyobo_best_v1
keyword :  / input page:0 / n:
start kyobo
스카이 버스
만일 내가 인생을 다시 산다면(10만 부 기념 스페셜 에디션)
트렌드 코리아 2023
해커스 토익 기출보카 TOEIC VOCA(토익보카) 단어장
아버지의 해방일지
원씽(The One Thing)(리커버 특별판)
The Scent of PAGE : 룸스프레이 60ml
윤혜정의 개념의 나비효과 입문 편
불편한 편의점(40만부 기념 벚꽃 에디션)
2023 해커스 토익 RC 리딩(Reading) 토익 기본서
2023 해커스 토익 LC 리스닝(Listening) 토익 기본서
2023 황현필의 한국사 일력
EBS 윤혜정의 개념의 나비효과
이토록 평범한 미래
역행자
어른이 되기 전에 꼭 한 번은 논어를 읽어라 1
ETS 토익 정기시험 기출문제집 1000 Vol 3 LISTENING(리스닝)
2023 큰별쌤 최태성의 별별한국사 한국사능력검정시험 심화(1,2,3급)(상)
ETS 토익 정기시험 기출문제집 1000 Vol 3 READING(리딩)
2023 해커스 토익 실전 1000제 1 RC Reading(리딩) 문제집
내가 틀릴 수도 있습니다(화이트 에디션)
2023 해커스 토익 실전 1000제 1 LC Listening(리스닝) 문제집
물고기는 존재하지 않는다
불편한 편의점 2(단풍 에디션)
토익 단기공략 750+(LC+RC)
오투 중등 과학 3-1(2023)
2023 큰별쌤 최태성의 별별한국사 한국사능력검정시험 심화(1,2,3급)(하)
오늘 밤, 세계에서 이 사랑이 사라진다 해도
오투 중등 과학 2-1(2023)
한 권으로 끝내는 해커스 토익 700+ (LC+RC+VOCA)
윤혜정의 개념의 나비효과 입문편 워크북
심리학이 제갈량에게 말하다 1
하얼빈
부자 아빠 가난한 아빠 1(20주년 특별 기념판)
마흔에 읽는 니체
쎈 고등 수학1(2023)
대한민국 산업지도(2023)
예비 매3비 매일 지문 3개씩 푸는 비문학 독서 기출
해커스 토익 스타트 리딩(Reading) RC
레버리지
나도 모르는 내 마음의 심리법칙
워드마스터 수능 2000
idx : 41
cycle : 53

data:,
kyobo_best_v1
keyword :  / input page:0 / n:
start kyobo
스카이 버스
만일 내가 인생을 다시 산다면(10만 부 기념 스페셜 에디션)
트렌드 코리아 2023
해커스 토익 기출보카 TOEIC VOCA(토익보카) 단어장
아버지의 해방일지
원씽(The One Thing)(리커버 특별판)
The Scent of PAGE : 룸스프레이 60ml
윤혜정의 개념의 나비효과 입문 편
불편한 편의점(40만부 기념 벚꽃 에디션)
2023 해커스 토익 RC 리딩(Reading) 토익 기본서
2023 해커스 토익 LC 리스닝(Listening) 토익 기본서
2023 황현필의 한국사 일력
EBS 윤혜정의 개념의 나비효과
이토록 평범한 미래
역행자
어른이 되기 전에 꼭 한 번은 논어를 읽어라 1
ETS 토익 정기시험 기출문제집 1000 Vol 3 LISTENING(리스닝)
2023 큰별쌤 최태성의 별별한국사 한국사능력검정시험 심화(1,2,3급)(상)
ETS 토익 정기시험 기출문제집 1000 Vol 3 READING(리딩)
2023 해커스 토익 실전 1000제 1 RC Reading(리딩) 문제집
내가 틀릴 수도 있습니다(화이트 에디션)
2023 해커스 토익 실전 1000제 1 LC Listening(리스닝) 문제집
물고기는 존재하지 않는다
불편한 편의점 2(단풍 에디션)
토익 단기공략 750+(LC+RC)
오투 중등 과학 3-1(2023)
2023 큰별쌤 최태성의 별별한국사 한국사능력검정시험 심화(1,2,3급)(하)
오늘 밤, 세계에서 이 사랑이 사라진다 해도
오투 중등 과학 2-1(2023)
한 권으로 끝내는 해커스 토익 700+ (LC+RC+VOCA)
윤혜정의 개념의 나비효과 입문편 워크북
심리학이 제갈량에게 말하다 1
하얼빈
부자 아빠 가난한 아빠 1(20주년 특별 기념판)
마흔에 읽는 니체
쎈 고등 수학1(2023)
대한민국 산업지도(2023)
예비 매3비 매일 지문 3개씩 푸는 비문학 독서 기출
해커스 토익 스타트 리딩(Reading) RC
레버리지
나도 모르는 내 마음의 심리법칙
워드마스터 수능 2000
idx : 41
cycle : 54

data:,
kyobo_best_v1
keyword :  / input page:0 / n:
start kyobo
스카이 버스
만일 내가 인생을 다시 산다면(10만 부 기념 스페셜 에디션)
트렌드 코리아 2023
해커스 토익 기출보카 TOEIC VOCA(토익보카) 단어장
아버지의 해방일지
원씽(The One Thing)(리커버 특별판)
The Scent of PAGE : 룸스프레이 60ml
윤혜정의 개념의 나비효과 입문 편
불편한 편의점(40만부 기념 벚꽃 에디션)
2023 해커스 토익 RC 리딩(Reading) 토익 기본서
2023 해커스 토익 LC 리스닝(Listening) 토익 기본서
2023 황현필의 한국사 일력
EBS 윤혜정의 개념의 나비효과
이토록 평범한 미래
역행자
어른이 되기 전에 꼭 한 번은 논어를 읽어라 1
ETS 토익 정기시험 기출문제집 1000 Vol 3 LISTENING(리스닝)
2023 큰별쌤 최태성의 별별한국사 한국사능력검정시험 심화(1,2,3급)(상)
ETS 토익 정기시험 기출문제집 1000 Vol 3 READING(리딩)
2023 해커스 토익 실전 1000제 1 RC Reading(리딩) 문제집
스카이 버스
cycle : 55

data:,
kyobo_best_v1
keyword :  / input page:0 / n:
start kyobo
스카이 버스
만일 내가 인생을 다시 산다면(10만 부 기념 스페셜 에디션)
트렌드 코리아 2023
해커스 토익 기출보카 TOEIC VOCA(토익보카) 단어장
아버지의 해방일지
원씽(The One Thing)(리커버 특별판)
The Scent of PAGE : 룸스프레이 60ml
윤혜정의 개념의 나비효과 입문 편
불편한 편의점(40만부 기념 벚꽃 에디션)
2023 해커스 토익 RC 리딩(Reading) 토익 기본서
2023 해커스 토익 LC 리스닝(Listening) 토익 기본서
2023 황현필의 한국사 일력
EBS 윤혜정의 개념의 나비효과
이토록 평범한 미래
역행자
어른이 되기 전에 꼭 한 번은 논어를 읽어라 1
ETS 토익 정기시험 기출문제집 1000 Vol 3 LISTENING(리스닝)
2023 큰별쌤 최태성의 별별한국사 한국사능력검정시험 심화(1,2,3급)(상)
ETS 토익 정기시험 기출문제집 1000 Vol 3 READING(리딩)
2023 해커스 토익 실전 1000제 1 RC Reading(리딩) 문제집
내가 틀릴 수도 있습니다(화이트 에디션)
2023 해커스 토익 실전 1000제 1 LC Listening(리스닝) 문제집
물고기는 존재하지 않는다
불편한 편의점 2(단풍 에디션)
토익 단기공략 750+(LC+RC)
오투 중등 과학 3-1(2023)
2023 큰별쌤 최태성의 별별한국사 한국사능력검정시험 심화(1,2,3급)(하)
오늘 밤, 세계에서 이 사랑이 사라진다 해도
오투 중등 과학 2-1(2023)
한 권으로 끝내는 해커스 토익 700+ (LC+RC+VOCA)
윤혜정의 개념의 나비효과 입문편 워크북
심리학이 제갈량에게 말하다 1
하얼빈
부자 아빠 가난한 아빠 1(20주년 특별 기념판)
마흔에 읽는 니체
쎈 고등 수학1(2023)
대한민국 산업지도(2023)
예비 매3비 매일 지문 3개씩 푸는 비문학 독서 기출
해커스 토익 스타트 리딩(Reading) RC
레버리지
나도 모르는 내 마음의 심리법칙
워드마스터 수능 2000
idx : 41
cycle : 56

data:,
kyobo_best_v1
keyword :  / input page:0 / n:
start kyobo
스카이 버스
만일 내가 인생을 다시 산다면(10만 부 기념 스페셜 에디션)
트렌드 코리아 2023
해커스 토익 기출보카 TOEIC VOCA(토익보카) 단어장
아버지의 해방일지
원씽(The One Thing)(리커버 특별판)
The Scent of PAGE : 룸스프레이 60ml
윤혜정의 개념의 나비효과 입문 편
불편한 편의점(40만부 기념 벚꽃 에디션)
2023 해커스 토익 RC 리딩(Reading) 토익 기본서
2023 해커스 토익 LC 리스닝(Listening) 토익 기본서
2023 황현필의 한국사 일력
EBS 윤혜정의 개념의 나비효과
이토록 평범한 미래
역행자
어른이 되기 전에 꼭 한 번은 논어를 읽어라 1
ETS 토익 정기시험 기출문제집 1000 Vol 3 LISTENING(리스닝)
2023 큰별쌤 최태성의 별별한국사 한국사능력검정시험 심화(1,2,3급)(상)
ETS 토익 정기시험 기출문제집 1000 Vol 3 READING(리딩)
2023 해커스 토익 실전 1000제 1 RC Reading(리딩) 문제집
내가 틀릴 수도 있습니다(화이트 에디션)
2023 해커스 토익 실전 1000제 1 LC Listening(리스닝) 문제집
물고기는 존재하지 않는다
불편한 편의점 2(단풍 에디션)
토익 단기공략 750+(LC+RC)
오투 중등 과학 3-1(2023)
2023 큰별쌤 최태성의 별별한국사 한국사능력검정시험 심화(1,2,3급)(하)
오늘 밤, 세계에서 이 사랑이 사라진다 해도
오투 중등 과학 2-1(2023)
한 권으로 끝내는 해커스 토익 700+ (LC+RC+VOCA)
윤혜정의 개념의 나비효과 입문편 워크북
심리학이 제갈량에게 말하다 1
하얼빈
부자 아빠 가난한 아빠 1(20주년 특별 기념판)
마흔에 읽는 니체
쎈 고등 수학1(2023)
대한민국 산업지도(2023)
예비 매3비 매일 지문 3개씩 푸는 비문학 독서 기출
해커스 토익 스타트 리딩(Reading) RC
레버리지
나도 모르는 내 마음의 심리법칙
워드마스터 수능 2000
idx : 41
cycle : 57

data:,
kyobo_best_v1
keyword :  / input page:0 / n:
start kyobo
스카이 버스
만일 내가 인생을 다시 산다면(10만 부 기념 스페셜 에디션)
트렌드 코리아 2023
해커스 토익 기출보카 TOEIC VOCA(토익보카) 단어장
아버지의 해방일지
원씽(The One Thing)(리커버 특별판)
The Scent of PAGE : 룸스프레이 60ml
윤혜정의 개념의 나비효과 입문 편
불편한 편의점(40만부 기념 벚꽃 에디션)
2023 해커스 토익 RC 리딩(Reading) 토익 기본서
2023 해커스 토익 LC 리스닝(Listening) 토익 기본서
2023 황현필의 한국사 일력
EBS 윤혜정의 개념의 나비효과
이토록 평범한 미래
역행자
어른이 되기 전에 꼭 한 번은 논어를 읽어라 1
ETS 토익 정기시험 기출문제집 1000 Vol 3 LISTENING(리스닝)
2023 큰별쌤 최태성의 별별한국사 한국사능력검정시험 심화(1,2,3급)(상)
ETS 토익 정기시험 기출문제집 1000 Vol 3 READING(리딩)
2023 해커스 토익 실전 1000제 1 RC Reading(리딩) 문제집
내가 틀릴 수도 있습니다(화이트 에디션)
2023 해커스 토익 실전 1000제 1 LC Listening(리스닝) 문제집
물고기는 존재하지 않는다
불편한 편의점 2(단풍 에디션)
토익 단기공략 750+(LC+RC)
오투 중등 과학 3-1(2023)
2023 큰별쌤 최태성의 별별한국사 한국사능력검정시험 심화(1,2,3급)(하)
오늘 밤, 세계에서 이 사랑이 사라진다 해도
오투 중등 과학 2-1(2023)
한 권으로 끝내는 해커스 토익 700+ (LC+RC+VOCA)
윤혜정의 개념의 나비효과 입문편 워크북
심리학이 제갈량에게 말하다 1
하얼빈
부자 아빠 가난한 아빠 1(20주년 특별 기념판)
마흔에 읽는 니체
쎈 고등 수학1(2023)
대한민국 산업지도(2023)
예비 매3비 매일 지문 3개씩 푸는 비문학 독서 기출
해커스 토익 스타트 리딩(Reading) RC
레버리지
나도 모르는 내 마음의 심리법칙
워드마스터 수능 2000
idx : 41
cycle : 58

data:,
kyobo_best_v1
keyword :  / input page:0 / n:
start kyobo
스카이 버스
만일 내가 인생을 다시 산다면(10만 부 기념 스페셜 에디션)
트렌드 코리아 2023
해커스 토익 기출보카 TOEIC VOCA(토익보카) 단어장
아버지의 해방일지
원씽(The One Thing)(리커버 특별판)
The Scent of PAGE : 룸스프레이 60ml
윤혜정의 개념의 나비효과 입문 편
불편한 편의점(40만부 기념 벚꽃 에디션)
2023 해커스 토익 RC 리딩(Reading) 토익 기본서
2023 해커스 토익 LC 리스닝(Listening) 토익 기본서
2023 황현필의 한국사 일력
EBS 윤혜정의 개념의 나비효과
이토록 평범한 미래
역행자
어른이 되기 전에 꼭 한 번은 논어를 읽어라 1
ETS 토익 정기시험 기출문제집 1000 Vol 3 LISTENING(리스닝)
2023 큰별쌤 최태성의 별별한국사 한국사능력검정시험 심화(1,2,3급)(상)
ETS 토익 정기시험 기출문제집 1000 Vol 3 READING(리딩)
2023 해커스 토익 실전 1000제 1 RC Reading(리딩) 문제집
내가 틀릴 수도 있습니다(화이트 에디션)
2023 해커스 토익 실전 1000제 1 LC Listening(리스닝) 문제집
물고기는 존재하지 않는다
불편한 편의점 2(단풍 에디션)
토익 단기공략 750+(LC+RC)
오투 중등 과학 3-1(2023)
2023 큰별쌤 최태성의 별별한국사 한국사능력검정시험 심화(1,2,3급)(하)
오늘 밤, 세계에서 이 사랑이 사라진다 해도
오투 중등 과학 2-1(2023)
한 권으로 끝내는 해커스 토익 700+ (LC+RC+VOCA)
윤혜정의 개념의 나비효과 입문편 워크북
심리학이 제갈량에게 말하다 1
하얼빈
부자 아빠 가난한 아빠 1(20주년 특별 기념판)
마흔에 읽는 니체
쎈 고등 수학1(2023)
대한민국 산업지도(2023)
예비 매3비 매일 지문 3개씩 푸는 비문학 독서 기출
해커스 토익 스타트 리딩(Reading) RC
레버리지
나도 모르는 내 마음의 심리법칙
워드마스터 수능 2000
idx : 41
cycle : 59

data:,
kyobo_best_v1
keyword :  / input page:0 / n:
start kyobo
스카이 버스
만일 내가 인생을 다시 산다면(10만 부 기념 스페셜 에디션)
트렌드 코리아 2023
해커스 토익 기출보카 TOEIC VOCA(토익보카) 단어장
아버지의 해방일지
원씽(The One Thing)(리커버 특별판)
The Scent of PAGE : 룸스프레이 60ml
윤혜정의 개념의 나비효과 입문 편
불편한 편의점(40만부 기념 벚꽃 에디션)
2023 해커스 토익 RC 리딩(Reading) 토익 기본서
2023 해커스 토익 LC 리스닝(Listening) 토익 기본서
2023 황현필의 한국사 일력
EBS 윤혜정의 개념의 나비효과
이토록 평범한 미래
역행자
어른이 되기 전에 꼭 한 번은 논어를 읽어라 1
ETS 토익 정기시험 기출문제집 1000 Vol 3 LISTENING(리스닝)
2023 큰별쌤 최태성의 별별한국사 한국사능력검정시험 심화(1,2,3급)(상)
ETS 토익 정기시험 기출문제집 1000 Vol 3 READING(리딩)
2023 해커스 토익 실전 1000제 1 RC Reading(리딩) 문제집
내가 틀릴 수도 있습니다(화이트 에디션)
2023 해커스 토익 실전 1000제 1 LC Listening(리스닝) 문제집
물고기는 존재하지 않는다
불편한 편의점 2(단풍 에디션)
토익 단기공략 750+(LC+RC)
오투 중등 과학 3-1(2023)
2023 큰별쌤 최태성의 별별한국사 한국사능력검정시험 심화(1,2,3급)(하)
오늘 밤, 세계에서 이 사랑이 사라진다 해도
오투 중등 과학 2-1(2023)
한 권으로 끝내는 해커스 토익 700+ (LC+RC+VOCA)
윤혜정의 개념의 나비효과 입문편 워크북
심리학이 제갈량에게 말하다 1
하얼빈
부자 아빠 가난한 아빠 1(20주년 특별 기념판)
마흔에 읽는 니체
쎈 고등 수학1(2023)
대한민국 산업지도(2023)
예비 매3비 매일 지문 3개씩 푸는 비문학 독서 기출
해커스 토익 스타트 리딩(Reading) RC
레버리지
나도 모르는 내 마음의 심리법칙
워드마스터 수능 2000
idx : 41
cycle : 60

data:,
kyobo_best_v1
keyword :  / input page:0 / n:
start kyobo
cycle : 61

data:,
kyobo_best_v1
keyword :  / input page:0 / n:
start kyobo
스카이 버스
만일 내가 인생을 다시 산다면(10만 부 기념 스페셜 에디션)
트렌드 코리아 2023
해커스 토익 기출보카 TOEIC VOCA(토익보카) 단어장
아버지의 해방일지
원씽(The One Thing)(리커버 특별판)
The Scent of PAGE : 룸스프레이 60ml
윤혜정의 개념의 나비효과 입문 편
불편한 편의점(40만부 기념 벚꽃 에디션)
2023 해커스 토익 RC 리딩(Reading) 토익 기본서
2023 해커스 토익 LC 리스닝(Listening) 토익 기본서
2023 황현필의 한국사 일력
EBS 윤혜정의 개념의 나비효과
이토록 평범한 미래
역행자
어른이 되기 전에 꼭 한 번은 논어를 읽어라 1
ETS 토익 정기시험 기출문제집 1000 Vol 3 LISTENING(리스닝)
2023 큰별쌤 최태성의 별별한국사 한국사능력검정시험 심화(1,2,3급)(상)
ETS 토익 정기시험 기출문제집 1000 Vol 3 READING(리딩)
2023 해커스 토익 실전 1000제 1 RC Reading(리딩) 문제집
내가 틀릴 수도 있습니다(화이트 에디션)
2023 해커스 토익 실전 1000제 1 LC Listening(리스닝) 문제집
물고기는 존재하지 않는다
불편한 편의점 2(단풍 에디션)
토익 단기공략 750+(LC+RC)
오투 중등 과학 3-1(2023)
2023 큰별쌤 최태성의 별별한국사 한국사능력검정시험 심화(1,2,3급)(하)
오늘 밤, 세계에서 이 사랑이 사라진다 해도
오투 중등 과학 2-1(2023)
한 권으로 끝내는 해커스 토익 700+ (LC+RC+VOCA)
윤혜정의 개념의 나비효과 입문편 워크북
심리학이 제갈량에게 말하다 1
하얼빈
부자 아빠 가난한 아빠 1(20주년 특별 기념판)
마흔에 읽는 니체
쎈 고등 수학1(2023)
대한민국 산업지도(2023)
예비 매3비 매일 지문 3개씩 푸는 비문학 독서 기출
해커스 토익 스타트 리딩(Reading) RC
레버리지
나도 모르는 내 마음의 심리법칙
워드마스터 수능 2000
idx : 41
cycle : 62

data:,
kyobo_best_v1
keyword :  / input page:0 / n:
start kyobo
cycle : 63

data:,
kyobo_best_v1
keyword :  / input page:0 / n:
start kyobo
스카이 버스
만일 내가 인생을 다시 산다면(10만 부 기념 스페셜 에디션)
트렌드 코리아 2023
해커스 토익 기출보카 TOEIC VOCA(토익보카) 단어장
아버지의 해방일지
원씽(The One Thing)(리커버 특별판)
The Scent of PAGE : 룸스프레이 60ml
윤혜정의 개념의 나비효과 입문 편
불편한 편의점(40만부 기념 벚꽃 에디션)
2023 해커스 토익 RC 리딩(Reading) 토익 기본서
2023 해커스 토익 LC 리스닝(Listening) 토익 기본서
2023 황현필의 한국사 일력
EBS 윤혜정의 개념의 나비효과
이토록 평범한 미래
역행자
어른이 되기 전에 꼭 한 번은 논어를 읽어라 1
ETS 토익 정기시험 기출문제집 1000 Vol 3 LISTENING(리스닝)
2023 큰별쌤 최태성의 별별한국사 한국사능력검정시험 심화(1,2,3급)(상)
ETS 토익 정기시험 기출문제집 1000 Vol 3 READING(리딩)
2023 해커스 토익 실전 1000제 1 RC Reading(리딩) 문제집
내가 틀릴 수도 있습니다(화이트 에디션)
2023 해커스 토익 실전 1000제 1 LC Listening(리스닝) 문제집
물고기는 존재하지 않는다
불편한 편의점 2(단풍 에디션)
토익 단기공략 750+(LC+RC)
오투 중등 과학 3-1(2023)
2023 큰별쌤 최태성의 별별한국사 한국사능력검정시험 심화(1,2,3급)(하)
오늘 밤, 세계에서 이 사랑이 사라진다 해도
오투 중등 과학 2-1(2023)
한 권으로 끝내는 해커스 토익 700+ (LC+RC+VOCA)
윤혜정의 개념의 나비효과 입문편 워크북
심리학이 제갈량에게 말하다 1
하얼빈
부자 아빠 가난한 아빠 1(20주년 특별 기념판)
마흔에 읽는 니체
쎈 고등 수학1(2023)
대한민국 산업지도(2023)
예비 매3비 매일 지문 3개씩 푸는 비문학 독서 기출
해커스 토익 스타트 리딩(Reading) RC
레버리지
나도 모르는 내 마음의 심리법칙
워드마스터 수능 2000
idx : 41
cycle : 64

data:,
kyobo_best_v1
keyword :  / input page:0 / n:
start kyobo
스카이 버스
만일 내가 인생을 다시 산다면(10만 부 기념 스페셜 에디션)
트렌드 코리아 2023
해커스 토익 기출보카 TOEIC VOCA(토익보카) 단어장
아버지의 해방일지
원씽(The One Thing)(리커버 특별판)
The Scent of PAGE : 룸스프레이 60ml
윤혜정의 개념의 나비효과 입문 편
불편한 편의점(40만부 기념 벚꽃 에디션)
2023 해커스 토익 RC 리딩(Reading) 토익 기본서
2023 해커스 토익 LC 리스닝(Listening) 토익 기본서
2023 황현필의 한국사 일력
EBS 윤혜정의 개념의 나비효과
이토록 평범한 미래
역행자
어른이 되기 전에 꼭 한 번은 논어를 읽어라 1
ETS 토익 정기시험 기출문제집 1000 Vol 3 LISTENING(리스닝)
2023 큰별쌤 최태성의 별별한국사 한국사능력검정시험 심화(1,2,3급)(상)
ETS 토익 정기시험 기출문제집 1000 Vol 3 READING(리딩)
2023 해커스 토익 실전 1000제 1 RC Reading(리딩) 문제집
내가 틀릴 수도 있습니다(화이트 에디션)
2023 해커스 토익 실전 1000제 1 LC Listening(리스닝) 문제집
물고기는 존재하지 않는다
불편한 편의점 2(단풍 에디션)
토익 단기공략 750+(LC+RC)
오투 중등 과학 3-1(2023)
2023 큰별쌤 최태성의 별별한국사 한국사능력검정시험 심화(1,2,3급)(하)
오늘 밤, 세계에서 이 사랑이 사라진다 해도
오투 중등 과학 2-1(2023)
한 권으로 끝내는 해커스 토익 700+ (LC+RC+VOCA)
윤혜정의 개념의 나비효과 입문편 워크북
심리학이 제갈량에게 말하다 1
하얼빈
부자 아빠 가난한 아빠 1(20주년 특별 기념판)
마흔에 읽는 니체
쎈 고등 수학1(2023)
대한민국 산업지도(2023)
예비 매3비 매일 지문 3개씩 푸는 비문학 독서 기출
해커스 토익 스타트 리딩(Reading) RC
레버리지
나도 모르는 내 마음의 심리법칙
워드마스터 수능 2000
idx : 41
cycle : 65

data:,
kyobo_best_v1
keyword :  / input page:0 / n:
start kyobo
스카이 버스
만일 내가 인생을 다시 산다면(10만 부 기념 스페셜 에디션)
트렌드 코리아 2023
해커스 토익 기출보카 TOEIC VOCA(토익보카) 단어장
아버지의 해방일지
원씽(The One Thing)(리커버 특별판)
The Scent of PAGE : 룸스프레이 60ml
윤혜정의 개념의 나비효과 입문 편
불편한 편의점(40만부 기념 벚꽃 에디션)
2023 해커스 토익 RC 리딩(Reading) 토익 기본서
2023 해커스 토익 LC 리스닝(Listening) 토익 기본서
2023 황현필의 한국사 일력
EBS 윤혜정의 개념의 나비효과
이토록 평범한 미래
역행자
어른이 되기 전에 꼭 한 번은 논어를 읽어라 1
ETS 토익 정기시험 기출문제집 1000 Vol 3 LISTENING(리스닝)
2023 큰별쌤 최태성의 별별한국사 한국사능력검정시험 심화(1,2,3급)(상)
ETS 토익 정기시험 기출문제집 1000 Vol 3 READING(리딩)
2023 해커스 토익 실전 1000제 1 RC Reading(리딩) 문제집
내가 틀릴 수도 있습니다(화이트 에디션)
2023 해커스 토익 실전 1000제 1 LC Listening(리스닝) 문제집
물고기는 존재하지 않는다
불편한 편의점 2(단풍 에디션)
토익 단기공략 750+(LC+RC)
오투 중등 과학 3-1(2023)
2023 큰별쌤 최태성의 별별한국사 한국사능력검정시험 심화(1,2,3급)(하)
오늘 밤, 세계에서 이 사랑이 사라진다 해도
오투 중등 과학 2-1(2023)
한 권으로 끝내는 해커스 토익 700+ (LC+RC+VOCA)
윤혜정의 개념의 나비효과 입문편 워크북
심리학이 제갈량에게 말하다 1
하얼빈
부자 아빠 가난한 아빠 1(20주년 특별 기념판)
마흔에 읽는 니체
쎈 고등 수학1(2023)
대한민국 산업지도(2023)
예비 매3비 매일 지문 3개씩 푸는 비문학 독서 기출
해커스 토익 스타트 리딩(Reading) RC
레버리지
내가 틀릴 수도 있습니다(화이트 에디션)
2023 해커스 토익 실전 1000제 1 LC Listening(리스닝) 문제집
물고기는 존재하지 않는다
불편한 편의점 2(단풍 에디션)
토익 단기공략 750+(LC+RC)
오투 중등 과학 3-1(2023)
2023 큰별쌤 최태성의 별별한국사 한국사능력검정시험 심화(1,2,3급)(하)
오늘 밤, 세계에서 이 사랑이 사라진다 해도
오투 중등 과학 2-1(2023)
한 권으로 끝내는 해커스 토익 700+ (LC+RC+VOCA)
윤혜정의 개념의 나비효과 입문편 워크북
심리학이 제갈량에게 말하다 1
하얼빈
부자 아빠 가난한 아빠 1(20주년 특별 기념판)
마흔에 읽는 니체
쎈 고등 수학1(2023)
대한민국 산업지도(2023)
예비 매3비 매일 지문 3개씩 푸는 비문학 독서 기출
해커스 토익 스타트 리딩(Reading) RC
레버리지
밥 프록터의 위대한 확언
사피엔스
EBS 중학 신입생 예비과정 사회
완자 고등 생명과학1(2023)
예비 매3문 매일 지문 3개씩 푸는 문학 기출
봇치ㆍ더ㆍ록! 3
디 에센셜: 알베르 카뮈(교보문고 특별판)
2023년도 천문력(벽걸이용)
쎈 중등 수학 1-1(2023)
해커스 토익 왕기초 RC Reading 리딩
해커스 OPIc 오픽 Advanced 공략
EBS 중학 신입생 예비과정 영어
EBS 강의노트 수능개념 주혜연의 해석공식 BASIC(2023)(2024 수능대비)
오투 중등 과학 1-1(2023)
그래머 게이트웨이 베이직: 초보를 위한 기초 영문법(Grammar Gateway Basic)
마케팅 설계자
슬램덩크 챔프
기분이 태도가 되지 말자
김경일의 지혜로운 인간생활
EBS 50일 고등 수학(상)(2023)
밥 프록터의 위대한 확언
사피엔스
EBS 중학 신입생 예비과정 사회
완자 고등 생명과학1(2023)
예비 매3문 매일 지문 3개씩 푸는 문학 기출
봇치ㆍ더ㆍ록! 3
디 에센셜: 알베르 카뮈(교보문고 특별판)
2023년도 천문력(벽걸이용)
쎈 중등 수학 1-1(2023)
해커스 토익 왕기초 RC Reading 리딩
해커스 OPIc 오픽 Advanced 공략
EBS 중학 신입생 예비과정 영어
EBS 강의노트 수능개념 주혜연의 해석공식 BASIC(2023)(2024 수능대비)
오투 중등 과학 1-1(2023)
그래머 게이트웨이 베이직: 초보를 위한 기초 영문법(Grammar Gateway Basic)
마케팅 설계자
슬램덩크 챔프
cycle : 66

data:,
kyobo_best_v1
keyword :  / input page:0 / n:
start kyobo
스카이 버스
만일 내가 인생을 다시 산다면(10만 부 기념 스페셜 에디션)
트렌드 코리아 2023
해커스 토익 기출보카 TOEIC VOCA(토익보카) 단어장
아버지의 해방일지
원씽(The One Thing)(리커버 특별판)
The Scent of PAGE : 룸스프레이 60ml
윤혜정의 개념의 나비효과 입문 편
불편한 편의점(40만부 기념 벚꽃 에디션)
2023 해커스 토익 RC 리딩(Reading) 토익 기본서
2023 해커스 토익 LC 리스닝(Listening) 토익 기본서
2023 황현필의 한국사 일력
EBS 윤혜정의 개념의 나비효과
이토록 평범한 미래
역행자
어른이 되기 전에 꼭 한 번은 논어를 읽어라 1
ETS 토익 정기시험 기출문제집 1000 Vol 3 LISTENING(리스닝)
2023 큰별쌤 최태성의 별별한국사 한국사능력검정시험 심화(1,2,3급)(상)
ETS 토익 정기시험 기출문제집 1000 Vol 3 READING(리딩)
2023 해커스 토익 실전 1000제 1 RC Reading(리딩) 문제집
내가 틀릴 수도 있습니다(화이트 에디션)
2023 해커스 토익 실전 1000제 1 LC Listening(리스닝) 문제집
물고기는 존재하지 않는다
불편한 편의점 2(단풍 에디션)
토익 단기공략 750+(LC+RC)
오투 중등 과학 3-1(2023)
2023 큰별쌤 최태성의 별별한국사 한국사능력검정시험 심화(1,2,3급)(하)
오늘 밤, 세계에서 이 사랑이 사라진다 해도
오투 중등 과학 2-1(2023)
한 권으로 끝내는 해커스 토익 700+ (LC+RC+VOCA)
윤혜정의 개념의 나비효과 입문편 워크북
심리학이 제갈량에게 말하다 1
하얼빈
부자 아빠 가난한 아빠 1(20주년 특별 기념판)
마흔에 읽는 니체
쎈 고등 수학1(2023)
대한민국 산업지도(2023)
예비 매3비 매일 지문 3개씩 푸는 비문학 독서 기출
해커스 토익 스타트 리딩(Reading) RC
레버리지
나도 모르는 내 마음의 심리법칙
워드마스터 수능 2000
idx : 41
cycle : 67

data:,
kyobo_best_v1
keyword :  / input page:0 / n:
start kyobo
스카이 버스
만일 내가 인생을 다시 산다면(10만 부 기념 스페셜 에디션)
트렌드 코리아 2023
해커스 토익 기출보카 TOEIC VOCA(토익보카) 단어장
아버지의 해방일지
원씽(The One Thing)(리커버 특별판)
The Scent of PAGE : 룸스프레이 60ml
윤혜정의 개념의 나비효과 입문 편
불편한 편의점(40만부 기념 벚꽃 에디션)
2023 해커스 토익 RC 리딩(Reading) 토익 기본서
2023 해커스 토익 LC 리스닝(Listening) 토익 기본서
2023 황현필의 한국사 일력
EBS 윤혜정의 개념의 나비효과
이토록 평범한 미래
역행자
어른이 되기 전에 꼭 한 번은 논어를 읽어라 1
ETS 토익 정기시험 기출문제집 1000 Vol 3 LISTENING(리스닝)
2023 큰별쌤 최태성의 별별한국사 한국사능력검정시험 심화(1,2,3급)(상)
ETS 토익 정기시험 기출문제집 1000 Vol 3 READING(리딩)
2023 해커스 토익 실전 1000제 1 RC Reading(리딩) 문제집
내가 틀릴 수도 있습니다(화이트 에디션)
2023 해커스 토익 실전 1000제 1 LC Listening(리스닝) 문제집
물고기는 존재하지 않는다
불편한 편의점 2(단풍 에디션)
토익 단기공략 750+(LC+RC)
오투 중등 과학 3-1(2023)
2023 큰별쌤 최태성의 별별한국사 한국사능력검정시험 심화(1,2,3급)(하)
오늘 밤, 세계에서 이 사랑이 사라진다 해도
오투 중등 과학 2-1(2023)
한 권으로 끝내는 해커스 토익 700+ (LC+RC+VOCA)
윤혜정의 개념의 나비효과 입문편 워크북
심리학이 제갈량에게 말하다 1
하얼빈
부자 아빠 가난한 아빠 1(20주년 특별 기념판)
마흔에 읽는 니체
쎈 고등 수학1(2023)
대한민국 산업지도(2023)
예비 매3비 매일 지문 3개씩 푸는 비문학 독서 기출
해커스 토익 스타트 리딩(Reading) RC
레버리지
나도 모르는 내 마음의 심리법칙
워드마스터 수능 2000
idx : 41
cycle : 68

data:,
kyobo_best_v1
keyword :  / input page:0 / n:
start kyobo
스카이 버스
만일 내가 인생을 다시 산다면(10만 부 기념 스페셜 에디션)
트렌드 코리아 2023
해커스 토익 기출보카 TOEIC VOCA(토익보카) 단어장
아버지의 해방일지
원씽(The One Thing)(리커버 특별판)
The Scent of PAGE : 룸스프레이 60ml
윤혜정의 개념의 나비효과 입문 편
불편한 편의점(40만부 기념 벚꽃 에디션)
2023 해커스 토익 RC 리딩(Reading) 토익 기본서
2023 해커스 토익 LC 리스닝(Listening) 토익 기본서
2023 황현필의 한국사 일력
EBS 윤혜정의 개념의 나비효과
이토록 평범한 미래
역행자
어른이 되기 전에 꼭 한 번은 논어를 읽어라 1
ETS 토익 정기시험 기출문제집 1000 Vol 3 LISTENING(리스닝)
2023 큰별쌤 최태성의 별별한국사 한국사능력검정시험 심화(1,2,3급)(상)
ETS 토익 정기시험 기출문제집 1000 Vol 3 READING(리딩)
2023 해커스 토익 실전 1000제 1 RC Reading(리딩) 문제집
내가 틀릴 수도 있습니다(화이트 에디션)
2023 해커스 토익 실전 1000제 1 LC Listening(리스닝) 문제집
물고기는 존재하지 않는다
불편한 편의점 2(단풍 에디션)
토익 단기공략 750+(LC+RC)
오투 중등 과학 3-1(2023)
2023 큰별쌤 최태성의 별별한국사 한국사능력검정시험 심화(1,2,3급)(하)
오늘 밤, 세계에서 이 사랑이 사라진다 해도
오투 중등 과학 2-1(2023)
한 권으로 끝내는 해커스 토익 700+ (LC+RC+VOCA)
윤혜정의 개념의 나비효과 입문편 워크북
심리학이 제갈량에게 말하다 1
하얼빈
부자 아빠 가난한 아빠 1(20주년 특별 기념판)
마흔에 읽는 니체
쎈 고등 수학1(2023)
대한민국 산업지도(2023)
예비 매3비 매일 지문 3개씩 푸는 비문학 독서 기출
해커스 토익 스타트 리딩(Reading) RC
레버리지
나도 모르는 내 마음의 심리법칙
워드마스터 수능 2000
idx : 41
cycle : 69

data:,
kyobo_best_v1
keyword :  / input page:0 / n:
start kyobo
스카이 버스
만일 내가 인생을 다시 산다면(10만 부 기념 스페셜 에디션)
트렌드 코리아 2023
해커스 토익 기출보카 TOEIC VOCA(토익보카) 단어장
아버지의 해방일지
원씽(The One Thing)(리커버 특별판)
The Scent of PAGE : 룸스프레이 60ml
윤혜정의 개념의 나비효과 입문 편
불편한 편의점(40만부 기념 벚꽃 에디션)
2023 해커스 토익 RC 리딩(Reading) 토익 기본서
2023 해커스 토익 LC 리스닝(Listening) 토익 기본서
2023 황현필의 한국사 일력
EBS 윤혜정의 개념의 나비효과
이토록 평범한 미래
역행자
어른이 되기 전에 꼭 한 번은 논어를 읽어라 1
ETS 토익 정기시험 기출문제집 1000 Vol 3 LISTENING(리스닝)
2023 큰별쌤 최태성의 별별한국사 한국사능력검정시험 심화(1,2,3급)(상)
ETS 토익 정기시험 기출문제집 1000 Vol 3 READING(리딩)
2023 해커스 토익 실전 1000제 1 RC Reading(리딩) 문제집
내가 틀릴 수도 있습니다(화이트 에디션)
2023 해커스 토익 실전 1000제 1 LC Listening(리스닝) 문제집
물고기는 존재하지 않는다
불편한 편의점 2(단풍 에디션)
토익 단기공략 750+(LC+RC)
오투 중등 과학 3-1(2023)
2023 큰별쌤 최태성의 별별한국사 한국사능력검정시험 심화(1,2,3급)(하)
오늘 밤, 세계에서 이 사랑이 사라진다 해도
오투 중등 과학 2-1(2023)
한 권으로 끝내는 해커스 토익 700+ (LC+RC+VOCA)
윤혜정의 개념의 나비효과 입문편 워크북
심리학이 제갈량에게 말하다 1
하얼빈
부자 아빠 가난한 아빠 1(20주년 특별 기념판)
마흔에 읽는 니체
쎈 고등 수학1(2023)
대한민국 산업지도(2023)
예비 매3비 매일 지문 3개씩 푸는 비문학 독서 기출
해커스 토익 스타트 리딩(Reading) RC
레버리지
나도 모르는 내 마음의 심리법칙
워드마스터 수능 2000
idx : 41
cycle : 70

data:,
kyobo_best_v1
keyword :  / input page:0 / n:
start kyobo
스카이 버스
만일 내가 인생을 다시 산다면(10만 부 기념 스페셜 에디션)
트렌드 코리아 2023
해커스 토익 기출보카 TOEIC VOCA(토익보카) 단어장
아버지의 해방일지
원씽(The One Thing)(리커버 특별판)
The Scent of PAGE : 룸스프레이 60ml
윤혜정의 개념의 나비효과 입문 편
불편한 편의점(40만부 기념 벚꽃 에디션)
2023 해커스 토익 RC 리딩(Reading) 토익 기본서
2023 해커스 토익 LC 리스닝(Listening) 토익 기본서
2023 황현필의 한국사 일력
EBS 윤혜정의 개념의 나비효과
이토록 평범한 미래
역행자
어른이 되기 전에 꼭 한 번은 논어를 읽어라 1
ETS 토익 정기시험 기출문제집 1000 Vol 3 LISTENING(리스닝)
2023 큰별쌤 최태성의 별별한국사 한국사능력검정시험 심화(1,2,3급)(상)
ETS 토익 정기시험 기출문제집 1000 Vol 3 READING(리딩)
2023 해커스 토익 실전 1000제 1 RC Reading(리딩) 문제집
내가 틀릴 수도 있습니다(화이트 에디션)
2023 해커스 토익 실전 1000제 1 LC Listening(리스닝) 문제집
물고기는 존재하지 않는다
불편한 편의점 2(단풍 에디션)
토익 단기공략 750+(LC+RC)
오투 중등 과학 3-1(2023)
2023 큰별쌤 최태성의 별별한국사 한국사능력검정시험 심화(1,2,3급)(하)
오늘 밤, 세계에서 이 사랑이 사라진다 해도
오투 중등 과학 2-1(2023)
한 권으로 끝내는 해커스 토익 700+ (LC+RC+VOCA)
윤혜정의 개념의 나비효과 입문편 워크북
심리학이 제갈량에게 말하다 1
하얼빈
부자 아빠 가난한 아빠 1(20주년 특별 기념판)
마흔에 읽는 니체
쎈 고등 수학1(2023)
대한민국 산업지도(2023)
예비 매3비 매일 지문 3개씩 푸는 비문학 독서 기출
해커스 토익 스타트 리딩(Reading) RC
레버리지
나도 모르는 내 마음의 심리법칙
워드마스터 수능 2000
idx : 41
cycle : 71

data:,
kyobo_best_v1
keyword :  / input page:0 / n:
start kyobo
스카이 버스
만일 내가 인생을 다시 산다면(10만 부 기념 스페셜 에디션)
트렌드 코리아 2023
해커스 토익 기출보카 TOEIC VOCA(토익보카) 단어장
아버지의 해방일지
원씽(The One Thing)(리커버 특별판)
The Scent of PAGE : 룸스프레이 60ml
윤혜정의 개념의 나비효과 입문 편
불편한 편의점(40만부 기념 벚꽃 에디션)
2023 해커스 토익 RC 리딩(Reading) 토익 기본서
2023 해커스 토익 LC 리스닝(Listening) 토익 기본서
2023 황현필의 한국사 일력
EBS 윤혜정의 개념의 나비효과
이토록 평범한 미래
역행자
어른이 되기 전에 꼭 한 번은 논어를 읽어라 1
ETS 토익 정기시험 기출문제집 1000 Vol 3 LISTENING(리스닝)
2023 큰별쌤 최태성의 별별한국사 한국사능력검정시험 심화(1,2,3급)(상)
ETS 토익 정기시험 기출문제집 1000 Vol 3 READING(리딩)
2023 해커스 토익 실전 1000제 1 RC Reading(리딩) 문제집
내가 틀릴 수도 있습니다(화이트 에디션)
2023 해커스 토익 실전 1000제 1 LC Listening(리스닝) 문제집
물고기는 존재하지 않는다
불편한 편의점 2(단풍 에디션)
토익 단기공략 750+(LC+RC)
오투 중등 과학 3-1(2023)
2023 큰별쌤 최태성의 별별한국사 한국사능력검정시험 심화(1,2,3급)(하)
오늘 밤, 세계에서 이 사랑이 사라진다 해도
오투 중등 과학 2-1(2023)
한 권으로 끝내는 해커스 토익 700+ (LC+RC+VOCA)
윤혜정의 개념의 나비효과 입문편 워크북
심리학이 제갈량에게 말하다 1
하얼빈
부자 아빠 가난한 아빠 1(20주년 특별 기념판)
마흔에 읽는 니체
쎈 고등 수학1(2023)
대한민국 산업지도(2023)
예비 매3비 매일 지문 3개씩 푸는 비문학 독서 기출
해커스 토익 스타트 리딩(Reading) RC
레버리지
나도 모르는 내 마음의 심리법칙
워드마스터 수능 2000
idx : 41
cycle : 72

data:,
kyobo_best_v1
keyword :  / input page:0 / n:
start kyobo
스카이 버스
만일 내가 인생을 다시 산다면(10만 부 기념 스페셜 에디션)
트렌드 코리아 2023
해커스 토익 기출보카 TOEIC VOCA(토익보카) 단어장
아버지의 해방일지
원씽(The One Thing)(리커버 특별판)
The Scent of PAGE : 룸스프레이 60ml
윤혜정의 개념의 나비효과 입문 편
불편한 편의점(40만부 기념 벚꽃 에디션)
2023 해커스 토익 RC 리딩(Reading) 토익 기본서
2023 해커스 토익 LC 리스닝(Listening) 토익 기본서
2023 황현필의 한국사 일력
EBS 윤혜정의 개념의 나비효과
이토록 평범한 미래
역행자
어른이 되기 전에 꼭 한 번은 논어를 읽어라 1
ETS 토익 정기시험 기출문제집 1000 Vol 3 LISTENING(리스닝)
2023 큰별쌤 최태성의 별별한국사 한국사능력검정시험 심화(1,2,3급)(상)
ETS 토익 정기시험 기출문제집 1000 Vol 3 READING(리딩)
2023 해커스 토익 실전 1000제 1 RC Reading(리딩) 문제집
내가 틀릴 수도 있습니다(화이트 에디션)
2023 해커스 토익 실전 1000제 1 LC Listening(리스닝) 문제집
물고기는 존재하지 않는다
불편한 편의점 2(단풍 에디션)
토익 단기공략 750+(LC+RC)
오투 중등 과학 3-1(2023)
2023 큰별쌤 최태성의 별별한국사 한국사능력검정시험 심화(1,2,3급)(하)
오늘 밤, 세계에서 이 사랑이 사라진다 해도
오투 중등 과학 2-1(2023)
한 권으로 끝내는 해커스 토익 700+ (LC+RC+VOCA)
윤혜정의 개념의 나비효과 입문편 워크북
심리학이 제갈량에게 말하다 1
하얼빈
부자 아빠 가난한 아빠 1(20주년 특별 기념판)
마흔에 읽는 니체
쎈 고등 수학1(2023)
대한민국 산업지도(2023)
예비 매3비 매일 지문 3개씩 푸는 비문학 독서 기출
해커스 토익 스타트 리딩(Reading) RC
레버리지
나도 모르는 내 마음의 심리법칙
워드마스터 수능 2000
idx : 41
cycle : 73

data:,
kyobo_best_v1
keyword :  / input page:0 / n:
start kyobo
스카이 버스
만일 내가 인생을 다시 산다면(10만 부 기념 스페셜 에디션)
트렌드 코리아 2023
해커스 토익 기출보카 TOEIC VOCA(토익보카) 단어장
아버지의 해방일지
원씽(The One Thing)(리커버 특별판)
The Scent of PAGE : 룸스프레이 60ml
윤혜정의 개념의 나비효과 입문 편
불편한 편의점(40만부 기념 벚꽃 에디션)
2023 해커스 토익 RC 리딩(Reading) 토익 기본서
2023 해커스 토익 LC 리스닝(Listening) 토익 기본서
2023 황현필의 한국사 일력
EBS 윤혜정의 개념의 나비효과
이토록 평범한 미래
역행자
어른이 되기 전에 꼭 한 번은 논어를 읽어라 1
ETS 토익 정기시험 기출문제집 1000 Vol 3 LISTENING(리스닝)
2023 큰별쌤 최태성의 별별한국사 한국사능력검정시험 심화(1,2,3급)(상)
ETS 토익 정기시험 기출문제집 1000 Vol 3 READING(리딩)
2023 해커스 토익 실전 1000제 1 RC Reading(리딩) 문제집
내가 틀릴 수도 있습니다(화이트 에디션)
2023 해커스 토익 실전 1000제 1 LC Listening(리스닝) 문제집
물고기는 존재하지 않는다
불편한 편의점 2(단풍 에디션)
토익 단기공략 750+(LC+RC)
오투 중등 과학 3-1(2023)
2023 큰별쌤 최태성의 별별한국사 한국사능력검정시험 심화(1,2,3급)(하)
오늘 밤, 세계에서 이 사랑이 사라진다 해도
오투 중등 과학 2-1(2023)
한 권으로 끝내는 해커스 토익 700+ (LC+RC+VOCA)
윤혜정의 개념의 나비효과 입문편 워크북
심리학이 제갈량에게 말하다 1
하얼빈
부자 아빠 가난한 아빠 1(20주년 특별 기념판)
마흔에 읽는 니체
쎈 고등 수학1(2023)
대한민국 산업지도(2023)
예비 매3비 매일 지문 3개씩 푸는 비문학 독서 기출
해커스 토익 스타트 리딩(Reading) RC
레버리지
나도 모르는 내 마음의 심리법칙
워드마스터 수능 2000
idx : 41
cycle : 74

data:,
kyobo_best_v1
keyword :  / input page:0 / n:
start kyobo
스카이 버스
만일 내가 인생을 다시 산다면(10만 부 기념 스페셜 에디션)
트렌드 코리아 2023
해커스 토익 기출보카 TOEIC VOCA(토익보카) 단어장
아버지의 해방일지
원씽(The One Thing)(리커버 특별판)
The Scent of PAGE : 룸스프레이 60ml
윤혜정의 개념의 나비효과 입문 편
불편한 편의점(40만부 기념 벚꽃 에디션)
2023 해커스 토익 RC 리딩(Reading) 토익 기본서
2023 해커스 토익 LC 리스닝(Listening) 토익 기본서
2023 황현필의 한국사 일력
EBS 윤혜정의 개념의 나비효과
이토록 평범한 미래
역행자
어른이 되기 전에 꼭 한 번은 논어를 읽어라 1
ETS 토익 정기시험 기출문제집 1000 Vol 3 LISTENING(리스닝)
2023 큰별쌤 최태성의 별별한국사 한국사능력검정시험 심화(1,2,3급)(상)
ETS 토익 정기시험 기출문제집 1000 Vol 3 READING(리딩)
2023 해커스 토익 실전 1000제 1 RC Reading(리딩) 문제집
내가 틀릴 수도 있습니다(화이트 에디션)
2023 해커스 토익 실전 1000제 1 LC Listening(리스닝) 문제집
물고기는 존재하지 않는다
불편한 편의점 2(단풍 에디션)
토익 단기공략 750+(LC+RC)
오투 중등 과학 3-1(2023)
2023 큰별쌤 최태성의 별별한국사 한국사능력검정시험 심화(1,2,3급)(하)
오늘 밤, 세계에서 이 사랑이 사라진다 해도
오투 중등 과학 2-1(2023)
한 권으로 끝내는 해커스 토익 700+ (LC+RC+VOCA)
윤혜정의 개념의 나비효과 입문편 워크북
심리학이 제갈량에게 말하다 1
하얼빈
부자 아빠 가난한 아빠 1(20주년 특별 기념판)
마흔에 읽는 니체
쎈 고등 수학1(2023)
대한민국 산업지도(2023)
예비 매3비 매일 지문 3개씩 푸는 비문학 독서 기출
해커스 토익 스타트 리딩(Reading) RC
레버리지
나도 모르는 내 마음의 심리법칙
워드마스터 수능 2000
idx : 41
cycle : 75

data:,
kyobo_best_v1
keyword :  / input page:0 / n:
start kyobo
스카이 버스
만일 내가 인생을 다시 산다면(10만 부 기념 스페셜 에디션)
트렌드 코리아 2023
해커스 토익 기출보카 TOEIC VOCA(토익보카) 단어장
아버지의 해방일지
원씽(The One Thing)(리커버 특별판)
The Scent of PAGE : 룸스프레이 60ml
윤혜정의 개념의 나비효과 입문 편
불편한 편의점(40만부 기념 벚꽃 에디션)
2023 해커스 토익 RC 리딩(Reading) 토익 기본서
2023 해커스 토익 LC 리스닝(Listening) 토익 기본서
2023 황현필의 한국사 일력
EBS 윤혜정의 개념의 나비효과
이토록 평범한 미래
역행자
어른이 되기 전에 꼭 한 번은 논어를 읽어라 1
ETS 토익 정기시험 기출문제집 1000 Vol 3 LISTENING(리스닝)
2023 큰별쌤 최태성의 별별한국사 한국사능력검정시험 심화(1,2,3급)(상)
ETS 토익 정기시험 기출문제집 1000 Vol 3 READING(리딩)
2023 해커스 토익 실전 1000제 1 RC Reading(리딩) 문제집
내가 틀릴 수도 있습니다(화이트 에디션)
2023 해커스 토익 실전 1000제 1 LC Listening(리스닝) 문제집
물고기는 존재하지 않는다
불편한 편의점 2(단풍 에디션)
토익 단기공략 750+(LC+RC)
오투 중등 과학 3-1(2023)
2023 큰별쌤 최태성의 별별한국사 한국사능력검정시험 심화(1,2,3급)(하)
오늘 밤, 세계에서 이 사랑이 사라진다 해도
오투 중등 과학 2-1(2023)
한 권으로 끝내는 해커스 토익 700+ (LC+RC+VOCA)
윤혜정의 개념의 나비효과 입문편 워크북
심리학이 제갈량에게 말하다 1
하얼빈
부자 아빠 가난한 아빠 1(20주년 특별 기념판)
마흔에 읽는 니체
쎈 고등 수학1(2023)
대한민국 산업지도(2023)
예비 매3비 매일 지문 3개씩 푸는 비문학 독서 기출
해커스 토익 스타트 리딩(Reading) RC
레버리지
나도 모르는 내 마음의 심리법칙
워드마스터 수능 2000
idx : 41
cycle : 76

data:,
kyobo_best_v1
keyword :  / input page:0 / n:
start kyobo
스카이 버스
만일 내가 인생을 다시 산다면(10만 부 기념 스페셜 에디션)
트렌드 코리아 2023
해커스 토익 기출보카 TOEIC VOCA(토익보카) 단어장
아버지의 해방일지
원씽(The One Thing)(리커버 특별판)
The Scent of PAGE : 룸스프레이 60ml
윤혜정의 개념의 나비효과 입문 편
불편한 편의점(40만부 기념 벚꽃 에디션)
2023 해커스 토익 RC 리딩(Reading) 토익 기본서
2023 해커스 토익 LC 리스닝(Listening) 토익 기본서
2023 황현필의 한국사 일력
EBS 윤혜정의 개념의 나비효과
이토록 평범한 미래
역행자
어른이 되기 전에 꼭 한 번은 논어를 읽어라 1
ETS 토익 정기시험 기출문제집 1000 Vol 3 LISTENING(리스닝)
2023 큰별쌤 최태성의 별별한국사 한국사능력검정시험 심화(1,2,3급)(상)
ETS 토익 정기시험 기출문제집 1000 Vol 3 READING(리딩)
2023 해커스 토익 실전 1000제 1 RC Reading(리딩) 문제집
내가 틀릴 수도 있습니다(화이트 에디션)
2023 해커스 토익 실전 1000제 1 LC Listening(리스닝) 문제집
물고기는 존재하지 않는다
불편한 편의점 2(단풍 에디션)
토익 단기공략 750+(LC+RC)
오투 중등 과학 3-1(2023)
2023 큰별쌤 최태성의 별별한국사 한국사능력검정시험 심화(1,2,3급)(하)
오늘 밤, 세계에서 이 사랑이 사라진다 해도
오투 중등 과학 2-1(2023)
한 권으로 끝내는 해커스 토익 700+ (LC+RC+VOCA)
윤혜정의 개념의 나비효과 입문편 워크북
심리학이 제갈량에게 말하다 1
하얼빈
부자 아빠 가난한 아빠 1(20주년 특별 기념판)
마흔에 읽는 니체
쎈 고등 수학1(2023)
대한민국 산업지도(2023)
예비 매3비 매일 지문 3개씩 푸는 비문학 독서 기출
해커스 토익 스타트 리딩(Reading) RC
레버리지
나도 모르는 내 마음의 심리법칙
워드마스터 수능 2000
idx : 41
cycle : 77

data:,
kyobo_best_v1
keyword :  / input page:0 / n:
start kyobo
스카이 버스
만일 내가 인생을 다시 산다면(10만 부 기념 스페셜 에디션)
트렌드 코리아 2023
해커스 토익 기출보카 TOEIC VOCA(토익보카) 단어장
아버지의 해방일지
원씽(The One Thing)(리커버 특별판)
The Scent of PAGE : 룸스프레이 60ml
윤혜정의 개념의 나비효과 입문 편
불편한 편의점(40만부 기념 벚꽃 에디션)
2023 해커스 토익 RC 리딩(Reading) 토익 기본서
2023 해커스 토익 LC 리스닝(Listening) 토익 기본서
2023 황현필의 한국사 일력
EBS 윤혜정의 개념의 나비효과
이토록 평범한 미래
역행자
어른이 되기 전에 꼭 한 번은 논어를 읽어라 1
ETS 토익 정기시험 기출문제집 1000 Vol 3 LISTENING(리스닝)
2023 큰별쌤 최태성의 별별한국사 한국사능력검정시험 심화(1,2,3급)(상)
ETS 토익 정기시험 기출문제집 1000 Vol 3 READING(리딩)
2023 해커스 토익 실전 1000제 1 RC Reading(리딩) 문제집
내가 틀릴 수도 있습니다(화이트 에디션)
2023 해커스 토익 실전 1000제 1 LC Listening(리스닝) 문제집
물고기는 존재하지 않는다
불편한 편의점 2(단풍 에디션)
토익 단기공략 750+(LC+RC)
오투 중등 과학 3-1(2023)
2023 큰별쌤 최태성의 별별한국사 한국사능력검정시험 심화(1,2,3급)(하)
오늘 밤, 세계에서 이 사랑이 사라진다 해도
오투 중등 과학 2-1(2023)
한 권으로 끝내는 해커스 토익 700+ (LC+RC+VOCA)
윤혜정의 개념의 나비효과 입문편 워크북
심리학이 제갈량에게 말하다 1
하얼빈
부자 아빠 가난한 아빠 1(20주년 특별 기념판)
마흔에 읽는 니체
쎈 고등 수학1(2023)
대한민국 산업지도(2023)
예비 매3비 매일 지문 3개씩 푸는 비문학 독서 기출
해커스 토익 스타트 리딩(Reading) RC
레버리지
나도 모르는 내 마음의 심리법칙
워드마스터 수능 2000
idx : 41
cycle : 78

data:,
kyobo_best_v1
keyword :  / input page:0 / n:
start kyobo
스카이 버스
만일 내가 인생을 다시 산다면(10만 부 기념 스페셜 에디션)
트렌드 코리아 2023
해커스 토익 기출보카 TOEIC VOCA(토익보카) 단어장
아버지의 해방일지
원씽(The One Thing)(리커버 특별판)
The Scent of PAGE : 룸스프레이 60ml
윤혜정의 개념의 나비효과 입문 편
불편한 편의점(40만부 기념 벚꽃 에디션)
2023 해커스 토익 RC 리딩(Reading) 토익 기본서
2023 해커스 토익 LC 리스닝(Listening) 토익 기본서
2023 황현필의 한국사 일력
EBS 윤혜정의 개념의 나비효과
이토록 평범한 미래
역행자
어른이 되기 전에 꼭 한 번은 논어를 읽어라 1
ETS 토익 정기시험 기출문제집 1000 Vol 3 LISTENING(리스닝)
2023 큰별쌤 최태성의 별별한국사 한국사능력검정시험 심화(1,2,3급)(상)
ETS 토익 정기시험 기출문제집 1000 Vol 3 READING(리딩)
2023 해커스 토익 실전 1000제 1 RC Reading(리딩) 문제집
내가 틀릴 수도 있습니다(화이트 에디션)
2023 해커스 토익 실전 1000제 1 LC Listening(리스닝) 문제집
물고기는 존재하지 않는다
불편한 편의점 2(단풍 에디션)
토익 단기공략 750+(LC+RC)
오투 중등 과학 3-1(2023)
2023 큰별쌤 최태성의 별별한국사 한국사능력검정시험 심화(1,2,3급)(하)
오늘 밤, 세계에서 이 사랑이 사라진다 해도
오투 중등 과학 2-1(2023)
한 권으로 끝내는 해커스 토익 700+ (LC+RC+VOCA)
윤혜정의 개념의 나비효과 입문편 워크북
심리학이 제갈량에게 말하다 1
하얼빈
부자 아빠 가난한 아빠 1(20주년 특별 기념판)
마흔에 읽는 니체
쎈 고등 수학1(2023)
대한민국 산업지도(2023)
예비 매3비 매일 지문 3개씩 푸는 비문학 독서 기출
해커스 토익 스타트 리딩(Reading) RC
레버리지
나도 모르는 내 마음의 심리법칙
워드마스터 수능 2000
idx : 41
cycle : 79

data:,
kyobo_best_v1
keyword :  / input page:0 / n:
start kyobo
스카이 버스
만일 내가 인생을 다시 산다면(10만 부 기념 스페셜 에디션)
트렌드 코리아 2023
해커스 토익 기출보카 TOEIC VOCA(토익보카) 단어장
아버지의 해방일지
원씽(The One Thing)(리커버 특별판)
The Scent of PAGE : 룸스프레이 60ml
윤혜정의 개념의 나비효과 입문 편
불편한 편의점(40만부 기념 벚꽃 에디션)
2023 해커스 토익 RC 리딩(Reading) 토익 기본서
2023 해커스 토익 LC 리스닝(Listening) 토익 기본서
2023 황현필의 한국사 일력
EBS 윤혜정의 개념의 나비효과
이토록 평범한 미래
역행자
어른이 되기 전에 꼭 한 번은 논어를 읽어라 1
ETS 토익 정기시험 기출문제집 1000 Vol 3 LISTENING(리스닝)
2023 큰별쌤 최태성의 별별한국사 한국사능력검정시험 심화(1,2,3급)(상)
ETS 토익 정기시험 기출문제집 1000 Vol 3 READING(리딩)
2023 해커스 토익 실전 1000제 1 RC Reading(리딩) 문제집
내가 틀릴 수도 있습니다(화이트 에디션)
2023 해커스 토익 실전 1000제 1 LC Listening(리스닝) 문제집
물고기는 존재하지 않는다
불편한 편의점 2(단풍 에디션)
토익 단기공략 750+(LC+RC)
오투 중등 과학 3-1(2023)
2023 큰별쌤 최태성의 별별한국사 한국사능력검정시험 심화(1,2,3급)(하)
오늘 밤, 세계에서 이 사랑이 사라진다 해도
오투 중등 과학 2-1(2023)
한 권으로 끝내는 해커스 토익 700+ (LC+RC+VOCA)
윤혜정의 개념의 나비효과 입문편 워크북
심리학이 제갈량에게 말하다 1
하얼빈
부자 아빠 가난한 아빠 1(20주년 특별 기념판)
마흔에 읽는 니체
쎈 고등 수학1(2023)
대한민국 산업지도(2023)
예비 매3비 매일 지문 3개씩 푸는 비문학 독서 기출
해커스 토익 스타트 리딩(Reading) RC
레버리지
나도 모르는 내 마음의 심리법칙
워드마스터 수능 2000
idx : 41
cycle : 80

data:,
kyobo_best_v1
keyword :  / input page:0 / n:
start kyobo
스카이 버스
만일 내가 인생을 다시 산다면(10만 부 기념 스페셜 에디션)
트렌드 코리아 2023
해커스 토익 기출보카 TOEIC VOCA(토익보카) 단어장
아버지의 해방일지
원씽(The One Thing)(리커버 특별판)
The Scent of PAGE : 룸스프레이 60ml
윤혜정의 개념의 나비효과 입문 편
불편한 편의점(40만부 기념 벚꽃 에디션)
2023 해커스 토익 RC 리딩(Reading) 토익 기본서
2023 해커스 토익 LC 리스닝(Listening) 토익 기본서
2023 황현필의 한국사 일력
EBS 윤혜정의 개념의 나비효과
이토록 평범한 미래
역행자
어른이 되기 전에 꼭 한 번은 논어를 읽어라 1
ETS 토익 정기시험 기출문제집 1000 Vol 3 LISTENING(리스닝)
2023 큰별쌤 최태성의 별별한국사 한국사능력검정시험 심화(1,2,3급)(상)
ETS 토익 정기시험 기출문제집 1000 Vol 3 READING(리딩)
2023 해커스 토익 실전 1000제 1 RC Reading(리딩) 문제집
내가 틀릴 수도 있습니다(화이트 에디션)
2023 해커스 토익 실전 1000제 1 LC Listening(리스닝) 문제집
물고기는 존재하지 않는다
불편한 편의점 2(단풍 에디션)
토익 단기공략 750+(LC+RC)
오투 중등 과학 3-1(2023)
2023 큰별쌤 최태성의 별별한국사 한국사능력검정시험 심화(1,2,3급)(하)
오늘 밤, 세계에서 이 사랑이 사라진다 해도
오투 중등 과학 2-1(2023)
한 권으로 끝내는 해커스 토익 700+ (LC+RC+VOCA)
윤혜정의 개념의 나비효과 입문편 워크북
심리학이 제갈량에게 말하다 1
하얼빈
부자 아빠 가난한 아빠 1(20주년 특별 기념판)
마흔에 읽는 니체
쎈 고등 수학1(2023)
대한민국 산업지도(2023)
예비 매3비 매일 지문 3개씩 푸는 비문학 독서 기출
해커스 토익 스타트 리딩(Reading) RC
레버리지
나도 모르는 내 마음의 심리법칙
워드마스터 수능 2000
idx : 41
cycle : 81

data:,
kyobo_best_v1
keyword :  / input page:0 / n:
start kyobo
스카이 버스
만일 내가 인생을 다시 산다면(10만 부 기념 스페셜 에디션)
트렌드 코리아 2023
해커스 토익 기출보카 TOEIC VOCA(토익보카) 단어장
아버지의 해방일지
원씽(The One Thing)(리커버 특별판)
The Scent of PAGE : 룸스프레이 60ml
윤혜정의 개념의 나비효과 입문 편
불편한 편의점(40만부 기념 벚꽃 에디션)
2023 해커스 토익 RC 리딩(Reading) 토익 기본서
2023 해커스 토익 LC 리스닝(Listening) 토익 기본서
2023 황현필의 한국사 일력
EBS 윤혜정의 개념의 나비효과
이토록 평범한 미래
역행자
어른이 되기 전에 꼭 한 번은 논어를 읽어라 1
ETS 토익 정기시험 기출문제집 1000 Vol 3 LISTENING(리스닝)
2023 큰별쌤 최태성의 별별한국사 한국사능력검정시험 심화(1,2,3급)(상)
ETS 토익 정기시험 기출문제집 1000 Vol 3 READING(리딩)
2023 해커스 토익 실전 1000제 1 RC Reading(리딩) 문제집
내가 틀릴 수도 있습니다(화이트 에디션)
2023 해커스 토익 실전 1000제 1 LC Listening(리스닝) 문제집
물고기는 존재하지 않는다
불편한 편의점 2(단풍 에디션)
토익 단기공략 750+(LC+RC)
오투 중등 과학 3-1(2023)
2023 큰별쌤 최태성의 별별한국사 한국사능력검정시험 심화(1,2,3급)(하)
오늘 밤, 세계에서 이 사랑이 사라진다 해도
오투 중등 과학 2-1(2023)
한 권으로 끝내는 해커스 토익 700+ (LC+RC+VOCA)
윤혜정의 개념의 나비효과 입문편 워크북
심리학이 제갈량에게 말하다 1
하얼빈
부자 아빠 가난한 아빠 1(20주년 특별 기념판)
마흔에 읽는 니체
쎈 고등 수학1(2023)
대한민국 산업지도(2023)
예비 매3비 매일 지문 3개씩 푸는 비문학 독서 기출
해커스 토익 스타트 리딩(Reading) RC
레버리지
나도 모르는 내 마음의 심리법칙
워드마스터 수능 2000
idx : 41
cycle : 82

data:,
kyobo_best_v1
keyword :  / input page:0 / n:
start kyobo
스카이 버스
만일 내가 인생을 다시 산다면(10만 부 기념 스페셜 에디션)
트렌드 코리아 2023
해커스 토익 기출보카 TOEIC VOCA(토익보카) 단어장
아버지의 해방일지
원씽(The One Thing)(리커버 특별판)
The Scent of PAGE : 룸스프레이 60ml
윤혜정의 개념의 나비효과 입문 편
불편한 편의점(40만부 기념 벚꽃 에디션)
2023 해커스 토익 RC 리딩(Reading) 토익 기본서
2023 해커스 토익 LC 리스닝(Listening) 토익 기본서
2023 황현필의 한국사 일력
EBS 윤혜정의 개념의 나비효과
이토록 평범한 미래
역행자
어른이 되기 전에 꼭 한 번은 논어를 읽어라 1
ETS 토익 정기시험 기출문제집 1000 Vol 3 LISTENING(리스닝)
2023 큰별쌤 최태성의 별별한국사 한국사능력검정시험 심화(1,2,3급)(상)
ETS 토익 정기시험 기출문제집 1000 Vol 3 READING(리딩)
2023 해커스 토익 실전 1000제 1 RC Reading(리딩) 문제집
내가 틀릴 수도 있습니다(화이트 에디션)
2023 해커스 토익 실전 1000제 1 LC Listening(리스닝) 문제집
물고기는 존재하지 않는다
불편한 편의점 2(단풍 에디션)
토익 단기공략 750+(LC+RC)
오투 중등 과학 3-1(2023)
2023 큰별쌤 최태성의 별별한국사 한국사능력검정시험 심화(1,2,3급)(하)
오늘 밤, 세계에서 이 사랑이 사라진다 해도
오투 중등 과학 2-1(2023)
한 권으로 끝내는 해커스 토익 700+ (LC+RC+VOCA)
윤혜정의 개념의 나비효과 입문편 워크북
심리학이 제갈량에게 말하다 1
하얼빈
부자 아빠 가난한 아빠 1(20주년 특별 기념판)
마흔에 읽는 니체
쎈 고등 수학1(2023)
대한민국 산업지도(2023)
예비 매3비 매일 지문 3개씩 푸는 비문학 독서 기출
해커스 토익 스타트 리딩(Reading) RC
레버리지
나도 모르는 내 마음의 심리법칙
워드마스터 수능 2000
idx : 41
cycle : 83

data:,
kyobo_best_v1
keyword :  / input page:0 / n:
start kyobo
스카이 버스
만일 내가 인생을 다시 산다면(10만 부 기념 스페셜 에디션)
트렌드 코리아 2023
해커스 토익 기출보카 TOEIC VOCA(토익보카) 단어장
아버지의 해방일지
원씽(The One Thing)(리커버 특별판)
The Scent of PAGE : 룸스프레이 60ml
윤혜정의 개념의 나비효과 입문 편
불편한 편의점(40만부 기념 벚꽃 에디션)
2023 해커스 토익 RC 리딩(Reading) 토익 기본서
2023 해커스 토익 LC 리스닝(Listening) 토익 기본서
2023 황현필의 한국사 일력
EBS 윤혜정의 개념의 나비효과
이토록 평범한 미래
역행자
어른이 되기 전에 꼭 한 번은 논어를 읽어라 1
ETS 토익 정기시험 기출문제집 1000 Vol 3 LISTENING(리스닝)
2023 큰별쌤 최태성의 별별한국사 한국사능력검정시험 심화(1,2,3급)(상)
ETS 토익 정기시험 기출문제집 1000 Vol 3 READING(리딩)
2023 해커스 토익 실전 1000제 1 RC Reading(리딩) 문제집
스카이 버스
만일 내가 인생을 다시 산다면(10만 부 기념 스페셜 에디션)
트렌드 코리아 2023
해커스 토익 기출보카 TOEIC VOCA(토익보카) 단어장
아버지의 해방일지
원씽(The One Thing)(리커버 특별판)
The Scent of PAGE : 룸스프레이 60ml
윤혜정의 개념의 나비효과 입문 편
불편한 편의점(40만부 기념 벚꽃 에디션)
2023 해커스 토익 RC 리딩(Reading) 토익 기본서
2023 해커스 토익 LC 리스닝(Listening) 토익 기본서
2023 황현필의 한국사 일력
cycle : 84

data:,
kyobo_best_v1
keyword :  / input page:0 / n:
start kyobo
스카이 버스
만일 내가 인생을 다시 산다면(10만 부 기념 스페셜 에디션)
트렌드 코리아 2023
해커스 토익 기출보카 TOEIC VOCA(토익보카) 단어장
아버지의 해방일지
원씽(The One Thing)(리커버 특별판)
The Scent of PAGE : 룸스프레이 60ml
윤혜정의 개념의 나비효과 입문 편
불편한 편의점(40만부 기념 벚꽃 에디션)
2023 해커스 토익 RC 리딩(Reading) 토익 기본서
2023 해커스 토익 LC 리스닝(Listening) 토익 기본서
2023 황현필의 한국사 일력
EBS 윤혜정의 개념의 나비효과
이토록 평범한 미래
역행자
어른이 되기 전에 꼭 한 번은 논어를 읽어라 1
ETS 토익 정기시험 기출문제집 1000 Vol 3 LISTENING(리스닝)
2023 큰별쌤 최태성의 별별한국사 한국사능력검정시험 심화(1,2,3급)(상)
ETS 토익 정기시험 기출문제집 1000 Vol 3 READING(리딩)
2023 해커스 토익 실전 1000제 1 RC Reading(리딩) 문제집
내가 틀릴 수도 있습니다(화이트 에디션)
2023 해커스 토익 실전 1000제 1 LC Listening(리스닝) 문제집
물고기는 존재하지 않는다
불편한 편의점 2(단풍 에디션)
토익 단기공략 750+(LC+RC)
오투 중등 과학 3-1(2023)
2023 큰별쌤 최태성의 별별한국사 한국사능력검정시험 심화(1,2,3급)(하)
오늘 밤, 세계에서 이 사랑이 사라진다 해도
오투 중등 과학 2-1(2023)
한 권으로 끝내는 해커스 토익 700+ (LC+RC+VOCA)
윤혜정의 개념의 나비효과 입문편 워크북
심리학이 제갈량에게 말하다 1
하얼빈
부자 아빠 가난한 아빠 1(20주년 특별 기념판)
마흔에 읽는 니체
쎈 고등 수학1(2023)
대한민국 산업지도(2023)
예비 매3비 매일 지문 3개씩 푸는 비문학 독서 기출
해커스 토익 스타트 리딩(Reading) RC
레버리지
나도 모르는 내 마음의 심리법칙
워드마스터 수능 2000
idx : 41
cycle : 85

data:,
kyobo_best_v1
keyword :  / input page:0 / n:
start kyobo
스카이 버스
만일 내가 인생을 다시 산다면(10만 부 기념 스페셜 에디션)
트렌드 코리아 2023
해커스 토익 기출보카 TOEIC VOCA(토익보카) 단어장
아버지의 해방일지
원씽(The One Thing)(리커버 특별판)
The Scent of PAGE : 룸스프레이 60ml
윤혜정의 개념의 나비효과 입문 편
불편한 편의점(40만부 기념 벚꽃 에디션)
2023 해커스 토익 RC 리딩(Reading) 토익 기본서
2023 해커스 토익 LC 리스닝(Listening) 토익 기본서
2023 황현필의 한국사 일력
EBS 윤혜정의 개념의 나비효과
이토록 평범한 미래
역행자
어른이 되기 전에 꼭 한 번은 논어를 읽어라 1
ETS 토익 정기시험 기출문제집 1000 Vol 3 LISTENING(리스닝)
2023 큰별쌤 최태성의 별별한국사 한국사능력검정시험 심화(1,2,3급)(상)
ETS 토익 정기시험 기출문제집 1000 Vol 3 READING(리딩)
2023 해커스 토익 실전 1000제 1 RC Reading(리딩) 문제집
내가 틀릴 수도 있습니다(화이트 에디션)
2023 해커스 토익 실전 1000제 1 LC Listening(리스닝) 문제집
물고기는 존재하지 않는다
불편한 편의점 2(단풍 에디션)
토익 단기공략 750+(LC+RC)
오투 중등 과학 3-1(2023)
2023 큰별쌤 최태성의 별별한국사 한국사능력검정시험 심화(1,2,3급)(하)
오늘 밤, 세계에서 이 사랑이 사라진다 해도
오투 중등 과학 2-1(2023)
한 권으로 끝내는 해커스 토익 700+ (LC+RC+VOCA)
윤혜정의 개념의 나비효과 입문편 워크북
심리학이 제갈량에게 말하다 1
하얼빈
부자 아빠 가난한 아빠 1(20주년 특별 기념판)
마흔에 읽는 니체
쎈 고등 수학1(2023)
대한민국 산업지도(2023)
예비 매3비 매일 지문 3개씩 푸는 비문학 독서 기출
해커스 토익 스타트 리딩(Reading) RC
레버리지
나도 모르는 내 마음의 심리법칙
워드마스터 수능 2000
idx : 41
cycle : 86

data:,
kyobo_best_v1
keyword :  / input page:0 / n:
start kyobo
스카이 버스
만일 내가 인생을 다시 산다면(10만 부 기념 스페셜 에디션)
트렌드 코리아 2023
해커스 토익 기출보카 TOEIC VOCA(토익보카) 단어장
아버지의 해방일지
원씽(The One Thing)(리커버 특별판)
The Scent of PAGE : 룸스프레이 60ml
윤혜정의 개념의 나비효과 입문 편
불편한 편의점(40만부 기념 벚꽃 에디션)
2023 해커스 토익 RC 리딩(Reading) 토익 기본서
2023 해커스 토익 LC 리스닝(Listening) 토익 기본서
2023 황현필의 한국사 일력
EBS 윤혜정의 개념의 나비효과
이토록 평범한 미래
역행자
어른이 되기 전에 꼭 한 번은 논어를 읽어라 1
ETS 토익 정기시험 기출문제집 1000 Vol 3 LISTENING(리스닝)
2023 큰별쌤 최태성의 별별한국사 한국사능력검정시험 심화(1,2,3급)(상)
ETS 토익 정기시험 기출문제집 1000 Vol 3 READING(리딩)
2023 해커스 토익 실전 1000제 1 RC Reading(리딩) 문제집
내가 틀릴 수도 있습니다(화이트 에디션)
2023 해커스 토익 실전 1000제 1 LC Listening(리스닝) 문제집
물고기는 존재하지 않는다
불편한 편의점 2(단풍 에디션)
토익 단기공략 750+(LC+RC)
오투 중등 과학 3-1(2023)
2023 큰별쌤 최태성의 별별한국사 한국사능력검정시험 심화(1,2,3급)(하)
오늘 밤, 세계에서 이 사랑이 사라진다 해도
오투 중등 과학 2-1(2023)
한 권으로 끝내는 해커스 토익 700+ (LC+RC+VOCA)
윤혜정의 개념의 나비효과 입문편 워크북
심리학이 제갈량에게 말하다 1
하얼빈
부자 아빠 가난한 아빠 1(20주년 특별 기념판)
마흔에 읽는 니체
쎈 고등 수학1(2023)
대한민국 산업지도(2023)
예비 매3비 매일 지문 3개씩 푸는 비문학 독서 기출
해커스 토익 스타트 리딩(Reading) RC
레버리지
나도 모르는 내 마음의 심리법칙
워드마스터 수능 2000
idx : 41
cycle : 87

data:,
kyobo_best_v1
keyword :  / input page:0 / n:
start kyobo
스카이 버스
만일 내가 인생을 다시 산다면(10만 부 기념 스페셜 에디션)
트렌드 코리아 2023
해커스 토익 기출보카 TOEIC VOCA(토익보카) 단어장
아버지의 해방일지
원씽(The One Thing)(리커버 특별판)
The Scent of PAGE : 룸스프레이 60ml
윤혜정의 개념의 나비효과 입문 편
불편한 편의점(40만부 기념 벚꽃 에디션)
2023 해커스 토익 RC 리딩(Reading) 토익 기본서
2023 해커스 토익 LC 리스닝(Listening) 토익 기본서
2023 황현필의 한국사 일력
EBS 윤혜정의 개념의 나비효과
이토록 평범한 미래
역행자
어른이 되기 전에 꼭 한 번은 논어를 읽어라 1
ETS 토익 정기시험 기출문제집 1000 Vol 3 LISTENING(리스닝)
2023 큰별쌤 최태성의 별별한국사 한국사능력검정시험 심화(1,2,3급)(상)
ETS 토익 정기시험 기출문제집 1000 Vol 3 READING(리딩)
2023 해커스 토익 실전 1000제 1 RC Reading(리딩) 문제집
내가 틀릴 수도 있습니다(화이트 에디션)
2023 해커스 토익 실전 1000제 1 LC Listening(리스닝) 문제집
물고기는 존재하지 않는다
불편한 편의점 2(단풍 에디션)
토익 단기공략 750+(LC+RC)
오투 중등 과학 3-1(2023)
2023 큰별쌤 최태성의 별별한국사 한국사능력검정시험 심화(1,2,3급)(하)
오늘 밤, 세계에서 이 사랑이 사라진다 해도
오투 중등 과학 2-1(2023)
한 권으로 끝내는 해커스 토익 700+ (LC+RC+VOCA)
윤혜정의 개념의 나비효과 입문편 워크북
심리학이 제갈량에게 말하다 1
하얼빈
부자 아빠 가난한 아빠 1(20주년 특별 기념판)
마흔에 읽는 니체
쎈 고등 수학1(2023)
대한민국 산업지도(2023)
예비 매3비 매일 지문 3개씩 푸는 비문학 독서 기출
해커스 토익 스타트 리딩(Reading) RC
레버리지
나도 모르는 내 마음의 심리법칙
워드마스터 수능 2000
idx : 41
cycle : 88

data:,
kyobo_best_v1
keyword :  / input page:0 / n:
start kyobo
스카이 버스
만일 내가 인생을 다시 산다면(10만 부 기념 스페셜 에디션)
트렌드 코리아 2023
해커스 토익 기출보카 TOEIC VOCA(토익보카) 단어장
아버지의 해방일지
원씽(The One Thing)(리커버 특별판)
The Scent of PAGE : 룸스프레이 60ml
윤혜정의 개념의 나비효과 입문 편
불편한 편의점(40만부 기념 벚꽃 에디션)
2023 해커스 토익 RC 리딩(Reading) 토익 기본서
2023 해커스 토익 LC 리스닝(Listening) 토익 기본서
2023 황현필의 한국사 일력
EBS 윤혜정의 개념의 나비효과
이토록 평범한 미래
역행자
어른이 되기 전에 꼭 한 번은 논어를 읽어라 1
ETS 토익 정기시험 기출문제집 1000 Vol 3 LISTENING(리스닝)
2023 큰별쌤 최태성의 별별한국사 한국사능력검정시험 심화(1,2,3급)(상)
ETS 토익 정기시험 기출문제집 1000 Vol 3 READING(리딩)
2023 해커스 토익 실전 1000제 1 RC Reading(리딩) 문제집
내가 틀릴 수도 있습니다(화이트 에디션)
2023 해커스 토익 실전 1000제 1 LC Listening(리스닝) 문제집
물고기는 존재하지 않는다
불편한 편의점 2(단풍 에디션)
토익 단기공략 750+(LC+RC)
오투 중등 과학 3-1(2023)
2023 큰별쌤 최태성의 별별한국사 한국사능력검정시험 심화(1,2,3급)(하)
오늘 밤, 세계에서 이 사랑이 사라진다 해도
오투 중등 과학 2-1(2023)
한 권으로 끝내는 해커스 토익 700+ (LC+RC+VOCA)
윤혜정의 개념의 나비효과 입문편 워크북
심리학이 제갈량에게 말하다 1
하얼빈
부자 아빠 가난한 아빠 1(20주년 특별 기념판)
마흔에 읽는 니체
쎈 고등 수학1(2023)
대한민국 산업지도(2023)
예비 매3비 매일 지문 3개씩 푸는 비문학 독서 기출
해커스 토익 스타트 리딩(Reading) RC
레버리지
나도 모르는 내 마음의 심리법칙
워드마스터 수능 2000
idx : 41
cycle : 89

data:,
kyobo_best_v1
keyword :  / input page:0 / n:
start kyobo
스카이 버스
만일 내가 인생을 다시 산다면(10만 부 기념 스페셜 에디션)
트렌드 코리아 2023
해커스 토익 기출보카 TOEIC VOCA(토익보카) 단어장
아버지의 해방일지
원씽(The One Thing)(리커버 특별판)
The Scent of PAGE : 룸스프레이 60ml
윤혜정의 개념의 나비효과 입문 편
불편한 편의점(40만부 기념 벚꽃 에디션)
2023 해커스 토익 RC 리딩(Reading) 토익 기본서
2023 해커스 토익 LC 리스닝(Listening) 토익 기본서
2023 황현필의 한국사 일력
EBS 윤혜정의 개념의 나비효과
이토록 평범한 미래
역행자
어른이 되기 전에 꼭 한 번은 논어를 읽어라 1
ETS 토익 정기시험 기출문제집 1000 Vol 3 LISTENING(리스닝)
2023 큰별쌤 최태성의 별별한국사 한국사능력검정시험 심화(1,2,3급)(상)
ETS 토익 정기시험 기출문제집 1000 Vol 3 READING(리딩)
2023 해커스 토익 실전 1000제 1 RC Reading(리딩) 문제집
내가 틀릴 수도 있습니다(화이트 에디션)
2023 해커스 토익 실전 1000제 1 LC Listening(리스닝) 문제집
물고기는 존재하지 않는다
불편한 편의점 2(단풍 에디션)
토익 단기공략 750+(LC+RC)
오투 중등 과학 3-1(2023)
2023 큰별쌤 최태성의 별별한국사 한국사능력검정시험 심화(1,2,3급)(하)
오늘 밤, 세계에서 이 사랑이 사라진다 해도
오투 중등 과학 2-1(2023)
한 권으로 끝내는 해커스 토익 700+ (LC+RC+VOCA)
윤혜정의 개념의 나비효과 입문편 워크북
심리학이 제갈량에게 말하다 1
하얼빈
부자 아빠 가난한 아빠 1(20주년 특별 기념판)
마흔에 읽는 니체
쎈 고등 수학1(2023)
대한민국 산업지도(2023)
예비 매3비 매일 지문 3개씩 푸는 비문학 독서 기출
해커스 토익 스타트 리딩(Reading) RC
레버리지
나도 모르는 내 마음의 심리법칙
워드마스터 수능 2000
idx : 41
cycle : 90

data:,
kyobo_best_v1
keyword :  / input page:0 / n:
start kyobo
스카이 버스
만일 내가 인생을 다시 산다면(10만 부 기념 스페셜 에디션)
트렌드 코리아 2023
해커스 토익 기출보카 TOEIC VOCA(토익보카) 단어장
아버지의 해방일지
원씽(The One Thing)(리커버 특별판)
The Scent of PAGE : 룸스프레이 60ml
윤혜정의 개념의 나비효과 입문 편
불편한 편의점(40만부 기념 벚꽃 에디션)
2023 해커스 토익 RC 리딩(Reading) 토익 기본서
2023 해커스 토익 LC 리스닝(Listening) 토익 기본서
2023 황현필의 한국사 일력
EBS 윤혜정의 개념의 나비효과
이토록 평범한 미래
역행자
어른이 되기 전에 꼭 한 번은 논어를 읽어라 1
ETS 토익 정기시험 기출문제집 1000 Vol 3 LISTENING(리스닝)
2023 큰별쌤 최태성의 별별한국사 한국사능력검정시험 심화(1,2,3급)(상)
ETS 토익 정기시험 기출문제집 1000 Vol 3 READING(리딩)
2023 해커스 토익 실전 1000제 1 RC Reading(리딩) 문제집
내가 틀릴 수도 있습니다(화이트 에디션)
2023 해커스 토익 실전 1000제 1 LC Listening(리스닝) 문제집
물고기는 존재하지 않는다
불편한 편의점 2(단풍 에디션)
토익 단기공략 750+(LC+RC)
오투 중등 과학 3-1(2023)
2023 큰별쌤 최태성의 별별한국사 한국사능력검정시험 심화(1,2,3급)(하)
오늘 밤, 세계에서 이 사랑이 사라진다 해도
오투 중등 과학 2-1(2023)
한 권으로 끝내는 해커스 토익 700+ (LC+RC+VOCA)
윤혜정의 개념의 나비효과 입문편 워크북
심리학이 제갈량에게 말하다 1
하얼빈
부자 아빠 가난한 아빠 1(20주년 특별 기념판)
마흔에 읽는 니체
쎈 고등 수학1(2023)
대한민국 산업지도(2023)
예비 매3비 매일 지문 3개씩 푸는 비문학 독서 기출
해커스 토익 스타트 리딩(Reading) RC
레버리지
나도 모르는 내 마음의 심리법칙
워드마스터 수능 2000
idx : 41
cycle : 91

data:,
kyobo_best_v1
keyword :  / input page:0 / n:
start kyobo
스카이 버스
만일 내가 인생을 다시 산다면(10만 부 기념 스페셜 에디션)
트렌드 코리아 2023
해커스 토익 기출보카 TOEIC VOCA(토익보카) 단어장
아버지의 해방일지
원씽(The One Thing)(리커버 특별판)
The Scent of PAGE : 룸스프레이 60ml
윤혜정의 개념의 나비효과 입문 편
불편한 편의점(40만부 기념 벚꽃 에디션)
2023 해커스 토익 RC 리딩(Reading) 토익 기본서
2023 해커스 토익 LC 리스닝(Listening) 토익 기본서
2023 황현필의 한국사 일력
EBS 윤혜정의 개념의 나비효과
이토록 평범한 미래
역행자
어른이 되기 전에 꼭 한 번은 논어를 읽어라 1
ETS 토익 정기시험 기출문제집 1000 Vol 3 LISTENING(리스닝)
2023 큰별쌤 최태성의 별별한국사 한국사능력검정시험 심화(1,2,3급)(상)
ETS 토익 정기시험 기출문제집 1000 Vol 3 READING(리딩)
2023 해커스 토익 실전 1000제 1 RC Reading(리딩) 문제집
내가 틀릴 수도 있습니다(화이트 에디션)
2023 해커스 토익 실전 1000제 1 LC Listening(리스닝) 문제집
물고기는 존재하지 않는다
불편한 편의점 2(단풍 에디션)
토익 단기공략 750+(LC+RC)
오투 중등 과학 3-1(2023)
2023 큰별쌤 최태성의 별별한국사 한국사능력검정시험 심화(1,2,3급)(하)
오늘 밤, 세계에서 이 사랑이 사라진다 해도
오투 중등 과학 2-1(2023)
한 권으로 끝내는 해커스 토익 700+ (LC+RC+VOCA)
윤혜정의 개념의 나비효과 입문편 워크북
심리학이 제갈량에게 말하다 1
하얼빈
부자 아빠 가난한 아빠 1(20주년 특별 기념판)
마흔에 읽는 니체
쎈 고등 수학1(2023)
대한민국 산업지도(2023)
예비 매3비 매일 지문 3개씩 푸는 비문학 독서 기출
해커스 토익 스타트 리딩(Reading) RC
레버리지
나도 모르는 내 마음의 심리법칙
워드마스터 수능 2000
idx : 41
cycle : 92

data:,
kyobo_best_v1
keyword :  / input page:0 / n:
start kyobo
스카이 버스
만일 내가 인생을 다시 산다면(10만 부 기념 스페셜 에디션)
트렌드 코리아 2023
해커스 토익 기출보카 TOEIC VOCA(토익보카) 단어장
아버지의 해방일지
원씽(The One Thing)(리커버 특별판)
The Scent of PAGE : 룸스프레이 60ml
윤혜정의 개념의 나비효과 입문 편
불편한 편의점(40만부 기념 벚꽃 에디션)
2023 해커스 토익 RC 리딩(Reading) 토익 기본서
2023 해커스 토익 LC 리스닝(Listening) 토익 기본서
2023 황현필의 한국사 일력
EBS 윤혜정의 개념의 나비효과
이토록 평범한 미래
역행자
어른이 되기 전에 꼭 한 번은 논어를 읽어라 1
ETS 토익 정기시험 기출문제집 1000 Vol 3 LISTENING(리스닝)
2023 큰별쌤 최태성의 별별한국사 한국사능력검정시험 심화(1,2,3급)(상)
ETS 토익 정기시험 기출문제집 1000 Vol 3 READING(리딩)
2023 해커스 토익 실전 1000제 1 RC Reading(리딩) 문제집
내가 틀릴 수도 있습니다(화이트 에디션)
2023 해커스 토익 실전 1000제 1 LC Listening(리스닝) 문제집
물고기는 존재하지 않는다
불편한 편의점 2(단풍 에디션)
토익 단기공략 750+(LC+RC)
오투 중등 과학 3-1(2023)
2023 큰별쌤 최태성의 별별한국사 한국사능력검정시험 심화(1,2,3급)(하)
오늘 밤, 세계에서 이 사랑이 사라진다 해도
오투 중등 과학 2-1(2023)
한 권으로 끝내는 해커스 토익 700+ (LC+RC+VOCA)
윤혜정의 개념의 나비효과 입문편 워크북
심리학이 제갈량에게 말하다 1
하얼빈
부자 아빠 가난한 아빠 1(20주년 특별 기념판)
마흔에 읽는 니체
쎈 고등 수학1(2023)
대한민국 산업지도(2023)
예비 매3비 매일 지문 3개씩 푸는 비문학 독서 기출
해커스 토익 스타트 리딩(Reading) RC
레버리지
나도 모르는 내 마음의 심리법칙
워드마스터 수능 2000
idx : 41
cycle : 93

data:,
kyobo_best_v1
keyword :  / input page:0 / n:
start kyobo
스카이 버스
만일 내가 인생을 다시 산다면(10만 부 기념 스페셜 에디션)
트렌드 코리아 2023
해커스 토익 기출보카 TOEIC VOCA(토익보카) 단어장
아버지의 해방일지
원씽(The One Thing)(리커버 특별판)
The Scent of PAGE : 룸스프레이 60ml
윤혜정의 개념의 나비효과 입문 편
불편한 편의점(40만부 기념 벚꽃 에디션)
2023 해커스 토익 RC 리딩(Reading) 토익 기본서
2023 해커스 토익 LC 리스닝(Listening) 토익 기본서
2023 황현필의 한국사 일력
EBS 윤혜정의 개념의 나비효과
이토록 평범한 미래
역행자
어른이 되기 전에 꼭 한 번은 논어를 읽어라 1
ETS 토익 정기시험 기출문제집 1000 Vol 3 LISTENING(리스닝)
2023 큰별쌤 최태성의 별별한국사 한국사능력검정시험 심화(1,2,3급)(상)
ETS 토익 정기시험 기출문제집 1000 Vol 3 READING(리딩)
2023 해커스 토익 실전 1000제 1 RC Reading(리딩) 문제집
내가 틀릴 수도 있습니다(화이트 에디션)
2023 해커스 토익 실전 1000제 1 LC Listening(리스닝) 문제집
물고기는 존재하지 않는다
불편한 편의점 2(단풍 에디션)
토익 단기공략 750+(LC+RC)
오투 중등 과학 3-1(2023)
2023 큰별쌤 최태성의 별별한국사 한국사능력검정시험 심화(1,2,3급)(하)
오늘 밤, 세계에서 이 사랑이 사라진다 해도
오투 중등 과학 2-1(2023)
한 권으로 끝내는 해커스 토익 700+ (LC+RC+VOCA)
윤혜정의 개념의 나비효과 입문편 워크북
심리학이 제갈량에게 말하다 1
하얼빈
부자 아빠 가난한 아빠 1(20주년 특별 기념판)
마흔에 읽는 니체
쎈 고등 수학1(2023)
대한민국 산업지도(2023)
예비 매3비 매일 지문 3개씩 푸는 비문학 독서 기출
해커스 토익 스타트 리딩(Reading) RC
레버리지
나도 모르는 내 마음의 심리법칙
워드마스터 수능 2000
idx : 41
cycle : 94

data:,
kyobo_best_v1
keyword :  / input page:0 / n:
start kyobo
스카이 버스
만일 내가 인생을 다시 산다면(10만 부 기념 스페셜 에디션)
트렌드 코리아 2023
해커스 토익 기출보카 TOEIC VOCA(토익보카) 단어장
아버지의 해방일지
원씽(The One Thing)(리커버 특별판)
The Scent of PAGE : 룸스프레이 60ml
윤혜정의 개념의 나비효과 입문 편
불편한 편의점(40만부 기념 벚꽃 에디션)
2023 해커스 토익 RC 리딩(Reading) 토익 기본서
2023 해커스 토익 LC 리스닝(Listening) 토익 기본서
2023 황현필의 한국사 일력
EBS 윤혜정의 개념의 나비효과
이토록 평범한 미래
역행자
어른이 되기 전에 꼭 한 번은 논어를 읽어라 1
ETS 토익 정기시험 기출문제집 1000 Vol 3 LISTENING(리스닝)
2023 큰별쌤 최태성의 별별한국사 한국사능력검정시험 심화(1,2,3급)(상)
ETS 토익 정기시험 기출문제집 1000 Vol 3 READING(리딩)
2023 해커스 토익 실전 1000제 1 RC Reading(리딩) 문제집
내가 틀릴 수도 있습니다(화이트 에디션)
2023 해커스 토익 실전 1000제 1 LC Listening(리스닝) 문제집
물고기는 존재하지 않는다
불편한 편의점 2(단풍 에디션)
토익 단기공략 750+(LC+RC)
오투 중등 과학 3-1(2023)
2023 큰별쌤 최태성의 별별한국사 한국사능력검정시험 심화(1,2,3급)(하)
오늘 밤, 세계에서 이 사랑이 사라진다 해도
오투 중등 과학 2-1(2023)
한 권으로 끝내는 해커스 토익 700+ (LC+RC+VOCA)
윤혜정의 개념의 나비효과 입문편 워크북
심리학이 제갈량에게 말하다 1
하얼빈
부자 아빠 가난한 아빠 1(20주년 특별 기념판)
마흔에 읽는 니체
쎈 고등 수학1(2023)
대한민국 산업지도(2023)
예비 매3비 매일 지문 3개씩 푸는 비문학 독서 기출
해커스 토익 스타트 리딩(Reading) RC
레버리지
나도 모르는 내 마음의 심리법칙
워드마스터 수능 2000
idx : 41
cycle : 95

data:,
kyobo_best_v1
keyword :  / input page:0 / n:
start kyobo
스카이 버스
만일 내가 인생을 다시 산다면(10만 부 기념 스페셜 에디션)
트렌드 코리아 2023
해커스 토익 기출보카 TOEIC VOCA(토익보카) 단어장
아버지의 해방일지
원씽(The One Thing)(리커버 특별판)
The Scent of PAGE : 룸스프레이 60ml
윤혜정의 개념의 나비효과 입문 편
불편한 편의점(40만부 기념 벚꽃 에디션)
2023 해커스 토익 RC 리딩(Reading) 토익 기본서
2023 해커스 토익 LC 리스닝(Listening) 토익 기본서
2023 황현필의 한국사 일력
EBS 윤혜정의 개념의 나비효과
이토록 평범한 미래
역행자
어른이 되기 전에 꼭 한 번은 논어를 읽어라 1
ETS 토익 정기시험 기출문제집 1000 Vol 3 LISTENING(리스닝)
2023 큰별쌤 최태성의 별별한국사 한국사능력검정시험 심화(1,2,3급)(상)
ETS 토익 정기시험 기출문제집 1000 Vol 3 READING(리딩)
2023 해커스 토익 실전 1000제 1 RC Reading(리딩) 문제집
내가 틀릴 수도 있습니다(화이트 에디션)
2023 해커스 토익 실전 1000제 1 LC Listening(리스닝) 문제집
물고기는 존재하지 않는다
불편한 편의점 2(단풍 에디션)
토익 단기공략 750+(LC+RC)
오투 중등 과학 3-1(2023)
2023 큰별쌤 최태성의 별별한국사 한국사능력검정시험 심화(1,2,3급)(하)
오늘 밤, 세계에서 이 사랑이 사라진다 해도
오투 중등 과학 2-1(2023)
한 권으로 끝내는 해커스 토익 700+ (LC+RC+VOCA)
윤혜정의 개념의 나비효과 입문편 워크북
심리학이 제갈량에게 말하다 1
하얼빈
부자 아빠 가난한 아빠 1(20주년 특별 기념판)
마흔에 읽는 니체
쎈 고등 수학1(2023)
대한민국 산업지도(2023)
예비 매3비 매일 지문 3개씩 푸는 비문학 독서 기출
해커스 토익 스타트 리딩(Reading) RC
레버리지
나도 모르는 내 마음의 심리법칙
워드마스터 수능 2000
idx : 41
cycle : 96

data:,
kyobo_best_v1
keyword :  / input page:0 / n:
start kyobo
스카이 버스
만일 내가 인생을 다시 산다면(10만 부 기념 스페셜 에디션)
트렌드 코리아 2023
해커스 토익 기출보카 TOEIC VOCA(토익보카) 단어장
아버지의 해방일지
원씽(The One Thing)(리커버 특별판)
The Scent of PAGE : 룸스프레이 60ml
윤혜정의 개념의 나비효과 입문 편
불편한 편의점(40만부 기념 벚꽃 에디션)
2023 해커스 토익 RC 리딩(Reading) 토익 기본서
2023 해커스 토익 LC 리스닝(Listening) 토익 기본서
2023 황현필의 한국사 일력
EBS 윤혜정의 개념의 나비효과
이토록 평범한 미래
역행자
어른이 되기 전에 꼭 한 번은 논어를 읽어라 1
ETS 토익 정기시험 기출문제집 1000 Vol 3 LISTENING(리스닝)
2023 큰별쌤 최태성의 별별한국사 한국사능력검정시험 심화(1,2,3급)(상)
ETS 토익 정기시험 기출문제집 1000 Vol 3 READING(리딩)
2023 해커스 토익 실전 1000제 1 RC Reading(리딩) 문제집
내가 틀릴 수도 있습니다(화이트 에디션)
2023 해커스 토익 실전 1000제 1 LC Listening(리스닝) 문제집
물고기는 존재하지 않는다
불편한 편의점 2(단풍 에디션)
토익 단기공략 750+(LC+RC)
오투 중등 과학 3-1(2023)
2023 큰별쌤 최태성의 별별한국사 한국사능력검정시험 심화(1,2,3급)(하)
오늘 밤, 세계에서 이 사랑이 사라진다 해도
오투 중등 과학 2-1(2023)
한 권으로 끝내는 해커스 토익 700+ (LC+RC+VOCA)
윤혜정의 개념의 나비효과 입문편 워크북
심리학이 제갈량에게 말하다 1
하얼빈
부자 아빠 가난한 아빠 1(20주년 특별 기념판)
마흔에 읽는 니체
쎈 고등 수학1(2023)
대한민국 산업지도(2023)
예비 매3비 매일 지문 3개씩 푸는 비문학 독서 기출
해커스 토익 스타트 리딩(Reading) RC
레버리지
나도 모르는 내 마음의 심리법칙
워드마스터 수능 2000
idx : 41
cycle : 97

data:,
kyobo_best_v1
keyword :  / input page:0 / n:
start kyobo
스카이 버스
만일 내가 인생을 다시 산다면(10만 부 기념 스페셜 에디션)
트렌드 코리아 2023
해커스 토익 기출보카 TOEIC VOCA(토익보카) 단어장
아버지의 해방일지
원씽(The One Thing)(리커버 특별판)
The Scent of PAGE : 룸스프레이 60ml
윤혜정의 개념의 나비효과 입문 편
불편한 편의점(40만부 기념 벚꽃 에디션)
2023 해커스 토익 RC 리딩(Reading) 토익 기본서
2023 해커스 토익 LC 리스닝(Listening) 토익 기본서
2023 황현필의 한국사 일력
EBS 윤혜정의 개념의 나비효과
이토록 평범한 미래
역행자
어른이 되기 전에 꼭 한 번은 논어를 읽어라 1
ETS 토익 정기시험 기출문제집 1000 Vol 3 LISTENING(리스닝)
2023 큰별쌤 최태성의 별별한국사 한국사능력검정시험 심화(1,2,3급)(상)
ETS 토익 정기시험 기출문제집 1000 Vol 3 READING(리딩)
2023 해커스 토익 실전 1000제 1 RC Reading(리딩) 문제집
내가 틀릴 수도 있습니다(화이트 에디션)
2023 해커스 토익 실전 1000제 1 LC Listening(리스닝) 문제집
물고기는 존재하지 않는다
불편한 편의점 2(단풍 에디션)
토익 단기공략 750+(LC+RC)
오투 중등 과학 3-1(2023)
2023 큰별쌤 최태성의 별별한국사 한국사능력검정시험 심화(1,2,3급)(하)
오늘 밤, 세계에서 이 사랑이 사라진다 해도
오투 중등 과학 2-1(2023)
한 권으로 끝내는 해커스 토익 700+ (LC+RC+VOCA)
윤혜정의 개념의 나비효과 입문편 워크북
심리학이 제갈량에게 말하다 1
하얼빈
부자 아빠 가난한 아빠 1(20주년 특별 기념판)
마흔에 읽는 니체
쎈 고등 수학1(2023)
대한민국 산업지도(2023)
예비 매3비 매일 지문 3개씩 푸는 비문학 독서 기출
해커스 토익 스타트 리딩(Reading) RC
레버리지
나도 모르는 내 마음의 심리법칙
워드마스터 수능 2000
idx : 41
cycle : 98

data:,
kyobo_best_v1
keyword :  / input page:0 / n:
start kyobo
스카이 버스
만일 내가 인생을 다시 산다면(10만 부 기념 스페셜 에디션)
트렌드 코리아 2023
해커스 토익 기출보카 TOEIC VOCA(토익보카) 단어장
아버지의 해방일지
원씽(The One Thing)(리커버 특별판)
The Scent of PAGE : 룸스프레이 60ml
윤혜정의 개념의 나비효과 입문 편
불편한 편의점(40만부 기념 벚꽃 에디션)
2023 해커스 토익 RC 리딩(Reading) 토익 기본서
2023 해커스 토익 LC 리스닝(Listening) 토익 기본서
2023 황현필의 한국사 일력
EBS 윤혜정의 개념의 나비효과
이토록 평범한 미래
역행자
어른이 되기 전에 꼭 한 번은 논어를 읽어라 1
ETS 토익 정기시험 기출문제집 1000 Vol 3 LISTENING(리스닝)
2023 큰별쌤 최태성의 별별한국사 한국사능력검정시험 심화(1,2,3급)(상)
ETS 토익 정기시험 기출문제집 1000 Vol 3 READING(리딩)
2023 해커스 토익 실전 1000제 1 RC Reading(리딩) 문제집
내가 틀릴 수도 있습니다(화이트 에디션)
2023 해커스 토익 실전 1000제 1 LC Listening(리스닝) 문제집
물고기는 존재하지 않는다
불편한 편의점 2(단풍 에디션)
토익 단기공략 750+(LC+RC)
오투 중등 과학 3-1(2023)
2023 큰별쌤 최태성의 별별한국사 한국사능력검정시험 심화(1,2,3급)(하)
오늘 밤, 세계에서 이 사랑이 사라진다 해도
오투 중등 과학 2-1(2023)
한 권으로 끝내는 해커스 토익 700+ (LC+RC+VOCA)
윤혜정의 개념의 나비효과 입문편 워크북
심리학이 제갈량에게 말하다 1
하얼빈
부자 아빠 가난한 아빠 1(20주년 특별 기념판)
마흔에 읽는 니체
쎈 고등 수학1(2023)
대한민국 산업지도(2023)
예비 매3비 매일 지문 3개씩 푸는 비문학 독서 기출
해커스 토익 스타트 리딩(Reading) RC
레버리지
나도 모르는 내 마음의 심리법칙
워드마스터 수능 2000
idx : 41
cycle : 99

data:,
kyobo_best_v1
keyword :  / input page:0 / n:
start kyobo
스카이 버스
만일 내가 인생을 다시 산다면(10만 부 기념 스페셜 에디션)
트렌드 코리아 2023
해커스 토익 기출보카 TOEIC VOCA(토익보카) 단어장
아버지의 해방일지
원씽(The One Thing)(리커버 특별판)
The Scent of PAGE : 룸스프레이 60ml
윤혜정의 개념의 나비효과 입문 편
불편한 편의점(40만부 기념 벚꽃 에디션)
2023 해커스 토익 RC 리딩(Reading) 토익 기본서
2023 해커스 토익 LC 리스닝(Listening) 토익 기본서
2023 황현필의 한국사 일력
EBS 윤혜정의 개념의 나비효과
이토록 평범한 미래
역행자
어른이 되기 전에 꼭 한 번은 논어를 읽어라 1
ETS 토익 정기시험 기출문제집 1000 Vol 3 LISTENING(리스닝)
2023 큰별쌤 최태성의 별별한국사 한국사능력검정시험 심화(1,2,3급)(상)
ETS 토익 정기시험 기출문제집 1000 Vol 3 READING(리딩)
2023 해커스 토익 실전 1000제 1 RC Reading(리딩) 문제집
내가 틀릴 수도 있습니다(화이트 에디션)
2023 해커스 토익 실전 1000제 1 LC Listening(리스닝) 문제집
물고기는 존재하지 않는다
불편한 편의점 2(단풍 에디션)
토익 단기공략 750+(LC+RC)
오투 중등 과학 3-1(2023)
2023 큰별쌤 최태성의 별별한국사 한국사능력검정시험 심화(1,2,3급)(하)
오늘 밤, 세계에서 이 사랑이 사라진다 해도
오투 중등 과학 2-1(2023)
한 권으로 끝내는 해커스 토익 700+ (LC+RC+VOCA)
윤혜정의 개념의 나비효과 입문편 워크북
심리학이 제갈량에게 말하다 1
하얼빈
부자 아빠 가난한 아빠 1(20주년 특별 기념판)
마흔에 읽는 니체
쎈 고등 수학1(2023)
대한민국 산업지도(2023)
예비 매3비 매일 지문 3개씩 푸는 비문학 독서 기출
해커스 토익 스타트 리딩(Reading) RC
레버리지
나도 모르는 내 마음의 심리법칙
워드마스터 수능 2000
idx : 41
