timeStamp : 2023-01-12 12:27:06
cycle : 1

data:,
yes24_best_v1
keyword :  / input page:0 / n:
idx : 16
http://www.yes24.com/Product/Goods/113737429
clicked title : 이토록 평범한 미래 - YES24
------------------------------
cycle : 2

data:,
yes24_best_v1
keyword :  / input page:0 / n:
idx : 16
http://www.yes24.com/Product/Goods/113737429
clicked title : 이토록 평범한 미래 - YES24
------------------------------
cycle : 3

data:,
yes24_best_v1
keyword :  / input page:0 / n:
idx : 16
http://www.yes24.com/Product/Goods/113737429
clicked title : 이토록 평범한 미래 - YES24
------------------------------
cycle : 4

data:,
yes24_best_v1
keyword :  / input page:0 / n:
idx : 16
http://www.yes24.com/Product/Goods/113737429
clicked title : 이토록 평범한 미래 - YES24
------------------------------
cycle : 5

data:,
yes24_best_v1
keyword :  / input page:0 / n:
idx : 16
http://www.yes24.com/Product/Goods/113737429
clicked title : 이토록 평범한 미래 - YES24
------------------------------
cycle : 6

data:,
yes24_best_v1
keyword :  / input page:0 / n:
idx : 16
http://www.yes24.com/Product/Goods/113737429
clicked title : 이토록 평범한 미래 - YES24
------------------------------
cycle : 7

data:,
yes24_best_v1
keyword :  / input page:0 / n:
idx : 16
http://www.yes24.com/Product/Goods/113737429
clicked title : 이토록 평범한 미래 - YES24
------------------------------
cycle : 8

data:,
yes24_best_v1
keyword :  / input page:0 / n:
idx : 16
http://www.yes24.com/Product/Goods/113737429
clicked title : 이토록 평범한 미래 - YES24
------------------------------
cycle : 9

data:,
yes24_best_v1
keyword :  / input page:0 / n:
idx : 16
http://www.yes24.com/Product/Goods/113737429
clicked title : 이토록 평범한 미래 - YES24
------------------------------
cycle : 10

data:,
yes24_best_v1
keyword :  / input page:0 / n:
idx : 16
http://www.yes24.com/Product/Goods/113737429
clicked title : 이토록 평범한 미래 - YES24
------------------------------
cycle : 11

data:,
yes24_best_v1
keyword :  / input page:0 / n:
idx : 16
http://www.yes24.com/Product/Goods/113737429
clicked title : 이토록 평범한 미래 - YES24
------------------------------
cycle : 12

data:,
yes24_best_v1
keyword :  / input page:0 / n:
idx : 16
http://www.yes24.com/Product/Goods/113737429
clicked title : 이토록 평범한 미래 - YES24
------------------------------
cycle : 13

data:,
yes24_best_v1
keyword :  / input page:0 / n:
idx : 16
http://www.yes24.com/Product/Goods/113737429
clicked title : 이토록 평범한 미래 - YES24
------------------------------
cycle : 14

data:,
yes24_best_v1
keyword :  / input page:0 / n:
idx : 16
http://www.yes24.com/Product/Goods/113737429
clicked title : 이토록 평범한 미래 - YES24
------------------------------
cycle : 15

data:,
yes24_best_v1
keyword :  / input page:0 / n:
idx : 16
http://www.yes24.com/Product/Goods/113737429
clicked title : 이토록 평범한 미래 - YES24
------------------------------
cycle : 16

data:,
yes24_best_v1
keyword :  / input page:0 / n:
idx : 16
http://www.yes24.com/Product/Goods/113737429
clicked title : 이토록 평범한 미래 - YES24
------------------------------
cycle : 17

data:,
yes24_best_v1
keyword :  / input page:0 / n:
idx : 16
http://www.yes24.com/Product/Goods/113737429
clicked title : 이토록 평범한 미래 - YES24
------------------------------
cycle : 18

data:,
yes24_best_v1
keyword :  / input page:0 / n:
idx : 16
http://www.yes24.com/Product/Goods/113737429
clicked title : 이토록 평범한 미래 - YES24
------------------------------
cycle : 19

data:,
