timeStamp : 2023-01-05 10:10:12
cycle : 1

data:,
aladin_best_v1
keyword :  / input page:0 / n:
아버지의 해방일지
만일 내가 인생을 다시 산다면 (10만 부 기념 스페셜 에디션)
화산귀환 1~2 세트 - 전2권 (윷놀이 세트 + 미니 윷놀이 말판 + 엽서 2종 포함 한정판)
슬램덩크 챔프
트렌드 코리아 2023
이토록 평범한 미래
물고기는 존재하지 않는다
불편한 편의점 (40만부 기념 벚꽃 에디션)
주술회전 21 (초판한정 스페셜 일러스트 카드 + 선착순 한정 후시구로 메구미 포토 카드 포함 특장판)
내가 틀릴 수도 있습니다 (리커버)
타시로, 너란 녀석은 3
도쿄 에일리언즈 5
불편한 편의점 2 (단풍 에디션)
오늘 밤, 세계에서 이 사랑이 사라진다 해도
2023 큰별쌤 최태성의 별★별한국사 한국사능력검정시험 심화(1, 2, 3급) 상
원씽 The One Thing (리커버 특별판)
스카이 버스
해커스 토익 기출 보카 TOEIC VOCA 단어장
사람을 얻는 지혜 (스페인어 원전 완역본)
2023 큰별쌤 최태성의 별★별한국사 한국사능력검정시험 심화(1, 2, 3급) 하
도쿄 에일리언즈 5 (소책자 + 홀로그램 양면 일러스트 카드 + 종이 미니 등신대 포함 특장판)
밀랍인형폭렬학원가 1~4 세트 - 전4권
ETS 토익 정기시험 기출문제집 1000 Vol. 3 Reading (리딩)
인생의 역사
열혈강호 87
ETS 토익 정기시험 기출문제집 1000 Vol. 3 Listening (리스닝)
5년 후 나에게 - Q&A a day (2023 Sandglass Edition)
하얼빈
마법천자문 56
쿼런틴
이은경쌤의 초등어휘일력 365 (스프링)
마케팅 설계자
역행자
파친코 1
거의 모든 일상 표현의 영어
스파이 패밀리 10
안젤리크
파친코 2
봇치·더·록! 3
사라진 소녀들의 숲
해커스 토익 RC 리딩 READING 토익 기본서 2023 최신개정판
상대적이며 절대적인 고양이 백과사전
모든 것은 기본에서 시작한다
인듀어런스
월간순정 노자키 군 14
흔한남매 12
해커스 토익 LC 리스닝 LISTENING 2023 최신개정판
레버리지 (양장)
우리는 각자의 세계가 된다
참을 수 없는 존재의 가벼움
cycle : 2

data:,
aladin_best_v1
keyword :  / input page:0 / n:
아버지의 해방일지
만일 내가 인생을 다시 산다면 (10만 부 기념 스페셜 에디션)
화산귀환 1~2 세트 - 전2권 (윷놀이 세트 + 미니 윷놀이 말판 + 엽서 2종 포함 한정판)
슬램덩크 챔프
트렌드 코리아 2023
이토록 평범한 미래
물고기는 존재하지 않는다
불편한 편의점 (40만부 기념 벚꽃 에디션)
주술회전 21 (초판한정 스페셜 일러스트 카드 + 선착순 한정 후시구로 메구미 포토 카드 포함 특장판)
내가 틀릴 수도 있습니다 (리커버)
타시로, 너란 녀석은 3
도쿄 에일리언즈 5
불편한 편의점 2 (단풍 에디션)
오늘 밤, 세계에서 이 사랑이 사라진다 해도
2023 큰별쌤 최태성의 별★별한국사 한국사능력검정시험 심화(1, 2, 3급) 상
원씽 The One Thing (리커버 특별판)
스카이 버스
해커스 토익 기출 보카 TOEIC VOCA 단어장
사람을 얻는 지혜 (스페인어 원전 완역본)
2023 큰별쌤 최태성의 별★별한국사 한국사능력검정시험 심화(1, 2, 3급) 하
도쿄 에일리언즈 5 (소책자 + 홀로그램 양면 일러스트 카드 + 종이 미니 등신대 포함 특장판)
밀랍인형폭렬학원가 1~4 세트 - 전4권
ETS 토익 정기시험 기출문제집 1000 Vol. 3 Reading (리딩)
인생의 역사
열혈강호 87
ETS 토익 정기시험 기출문제집 1000 Vol. 3 Listening (리스닝)
5년 후 나에게 - Q&A a day (2023 Sandglass Edition)
하얼빈
마법천자문 56
쿼런틴
이은경쌤의 초등어휘일력 365 (스프링)
마케팅 설계자
역행자
파친코 1
거의 모든 일상 표현의 영어
스파이 패밀리 10
안젤리크
파친코 2
봇치·더·록! 3
사라진 소녀들의 숲
해커스 토익 RC 리딩 READING 토익 기본서 2023 최신개정판
상대적이며 절대적인 고양이 백과사전
모든 것은 기본에서 시작한다
인듀어런스
월간순정 노자키 군 14
흔한남매 12
해커스 토익 LC 리스닝 LISTENING 2023 최신개정판
레버리지 (양장)
우리는 각자의 세계가 된다
참을 수 없는 존재의 가벼움
cycle : 3

data:,
aladin_best_v1
keyword :  / input page:0 / n:
